age.60.69,breast.quad.left_up -> menopause.ge40
age.60.69,Class.no.recurrence.events -> menopause.ge40
age.60.69,inv.nodes.0.2,node.caps.no,breast.left -> menopause.ge40
age.40.49,inv.nodes.0.2,breast.right,Class.no.recurrence.events -> menopause.premeno
age.40.49,node.caps.no,breast.right,Class.no.recurrence.events -> menopause.premeno
tumor.size.10.14,node.caps.no -> Class.no.recurrence.events
menopause.ge40,deg.malig.1,irradiat.no -> Class.no.recurrence.events
tumor.size.10.14 -> Class.no.recurrence.events
age.50.59,inv.nodes.0.2,node.caps.no,deg.malig.1,irradiat.no -> Class.no.recurrence.events
deg.malig.1,breast.left,irradiat.no -> inv.nodes.0.2
age.60.69,node.caps.no,irradiat.no,Class.no.recurrence.events -> inv.nodes.0.2
node.caps.no,deg.malig.1,breast.quad.left_low,irradiat.no -> inv.nodes.0.2
menopause.ge40,node.caps.no,deg.malig.1,Class.no.recurrence.events -> inv.nodes.0.2
age.50.59,inv.nodes.0.2,node.caps.no,breast.right,irradiat.no -> Class.no.recurrence.events
age.50.59,deg.malig.1 -> irradiat.no
age.50.59,deg.malig.1,Class.no.recurrence.events -> irradiat.no
age.50.59,inv.nodes.0.2,deg.malig.1,Class.no.recurrence.events -> irradiat.no
menopause.ge40,inv.nodes.0.2,deg.malig.1,Class.no.recurrence.events -> irradiat.no
age.50.59,inv.nodes.0.2,node.caps.no,deg.malig.2 -> irradiat.no
age.50.59,inv.nodes.0.2,node.caps.no,Class.no.recurrence.events -> irradiat.no
menopause.ge40,node.caps.no,breast.right,Class.no.recurrence.events -> inv.nodes.0.2
tumor.size.25.29,node.caps.no,irradiat.no -> inv.nodes.0.2
node.caps.no,breast.left,breast.quad.left_up -> inv.nodes.0.2
age.60.69,inv.nodes.0.2,node.caps.no,breast.left -> Class.no.recurrence.events
deg.malig.1,breast.right,irradiat.no -> inv.nodes.0.2
node.caps.no,deg.malig.1,breast.right,irradiat.no -> inv.nodes.0.2
age.50.59,node.caps.no,deg.malig.2 -> inv.nodes.0.2
node.caps.no,breast.left,irradiat.no -> inv.nodes.0.2
tumor.size.15.19,node.caps.no -> inv.nodes.0.2
deg.malig.1,breast.right,irradiat.no,Class.no.recurrence.events -> inv.nodes.0.2
age.50.59,node.caps.no,Class.no.recurrence.events -> irradiat.no
tumor.size.10.14,irradiat.no -> node.caps.no
age.30.39,menopause.premeno,inv.nodes.0.2,irradiat.no -> node.caps.no
inv.nodes.0.2,breast.quad.left_low,irradiat.no,Class.no.recurrence.events -> node.caps.no
age.60.69,menopause.ge40,inv.nodes.0.2,irradiat.no,Class.no.recurrence.events -> node.caps.no
menopause.ge40,inv.nodes.0.2,deg.malig.1,irradiat.no,Class.no.recurrence.events -> node.caps.no
age.40.49,inv.nodes.0.2,deg.malig.2,irradiat.no,Class.no.recurrence.events -> node.caps.no
age.50.59,menopause.ge40,inv.nodes.0.2,breast.left,irradiat.no -> node.caps.no
age.40.49,menopause.premeno,inv.nodes.0.2,breast.right,irradiat.no,Class.no.recurrence.events -> node.caps.no
age.50.59,menopause.ge40,inv.nodes.0.2 -> Class.no.recurrence.events
age.60.69,node.caps.no,breast.left -> inv.nodes.0.2
age.30.39,node.caps.no,irradiat.no -> inv.nodes.0.2
age.50.59,node.caps.no,deg.malig.1 -> inv.nodes.0.2
age.50.59,menopause.ge40,inv.nodes.0.2,irradiat.no -> Class.no.recurrence.events
age.50.59,menopause.ge40,node.caps.no -> irradiat.no
tumor.size.25.29,node.caps.no,breast.left -> inv.nodes.0.2
breast.left,breast.quad.left_up,irradiat.no,Class.no.recurrence.events -> inv.nodes.0.2
age.50.59,node.caps.no,deg.malig.1,irradiat.no,Class.no.recurrence.events -> inv.nodes.0.2
node.caps.no,breast.quad.left_low,Class.no.recurrence.events -> inv.nodes.0.2
age.50.59,node.caps.no,breast.right,irradiat.no -> Class.no.recurrence.events
age.50.59,node.caps.no,breast.left,irradiat.no -> inv.nodes.0.2
menopause.ge40,inv.nodes.0.2,breast.quad.left_low -> irradiat.no
inv.nodes.0.2,irradiat.no,Class.no.recurrence.events -> node.caps.no
age.50.59,inv.nodes.0.2,breast.left,Class.no.recurrence.events -> irradiat.no
inv.nodes.0.2,breast.right,irradiat.no,Class.no.recurrence.events -> node.caps.no
deg.malig.1 -> inv.nodes.0.2
age.50.59,node.caps.no,breast.quad.left_low,irradiat.no -> Class.no.recurrence.events
age.60.69,menopause.ge40,inv.nodes.0.2 -> node.caps.no
menopause.premeno,inv.nodes.0.2,breast.quad.left_low,Class.no.recurrence.events -> node.caps.no
tumor.size.10.14 -> inv.nodes.0.2
node.caps.no,deg.malig.2,breast.quad.left_low -> inv.nodes.0.2
menopause.premeno,inv.nodes.0.2,irradiat.no -> node.caps.no
tumor.size.15.19,inv.nodes.0.2,node.caps.no -> Class.no.recurrence.events
age.60.69,node.caps.no,breast.left -> Class.no.recurrence.events
age.50.59,inv.nodes.0.2,deg.malig.1,irradiat.no -> Class.no.recurrence.events
menopause.premeno,inv.nodes.0.2,deg.malig.2,breast.right,irradiat.no -> Class.no.recurrence.events
deg.malig.1,Class.no.recurrence.events -> node.caps.no
age.50.59,node.caps.no,breast.right,Class.no.recurrence.events -> inv.nodes.0.2
age.40.49,deg.malig.2,irradiat.no,Class.no.recurrence.events -> node.caps.no
menopause.premeno,inv.nodes.0.2,deg.malig.2,breast.right -> node.caps.no
age.40.49,menopause.premeno,inv.nodes.0.2,deg.malig.2,Class.no.recurrence.events -> node.caps.no
menopause.ge40,inv.nodes.0.2,deg.malig.2,irradiat.no,Class.no.recurrence.events -> node.caps.no
age.40.49,inv.nodes.0.2,irradiat.no -> node.caps.no
age.50.59,node.caps.no,breast.quad.left_low,irradiat.no -> inv.nodes.0.2
breast.left,irradiat.no,Class.no.recurrence.events -> inv.nodes.0.2
age.50.59,inv.nodes.0.2,breast.quad.left_low,irradiat.no -> node.caps.no
age.50.59,menopause.premeno,node.caps.no -> inv.nodes.0.2
inv.nodes.0.2,breast.left,breast.quad.left_up,Class.no.recurrence.events -> node.caps.no
node.caps.no,breast.quad.left_up,irradiat.no -> inv.nodes.0.2
menopause.ge40,inv.nodes.0.2,irradiat.no -> Class.no.recurrence.events
inv.nodes.0.2,deg.malig.1 -> irradiat.no
tumor.size.15.19,Class.no.recurrence.events -> node.caps.no
inv.nodes.0.2,breast.left -> node.caps.no
tumor.size.15.19,inv.nodes.0.2,irradiat.no -> node.caps.no
deg.malig.1,breast.quad.left_low,Class.no.recurrence.events -> node.caps.no
menopause.premeno,node.caps.no,deg.malig.2,breast.quad.left_low -> inv.nodes.0.2
age.50.59,menopause.ge40,node.caps.no,breast.left,irradiat.no -> inv.nodes.0.2
age.50.59,inv.nodes.0.2,deg.malig.2 -> irradiat.no
inv.nodes.0.2,deg.malig.3,irradiat.no -> node.caps.no
menopause.ge40,node.caps.no,breast.left -> inv.nodes.0.2
age.60.69,irradiat.no,Class.no.recurrence.events -> inv.nodes.0.2
inv.nodes.0.2,deg.malig.1,breast.left -> node.caps.no
node.caps.no -> inv.nodes.0.2
tumor.size.10.14,Class.no.recurrence.events -> irradiat.no
tumor.size.10.14,node.caps.no -> irradiat.no
menopause.ge40,node.caps.no,breast.quad.left_low,irradiat.no -> Class.no.recurrence.events
node.caps.no,deg.malig.3,Class.no.recurrence.events -> inv.nodes.0.2
tumor.size.10.14,inv.nodes.0.2,node.caps.no,Class.no.recurrence.events -> irradiat.no
inv.nodes.0.2,node.caps.no,deg.malig.3,breast.left -> irradiat.no
menopause.premeno,inv.nodes.0.2,Class.no.recurrence.events -> node.caps.no
age.60.69,menopause.ge40,irradiat.no,Class.no.recurrence.events -> inv.nodes.0.2
inv.nodes.0.2,breast.left,breast.quad.left_up -> node.caps.no
menopause.ge40,breast.left,breast.quad.left_low,Class.no.recurrence.events -> irradiat.no
deg.malig.1,breast.left -> irradiat.no
menopause.ge40,deg.malig.1,Class.no.recurrence.events -> node.caps.no
age.50.59,inv.nodes.0.2,breast.right -> node.caps.no
age.50.59,inv.nodes.0.2,breast.left,Class.no.recurrence.events -> node.caps.no
inv.nodes.0.2,deg.malig.1,breast.quad.left_low -> Class.no.recurrence.events
menopause.premeno,inv.nodes.0.2,node.caps.no,deg.malig.2,breast.right -> Class.no.recurrence.events
menopause.premeno,node.caps.no,Class.no.recurrence.events -> inv.nodes.0.2
inv.nodes.0.2,deg.malig.3,Class.no.recurrence.events -> node.caps.no
age.50.59,node.caps.no,breast.right -> Class.no.recurrence.events
inv.nodes.0.2,deg.malig.2,breast.left,Class.no.recurrence.events -> node.caps.no
menopause.ge40,inv.nodes.0.2,breast.right,Class.no.recurrence.events -> irradiat.no
menopause.ge40,node.caps.no,Class.no.recurrence.events -> irradiat.no
deg.malig.2,breast.left,breast.quad.left_low,irradiat.no -> Class.no.recurrence.events
node.caps.no,deg.malig.3,breast.left,irradiat.no -> inv.nodes.0.2
menopause.ge40,inv.nodes.0.2,node.caps.no,breast.quad.left_up,irradiat.no -> Class.no.recurrence.events
menopause.ge40,inv.nodes.0.2,node.caps.no,breast.right,Class.no.recurrence.events -> irradiat.no
age.50.59,node.caps.no,irradiat.no -> Class.no.recurrence.events
node.caps.no,deg.malig.2,breast.quad.left_up,irradiat.no -> inv.nodes.0.2
irradiat.no,Class.no.recurrence.events -> node.caps.no
node.caps.no,deg.malig.1,breast.right,irradiat.no -> Class.no.recurrence.events
inv.nodes.0.2,node.caps.no,deg.malig.2,breast.right -> Class.no.recurrence.events
age.50.59,deg.malig.1 -> node.caps.no
breast.quad.left_low,irradiat.no,Class.no.recurrence.events -> node.caps.no
inv.nodes.0.2,breast.quad.left_up -> node.caps.no
age.50.59,inv.nodes.0.2,node.caps.no -> Class.no.recurrence.events
menopause.premeno,node.caps.no,deg.malig.2,Class.no.recurrence.events -> inv.nodes.0.2
tumor.size.20.24,inv.nodes.0.2 -> node.caps.no
breast.right,breast.quad.left_low,irradiat.no -> node.caps.no
age.50.59,breast.right -> irradiat.no
age.40.49,menopause.premeno,node.caps.no,breast.right -> Class.no.recurrence.events
menopause.premeno,tumor.size.25.29,irradiat.no -> node.caps.no
inv.nodes.0.2,breast.left,Class.recurrence.events -> node.caps.no
age.50.59,breast.quad.left_low,Class.no.recurrence.events -> irradiat.no
age.40.49,node.caps.no,deg.malig.2,Class.no.recurrence.events -> inv.nodes.0.2
node.caps.no,deg.malig.2,breast.quad.left_up -> Class.no.recurrence.events
tumor.size.10.14 -> irradiat.no
breast.left,breast.quad.left_low,irradiat.no,Class.no.recurrence.events -> node.caps.no
age.40.49,menopause.premeno,node.caps.no,breast.right,irradiat.no -> Class.no.recurrence.events
age.60.69,irradiat.no,Class.no.recurrence.events -> node.caps.no
menopause.ge40,node.caps.no,breast.quad.left_up -> Class.no.recurrence.events
menopause.ge40,node.caps.no,breast.left -> irradiat.no
inv.nodes.0.2,node.caps.no,deg.malig.2,breast.quad.left_low,irradiat.no -> Class.no.recurrence.events
age.40.49,menopause.premeno,node.caps.no,deg.malig.2 -> inv.nodes.0.2
menopause.premeno,node.caps.no,breast.left,Class.no.recurrence.events -> irradiat.no
node.caps.no,Class.no.recurrence.events -> irradiat.no
node.caps.no,deg.malig.2,breast.right,irradiat.no -> Class.no.recurrence.events
node.caps.no,breast.left,irradiat.no -> Class.no.recurrence.events
age.40.49,node.caps.no,breast.right,Class.no.recurrence.events -> inv.nodes.0.2
menopause.premeno,deg.malig.2,breast.left,irradiat.no -> inv.nodes.0.2
deg.malig.2,breast.left,irradiat.no,Class.no.recurrence.events -> node.caps.no
deg.malig.2,irradiat.no,Class.no.recurrence.events -> inv.nodes.0.2
age.50.59,menopause.ge40,irradiat.no,Class.no.recurrence.events -> inv.nodes.0.2
inv.nodes.0.2,Class.no.recurrence.events -> irradiat.no
menopause.ge40,inv.nodes.0.2,node.caps.no,breast.right,irradiat.no -> Class.no.recurrence.events
menopause.premeno,inv.nodes.0.2,deg.malig.2 -> Class.no.recurrence.events
menopause.ge40,irradiat.no -> Class.no.recurrence.events
menopause.premeno,deg.malig.2,breast.right -> Class.no.recurrence.events
inv.nodes.0.2,node.caps.no,deg.malig.2,breast.left,irradiat.no -> Class.no.recurrence.events
age.30.39,node.caps.no -> inv.nodes.0.2
deg.malig.1,breast.quad.left_low -> node.caps.no
inv.nodes.0.2,breast.quad.right_up -> irradiat.no
menopause.ge40,deg.malig.3,Class.no.recurrence.events -> irradiat.no
menopause.ge40,inv.nodes.0.2,node.caps.no,deg.malig.3 -> irradiat.no
node.caps.no,breast.left,breast.quad.left_up,Class.no.recurrence.events -> irradiat.no
inv.nodes.0.2,node.caps.no,breast.right,breast.quad.left_up,irradiat.no -> Class.no.recurrence.events
age.60.69,irradiat.no -> inv.nodes.0.2
age.60.69,node.caps.no,irradiat.no -> Class.no.recurrence.events
menopause.ge40,node.caps.no -> irradiat.no
age.40.49,inv.nodes.0.2,breast.right -> node.caps.no
age.50.59,deg.malig.2,irradiat.no -> inv.nodes.0.2
age.50.59,breast.right -> Class.no.recurrence.events
menopause.premeno,deg.malig.1,irradiat.no -> Class.no.recurrence.events
menopause.premeno,node.caps.no,breast.right,irradiat.no -> Class.no.recurrence.events
menopause.premeno,inv.nodes.0.2,node.caps.no,breast.right,irradiat.no -> Class.no.recurrence.events
menopause.premeno,deg.malig.2,irradiat.no -> node.caps.no
age.50.59,breast.left,irradiat.no,Class.no.recurrence.events -> node.caps.no
age.50.59,menopause.premeno,irradiat.no -> inv.nodes.0.2
menopause.premeno,breast.left,irradiat.no -> node.caps.no
menopause.premeno,inv.nodes.0.2,node.caps.no,breast.left -> irradiat.no
menopause.ge40,node.caps.no,breast.quad.left_low -> inv.nodes.0.2
menopause.ge40,inv.nodes.0.2,node.caps.no,deg.malig.2 -> irradiat.no
age.40.49,Class.no.recurrence.events -> inv.nodes.0.2
menopause.premeno,node.caps.no,deg.malig.2,Class.no.recurrence.events -> irradiat.no
node.caps.no,breast.left,Class.recurrence.events -> inv.nodes.0.2
age.60.69,deg.malig.2 -> node.caps.no
age.40.49,irradiat.no -> node.caps.no
menopause.premeno,inv.nodes.0.2,breast.quad.left_up -> node.caps.no
age.40.49,Class.no.recurrence.events -> node.caps.no
menopause.premeno,inv.nodes.0.2,node.caps.no -> irradiat.no
breast.left,irradiat.no -> node.caps.no
age.60.69,inv.nodes.0.2,Class.no.recurrence.events -> irradiat.no
age.60.69,inv.nodes.0.2,node.caps.no,Class.no.recurrence.events -> irradiat.no
tumor.size.30.34,node.caps.no -> inv.nodes.0.2
deg.malig.3,irradiat.no,Class.no.recurrence.events -> inv.nodes.0.2
menopause.premeno,inv.nodes.0.2,deg.malig.2,Class.no.recurrence.events -> irradiat.no
deg.malig.3,irradiat.no,Class.no.recurrence.events -> node.caps.no
deg.malig.2,breast.quad.left_up,irradiat.no -> node.caps.no
age.40.49,deg.malig.2,Class.no.recurrence.events -> node.caps.no
tumor.size.20.24,irradiat.no -> inv.nodes.0.2
inv.nodes.0.2,breast.quad.left_low -> irradiat.no
irradiat.no -> node.caps.no
menopause.premeno,deg.malig.2,breast.left,irradiat.no -> node.caps.no
breast.left,breast.quad.left_up,Class.no.recurrence.events -> irradiat.no
age.50.59,menopause.ge40,Class.no.recurrence.events -> inv.nodes.0.2
age.60.69,menopause.ge40,inv.nodes.0.2,Class.no.recurrence.events -> irradiat.no
age.40.49,breast.right,irradiat.no -> inv.nodes.0.2
menopause.ge40,breast.quad.left_up,Class.no.recurrence.events -> inv.nodes.0.2
age.50.59,deg.malig.2,Class.no.recurrence.events -> irradiat.no
menopause.ge40,inv.nodes.0.2,node.caps.no,breast.quad.left_up -> irradiat.no
age.40.49,menopause.premeno,breast.right,irradiat.no -> inv.nodes.0.2
menopause.ge40,breast.left,breast.quad.left_low,irradiat.no -> node.caps.no
node.caps.no,deg.malig.2 -> irradiat.no
deg.malig.2,breast.left -> inv.nodes.0.2
menopause.ge40,node.caps.no,deg.malig.3 -> irradiat.no
menopause.premeno,node.caps.no,deg.malig.2,breast.left -> irradiat.no
breast.right,breast.quad.left_low -> inv.nodes.0.2
deg.malig.2,breast.quad.left_low,Class.no.recurrence.events -> node.caps.no
inv.nodes.0.2,node.caps.no,deg.malig.2,breast.left,Class.no.recurrence.events -> irradiat.no
menopause.ge40,breast.quad.left_up -> inv.nodes.0.2
menopause.ge40,Class.no.recurrence.events -> node.caps.no
deg.malig.2,breast.left,breast.quad.left_low,irradiat.no -> node.caps.no
age.30.39,node.caps.no -> irradiat.no
inv.nodes.0.2,node.caps.no,deg.malig.2,breast.quad.left_up -> irradiat.no
menopause.premeno,node.caps.no -> irradiat.no
menopause.ge40,node.caps.no,deg.malig.2 -> irradiat.no
menopause.premeno,tumor.size.25.29 -> inv.nodes.0.2
tumor.size.15.19 -> node.caps.no
age.60.69,menopause.ge40,node.caps.no,Class.no.recurrence.events -> irradiat.no
menopause.premeno,node.caps.no,breast.right,Class.no.recurrence.events -> irradiat.no
tumor.size.20.24,irradiat.no -> node.caps.no
inv.nodes.0.2,breast.right,breast.quad.left_up,Class.no.recurrence.events -> irradiat.no
age.40.49,menopause.premeno,inv.nodes.0.2,node.caps.no,deg.malig.2 -> irradiat.no
node.caps.no,breast.right -> irradiat.no
age.40.49,menopause.premeno,inv.nodes.0.2,node.caps.no -> irradiat.no
inv.nodes.0.2,breast.right,breast.quad.left_low -> irradiat.no
age.40.49,node.caps.no,breast.left,Class.no.recurrence.events -> irradiat.no
menopause.ge40,breast.right -> irradiat.no
inv.nodes.0.2,deg.malig.2,breast.quad.left_up -> irradiat.no
inv.nodes.0.2,breast.right,breast.quad.left_up -> irradiat.no
tumor.size.15.19 -> irradiat.no
age.40.49,node.caps.no,Class.no.recurrence.events -> irradiat.no
breast.right,breast.quad.left_up,irradiat.no -> node.caps.no
menopause.premeno,deg.malig.2,Class.no.recurrence.events -> node.caps.no
breast.quad.left_up,Class.no.recurrence.events -> node.caps.no
deg.malig.2,breast.left -> node.caps.no
