voto=obstrução,cunha=sim -> orientacao_partido=obstrução
orientacao_partido=obstrução,cunha=sim -> voto=obstrução
cunha=sim,descr=INVERSÃO DE PAUTA_PEC_471_2005 -> orientacao_gov=não
cunha=sim,descr=DVS - PPS - ART. 1º DO PLV_MPV_668_2015 -> orientacao_gov=sim
partido=pt,uf=RS,voto=sim,orientacao_partido=sim,cunha=sim -> orientacao_gov=sim
partido=pt,uf=SP,voto=sim,orientacao_partido=sim,cunha=sim -> orientacao_gov=sim
partido=pt,voto=sim,orientacao_partido=sim,cunha=sim -> orientacao_gov=sim
partido=pt,uf=SP,orientacao_partido=sim,cunha=sim -> orientacao_gov=sim
partido=pt,uf=MG,orientacao_partido=sim,cunha=sim -> orientacao_gov=sim
partido=pt,uf=RS,orientacao_partido=sim,cunha=sim -> orientacao_gov=sim
partido=pt,uf=RS,voto=sim,cunha=sim -> orientacao_gov=sim
partido=pt,orientacao_partido=sim,cunha=sim -> orientacao_gov=sim
partido=pcdob,voto=sim,orientacao_partido=sim,cunha=sim -> orientacao_gov=sim
partido=pcdob,orientacao_partido=sim,cunha=sim -> orientacao_gov=sim
partido=pt,uf=SP,voto=sim,cunha=sim -> orientacao_gov=sim
partido=pcdob,voto=sim,cunha=sim -> orientacao_gov=sim
partido=pt,voto=sim,cunha=sim -> orientacao_gov=sim
partido=pp,voto=não,orientacao_partido=sim,cunha=sim -> orientacao_gov=sim
partido=pros,voto=sim,orientacao_partido=sim,cunha=sim -> orientacao_gov=sim
partido=pdt,voto=sim,orientacao_partido=sim,cunha=sim -> orientacao_gov=sim
partido=pros,orientacao_partido=sim,cunha=sim -> orientacao_gov=sim
partido=pdt,orientacao_partido=sim,cunha=sim -> orientacao_gov=sim
uf=AC,voto=sim,cunha=sim -> orientacao_gov=sim
partido=pros,voto=sim,cunha=sim -> orientacao_gov=sim
uf=ES,voto=sim,orientacao_partido=sim,cunha=sim -> orientacao_gov=sim
partido=pt,uf=SP,orientacao_partido=sim,orientacao_gov=sim,cunha=sim -> voto=sim
partido=pcdob,orientacao_partido=sim,orientacao_gov=sim,cunha=sim -> voto=sim
partido=pcdob,orientacao_partido=sim,cunha=sim -> voto=sim
partido=pt,uf=SP,orientacao_partido=sim,cunha=sim -> voto=sim
partido=prb,uf=SP,orientacao_partido=sim,cunha=sim -> orientacao_gov=sim
partido=pdt,voto=sim,cunha=sim -> orientacao_gov=sim
uf=BA,voto=sim,orientacao_partido=sim,cunha=sim -> orientacao_gov=sim
partido=prb,orientacao_partido=sim,cunha=sim -> orientacao_gov=sim
uf=RS,orientacao_partido=sim,cunha=sim -> orientacao_gov=sim
uf=CE,voto=sim,orientacao_partido=sim,cunha=sim -> orientacao_gov=sim
partido=prb,voto=sim,orientacao_partido=sim,cunha=sim -> orientacao_gov=sim
uf=ES,voto=sim,cunha=sim -> orientacao_gov=sim
uf=ES,orientacao_partido=sim,cunha=sim -> orientacao_gov=sim
uf=BA,orientacao_partido=sim,cunha=sim -> orientacao_gov=sim
partido=dem,orientacao_partido=sim,orientacao_gov=sim,cunha=sim -> voto=sim
uf=BA,voto=sim,cunha=sim -> orientacao_gov=sim
partido=prb,uf=SP,orientacao_partido=sim,cunha=sim -> voto=sim
partido=psb,voto=sim,orientacao_partido=sim,cunha=sim -> orientacao_gov=sim
partido=pt,orientacao_partido=sim,orientacao_gov=sim,cunha=sim -> voto=sim
uf=PI,voto=sim,orientacao_partido=sim,cunha=sim -> orientacao_gov=sim
uf=CE,orientacao_partido=sim,cunha=sim -> orientacao_gov=sim
uf=PB,orientacao_partido=sim,orientacao_gov=sim,cunha=sim -> voto=sim
uf=RS,voto=sim,orientacao_partido=sim,cunha=sim -> orientacao_gov=sim
uf=AC,orientacao_partido=sim,cunha=sim -> voto=sim
partido=pr,voto=sim,orientacao_partido=sim,cunha=sim -> orientacao_gov=sim
partido=pt,orientacao_partido=sim,cunha=sim -> voto=sim
uf=RS,voto=sim,cunha=sim -> orientacao_gov=sim
uf=CE,voto=sim,cunha=sim -> orientacao_gov=sim
uf=PI,voto=sim,cunha=sim -> orientacao_gov=sim
uf=PA,voto=sim,orientacao_partido=sim,cunha=sim -> orientacao_gov=sim
uf=AL,voto=sim,cunha=sim -> orientacao_gov=sim
partido=pr,orientacao_partido=sim,cunha=sim -> orientacao_gov=sim
partido=dem,orientacao_partido=sim,cunha=sim -> voto=sim
partido=psd,orientacao_partido=sim,cunha=sim -> orientacao_gov=sim
partido=pps,orientacao_partido=sim,cunha=sim -> voto=sim
partido=psdb,orientacao_partido=sim,orientacao_gov=sim,cunha=sim -> voto=sim
uf=MG,orientacao_partido=sim,cunha=sim -> orientacao_gov=sim
uf=PA,voto=sim,cunha=sim -> orientacao_gov=sim
partido=prb,orientacao_partido=sim,cunha=sim -> voto=sim
partido=psdb,uf=SP,orientacao_partido=sim,cunha=sim -> voto=sim
partido=pt,uf=SP,orientacao_gov=sim,cunha=sim -> voto=sim
uf=MA,orientacao_partido=sim,orientacao_gov=sim,cunha=sim -> voto=sim
partido=psd,voto=sim,orientacao_partido=sim,cunha=sim -> orientacao_gov=sim
partido=pt,uf=RS,orientacao_partido=sim,orientacao_gov=sim,cunha=sim -> voto=sim
partido=pt,uf=BA,orientacao_partido=sim,cunha=sim -> voto=sim
uf=PI,orientacao_partido=sim,orientacao_gov=sim,cunha=sim -> voto=sim
uf=SP,orientacao_partido=sim,cunha=sim -> orientacao_gov=sim
partido=psdb,orientacao_partido=sim,cunha=sim -> voto=sim
partido=prb,uf=SP,voto=sim,cunha=sim -> orientacao_gov=sim
partido=psb,orientacao_partido=sim,cunha=sim -> orientacao_gov=sim
uf=RJ,orientacao_partido=sim,cunha=sim -> orientacao_gov=sim
uf=MS,orientacao_partido=sim,cunha=sim -> voto=sim
uf=PB,orientacao_partido=sim,cunha=sim -> voto=sim
uf=MG,voto=sim,orientacao_partido=sim,cunha=sim -> orientacao_gov=sim
partido=solidaried,orientacao_partido=sim,orientacao_gov=sim,cunha=sim -> voto=sim
partido=prb,orientacao_partido=sim,orientacao_gov=sim,cunha=sim -> voto=sim
partido=prb,voto=sim,cunha=sim -> orientacao_gov=sim
partido=pr,uf=SP,orientacao_partido=sim,cunha=sim -> voto=sim
partido=pmdb,uf=MG,cunha=sim -> voto=sim
uf=AL,orientacao_partido=sim,cunha=sim -> orientacao_gov=sim
uf=MA,voto=sim,cunha=sim -> orientacao_gov=sim
uf=PI,orientacao_partido=sim,cunha=sim -> orientacao_gov=sim
uf=PR,voto=sim,orientacao_partido=sim,cunha=sim -> orientacao_gov=sim
uf=PA,orientacao_partido=sim,cunha=sim -> orientacao_gov=sim
voto=sim,orientacao_partido=sim,cunha=sim -> orientacao_gov=sim
partido=pt,uf=RS,orientacao_partido=sim,cunha=sim -> voto=sim
uf=SP,voto=sim,orientacao_partido=sim,cunha=sim -> orientacao_gov=sim
orientacao_partido=sim,cunha=sim -> orientacao_gov=sim
partido=pdt,orientacao_partido=sim,orientacao_gov=sim,cunha=sim -> voto=sim
uf=RJ,voto=sim,cunha=sim -> orientacao_gov=sim
partido=pr,voto=sim,cunha=sim -> orientacao_gov=sim
uf=MA,orientacao_partido=sim,cunha=sim -> voto=sim
uf=RJ,voto=sim,orientacao_partido=sim,cunha=sim -> orientacao_gov=sim
uf=PE,voto=sim,orientacao_partido=sim,cunha=sim -> orientacao_gov=sim
partido=pr,orientacao_partido=sim,orientacao_gov=sim,cunha=sim -> voto=sim
partido=pmdb,uf=RJ,voto=sim,cunha=sim -> orientacao_gov=sim
uf=MA,voto=sim,orientacao_partido=sim,cunha=sim -> orientacao_gov=sim
uf=TO,orientacao_partido=sim,cunha=sim -> voto=sim
voto=sim,cunha=sim -> orientacao_gov=sim
uf=MG,voto=sim,cunha=sim -> orientacao_gov=sim
uf=BA,orientacao_partido=sim,orientacao_gov=sim,cunha=sim -> voto=sim
uf=CE,orientacao_partido=sim,orientacao_gov=sim,cunha=sim -> voto=sim
uf=PR,voto=sim,cunha=sim -> orientacao_gov=sim
uf=ES,orientacao_partido=sim,orientacao_gov=sim,cunha=sim -> voto=sim
uf=PR,orientacao_partido=sim,cunha=sim -> orientacao_gov=sim
partido=pt,orientacao_gov=sim,cunha=sim -> voto=sim
uf=PE,orientacao_partido=sim,orientacao_gov=sim,cunha=sim -> voto=sim
partido=pr,orientacao_partido=sim,cunha=sim -> voto=sim
uf=AC,cunha=sim -> orientacao_gov=sim
uf=PA,orientacao_partido=sim,orientacao_gov=sim,cunha=sim -> voto=sim
uf=GO,orientacao_partido=sim,cunha=sim -> voto=sim
uf=GO,orientacao_partido=sim,orientacao_gov=sim,cunha=sim -> voto=sim
partido=pt,uf=SP,cunha=sim -> orientacao_gov=sim
uf=RO,orientacao_partido=sim,cunha=sim -> voto=sim
voto=não,orientacao_partido=sim,cunha=sim -> orientacao_gov=sim
uf=PI,orientacao_partido=sim,cunha=sim -> voto=sim
partido=pdt,orientacao_partido=sim,cunha=sim -> voto=sim
uf=SC,voto=sim,cunha=sim -> orientacao_gov=sim
partido=prb,uf=SP,orientacao_gov=sim,cunha=sim -> voto=sim
partido=pmdb,uf=RJ,cunha=sim -> orientacao_gov=sim
uf=BA,orientacao_partido=sim,cunha=sim -> voto=sim
uf=CE,orientacao_partido=sim,cunha=sim -> voto=sim
partido=psb,orientacao_partido=sim,orientacao_gov=sim,cunha=sim -> voto=sim
uf=AM,cunha=sim -> orientacao_gov=sim
uf=AM,orientacao_partido=sim,cunha=sim -> voto=sim
uf=RR,orientacao_partido=sim,cunha=sim -> voto=sim
uf=ES,cunha=sim -> orientacao_gov=sim
partido=pt,uf=MG,cunha=sim -> orientacao_gov=sim
uf=SP,voto=sim,cunha=sim -> orientacao_gov=sim
uf=MA,orientacao_partido=sim,cunha=sim -> orientacao_gov=sim
partido=pcdob,cunha=sim -> orientacao_gov=sim
uf=SP,orientacao_partido=sim,cunha=sim -> voto=sim
partido=solidaried,orientacao_partido=sim,cunha=sim -> voto=sim
uf=DF,cunha=sim -> orientacao_gov=sim
partido=pdt,cunha=sim -> orientacao_gov=sim
uf=SP,orientacao_partido=sim,orientacao_gov=liberado,cunha=sim -> voto=sim
partido=pros,cunha=sim -> orientacao_gov=sim
uf=TO,voto=sim,cunha=sim -> orientacao_gov=sim
partido=pmdb,voto=sim,cunha=sim -> orientacao_gov=sim
partido=pmdb,uf=MG,cunha=sim -> orientacao_gov=sim
uf=MT,cunha=sim -> orientacao_gov=sim
uf=MG,cunha=sim -> orientacao_gov=sim
uf=AL,orientacao_partido=sim,cunha=sim -> voto=sim
partido=pt,cunha=sim -> orientacao_gov=sim
partido=pt,uf=RS,orientacao_gov=sim,cunha=sim -> voto=sim
partido=psd,voto=sim,cunha=sim -> orientacao_gov=sim
uf=GO,cunha=sim -> orientacao_gov=sim
uf=BA,cunha=sim -> orientacao_gov=sim
uf=PA,orientacao_partido=sim,cunha=sim -> voto=sim
partido=psdb,orientacao_partido=sim,orientacao_gov=liberado,cunha=sim -> voto=sim
uf=SC,cunha=sim -> orientacao_gov=sim
uf=PE,voto=sim,cunha=sim -> orientacao_gov=sim
uf=SC,orientacao_partido=sim,cunha=sim -> orientacao_gov=sim
uf=AL,cunha=sim -> orientacao_gov=sim
partido=pr,cunha=sim -> orientacao_gov=sim
partido=pt,uf=RS,cunha=sim -> orientacao_gov=sim
uf=RS,cunha=sim -> orientacao_gov=sim
partido=psb,cunha=sim -> orientacao_gov=sim
partido=psdb,cunha=sim -> orientacao_gov=sim
uf=PR,cunha=sim -> orientacao_gov=sim
uf=PA,cunha=sim -> orientacao_gov=sim
uf=ES,orientacao_partido=sim,cunha=sim -> voto=sim
partido=pt,uf=MG,orientacao_partido=sim,cunha=sim -> voto=sim
uf=PB,voto=sim,cunha=sim -> orientacao_gov=sim
uf=SP,orientacao_partido=sim,orientacao_gov=sim,cunha=sim -> voto=sim
partido=pr,orientacao_gov=sim,cunha=sim -> voto=sim
partido=psd,cunha=sim -> orientacao_gov=sim
partido=pv,cunha=sim -> orientacao_gov=sim
uf=SP,cunha=sim -> orientacao_gov=sim
partido=pmdb,cunha=sim -> orientacao_gov=sim
uf=RR,cunha=sim -> orientacao_gov=sim
uf=RJ,cunha=sim -> orientacao_gov=sim
uf=PB,cunha=sim -> orientacao_gov=sim
uf=PB,voto=sim,orientacao_partido=sim,cunha=sim -> orientacao_gov=sim
uf=RO,cunha=sim -> orientacao_gov=sim
uf=CE,cunha=sim -> orientacao_gov=sim
orientacao_partido=sim,orientacao_gov=sim,cunha=sim -> voto=sim
uf=TO,cunha=sim -> orientacao_gov=sim
uf=MS,cunha=sim -> orientacao_gov=sim
partido=psb,voto=sim,cunha=sim -> orientacao_gov=sim
uf=SC,voto=sim,orientacao_partido=sim,cunha=sim -> orientacao_gov=sim
partido=psd,orientacao_partido=sim,cunha=sim -> voto=sim
partido=pp,cunha=sim -> orientacao_gov=sim
partido=psdb,uf=SP,cunha=sim -> orientacao_gov=sim
uf=PI,cunha=sim -> orientacao_gov=sim
partido=psdb,uf=MG,cunha=sim -> orientacao_gov=sim
partido=prb,orientacao_gov=sim,cunha=sim -> voto=sim
orientacao_partido=sim,cunha=sim -> voto=sim
uf=MA,cunha=sim -> orientacao_gov=sim
partido=psb,orientacao_partido=sim,cunha=sim -> voto=sim
orientacao_partido=sim,orientacao_gov=não,cunha=sim -> voto=sim
partido=psd,orientacao_partido=sim,orientacao_gov=sim,cunha=sim -> voto=sim
partido=ptb,cunha=sim -> orientacao_gov=sim
uf=PE,orientacao_partido=sim,cunha=sim -> orientacao_gov=sim
uf=PE,cunha=sim -> orientacao_gov=sim
uf=MG,orientacao_partido=sim,cunha=sim -> voto=sim
uf=RN,orientacao_partido=sim,cunha=sim -> voto=sim
partido=ptb,orientacao_partido=sim,cunha=sim -> orientacao_gov=sim
uf=AP,orientacao_partido=sim,cunha=sim -> voto=sim
partido=pr,uf=SP,cunha=sim -> voto=sim
partido=pros,orientacao_partido=sim,orientacao_gov=sim,cunha=sim -> voto=sim
partido=pmdb,orientacao_partido=sim,orientacao_gov=sim,cunha=sim -> voto=sim
uf=PR,orientacao_partido=sim,orientacao_gov=sim,cunha=sim -> voto=sim
partido=solidaried,cunha=sim -> orientacao_gov=sim
uf=DF,orientacao_partido=sim,cunha=sim -> voto=sim
uf=PE,orientacao_partido=sim,cunha=sim -> voto=sim
uf=SE,cunha=sim -> orientacao_gov=sim
partido=pps,cunha=sim -> orientacao_gov=sim
partido=psc,cunha=sim -> orientacao_gov=sim
partido=prb,cunha=sim -> orientacao_gov=sim
uf=SE,orientacao_partido=sim,cunha=sim -> voto=sim
uf=MG,orientacao_partido=sim,orientacao_gov=liberado,cunha=sim -> voto=sim
partido=dem,cunha=sim -> orientacao_gov=sim
partido=pmdb,orientacao_gov=sim,cunha=sim -> voto=sim
partido=prb,uf=SP,cunha=sim -> orientacao_gov=sim
uf=MG,orientacao_partido=sim,orientacao_gov=sim,cunha=sim -> voto=sim
uf=TO,orientacao_gov=sim,cunha=sim -> voto=sim
partido=pmdb,orientacao_partido=sim,cunha=sim -> voto=sim
partido=pp,orientacao_partido=sim,cunha=sim -> orientacao_gov=sim
uf=PB,orientacao_partido=sim,cunha=sim -> orientacao_gov=sim
uf=RN,cunha=sim -> orientacao_gov=sim
uf=PR,orientacao_partido=sim,cunha=sim -> voto=sim
partido=ptb,voto=sim,cunha=sim -> orientacao_gov=sim
partido=pr,cunha=sim -> voto=sim
partido=pmdb,cunha=sim -> voto=sim
partido=psc,orientacao_partido=sim,cunha=sim -> orientacao_gov=sim
partido=phs,cunha=sim -> voto=sim
uf=TO,cunha=sim -> voto=sim
partido=ptb,voto=sim,orientacao_partido=sim,cunha=sim -> orientacao_gov=sim
partido=pros,orientacao_gov=sim,cunha=sim -> voto=sim
uf=MT,orientacao_partido=sim,cunha=sim -> voto=sim
partido=pmdb,orientacao_partido=sim,orientacao_gov=liberado,cunha=sim -> voto=sim
orientacao_partido=sim,orientacao_gov=liberado,cunha=sim -> voto=sim
partido=pros,orientacao_partido=sim,cunha=sim -> voto=sim
partido=prb,uf=SP,cunha=sim -> voto=sim
partido=pmdb,uf=SC,cunha=sim -> voto=sim
partido=pp,voto=sim,cunha=sim -> orientacao_gov=sim
uf=GO,voto=sim,cunha=sim -> orientacao_gov=sim
uf=GO,orientacao_partido=sim,cunha=sim -> orientacao_gov=sim
uf=GO,voto=sim,orientacao_partido=sim,cunha=sim -> orientacao_gov=sim
partido=pmdb,orientacao_partido=sim,orientacao_gov=não,cunha=sim -> voto=sim
uf=RJ,orientacao_partido=sim,cunha=sim -> voto=sim
partido=pmdb,orientacao_gov=liberado,cunha=sim -> voto=sim
partido=psd,orientacao_gov=sim,cunha=sim -> voto=sim
uf=SC,orientacao_partido=sim,cunha=sim -> voto=sim
partido=pmdb,uf=RJ,orientacao_gov=sim,cunha=sim -> voto=sim
partido=prb,cunha=sim -> voto=sim
partido=psd,cunha=sim -> voto=sim
uf=RJ,orientacao_partido=sim,orientacao_gov=sim,cunha=sim -> voto=sim
partido=pr,uf=RJ,cunha=sim -> voto=sim
partido=pp,orientacao_gov=liberado,cunha=sim -> voto=sim
uf=SC,orientacao_partido=sim,orientacao_gov=sim,cunha=sim -> voto=sim
partido=pmdb,uf=RJ,cunha=sim -> voto=sim
partido=pp,voto=sim,orientacao_partido=sim,cunha=sim -> orientacao_gov=sim
partido=pp,orientacao_partido=sim,orientacao_gov=liberado,cunha=sim -> voto=sim
partido=pcdob,orientacao_gov=sim,cunha=sim -> voto=sim
uf=MA,orientacao_gov=sim,cunha=sim -> voto=sim
uf=PI,orientacao_gov=sim,cunha=sim -> voto=sim
partido=ptn,cunha=sim -> voto=sim
partido=ptb,cunha=sim -> voto=sim
partido=ptb,orientacao_partido=sim,cunha=sim -> voto=sim
partido=pmdb,uf=RJ,orientacao_partido=sim,cunha=sim -> voto=sim
uf=RS,orientacao_partido=sim,cunha=sim -> voto=sim
partido=pmdb,voto=sim,orientacao_partido=sim,cunha=sim -> orientacao_gov=sim
partido=ptb,orientacao_gov=sim,cunha=sim -> voto=sim
uf=AC,orientacao_gov=sim,cunha=sim -> voto=sim
partido=pmdb,orientacao_partido=sim,cunha=sim -> orientacao_gov=sim
uf=BA,orientacao_gov=sim,cunha=sim -> voto=sim
partido=psc,voto=sim,cunha=sim -> orientacao_gov=sim
uf=RS,orientacao_partido=sim,orientacao_gov=sim,cunha=sim -> voto=sim
uf=RO,cunha=sim -> voto=sim
partido=ptb,orientacao_partido=sim,orientacao_gov=sim,cunha=sim -> voto=sim
uf=CE,orientacao_gov=sim,cunha=sim -> voto=sim
uf=MA,cunha=sim -> voto=sim
partido=pros,cunha=sim -> voto=sim
partido=pp,cunha=sim -> voto=sim
uf=PB,orientacao_gov=sim,cunha=sim -> voto=sim
uf=PB,cunha=sim -> voto=sim
uf=PI,cunha=sim -> voto=sim
uf=AP,cunha=sim -> voto=sim
uf=RR,cunha=sim -> voto=sim
partido=pp,orientacao_partido=sim,cunha=sim -> voto=sim
uf=AL,orientacao_gov=sim,cunha=sim -> voto=sim
partido=pdt,orientacao_gov=sim,cunha=sim -> voto=sim
uf=PA,orientacao_gov=sim,cunha=sim -> voto=sim
uf=SE,cunha=sim -> voto=sim
partido=pp,orientacao_gov=sim,cunha=sim -> voto=sim
uf=RN,cunha=sim -> voto=sim
uf=MG,orientacao_gov=sim,cunha=sim -> voto=sim
uf=BA,cunha=sim -> voto=sim
orientacao_gov=sim,cunha=sim -> voto=sim
uf=CE,cunha=sim -> voto=sim
uf=RJ,orientacao_gov=sim,cunha=sim -> voto=sim
uf=MG,cunha=sim -> voto=sim
uf=MS,cunha=sim -> voto=sim
uf=ES,orientacao_gov=sim,cunha=sim -> voto=sim
uf=AL,cunha=sim -> voto=sim
uf=AC,cunha=sim -> voto=sim
uf=MT,cunha=sim -> voto=sim
uf=AM,cunha=sim -> voto=sim
partido=pp,orientacao_partido=sim,orientacao_gov=sim,cunha=sim -> voto=sim
uf=PR,orientacao_gov=sim,cunha=sim -> voto=sim
uf=PA,cunha=sim -> voto=sim
partido=pt,uf=SP,cunha=sim -> voto=sim
uf=SC,orientacao_gov=sim,cunha=sim -> voto=sim
uf=SC,cunha=sim -> voto=sim
uf=RJ,cunha=sim -> voto=sim
partido=pdt,cunha=sim -> voto=sim
uf=PR,cunha=sim -> voto=sim
uf=RS,orientacao_gov=sim,cunha=sim -> voto=sim
partido=pt,cunha=sim -> voto=sim
uf=SP,orientacao_gov=sim,cunha=sim -> voto=sim
uf=GO,cunha=sim -> voto=sim
uf=DF,cunha=sim -> voto=sim
uf=SP,cunha=sim -> voto=sim
partido=pt,uf=BA,cunha=sim -> voto=sim
uf=ES,cunha=sim -> voto=sim
uf=PE,orientacao_gov=sim,cunha=sim -> voto=sim
uf=MG,orientacao_gov=liberado,cunha=sim -> voto=sim
partido=pt,uf=RS,cunha=sim -> voto=sim
uf=PE,cunha=sim -> voto=sim
partido=psc,cunha=sim -> voto=sim
uf=RS,cunha=sim -> voto=sim
partido=pt,uf=MG,cunha=sim -> voto=sim
partido=pv,cunha=sim -> voto=sim
uf=GO,orientacao_gov=sim,cunha=sim -> voto=sim
orientacao_gov=liberado,cunha=sim -> voto=sim
partido=pmdb,orientacao_gov=liberado -> voto=sim
partido=psc,orientacao_partido=sim,cunha=sim -> voto=sim
partido=pp,orientacao_gov=liberado -> voto=sim
partido=psdb,orientacao_gov=liberado,cunha=sim -> voto=sim
uf=RJ,orientacao_gov=liberado,cunha=sim -> voto=sim
partido=pcdob,cunha=sim -> voto=sim
partido=solidaried,cunha=sim -> voto=sim
partido=psd,orientacao_gov=liberado -> voto=sim
uf=SP,orientacao_gov=liberado,cunha=sim -> voto=sim
partido=psc,orientacao_gov=sim,cunha=sim -> voto=sim
partido=dem,cunha=sim -> voto=sim
partido=psb,cunha=sim -> voto=sim
partido=psd,uf=BA -> voto=sim
partido=psb,orientacao_gov=sim,cunha=sim -> voto=sim
partido=pmdb,cunha=liberado -> voto=sim
partido=pr,orientacao_gov=liberado -> voto=sim
partido=pmdb,uf=MG -> voto=sim
uf=TO -> voto=sim
partido=pr,uf=RJ -> voto=sim
partido=psd -> voto=sim
partido=pmdb,uf=SC -> voto=sim
