partido=pt,uf=BA,orientacao_partido=sim -> orientacao_gov=sim
partido=pt,uf=SP,voto=sim,orientacao_partido=sim -> orientacao_gov=sim
partido=pt,uf=SP,orientacao_partido=sim -> orientacao_gov=sim
partido=pt,voto=sim,orientacao_partido=sim -> orientacao_gov=sim
partido=pt,uf=MG,voto=sim,orientacao_partido=sim -> orientacao_gov=sim
partido=pt,orientacao_partido=sim -> orientacao_gov=sim
partido=pt,uf=RS,voto=sim,orientacao_partido=sim -> orientacao_gov=sim
partido=pt,uf=MG,orientacao_partido=sim -> orientacao_gov=sim
partido=pt,uf=RS,orientacao_partido=sim -> orientacao_gov=sim
descr=SUBSTITUTIVO DA MESA DIRETORA_PRC_8_2007 -> cunha=sim
orientacao_gov=sim,descr=DVS - PPS - ART. 1º DO PLV_MPV_668_2015 -> cunha=sim
partido=pmdb,orientacao_partido=sim -> cunha=sim
partido=pp,orientacao_partido=sim,orientacao_gov=sim -> cunha=sim
partido=pmdb,uf=RJ,orientacao_partido=sim -> cunha=sim
partido=pmdb,uf=MG,orientacao_partido=sim -> cunha=sim
partido=pmdb,orientacao_partido=sim,orientacao_gov=liberado -> cunha=sim
partido=pmdb,orientacao_partido=sim,orientacao_gov=não -> cunha=sim
partido=pmdb,orientacao_partido=sim,orientacao_gov=sim -> cunha=sim
partido=pmdb,voto=sim,orientacao_partido=sim -> cunha=sim
partido=pp,voto=não,orientacao_partido=sim,orientacao_gov=sim -> cunha=sim
partido=pp,voto=sim,orientacao_partido=sim,orientacao_gov=sim -> cunha=sim
partido=pmdb,uf=RJ,voto=sim,orientacao_partido=sim -> cunha=sim
partido=pmdb,voto=sim,orientacao_partido=sim,orientacao_gov=liberado -> cunha=sim
partido=pmdb,voto=sim,orientacao_partido=sim,orientacao_gov=não -> cunha=sim
partido=pmdb,voto=sim,orientacao_partido=sim,orientacao_gov=sim -> cunha=sim
partido=ptb,voto=sim,orientacao_partido=sim,orientacao_gov=sim -> cunha=sim
partido=psol,orientacao_partido=sim -> voto=sim
partido=ptb,orientacao_partido=sim,orientacao_gov=sim -> cunha=sim
partido=psc,orientacao_partido=sim,orientacao_gov=sim -> cunha=sim
partido=psc,voto=sim,orientacao_partido=sim -> cunha=sim
partido=solidaried,voto=sim,orientacao_partido=sim,orientacao_gov=sim -> cunha=sim
partido=solidaried,orientacao_partido=sim,orientacao_gov=sim -> cunha=sim
partido=pp,voto=sim,orientacao_partido=sim -> cunha=sim
partido=psc,orientacao_partido=sim -> cunha=sim
partido=ptb,voto=sim,orientacao_partido=sim -> cunha=sim
partido=ptb,orientacao_partido=sim -> cunha=sim
partido=pt,uf=SP,orientacao_partido=sim,orientacao_gov=sim -> voto=sim
partido=pmdb,uf=RJ,voto=sim,orientacao_gov=sim -> cunha=sim
partido=pcdob,orientacao_partido=sim,orientacao_gov=sim -> voto=sim
partido=pcdob,orientacao_partido=sim -> voto=sim
partido=pt,uf=SP,orientacao_partido=sim -> voto=sim
partido=pp,uf=RS,orientacao_partido=sim -> cunha=sim
partido=pp,orientacao_partido=sim -> cunha=sim
partido=psd,orientacao_partido=sim,orientacao_gov=sim -> cunha=sim
partido=psd,voto=sim,orientacao_partido=sim,orientacao_gov=sim -> cunha=sim
partido=pmdb,voto=sim,orientacao_gov=sim -> cunha=sim
partido=pp,voto=sim,orientacao_gov=sim -> cunha=sim
partido=psdb,orientacao_partido=sim,orientacao_gov=não -> voto=sim
uf=SC,orientacao_partido=sim,orientacao_gov=sim -> cunha=sim
uf=SC,voto=sim,orientacao_partido=sim,orientacao_gov=sim -> cunha=sim
uf=GO,voto=sim,orientacao_partido=sim,orientacao_gov=sim -> cunha=sim
partido=solidaried,voto=sim,orientacao_gov=sim -> cunha=sim
partido=psdb,uf=MG,orientacao_partido=sim -> voto=sim
uf=TO,voto=sim,orientacao_gov=sim -> cunha=sim
uf=GO,orientacao_partido=sim,orientacao_gov=sim -> cunha=sim
uf=PB,voto=sim,orientacao_partido=sim,orientacao_gov=sim -> cunha=sim
uf=GO,voto=sim,orientacao_gov=sim -> cunha=sim
partido=psd,voto=sim,orientacao_gov=sim -> cunha=sim
uf=PB,orientacao_partido=sim,orientacao_gov=sim -> cunha=sim
partido=ptb,voto=sim,orientacao_gov=sim -> cunha=sim
partido=pt,orientacao_partido=sim,orientacao_gov=sim -> voto=sim
uf=PR,voto=sim,orientacao_partido=sim,orientacao_gov=sim -> cunha=sim
uf=PE,voto=sim,orientacao_partido=sim,orientacao_gov=sim -> cunha=sim
uf=PI,orientacao_partido=sim,orientacao_gov=sim -> cunha=sim
partido=pr,voto=sim,orientacao_partido=sim,orientacao_gov=sim -> cunha=sim
uf=PI,voto=sim,orientacao_partido=sim,orientacao_gov=sim -> cunha=sim
uf=PR,orientacao_partido=sim,orientacao_gov=sim -> cunha=sim
partido=prb,uf=SP,orientacao_partido=sim,orientacao_gov=sim -> voto=sim
partido=pt,orientacao_partido=sim -> voto=sim
partido=psc,voto=sim,orientacao_gov=sim -> cunha=sim
partido=phs,orientacao_partido=sim -> cunha=sim
uf=PE,orientacao_partido=sim,orientacao_gov=sim -> cunha=sim
partido=pr,orientacao_partido=sim,orientacao_gov=sim -> cunha=sim
uf=SC,voto=sim,orientacao_gov=sim -> cunha=sim
partido=prb,uf=SP,orientacao_partido=sim -> voto=sim
partido=pcdob,voto=sim,orientacao_partido=sim -> orientacao_gov=sim
uf=PB,orientacao_partido=sim,orientacao_gov=sim -> voto=sim
uf=MA,voto=sim,orientacao_partido=sim,orientacao_gov=sim -> cunha=sim
uf=RS,orientacao_partido=sim,orientacao_gov=sim -> cunha=sim
partido=pcdob,orientacao_partido=sim -> orientacao_gov=sim
partido=pros,voto=sim,orientacao_partido=sim -> orientacao_gov=sim
voto=sim,orientacao_partido=sim,orientacao_gov=sim -> cunha=sim
partido=dem,orientacao_partido=sim,orientacao_gov=sim -> voto=sim
orientacao_partido=sim,orientacao_gov=sim -> cunha=sim
partido=pps,orientacao_partido=sim -> voto=sim
uf=MG,orientacao_partido=sim,orientacao_gov=sim -> cunha=sim
uf=MG,voto=sim,orientacao_partido=sim,orientacao_gov=sim -> cunha=sim
uf=AC,orientacao_partido=sim -> voto=sim
uf=BA,orientacao_partido=sim,orientacao_gov=sim -> cunha=sim
uf=PI,voto=sim,orientacao_gov=sim -> cunha=sim
partido=prb,orientacao_partido=sim,orientacao_gov=sim -> cunha=sim
uf=RJ,orientacao_partido=sim,orientacao_gov=sim -> cunha=sim
partido=pt,uf=BA,orientacao_partido=sim -> voto=sim
uf=PA,orientacao_partido=sim,orientacao_gov=sim -> cunha=sim
uf=AL,orientacao_partido=sim,orientacao_gov=sim -> cunha=sim
partido=prb,voto=sim,orientacao_partido=sim,orientacao_gov=sim -> cunha=sim
uf=PR,voto=sim,orientacao_gov=sim -> cunha=sim
partido=pr,voto=sim,orientacao_gov=sim -> cunha=sim
voto=não,orientacao_partido=sim,orientacao_gov=sim -> cunha=sim
partido=psdb,voto=sim,orientacao_partido=sim,orientacao_gov=sim -> cunha=sim
uf=MA,orientacao_partido=sim,orientacao_gov=sim -> cunha=sim
partido=psdb,voto=sim,orientacao_gov=sim -> cunha=sim
partido=pp,voto=não,orientacao_partido=sim -> cunha=sim
partido=dem,voto=sim,orientacao_partido=sim,orientacao_gov=sim -> cunha=sim
uf=BA,voto=sim,orientacao_partido=sim,orientacao_gov=sim -> cunha=sim
uf=RJ,voto=sim,orientacao_partido=sim,orientacao_gov=sim -> cunha=sim
partido=pt,uf=RS,orientacao_partido=sim,orientacao_gov=sim -> voto=sim
uf=MA,voto=sim,orientacao_gov=sim -> cunha=sim
uf=PA,voto=sim,orientacao_partido=sim,orientacao_gov=sim -> cunha=sim
partido=psdb,orientacao_partido=sim -> voto=sim
uf=PB,voto=sim,orientacao_gov=sim -> cunha=sim
uf=CE,voto=sim,orientacao_partido=sim,orientacao_gov=sim -> cunha=sim
partido=prb,voto=sim,orientacao_gov=sim -> cunha=sim
partido=pt,uf=RS,orientacao_partido=sim -> voto=sim
uf=RS,voto=sim,orientacao_partido=sim,orientacao_gov=sim -> cunha=sim
partido=psdb,orientacao_partido=sim,orientacao_gov=sim -> cunha=sim
uf=SP,orientacao_partido=sim,orientacao_gov=não -> voto=sim
uf=MG,voto=sim,orientacao_gov=sim -> cunha=sim
voto=sim,orientacao_gov=sim -> cunha=sim
partido=psdb,uf=SP,orientacao_partido=sim -> voto=sim
uf=CE,orientacao_partido=sim,orientacao_gov=sim -> cunha=sim
partido=prb,orientacao_partido=sim -> voto=sim
partido=psb,voto=sim,orientacao_partido=sim,orientacao_gov=sim -> cunha=sim
partido=prb,uf=SP,orientacao_partido=sim,orientacao_gov=sim -> cunha=sim
uf=AL,voto=sim,orientacao_gov=sim -> cunha=sim
uf=SP,voto=sim,orientacao_partido=sim,orientacao_gov=sim -> cunha=sim
partido=pt,uf=SP,orientacao_gov=sim -> voto=sim
uf=PI,orientacao_partido=sim,orientacao_gov=sim -> voto=sim
uf=ES,voto=sim,orientacao_partido=sim,orientacao_gov=sim -> cunha=sim
uf=RJ,voto=sim,orientacao_gov=sim -> cunha=sim
uf=SP,orientacao_partido=sim,orientacao_gov=sim -> cunha=sim
uf=ES,orientacao_partido=sim,orientacao_gov=sim -> cunha=sim
uf=AC,voto=sim,orientacao_gov=sim -> cunha=sim
partido=psdb,orientacao_partido=sim,orientacao_gov=sim -> voto=sim
partido=prb,uf=SP,voto=sim,orientacao_gov=sim -> cunha=sim
uf=PE,voto=sim,orientacao_gov=sim -> cunha=sim
partido=dem,orientacao_partido=sim,orientacao_gov=sim -> cunha=sim
partido=dem,voto=sim,orientacao_gov=sim -> cunha=sim
uf=CE,voto=sim,orientacao_gov=sim -> cunha=sim
uf=PA,voto=sim,orientacao_gov=sim -> cunha=sim
uf=MA,orientacao_partido=sim,orientacao_gov=sim -> voto=sim
uf=PB,orientacao_partido=sim -> voto=sim
partido=prb,orientacao_partido=sim,orientacao_gov=sim -> voto=sim
partido=pp,voto=sim,orientacao_partido=sim,orientacao_gov=liberado -> cunha=sim
partido=psdb,uf=GO,orientacao_partido=sim -> voto=sim
uf=SP,voto=sim,orientacao_gov=sim -> cunha=sim
partido=solidaried,orientacao_partido=sim,orientacao_gov=sim -> voto=sim
partido=psb,voto=sim,orientacao_gov=sim -> cunha=sim
uf=RS,voto=sim,orientacao_gov=sim -> cunha=sim
uf=BA,voto=sim,orientacao_gov=sim -> cunha=sim
uf=ES,voto=sim,orientacao_gov=sim -> cunha=sim
partido=pros,voto=sim,orientacao_partido=sim,orientacao_gov=sim -> cunha=sim
partido=prb,uf=SP,voto=sim,orientacao_partido=sim -> orientacao_gov=sim
partido=psb,orientacao_partido=sim,orientacao_gov=sim -> cunha=sim
partido=prb,uf=SP,orientacao_partido=sim -> orientacao_gov=sim
uf=BA,orientacao_partido=sim,orientacao_gov=sim -> voto=sim
partido=pros,orientacao_partido=sim,orientacao_gov=sim -> cunha=sim
partido=dem,orientacao_partido=sim -> voto=sim
partido=pr,voto=sim,orientacao_partido=sim -> cunha=sim
partido=pt,orientacao_gov=sim -> voto=sim
partido=pr,orientacao_partido=sim,orientacao_gov=sim -> voto=sim
uf=GO,orientacao_partido=sim -> voto=sim
uf=ES,orientacao_partido=sim,orientacao_gov=sim -> voto=sim
uf=CE,orientacao_partido=sim,orientacao_gov=sim -> voto=sim
partido=pdt,orientacao_partido=sim,orientacao_gov=sim -> voto=sim
partido=prb,orientacao_partido=sim -> orientacao_gov=sim
uf=PA,orientacao_partido=sim,orientacao_gov=sim -> voto=sim
partido=pr,uf=SP,orientacao_partido=sim -> voto=sim
uf=RR,orientacao_partido=sim -> voto=sim
partido=pdt,voto=sim,orientacao_partido=sim,orientacao_gov=sim -> cunha=sim
partido=pt,uf=BA,orientacao_gov=sim -> voto=sim
uf=PE,orientacao_partido=sim,orientacao_gov=sim -> voto=sim
uf=MA,orientacao_partido=sim -> voto=sim
partido=pr,uf=SP,voto=sim,orientacao_partido=sim -> cunha=sim
partido=pr,uf=SP,orientacao_partido=sim -> orientacao_gov=sim
uf=RO,orientacao_partido=sim -> voto=sim
partido=prb,voto=sim,orientacao_partido=sim -> orientacao_gov=sim
partido=pr,voto=sim,orientacao_partido=sim -> orientacao_gov=sim
uf=CE,orientacao_partido=sim -> voto=sim
uf=PA,orientacao_partido=sim -> voto=sim
partido=pdt,voto=sim,orientacao_gov=sim -> cunha=sim
partido=dem,orientacao_partido=sim,orientacao_gov=não -> voto=sim
uf=BA,orientacao_partido=sim -> voto=sim
partido=pros,voto=sim,orientacao_gov=sim -> cunha=sim
partido=pt,orientacao_partido=sim,orientacao_gov=liberado -> voto=sim
uf=GO,orientacao_partido=sim,orientacao_gov=sim -> voto=sim
partido=pt,uf=MG,orientacao_partido=sim,orientacao_gov=sim -> voto=sim
uf=MS,orientacao_partido=sim -> voto=sim
orientacao_partido=sim,cunha=não -> voto=sim
partido=pdt,orientacao_partido=sim -> voto=sim
partido=pr,orientacao_partido=sim -> cunha=sim
uf=AM,orientacao_partido=sim -> voto=sim
partido=pdt,orientacao_partido=sim,orientacao_gov=sim -> cunha=sim
partido=pmdb,uf=MG,orientacao_gov=sim -> cunha=sim
orientacao_partido=sim,orientacao_gov=não -> voto=sim
uf=SP,orientacao_partido=sim -> voto=sim
partido=pt,uf=RS,orientacao_partido=sim,orientacao_gov=sim -> cunha=sim
partido=psb,uf=PE,orientacao_partido=sim -> voto=sim
partido=pr,orientacao_partido=sim -> voto=sim
partido=pt,uf=MG,orientacao_partido=sim -> voto=sim
uf=TO,orientacao_gov=sim -> cunha=sim
uf=MT,orientacao_gov=sim -> cunha=sim
partido=pt,uf=SP,orientacao_partido=sim,orientacao_gov=sim -> cunha=sim
partido=pt,uf=SP,voto=sim,orientacao_gov=sim -> cunha=sim
uf=ES,orientacao_partido=sim -> voto=sim
uf=CE,orientacao_gov=sim -> cunha=sim
partido=pt,uf=RS,orientacao_gov=sim -> voto=sim
partido=pp,orientacao_partido=sim,orientacao_gov=liberado -> cunha=sim
partido=pr,uf=RJ,orientacao_partido=sim -> cunha=sim
partido=pt,uf=SP,voto=sim,orientacao_partido=sim,orientacao_gov=sim -> cunha=sim
uf=TO,voto=sim,orientacao_partido=sim -> cunha=sim
partido=pr,orientacao_gov=sim -> cunha=sim
uf=AL,orientacao_partido=sim -> voto=sim
partido=pt,uf=SP,orientacao_gov=sim -> cunha=sim
partido=psd,uf=BA,orientacao_partido=sim -> voto=sim
uf=PR,orientacao_gov=sim -> cunha=sim
partido=pt,uf=RS,orientacao_gov=sim -> cunha=sim
partido=pps,orientacao_gov=sim -> cunha=sim
partido=pt,orientacao_partido=sim,orientacao_gov=sim -> cunha=sim
partido=pcdob,orientacao_gov=sim -> cunha=sim
uf=PI,orientacao_gov=sim -> cunha=sim
partido=pt,uf=RS,voto=sim,orientacao_partido=sim,orientacao_gov=sim -> cunha=sim
partido=psd,orientacao_gov=sim -> cunha=sim
partido=pt,uf=RS,voto=sim,orientacao_gov=sim -> cunha=sim
partido=pros,orientacao_partido=sim -> orientacao_gov=sim
uf=PB,orientacao_gov=sim -> cunha=sim
partido=pt,orientacao_gov=sim -> cunha=sim
uf=PE,orientacao_gov=sim -> cunha=sim
uf=RR,orientacao_gov=sim -> cunha=sim
uf=MG,orientacao_partido=sim,orientacao_gov=não -> voto=sim
uf=RS,orientacao_gov=sim -> cunha=sim
partido=psb,orientacao_partido=sim,orientacao_gov=sim -> voto=sim
partido=pmdb,uf=RJ,orientacao_gov=sim -> cunha=sim
partido=pr,orientacao_partido=sim -> orientacao_gov=sim
uf=AC,orientacao_gov=sim -> cunha=sim
partido=pv,orientacao_gov=sim -> cunha=sim
uf=SC,orientacao_gov=sim -> cunha=sim
uf=MS,orientacao_gov=sim -> cunha=sim
uf=ES,orientacao_gov=sim -> cunha=sim
partido=pt,uf=MG,orientacao_partido=sim,orientacao_gov=sim -> cunha=sim
partido=pdt,orientacao_gov=sim -> cunha=sim
partido=pt,voto=sim,orientacao_partido=sim,orientacao_gov=sim -> cunha=sim
partido=pt,voto=sim,orientacao_gov=sim -> cunha=sim
partido=pr,uf=SP,orientacao_partido=sim -> cunha=sim
partido=pmdb,uf=RJ,voto=sim -> cunha=sim
partido=pp,orientacao_gov=sim -> cunha=sim
partido=pt,uf=MG,orientacao_gov=sim -> cunha=sim
partido=pmdb,orientacao_gov=sim -> cunha=sim
uf=AL,orientacao_gov=sim -> cunha=sim
uf=BA,orientacao_gov=sim -> cunha=sim
uf=MG,orientacao_gov=sim -> cunha=sim
partido=psdb,uf=MG,orientacao_gov=sim -> cunha=sim
uf=TO,orientacao_partido=sim -> voto=sim
orientacao_gov=sim -> cunha=sim
uf=DF,orientacao_gov=sim -> cunha=sim
uf=MA,orientacao_gov=sim -> cunha=sim
partido=phs,orientacao_partido=sim -> voto=sim
partido=ptn,orientacao_partido=sim -> cunha=sim
uf=SP,orientacao_partido=sim,orientacao_gov=sim -> voto=sim
partido=solidaried,orientacao_partido=sim -> voto=sim
uf=GO,orientacao_gov=sim -> cunha=sim
partido=prb,voto=sim,orientacao_partido=sim -> cunha=sim
partido=psc,orientacao_gov=sim -> cunha=sim
partido=prb,uf=SP,voto=sim,orientacao_partido=sim -> cunha=sim
uf=AM,orientacao_gov=sim -> cunha=sim
uf=RJ,orientacao_gov=sim -> cunha=sim
uf=RO,orientacao_gov=sim -> cunha=sim
partido=prb,orientacao_partido=sim -> cunha=sim
partido=pros,orientacao_gov=sim -> cunha=sim
partido=psb,orientacao_gov=sim -> cunha=sim
orientacao_partido=sim,orientacao_gov=sim -> voto=sim
uf=PE,orientacao_partido=sim -> voto=sim
uf=SP,orientacao_gov=sim -> cunha=sim
partido=ptb,orientacao_gov=sim -> cunha=sim
partido=pcdob,voto=sim,orientacao_gov=sim -> cunha=sim
orientacao_partido=sim -> voto=sim
partido=psdb,orientacao_gov=sim -> cunha=sim
uf=PA,orientacao_gov=sim -> cunha=sim
uf=SP,orientacao_partido=sim,orientacao_gov=liberado -> voto=sim
partido=solidaried,orientacao_gov=sim -> cunha=sim
partido=pcdob,orientacao_partido=sim,orientacao_gov=sim -> cunha=sim
partido=dem,orientacao_gov=sim -> cunha=sim
uf=RN,orientacao_partido=sim -> voto=sim
partido=pcdob,voto=sim,orientacao_partido=sim,orientacao_gov=sim -> cunha=sim
partido=prb,orientacao_gov=sim -> cunha=sim
uf=SE,orientacao_partido=sim -> voto=sim
partido=prb,uf=SP,orientacao_partido=sim -> cunha=sim
uf=RJ,orientacao_partido=sim,orientacao_gov=não -> voto=sim
partido=psd,orientacao_partido=sim,orientacao_gov=sim -> voto=sim
partido=dem,orientacao_partido=sim,cunha=não -> voto=sim
uf=RN,orientacao_gov=sim -> cunha=sim
partido=psdb,uf=SP,orientacao_gov=sim -> cunha=sim
partido=pr,orientacao_partido=sim,orientacao_gov=liberado -> voto=sim
orientacao_partido=sim,orientacao_gov=sim,cunha=não -> voto=sim
uf=PI,orientacao_partido=sim -> voto=sim
uf=MG,orientacao_partido=sim -> voto=sim
uf=SE,orientacao_gov=sim -> cunha=sim
uf=PR,orientacao_partido=sim,orientacao_gov=sim -> voto=sim
partido=psdb,orientacao_partido=sim,orientacao_gov=liberado -> voto=sim
uf=DF,orientacao_partido=sim -> voto=sim
uf=AP,orientacao_partido=sim -> voto=sim
partido=prb,uf=SP,orientacao_gov=sim -> cunha=sim
partido=psd,orientacao_partido=sim -> voto=sim
partido=pros,orientacao_partido=sim,orientacao_gov=sim -> voto=sim
uf=PR,orientacao_partido=sim -> voto=sim
uf=MG,orientacao_partido=sim,orientacao_gov=sim -> voto=sim
partido=solidaried,orientacao_partido=sim,orientacao_gov=não -> voto=sim
uf=TO,orientacao_partido=sim -> cunha=sim
partido=psb,orientacao_partido=sim -> voto=sim
partido=ptb,orientacao_partido=sim -> orientacao_gov=sim
partido=psd,voto=sim,orientacao_partido=sim -> cunha=sim
partido=pr,uf=RJ,orientacao_partido=sim -> voto=sim
partido=psb,orientacao_partido=sim,orientacao_gov=não -> voto=sim
orientacao_partido=sim,cunha=liberado -> voto=sim
uf=MG,orientacao_partido=sim,orientacao_gov=liberado -> voto=sim
partido=pt,uf=MG,orientacao_gov=sim -> voto=sim
partido=pmdb,uf=MG,voto=sim -> cunha=sim
uf=BA,orientacao_partido=sim,orientacao_gov=liberado -> voto=sim
partido=psd,orientacao_partido=sim -> cunha=sim
partido=psc,orientacao_partido=sim -> orientacao_gov=sim
partido=ptn,orientacao_partido=sim -> voto=sim
uf=MT,orientacao_partido=sim -> voto=sim
orientacao_partido=sim,orientacao_gov=liberado -> voto=sim
partido=pv,orientacao_partido=sim -> voto=sim
partido=prb,uf=SP,orientacao_gov=sim -> voto=sim
uf=RS,orientacao_partido=sim -> orientacao_gov=sim
uf=AC,orientacao_partido=sim -> orientacao_gov=sim
partido=pr,orientacao_partido=sim,orientacao_gov=liberado -> cunha=sim
orientacao_partido=sim,orientacao_gov=liberado,cunha=não -> voto=sim
uf=SC,orientacao_partido=sim -> voto=sim
uf=RJ,orientacao_partido=sim,orientacao_gov=liberado -> voto=sim
uf=RJ,orientacao_partido=sim -> voto=sim
partido=ptb,voto=sim,orientacao_partido=sim -> orientacao_gov=sim
partido=pr,orientacao_gov=sim -> voto=sim
partido=pros,orientacao_gov=sim -> voto=sim
uf=AP,voto=sim,orientacao_partido=sim -> cunha=sim
partido=pr,uf=SP,voto=sim -> cunha=sim
orientacao_partido=sim,orientacao_gov=liberado,cunha=liberado -> voto=sim
uf=RS,orientacao_partido=sim -> cunha=sim
uf=AP,orientacao_partido=sim -> cunha=sim
partido=pr,voto=sim -> cunha=sim
partido=pdt,voto=sim,orientacao_partido=sim -> orientacao_gov=sim
partido=pros,voto=sim,orientacao_partido=sim -> cunha=sim
uf=BA,voto=sim,orientacao_partido=sim -> orientacao_gov=sim
partido=psd,voto=sim,orientacao_partido=sim -> orientacao_gov=sim
uf=SE,orientacao_partido=sim -> cunha=sim
uf=RO,voto=sim,orientacao_partido=sim -> cunha=sim
partido=prb,orientacao_gov=sim -> voto=sim
uf=RJ,orientacao_partido=sim,orientacao_gov=sim -> voto=sim
uf=RO,orientacao_partido=sim -> cunha=sim
partido=pcdob,orientacao_gov=sim -> voto=sim
partido=prb,uf=SP,voto=sim -> cunha=sim
partido=pdt,orientacao_partido=sim -> orientacao_gov=sim
uf=SC,orientacao_partido=sim -> cunha=sim
uf=RS,voto=sim,orientacao_partido=sim -> orientacao_gov=sim
partido=pros,orientacao_partido=sim -> voto=sim
partido=psd,orientacao_partido=sim -> orientacao_gov=sim
partido=pmdb,voto=sim -> cunha=sim
uf=SC,orientacao_partido=sim,orientacao_gov=sim -> voto=sim
uf=SE,voto=sim,orientacao_partido=sim -> cunha=sim
partido=prb,voto=sim -> cunha=sim
uf=CE,voto=sim,orientacao_partido=sim -> orientacao_gov=sim
uf=BA,orientacao_partido=sim -> orientacao_gov=sim
uf=RS,voto=sim,orientacao_partido=sim -> cunha=sim
uf=RS,orientacao_partido=sim -> voto=sim
uf=TO,orientacao_gov=sim -> voto=sim
uf=CE,orientacao_partido=sim -> orientacao_gov=sim
uf=RJ,orientacao_partido=sim -> cunha=sim
uf=PE,voto=não,orientacao_gov=sim -> cunha=sim
uf=MA,voto=sim,orientacao_partido=sim -> cunha=sim
uf=PI,voto=sim,orientacao_partido=sim -> cunha=sim
uf=SC,voto=sim,orientacao_partido=sim -> cunha=sim
uf=PB,orientacao_partido=sim -> cunha=sim
uf=PI,voto=sim,orientacao_partido=sim -> orientacao_gov=sim
uf=PB,voto=sim,orientacao_partido=sim -> cunha=sim
partido=pros,orientacao_partido=sim -> cunha=sim
uf=TO,voto=sim -> cunha=sim
uf=RR,orientacao_partido=sim -> cunha=sim
uf=BA,voto=sim,orientacao_partido=sim -> cunha=sim
uf=RN,orientacao_partido=sim -> cunha=sim
uf=BA,orientacao_partido=sim -> cunha=sim
partido=phs,voto=sim -> cunha=sim
voto=não,orientacao_partido=sim -> cunha=sim
uf=RJ,voto=sim,orientacao_partido=sim -> cunha=sim
uf=AL,orientacao_partido=sim -> cunha=sim
uf=AL,voto=sim,orientacao_partido=sim -> cunha=sim
uf=RN,voto=sim,orientacao_partido=sim -> cunha=sim
uf=RR,voto=sim,orientacao_partido=sim -> cunha=sim
uf=RJ,orientacao_partido=sim -> orientacao_gov=sim
uf=MA,orientacao_partido=sim -> cunha=sim
partido=pmdb,orientacao_gov=sim -> voto=sim
partido=ptb,orientacao_partido=sim -> voto=sim
uf=MG,voto=sim,orientacao_partido=sim -> cunha=sim
uf=CE,orientacao_partido=sim -> cunha=sim
uf=CE,voto=sim,orientacao_partido=sim -> cunha=sim
uf=MG,orientacao_partido=sim -> cunha=sim
uf=PR,orientacao_partido=sim -> cunha=sim
uf=RJ,orientacao_partido=sim,orientacao_gov=liberado -> cunha=sim
uf=RS,orientacao_partido=sim,orientacao_gov=sim -> voto=sim
partido=pp,orientacao_partido=sim,orientacao_gov=liberado -> voto=sim
uf=AL,orientacao_partido=sim -> orientacao_gov=sim
uf=MG,orientacao_partido=sim -> orientacao_gov=sim
uf=PR,voto=sim,orientacao_partido=sim -> cunha=sim
orientacao_partido=sim -> cunha=sim
partido=pt,uf=BA,orientacao_partido=sim -> cunha=sim
partido=pmdb,uf=SC,voto=sim -> cunha=sim
uf=RJ,voto=sim,orientacao_partido=sim -> orientacao_gov=sim
uf=MT,voto=sim,orientacao_partido=sim -> cunha=sim
voto=sim,orientacao_partido=sim -> cunha=sim
partido=pt,uf=SP,orientacao_partido=sim -> cunha=sim
uf=MG,voto=sim,orientacao_partido=sim -> orientacao_gov=sim
uf=MA,voto=sim,orientacao_partido=sim -> orientacao_gov=sim
uf=PI,orientacao_partido=sim -> cunha=sim
partido=pt,uf=SP,voto=sim,orientacao_partido=sim -> cunha=sim
uf=MT,orientacao_partido=sim -> cunha=sim
partido=pr,uf=RJ,voto=sim -> cunha=sim
uf=PA,orientacao_partido=sim -> cunha=sim
uf=AC,voto=sim,orientacao_partido=sim -> cunha=sim
partido=pt,orientacao_partido=sim -> cunha=sim
partido=ptb,orientacao_partido=sim,orientacao_gov=sim -> voto=sim
partido=pt,uf=BA,voto=sim,orientacao_partido=sim -> cunha=sim
partido=psd,orientacao_gov=sim -> voto=sim
partido=ptb,voto=sim -> cunha=sim
partido=pt,uf=RS,orientacao_partido=sim -> cunha=sim
uf=AC,orientacao_partido=sim -> cunha=sim
partido=pt,voto=sim,orientacao_partido=sim -> cunha=sim
voto=não,orientacao_gov=sim -> cunha=sim
uf=PA,voto=sim,orientacao_partido=sim -> cunha=sim
uf=PA,voto=sim,orientacao_partido=sim -> orientacao_gov=sim
uf=MA,orientacao_gov=sim -> voto=sim
uf=PI,orientacao_gov=sim -> voto=sim
partido=psd,voto=sim -> cunha=sim
partido=pt,uf=MG,orientacao_partido=sim -> cunha=sim
uf=MG,voto=sim,orientacao_partido=sim,orientacao_gov=liberado -> cunha=sim
voto=sim,orientacao_partido=sim,orientacao_gov=liberado -> cunha=sim
voto=sim,orientacao_partido=sim -> orientacao_gov=sim
uf=MS,voto=sim,orientacao_partido=sim -> cunha=sim
orientacao_partido=sim,orientacao_gov=liberado -> cunha=sim
partido=pt,uf=RS,voto=sim,orientacao_partido=sim -> cunha=sim
partido=pt,uf=SP,voto=sim -> cunha=sim
partido=pt,uf=MG,voto=sim,orientacao_partido=sim -> cunha=sim
uf=AM,voto=sim,orientacao_partido=sim -> cunha=sim
uf=AM,orientacao_partido=sim -> cunha=sim
uf=MA,voto=sim -> cunha=sim
uf=MG,orientacao_partido=sim,orientacao_gov=liberado -> cunha=sim
uf=RO,voto=sim -> cunha=sim
partido=ptn,voto=sim -> cunha=sim
partido=pmdb,voto=sim,orientacao_gov=liberado -> cunha=sim
uf=BA,orientacao_gov=sim -> voto=sim
partido=pmdb,uf=RJ,orientacao_gov=sim -> voto=sim
partido=pros,voto=sim -> cunha=sim
uf=PI,voto=sim -> cunha=sim
uf=AC,orientacao_gov=sim -> voto=sim
uf=DF,voto=sim,orientacao_partido=sim -> cunha=sim
uf=DF,orientacao_partido=sim -> cunha=sim
partido=pp,orientacao_partido=sim -> voto=sim
uf=AP,voto=sim -> cunha=sim
uf=PB,voto=sim -> cunha=sim
uf=CE,orientacao_gov=sim -> voto=sim
partido=pp,voto=sim,orientacao_gov=liberado -> cunha=sim
uf=MS,orientacao_partido=sim -> cunha=sim
uf=RR,voto=sim -> cunha=sim
uf=SP,orientacao_partido=sim -> cunha=sim
uf=SP,voto=sim,orientacao_partido=sim -> cunha=sim
partido=pdt,voto=sim,orientacao_partido=sim -> cunha=sim
partido=pdt,orientacao_gov=sim -> voto=sim
partido=pdt,orientacao_partido=sim -> cunha=sim
partido=pt,voto=sim -> cunha=sim
uf=PE,orientacao_partido=sim -> cunha=sim
partido=pt,uf=BA,voto=sim -> cunha=sim
uf=AC,voto=sim -> cunha=sim
uf=AL,voto=sim -> cunha=sim
partido=pp,voto=sim -> cunha=sim
uf=SP,voto=sim,orientacao_partido=sim,orientacao_gov=liberado -> cunha=sim
partido=pt,uf=RS,voto=sim -> cunha=sim
uf=PB,orientacao_gov=sim -> voto=sim
uf=ES,orientacao_partido=sim -> cunha=sim
uf=GO,orientacao_partido=sim -> cunha=sim
uf=BA,voto=sim -> cunha=sim
uf=PE,voto=sim,orientacao_partido=sim -> cunha=sim
uf=CE,voto=sim -> cunha=sim
voto=não,orientacao_partido=sim,orientacao_gov=liberado -> cunha=sim
partido=ptb,orientacao_gov=sim -> voto=sim
uf=GO,voto=sim,orientacao_partido=sim -> cunha=sim
uf=ES,voto=sim,orientacao_partido=sim -> cunha=sim
uf=SE,voto=sim -> cunha=sim
uf=SP,orientacao_partido=sim,orientacao_gov=liberado -> cunha=sim
uf=AL,orientacao_gov=sim -> voto=sim
uf=MS,voto=sim -> cunha=sim
uf=RJ,voto=sim,orientacao_gov=liberado -> cunha=sim
uf=PA,voto=sim -> cunha=sim
uf=RJ,voto=sim -> cunha=sim
uf=MG,voto=sim -> cunha=sim
uf=PA,orientacao_gov=sim -> voto=sim
uf=MT,voto=sim -> cunha=sim
voto=sim -> cunha=sim
uf=AM,voto=sim -> cunha=sim
uf=RN,voto=sim -> cunha=sim
orientacao_partido=liberado,orientacao_gov=sim -> cunha=sim
uf=MG,orientacao_gov=sim -> voto=sim
uf=PR,voto=sim -> cunha=sim
partido=pcdob,orientacao_partido=sim -> cunha=sim
partido=pcdob,voto=sim,orientacao_partido=sim -> cunha=sim
partido=pt,uf=MG,voto=sim -> cunha=sim
partido=pdt,voto=sim -> cunha=sim
orientacao_gov=sim -> voto=sim
uf=SP,voto=sim,orientacao_gov=liberado -> cunha=sim
uf=MG,voto=sim,orientacao_gov=liberado -> cunha=sim
voto=sim,orientacao_gov=liberado -> cunha=sim
uf=ES,orientacao_gov=sim -> voto=sim
uf=RJ,orientacao_gov=sim -> voto=sim
uf=SC,voto=sim -> cunha=sim
uf=MT,orientacao_gov=sim -> voto=sim
partido=pcdob,voto=sim -> cunha=sim
uf=SP,voto=sim -> cunha=sim
uf=DF,voto=sim -> cunha=sim
partido=pp,orientacao_gov=sim -> voto=sim
uf=GO,voto=sim -> cunha=sim
uf=PR,orientacao_gov=sim -> voto=sim
uf=RS,voto=sim -> cunha=sim
uf=ES,voto=sim -> cunha=sim
uf=RS,orientacao_gov=sim -> voto=sim
uf=SC,orientacao_gov=sim -> voto=sim
uf=PE,voto=sim -> cunha=sim
uf=SP,orientacao_gov=sim -> voto=sim
partido=psdb,voto=sim,orientacao_gov=liberado -> cunha=sim
uf=DF,orientacao_gov=sim -> voto=sim
partido=psc,voto=sim -> cunha=sim
uf=PE,orientacao_gov=sim -> voto=sim
partido=solidaried,voto=sim,orientacao_partido=sim -> cunha=sim
partido=psc,orientacao_partido=sim -> voto=sim
partido=dem,voto=sim,orientacao_partido=sim -> cunha=sim
partido=solidaried,orientacao_partido=sim -> cunha=sim
partido=psdb,voto=sim,orientacao_partido=sim,orientacao_gov=liberado -> cunha=sim
partido=pv,voto=sim -> cunha=sim
partido=dem,orientacao_partido=sim -> cunha=sim
partido=dem,voto=sim -> cunha=sim
partido=solidaried,voto=sim -> cunha=sim
partido=psdb,orientacao_partido=sim,orientacao_gov=liberado -> cunha=sim
uf=GO,orientacao_gov=sim -> voto=sim
partido=psb,voto=sim,orientacao_partido=sim -> cunha=sim
partido=psb,voto=sim -> cunha=sim
partido=psb,orientacao_partido=sim -> cunha=sim
partido=pr,orientacao_gov=liberado -> cunha=sim
partido=pmdb,orientacao_gov=liberado -> cunha=sim
partido=pp,orientacao_gov=liberado -> cunha=sim
uf=RJ,orientacao_gov=liberado -> cunha=sim
uf=PR,orientacao_gov=liberado -> cunha=sim
uf=BA,orientacao_gov=liberado -> cunha=sim
partido=psd,orientacao_gov=liberado -> cunha=sim
orientacao_gov=liberado -> cunha=sim
uf=SP,orientacao_gov=liberado -> cunha=sim
partido=psb,orientacao_gov=liberado -> cunha=sim
uf=MG,orientacao_gov=liberado -> cunha=sim
uf=RS,orientacao_gov=liberado -> cunha=sim
partido=pt,orientacao_gov=liberado -> cunha=sim
partido=psdb,orientacao_gov=liberado -> cunha=sim
partido=psdb,orientacao_partido=sim -> cunha=sim
partido=psdb,uf=SP,voto=sim,orientacao_partido=sim -> cunha=sim
partido=psdb,uf=SP,orientacao_partido=sim -> cunha=sim
partido=psdb,voto=sim,orientacao_partido=sim -> cunha=sim
partido=psc,orientacao_gov=sim -> voto=sim
partido=psb,orientacao_gov=sim -> voto=sim
