partido=psol,orientacao_partido=sim -> voto=sim
partido=pt,uf=SP,orientacao_partido=sim,orientacao_gov=sim -> voto=sim
partido=pt,orientacao_partido=sim,cunha=não -> voto=sim
partido=pt,uf=SP,orientacao_partido=sim,orientacao_gov=sim,cunha=sim -> voto=sim
partido=pcdob,orientacao_partido=sim,orientacao_gov=sim -> voto=sim
partido=psdb,orientacao_partido=sim,orientacao_gov=não,cunha=não -> voto=sim
partido=pcdob,orientacao_partido=sim,orientacao_gov=sim,cunha=sim -> voto=sim
partido=pcdob,orientacao_partido=sim -> voto=sim
partido=pcdob,orientacao_partido=sim,cunha=sim -> voto=sim
partido=pt,uf=SP,orientacao_partido=sim -> voto=sim
partido=pt,uf=SP,orientacao_partido=sim,cunha=sim -> voto=sim
partido=psdb,orientacao_partido=sim,orientacao_gov=não -> voto=sim
partido=psdb,uf=MG,orientacao_partido=sim -> voto=sim
partido=psdb,orientacao_partido=sim,cunha=não -> voto=sim
partido=pt,orientacao_partido=sim,orientacao_gov=sim -> voto=sim
partido=dem,orientacao_partido=sim,orientacao_gov=sim,cunha=sim -> voto=sim
partido=prb,uf=SP,orientacao_partido=sim,cunha=sim -> voto=sim
partido=pt,orientacao_partido=sim,orientacao_gov=sim,cunha=sim -> voto=sim
partido=prb,uf=SP,orientacao_partido=sim,orientacao_gov=sim -> voto=sim
partido=pt,orientacao_partido=sim -> voto=sim
partido=prb,uf=SP,orientacao_partido=sim -> voto=sim
uf=PB,orientacao_partido=sim,orientacao_gov=sim,cunha=sim -> voto=sim
uf=PB,orientacao_partido=sim,orientacao_gov=sim -> voto=sim
uf=AC,orientacao_partido=sim,cunha=sim -> voto=sim
partido=dem,orientacao_partido=sim,orientacao_gov=sim -> voto=sim
partido=pps,orientacao_partido=sim -> voto=sim
partido=pt,orientacao_partido=sim,cunha=sim -> voto=sim
uf=AC,orientacao_partido=sim -> voto=sim
partido=pt,uf=BA,orientacao_partido=sim -> voto=sim
partido=pt,uf=RS,orientacao_partido=sim,orientacao_gov=sim -> voto=sim
partido=psdb,orientacao_partido=sim -> voto=sim
partido=dem,orientacao_partido=sim,cunha=sim -> voto=sim
partido=pt,uf=RS,orientacao_partido=sim -> voto=sim
partido=pps,orientacao_partido=sim,cunha=sim -> voto=sim
partido=psdb,orientacao_partido=sim,orientacao_gov=sim,cunha=sim -> voto=sim
partido=prb,orientacao_partido=sim,cunha=sim -> voto=sim
partido=psdb,uf=SP,orientacao_partido=sim,cunha=sim -> voto=sim
partido=pt,uf=SP,orientacao_gov=sim,cunha=sim -> voto=sim
uf=SP,orientacao_partido=sim,orientacao_gov=não -> voto=sim
uf=MA,orientacao_partido=sim,orientacao_gov=sim,cunha=sim -> voto=sim
partido=psdb,uf=SP,orientacao_partido=sim -> voto=sim
partido=pt,uf=RS,orientacao_partido=sim,orientacao_gov=sim,cunha=sim -> voto=sim
partido=pt,uf=BA,orientacao_partido=sim,cunha=sim -> voto=sim
partido=prb,orientacao_partido=sim -> voto=sim
partido=pt,uf=SP,orientacao_gov=sim -> voto=sim
uf=PI,orientacao_partido=sim,orientacao_gov=sim -> voto=sim
uf=PI,orientacao_partido=sim,orientacao_gov=sim,cunha=sim -> voto=sim
partido=psdb,orientacao_partido=sim,cunha=sim -> voto=sim
partido=psdb,orientacao_partido=sim,orientacao_gov=sim -> voto=sim
uf=MA,orientacao_partido=sim,orientacao_gov=sim -> voto=sim
uf=MS,orientacao_partido=sim,cunha=sim -> voto=sim
uf=PB,orientacao_partido=sim -> voto=sim
uf=PB,orientacao_partido=sim,cunha=sim -> voto=sim
partido=prb,orientacao_partido=sim,orientacao_gov=sim -> voto=sim
uf=SP,orientacao_partido=sim,orientacao_gov=não,cunha=não -> voto=sim
partido=psdb,uf=GO,orientacao_partido=sim -> voto=sim
partido=solidaried,orientacao_partido=sim,orientacao_gov=sim,cunha=sim -> voto=sim
partido=solidaried,orientacao_partido=sim,orientacao_gov=sim -> voto=sim
partido=prb,orientacao_partido=sim,orientacao_gov=sim,cunha=sim -> voto=sim
partido=pr,uf=SP,orientacao_partido=sim,cunha=sim -> voto=sim
partido=pmdb,uf=MG,cunha=sim -> voto=sim
partido=pt,uf=RS,orientacao_partido=sim,cunha=sim -> voto=sim
partido=pdt,orientacao_partido=sim,orientacao_gov=sim,cunha=sim -> voto=sim
uf=BA,orientacao_partido=sim,orientacao_gov=sim -> voto=sim
uf=MA,orientacao_partido=sim,cunha=sim -> voto=sim
partido=dem,orientacao_partido=sim -> voto=sim
partido=pr,orientacao_partido=sim,orientacao_gov=sim,cunha=sim -> voto=sim
uf=TO,orientacao_partido=sim,cunha=sim -> voto=sim
uf=BA,orientacao_partido=sim,orientacao_gov=sim,cunha=sim -> voto=sim
uf=CE,orientacao_partido=sim,orientacao_gov=sim,cunha=sim -> voto=sim
uf=SP,orientacao_partido=sim,cunha=não -> voto=sim
partido=pt,orientacao_gov=sim -> voto=sim
partido=pr,orientacao_partido=sim,orientacao_gov=sim -> voto=sim
uf=ES,orientacao_partido=sim,orientacao_gov=sim,cunha=sim -> voto=sim
uf=GO,orientacao_partido=sim -> voto=sim
orientacao_partido=sim,orientacao_gov=não,cunha=não -> voto=sim
uf=ES,orientacao_partido=sim,orientacao_gov=sim -> voto=sim
partido=pt,orientacao_gov=sim,cunha=sim -> voto=sim
uf=CE,orientacao_partido=sim,orientacao_gov=sim -> voto=sim
uf=PE,orientacao_partido=sim,orientacao_gov=sim,cunha=sim -> voto=sim
partido=pr,orientacao_partido=sim,cunha=sim -> voto=sim
partido=pdt,orientacao_partido=sim,orientacao_gov=sim -> voto=sim
uf=PA,orientacao_partido=sim,orientacao_gov=sim -> voto=sim
partido=pr,uf=SP,orientacao_partido=sim -> voto=sim
uf=RR,orientacao_partido=sim -> voto=sim
partido=pt,uf=BA,orientacao_gov=sim -> voto=sim
uf=PA,orientacao_partido=sim,orientacao_gov=sim,cunha=sim -> voto=sim
uf=GO,orientacao_partido=sim,cunha=sim -> voto=sim
uf=GO,orientacao_partido=sim,orientacao_gov=sim,cunha=sim -> voto=sim
uf=PE,orientacao_partido=sim,orientacao_gov=sim -> voto=sim
uf=RO,orientacao_partido=sim,cunha=sim -> voto=sim
uf=MA,orientacao_partido=sim -> voto=sim
uf=PI,orientacao_partido=sim,cunha=sim -> voto=sim
partido=pdt,orientacao_partido=sim,cunha=sim -> voto=sim
uf=RO,orientacao_partido=sim -> voto=sim
partido=prb,uf=SP,orientacao_gov=sim,cunha=sim -> voto=sim
uf=CE,orientacao_partido=sim -> voto=sim
uf=PA,orientacao_partido=sim -> voto=sim
uf=BA,orientacao_partido=sim,cunha=sim -> voto=sim
uf=CE,orientacao_partido=sim,cunha=sim -> voto=sim
partido=psb,orientacao_partido=sim,orientacao_gov=sim,cunha=sim -> voto=sim
partido=dem,orientacao_partido=sim,orientacao_gov=não -> voto=sim
uf=AM,orientacao_partido=sim,cunha=sim -> voto=sim
uf=BA,orientacao_partido=sim -> voto=sim
uf=RR,orientacao_partido=sim,cunha=sim -> voto=sim
uf=RJ,orientacao_partido=sim,cunha=não -> voto=sim
partido=pt,orientacao_partido=sim,orientacao_gov=liberado -> voto=sim
uf=GO,orientacao_partido=sim,orientacao_gov=sim -> voto=sim
partido=pt,uf=MG,orientacao_partido=sim,orientacao_gov=sim -> voto=sim
uf=MS,orientacao_partido=sim -> voto=sim
orientacao_partido=sim,cunha=não -> voto=sim
partido=pdt,orientacao_partido=sim -> voto=sim
uf=AM,orientacao_partido=sim -> voto=sim
orientacao_partido=sim,orientacao_gov=não -> voto=sim
uf=SP,orientacao_partido=sim -> voto=sim
uf=SP,orientacao_partido=sim,cunha=sim -> voto=sim
partido=psb,uf=PE,orientacao_partido=sim -> voto=sim
partido=solidaried,orientacao_partido=sim,cunha=sim -> voto=sim
partido=pr,orientacao_partido=sim -> voto=sim
uf=SP,orientacao_partido=sim,orientacao_gov=liberado,cunha=sim -> voto=sim
partido=pt,uf=MG,orientacao_partido=sim -> voto=sim
uf=ES,orientacao_partido=sim -> voto=sim
partido=pt,uf=RS,orientacao_gov=sim -> voto=sim
uf=AL,orientacao_partido=sim -> voto=sim
uf=AL,orientacao_partido=sim,cunha=sim -> voto=sim
partido=psd,uf=BA,orientacao_partido=sim -> voto=sim
partido=pt,uf=RS,orientacao_gov=sim,cunha=sim -> voto=sim
uf=PA,orientacao_partido=sim,cunha=sim -> voto=sim
partido=psdb,orientacao_partido=sim,orientacao_gov=liberado,cunha=sim -> voto=sim
uf=MG,orientacao_partido=sim,orientacao_gov=não -> voto=sim
partido=psb,orientacao_partido=sim,orientacao_gov=sim -> voto=sim
uf=ES,orientacao_partido=sim,cunha=sim -> voto=sim
partido=pt,uf=MG,orientacao_partido=sim,cunha=sim -> voto=sim
uf=TO,orientacao_partido=sim -> voto=sim
uf=SP,orientacao_partido=sim,orientacao_gov=sim,cunha=sim -> voto=sim
partido=pr,orientacao_gov=sim,cunha=sim -> voto=sim
partido=phs,orientacao_partido=sim -> voto=sim
uf=SP,orientacao_partido=sim,orientacao_gov=sim -> voto=sim
partido=solidaried,orientacao_partido=sim -> voto=sim
orientacao_partido=sim,orientacao_gov=sim,cunha=sim -> voto=sim
orientacao_partido=sim,orientacao_gov=sim -> voto=sim
uf=PE,orientacao_partido=sim -> voto=sim
orientacao_partido=sim -> voto=sim
partido=psd,orientacao_partido=sim,cunha=sim -> voto=sim
uf=SP,orientacao_partido=sim,orientacao_gov=liberado -> voto=sim
uf=RN,orientacao_partido=sim -> voto=sim
partido=prb,orientacao_gov=sim,cunha=sim -> voto=sim
uf=SE,orientacao_partido=sim -> voto=sim
orientacao_partido=sim,cunha=sim -> voto=sim
uf=RJ,orientacao_partido=sim,orientacao_gov=não -> voto=sim
partido=psd,orientacao_partido=sim,orientacao_gov=sim -> voto=sim
partido=psb,orientacao_partido=sim,cunha=sim -> voto=sim
orientacao_partido=sim,orientacao_gov=não,cunha=sim -> voto=sim
partido=dem,orientacao_partido=sim,cunha=não -> voto=sim
partido=psd,orientacao_partido=sim,orientacao_gov=sim,cunha=sim -> voto=sim
partido=pr,orientacao_partido=sim,orientacao_gov=liberado -> voto=sim
uf=MG,orientacao_partido=sim,cunha=sim -> voto=sim
uf=RN,orientacao_partido=sim,cunha=sim -> voto=sim
orientacao_partido=sim,orientacao_gov=sim,cunha=não -> voto=sim
uf=AP,orientacao_partido=sim,cunha=sim -> voto=sim
partido=pr,uf=SP,cunha=sim -> voto=sim
partido=pros,orientacao_partido=sim,orientacao_gov=sim,cunha=sim -> voto=sim
uf=PI,orientacao_partido=sim -> voto=sim
partido=pmdb,orientacao_partido=sim,orientacao_gov=sim -> voto=sim
partido=pmdb,orientacao_partido=sim,orientacao_gov=sim,cunha=sim -> voto=sim
uf=PR,orientacao_partido=sim,orientacao_gov=sim,cunha=sim -> voto=sim
uf=MG,orientacao_partido=sim -> voto=sim
uf=PR,orientacao_partido=sim,orientacao_gov=sim -> voto=sim
uf=DF,orientacao_partido=sim,cunha=sim -> voto=sim
partido=psdb,orientacao_partido=sim,orientacao_gov=liberado -> voto=sim
uf=DF,orientacao_partido=sim -> voto=sim
uf=AP,orientacao_partido=sim -> voto=sim
uf=PE,orientacao_partido=sim,cunha=sim -> voto=sim
partido=psb,orientacao_partido=sim,orientacao_gov=não,cunha=não -> voto=sim
partido=psd,orientacao_partido=sim -> voto=sim
partido=pros,orientacao_partido=sim,orientacao_gov=sim -> voto=sim
uf=SE,orientacao_partido=sim,cunha=sim -> voto=sim
uf=MG,orientacao_partido=sim,orientacao_gov=liberado,cunha=sim -> voto=sim
uf=PR,orientacao_partido=sim -> voto=sim
partido=pmdb,orientacao_gov=sim,cunha=sim -> voto=sim
uf=MG,orientacao_partido=sim,orientacao_gov=sim -> voto=sim
uf=MG,orientacao_partido=sim,orientacao_gov=sim,cunha=sim -> voto=sim
partido=solidaried,orientacao_partido=sim,orientacao_gov=não -> voto=sim
uf=TO,orientacao_gov=sim,cunha=sim -> voto=sim
partido=psb,orientacao_partido=sim -> voto=sim
partido=pmdb,orientacao_partido=sim -> voto=sim
partido=pmdb,orientacao_partido=sim,cunha=sim -> voto=sim
partido=pr,uf=RJ,orientacao_partido=sim -> voto=sim
partido=psb,orientacao_partido=sim,orientacao_gov=não -> voto=sim
uf=PR,orientacao_partido=sim,cunha=sim -> voto=sim
orientacao_partido=sim,cunha=liberado -> voto=sim
partido=pr,cunha=sim -> voto=sim
partido=pmdb,cunha=sim -> voto=sim
uf=MG,orientacao_partido=sim,orientacao_gov=liberado -> voto=sim
partido=phs,cunha=sim -> voto=sim
uf=MG,orientacao_partido=sim,cunha=não -> voto=sim
partido=pt,uf=MG,orientacao_gov=sim -> voto=sim
uf=TO,cunha=sim -> voto=sim
uf=BA,orientacao_partido=sim,orientacao_gov=liberado -> voto=sim
partido=pros,orientacao_gov=sim,cunha=sim -> voto=sim
uf=MT,orientacao_partido=sim,cunha=sim -> voto=sim
partido=ptn,orientacao_partido=sim -> voto=sim
partido=pmdb,orientacao_partido=sim,orientacao_gov=liberado -> voto=sim
partido=pmdb,orientacao_partido=sim,orientacao_gov=liberado,cunha=sim -> voto=sim
orientacao_partido=sim,orientacao_gov=liberado,cunha=sim -> voto=sim
partido=psb,orientacao_partido=sim,cunha=não -> voto=sim
uf=MT,orientacao_partido=sim -> voto=sim
orientacao_partido=sim,orientacao_gov=liberado -> voto=sim
partido=pv,orientacao_partido=sim -> voto=sim
partido=prb,uf=SP,orientacao_gov=sim -> voto=sim
partido=pros,orientacao_partido=sim,cunha=sim -> voto=sim
orientacao_partido=sim,orientacao_gov=liberado,cunha=não -> voto=sim
partido=prb,uf=SP,cunha=sim -> voto=sim
uf=SC,orientacao_partido=sim -> voto=sim
partido=pmdb,uf=SC,cunha=sim -> voto=sim
uf=RJ,orientacao_partido=sim,orientacao_gov=liberado -> voto=sim
uf=RJ,orientacao_partido=sim -> voto=sim
partido=pr,orientacao_gov=sim -> voto=sim
partido=pmdb,orientacao_partido=sim,orientacao_gov=não -> voto=sim
partido=pmdb,orientacao_gov=não,cunha=sim -> voto=sim
partido=pmdb,orientacao_partido=sim,orientacao_gov=não,cunha=sim -> voto=sim
partido=pros,orientacao_gov=sim -> voto=sim
uf=RJ,orientacao_partido=sim,cunha=sim -> voto=sim
partido=pmdb,orientacao_gov=liberado,cunha=sim -> voto=sim
partido=psd,orientacao_gov=sim,cunha=sim -> voto=sim
orientacao_partido=sim,orientacao_gov=liberado,cunha=liberado -> voto=sim
uf=SC,orientacao_partido=sim,cunha=sim -> voto=sim
partido=pmdb,uf=RJ,orientacao_gov=sim,cunha=sim -> voto=sim
partido=prb,cunha=sim -> voto=sim
partido=prb,orientacao_gov=sim -> voto=sim
uf=RJ,orientacao_partido=sim,orientacao_gov=sim -> voto=sim
partido=psd,cunha=sim -> voto=sim
partido=pcdob,orientacao_gov=sim -> voto=sim
uf=RJ,orientacao_partido=sim,orientacao_gov=sim,cunha=sim -> voto=sim
partido=pr,uf=RJ,cunha=sim -> voto=sim
partido=pp,orientacao_gov=liberado,cunha=sim -> voto=sim
partido=pros,orientacao_partido=sim -> voto=sim
uf=SC,orientacao_partido=sim,orientacao_gov=sim -> voto=sim
uf=SC,orientacao_partido=sim,orientacao_gov=sim,cunha=sim -> voto=sim
partido=pmdb,uf=RJ,cunha=sim -> voto=sim
partido=pp,orientacao_partido=sim,orientacao_gov=liberado,cunha=sim -> voto=sim
partido=pcdob,orientacao_gov=sim,cunha=sim -> voto=sim
uf=MA,orientacao_gov=sim,cunha=sim -> voto=sim
uf=PI,orientacao_gov=sim,cunha=sim -> voto=sim
uf=RS,orientacao_partido=sim -> voto=sim
uf=TO,orientacao_gov=sim -> voto=sim
partido=ptn,cunha=sim -> voto=sim
partido=ptb,cunha=sim -> voto=sim
partido=ptb,orientacao_partido=sim,cunha=sim -> voto=sim
partido=pmdb,orientacao_gov=sim -> voto=sim
partido=ptb,orientacao_partido=sim -> voto=sim
partido=pmdb,uf=RJ,orientacao_partido=sim -> voto=sim
partido=pmdb,uf=RJ,orientacao_partido=sim,cunha=sim -> voto=sim
uf=RS,orientacao_partido=sim,cunha=sim -> voto=sim
uf=RS,orientacao_partido=sim,orientacao_gov=sim -> voto=sim
partido=pp,orientacao_partido=sim,orientacao_gov=liberado -> voto=sim
partido=ptb,orientacao_gov=sim,cunha=sim -> voto=sim
uf=AC,orientacao_gov=sim,cunha=sim -> voto=sim
uf=BA,orientacao_gov=sim,cunha=sim -> voto=sim
uf=RS,orientacao_partido=sim,orientacao_gov=sim,cunha=sim -> voto=sim
uf=RO,cunha=sim -> voto=sim
partido=ptb,orientacao_partido=sim,orientacao_gov=sim,cunha=sim -> voto=sim
partido=ptb,orientacao_partido=sim,orientacao_gov=sim -> voto=sim
partido=psd,orientacao_gov=sim -> voto=sim
uf=CE,orientacao_gov=sim,cunha=sim -> voto=sim
uf=MA,cunha=sim -> voto=sim
partido=pros,cunha=sim -> voto=sim
partido=pp,cunha=sim -> voto=sim
uf=MA,orientacao_gov=sim -> voto=sim
uf=PI,orientacao_gov=sim -> voto=sim
uf=PB,orientacao_gov=sim,cunha=sim -> voto=sim
uf=PB,cunha=sim -> voto=sim
uf=PI,cunha=sim -> voto=sim
uf=AP,cunha=sim -> voto=sim
uf=RR,cunha=sim -> voto=sim
partido=pp,orientacao_partido=sim,cunha=sim -> voto=sim
uf=BA,orientacao_gov=sim -> voto=sim
partido=pmdb,uf=RJ,orientacao_gov=sim -> voto=sim
uf=AL,orientacao_gov=sim,cunha=sim -> voto=sim
partido=pdt,orientacao_gov=sim,cunha=sim -> voto=sim
uf=AC,orientacao_gov=sim -> voto=sim
partido=pp,orientacao_partido=sim -> voto=sim
uf=PA,orientacao_gov=sim,cunha=sim -> voto=sim
uf=CE,orientacao_gov=sim -> voto=sim
uf=SE,cunha=sim -> voto=sim
partido=pdt,orientacao_gov=sim -> voto=sim
partido=pp,orientacao_gov=sim,cunha=sim -> voto=sim
uf=RN,cunha=sim -> voto=sim
uf=MG,orientacao_gov=sim,cunha=sim -> voto=sim
uf=BA,cunha=sim -> voto=sim
uf=PB,orientacao_gov=sim -> voto=sim
orientacao_gov=sim,cunha=sim -> voto=sim
uf=CE,cunha=sim -> voto=sim
partido=ptb,orientacao_gov=sim -> voto=sim
uf=RJ,orientacao_gov=sim,cunha=sim -> voto=sim
uf=MG,cunha=sim -> voto=sim
uf=AL,orientacao_gov=sim -> voto=sim
uf=MS,cunha=sim -> voto=sim
uf=ES,orientacao_gov=sim,cunha=sim -> voto=sim
uf=AL,cunha=sim -> voto=sim
uf=AC,cunha=sim -> voto=sim
uf=MT,cunha=sim -> voto=sim
uf=AM,cunha=sim -> voto=sim
partido=pp,orientacao_partido=sim,orientacao_gov=sim -> voto=sim
partido=pp,orientacao_partido=sim,orientacao_gov=sim,cunha=sim -> voto=sim
uf=PR,orientacao_gov=sim,cunha=sim -> voto=sim
uf=PA,cunha=sim -> voto=sim
partido=pt,uf=SP,cunha=sim -> voto=sim
uf=PA,orientacao_gov=sim -> voto=sim
uf=SC,orientacao_gov=sim,cunha=sim -> voto=sim
cunha=sim -> voto=sim
uf=MG,orientacao_gov=sim -> voto=sim
uf=SC,cunha=sim -> voto=sim
uf=RJ,cunha=sim -> voto=sim
partido=pdt,cunha=sim -> voto=sim
orientacao_gov=sim -> voto=sim
uf=PR,cunha=sim -> voto=sim
uf=RS,orientacao_gov=sim,cunha=sim -> voto=sim
uf=ES,orientacao_gov=sim -> voto=sim
uf=RJ,orientacao_gov=sim -> voto=sim
partido=pt,cunha=sim -> voto=sim
uf=SP,orientacao_gov=sim,cunha=sim -> voto=sim
uf=MT,orientacao_gov=sim -> voto=sim
uf=GO,cunha=sim -> voto=sim
partido=pp,orientacao_gov=sim -> voto=sim
uf=DF,cunha=sim -> voto=sim
uf=PR,orientacao_gov=sim -> voto=sim
uf=SP,cunha=sim -> voto=sim
partido=pt,uf=BA,cunha=sim -> voto=sim
uf=ES,cunha=sim -> voto=sim
uf=PE,orientacao_gov=sim,cunha=sim -> voto=sim
uf=RS,orientacao_gov=sim -> voto=sim
uf=SC,orientacao_gov=sim -> voto=sim
uf=MG,orientacao_gov=liberado,cunha=sim -> voto=sim
partido=pt,uf=RS,cunha=sim -> voto=sim
uf=PE,cunha=sim -> voto=sim
partido=psc,cunha=sim -> voto=sim
uf=RS,cunha=sim -> voto=sim
uf=SP,orientacao_gov=sim -> voto=sim
partido=pt,uf=MG,cunha=sim -> voto=sim
uf=DF,orientacao_gov=sim -> voto=sim
partido=pv,cunha=sim -> voto=sim
uf=GO,orientacao_gov=sim,cunha=sim -> voto=sim
partido=psdb,orientacao_gov=não -> voto=sim
uf=PE,orientacao_gov=sim -> voto=sim
orientacao_gov=liberado,cunha=sim -> voto=sim
partido=pmdb,orientacao_gov=liberado -> voto=sim
partido=psc,orientacao_partido=sim,cunha=sim -> voto=sim
partido=pp,orientacao_gov=liberado -> voto=sim
orientacao_gov=não,cunha=sim -> voto=sim
partido=psc,orientacao_partido=sim -> voto=sim
partido=psdb,uf=SP,orientacao_gov=não -> voto=sim
partido=psdb,orientacao_gov=liberado,cunha=sim -> voto=sim
uf=RJ,orientacao_gov=liberado,cunha=sim -> voto=sim
partido=pcdob,cunha=sim -> voto=sim
partido=solidaried,cunha=sim -> voto=sim
partido=psd,orientacao_gov=liberado -> voto=sim
partido=solidaried,orientacao_gov=não -> voto=sim
uf=SP,orientacao_gov=liberado,cunha=sim -> voto=sim
uf=GO,orientacao_gov=sim -> voto=sim
partido=psc,orientacao_gov=sim,cunha=sim -> voto=sim
partido=dem,cunha=sim -> voto=sim
partido=psb,cunha=sim -> voto=sim
partido=psd,uf=BA -> voto=sim
partido=psb,orientacao_gov=sim,cunha=sim -> voto=sim
partido=psdb,orientacao_gov=não,cunha=não -> voto=sim
partido=pmdb,cunha=liberado -> voto=sim
partido=dem,orientacao_gov=não -> voto=sim
partido=pr,orientacao_gov=liberado -> voto=sim
partido=pmdb,uf=MG -> voto=sim
uf=TO -> voto=sim
