orientacao_gov=obstrução -> cunha=obstrução
cunha=obstrução -> orientacao_gov=obstrução
partido=psdb,orientacao_partido=obstrução -> voto=obstrução
orientacao_partido=obstrução,orientacao_gov=não -> voto=obstrução
orientacao_partido=obstrução,orientacao_gov=não,cunha=não -> voto=obstrução
voto=obstrução,orientacao_gov=não,cunha=não -> orientacao_partido=obstrução
voto=obstrução,orientacao_gov=não -> orientacao_partido=obstrução
orientacao_partido=obstrução,cunha=não -> voto=obstrução
partido=pt,voto=obstrução -> orientacao_partido=obstrução
voto=obstrução,cunha=não -> orientacao_partido=obstrução
partido=pt,orientacao_partido=obstrução -> voto=obstrução
partido=psdb,voto=obstrução -> orientacao_partido=obstrução
voto=obstrução -> orientacao_partido=obstrução
orientacao_partido=obstrução -> voto=obstrução
partido=pmdb,cunha=liberado -> orientacao_partido=liberado
descr=URGÊNCIA PARA APRECIAÇÃO DO PDC Nº 1.408/2013_REQ_2027_2015 -> cunha=liberado
orientacao_gov=não,descr=URGÊNCIA PARA APRECIAÇÃO DO PDC Nº 1.408/2013_REQ_2027_2015 -> cunha=liberado
partido=pmdb,orientacao_partido=liberado -> cunha=liberado
descr=INVERSÃO DE PAUTA_PEC_471_2005 -> orientacao_gov=não
descr=REQ. DE VOTAÇÃO NOMINAL DO REQUERIMENTO DE RETIRADA DE PAUTA_MPV_698_2015 -> orientacao_gov=não
descr=URGÊNCIA PARA APRECIAÇÃO DO PDC Nº 1.408/2013_REQ_2027_2015 -> orientacao_gov=não
descr=REQUERIMENTO DE RETIRADA DE PAUTA_PL_2960_2015 -> orientacao_gov=não
cunha=sim,descr=INVERSÃO DE PAUTA_PEC_471_2005 -> orientacao_gov=não
cunha=não,descr=REQ. DE VOTAÇÃO NOMINAL DO REQUERIMENTO DE RETIRADA DE PAUTA_MPV_698_2015 -> orientacao_gov=não
cunha=liberado,descr=URGÊNCIA PARA APRECIAÇÃO DO PDC Nº 1.408/2013_REQ_2027_2015 -> orientacao_gov=não
cunha=não,descr=REQUERIMENTO DE RETIRADA DE PAUTA_PL_2960_2015 -> orientacao_gov=não
partido=pt,voto=não,orientacao_partido=não,cunha=não -> orientacao_gov=não
partido=pt,voto=não,cunha=não -> orientacao_gov=não
partido=dem,orientacao_partido=sim,cunha=não -> orientacao_gov=não
partido=pt,orientacao_partido=não,cunha=não -> orientacao_gov=não
partido=pp,voto=sim,orientacao_partido=não,cunha=não -> orientacao_gov=não
partido=psdb,voto=sim,orientacao_partido=sim,cunha=não -> orientacao_gov=não
partido=pr,orientacao_gov=não,cunha=não -> orientacao_partido=não
partido=pp,voto=sim,orientacao_gov=não,cunha=não -> orientacao_partido=não
descr=DVS - BLOCO PRB - INC. VI. §4º. ART 18 DA SUBEMENDA SUBST. DE PLENÁRIO_PL_7699_2006 -> cunha=não
descr=REQ. DE VOTAÇÃO NOMINAL DO REQUERIMENTO DE RETIRADA DE PAUTA_MPV_698_2015 -> cunha=não
descr=REQUERIMENTO DE RETIRADA DE PAUTA_PL_2960_2015 -> cunha=não
descr=REQUERIMENTO DE RETIRADA DE PAUTA_PEC_171_1993 -> cunha=não
orientacao_gov=sim,descr=DVS - BLOCO PRB - INC. VI. §4º. ART 18 DA SUBEMENDA SUBST. DE PLENÁRIO_PL_7699_2006 -> cunha=não
orientacao_gov=não,descr=REQ. DE VOTAÇÃO NOMINAL DO REQUERIMENTO DE RETIRADA DE PAUTA_MPV_698_2015 -> cunha=não
orientacao_gov=não,descr=REQUERIMENTO DE RETIRADA DE PAUTA_PL_2960_2015 -> cunha=não
orientacao_partido=não,descr=REQUERIMENTO DE RETIRADA DE PAUTA_PEC_171_1993 -> cunha=não
voto=não,descr=REQUERIMENTO DE RETIRADA DE PAUTA_PEC_171_1993 -> cunha=não
orientacao_gov=sim,descr=REQUERIMENTO DE RETIRADA DE PAUTA_PEC_171_1993 -> cunha=não
partido=pmdb,orientacao_partido=não -> cunha=não
voto=não,orientacao_partido=não,descr=REQUERIMENTO DE RETIRADA DE PAUTA_PEC_171_1993 -> cunha=não
partido=pp,orientacao_partido=não,orientacao_gov=não -> cunha=não
partido=pmdb,orientacao_partido=não,orientacao_gov=não -> cunha=não
partido=pmdb,voto=não,orientacao_partido=não -> cunha=não
partido=pmdb,voto=sim,orientacao_partido=não -> cunha=não
partido=pp,voto=não,orientacao_partido=não,orientacao_gov=não -> cunha=não
partido=pp,voto=sim,orientacao_partido=não,orientacao_gov=não -> cunha=não
partido=pmdb,voto=não,orientacao_partido=não,orientacao_gov=não -> cunha=não
orientacao_partido=obstrução,orientacao_gov=não -> cunha=não
voto=obstrução,orientacao_partido=obstrução,orientacao_gov=não -> cunha=não
partido=psdb,orientacao_partido=sim,cunha=não -> orientacao_gov=não
voto=obstrução,orientacao_gov=não -> cunha=não
partido=prb,orientacao_gov=não,cunha=não -> orientacao_partido=não
partido=psdb,voto=sim,cunha=não -> orientacao_gov=não
partido=pp,voto=sim,orientacao_partido=não -> orientacao_gov=não
partido=ptb,orientacao_partido=não,orientacao_gov=não -> cunha=não
partido=pt,orientacao_gov=não,cunha=não -> orientacao_partido=não
partido=ptb,voto=não,orientacao_partido=não,orientacao_gov=não -> cunha=não
partido=psd,orientacao_partido=não,orientacao_gov=não -> cunha=não
partido=psd,voto=não,orientacao_partido=não,orientacao_gov=não -> cunha=não
partido=ptb,orientacao_gov=não,cunha=não -> orientacao_partido=não
partido=psc,orientacao_partido=não -> cunha=não
partido=ptb,orientacao_partido=não -> cunha=não
partido=pp,voto=sim,orientacao_partido=não -> cunha=não
partido=pp,voto=sim,cunha=não -> orientacao_gov=não
partido=ptb,voto=não,orientacao_partido=não -> cunha=não
partido=pp,orientacao_gov=não,cunha=não -> orientacao_partido=não
voto=obstrução,orientacao_partido=obstrução,cunha=não -> orientacao_gov=não
partido=pp,orientacao_partido=não -> cunha=não
partido=pp,voto=não,orientacao_partido=não -> cunha=não
partido=pp,voto=não,orientacao_gov=não -> cunha=não
partido=psd,voto=não,orientacao_gov=não -> cunha=não
partido=pmdb,voto=não,orientacao_gov=não -> cunha=não
voto=obstrução,cunha=não -> orientacao_gov=não
voto=sim,orientacao_partido=não,cunha=não -> orientacao_gov=não
partido=pdt,orientacao_partido=não,cunha=não -> orientacao_gov=não
partido=pr,voto=não,orientacao_partido=não,orientacao_gov=não -> cunha=não
partido=pr,orientacao_partido=não,orientacao_gov=não -> cunha=não
partido=pdt,voto=não,orientacao_partido=não,cunha=não -> orientacao_gov=não
orientacao_partido=obstrução,cunha=não -> orientacao_gov=não
partido=psd,orientacao_gov=não,cunha=não -> orientacao_partido=não
partido=pr,voto=não,orientacao_gov=não -> cunha=não
voto=sim,orientacao_partido=não,orientacao_gov=não -> cunha=não
partido=prb,voto=não,orientacao_partido=não,orientacao_gov=não -> cunha=não
uf=PR,orientacao_partido=não,orientacao_gov=não -> cunha=não
uf=RJ,orientacao_partido=não,orientacao_gov=não -> cunha=não
uf=PR,voto=não,orientacao_partido=não,orientacao_gov=não -> cunha=não
partido=prb,voto=não,orientacao_gov=não -> cunha=não
partido=psd,voto=não,orientacao_partido=não -> cunha=não
partido=ptb,voto=não,orientacao_gov=não -> cunha=não
uf=MG,voto=não,orientacao_partido=não,orientacao_gov=não -> cunha=não
uf=MG,orientacao_partido=não,orientacao_gov=não -> cunha=não
orientacao_partido=não,orientacao_gov=não -> cunha=não
partido=prb,orientacao_partido=não,orientacao_gov=não -> cunha=não
uf=BA,orientacao_partido=não,orientacao_gov=não -> cunha=não
voto=não,orientacao_partido=não,orientacao_gov=não -> cunha=não
uf=RJ,voto=não,orientacao_partido=não,orientacao_gov=não -> cunha=não
partido=psd,orientacao_partido=não -> cunha=não
uf=MG,voto=não,orientacao_gov=não -> cunha=não
uf=RS,orientacao_partido=não,orientacao_gov=não -> cunha=não
uf=RS,orientacao_partido=não,cunha=não -> orientacao_gov=não
uf=PE,orientacao_partido=não,orientacao_gov=não -> cunha=não
partido=pt,uf=SP,orientacao_partido=não -> orientacao_gov=não
uf=BA,voto=não,orientacao_partido=não,orientacao_gov=não -> cunha=não
uf=CE,orientacao_partido=não,cunha=não -> orientacao_gov=não
partido=psb,voto=sim,orientacao_partido=sim,cunha=não -> orientacao_gov=não
partido=pr,voto=não,orientacao_partido=não -> cunha=não
partido=pt,orientacao_partido=não -> orientacao_gov=não
partido=pdt,voto=não,cunha=não -> orientacao_gov=não
uf=CE,orientacao_partido=não,orientacao_gov=não -> cunha=não
uf=SP,orientacao_partido=não,orientacao_gov=não -> cunha=não
uf=CE,voto=não,orientacao_partido=não,orientacao_gov=não -> cunha=não
uf=CE,voto=não,orientacao_partido=não,cunha=não -> orientacao_gov=não
partido=pp,orientacao_partido=não,cunha=não -> orientacao_gov=não
uf=SP,voto=não,orientacao_partido=não,orientacao_gov=não -> cunha=não
uf=MA,voto=não,orientacao_gov=não -> cunha=não
voto=não,orientacao_gov=não -> cunha=não
partido=psb,voto=sim,cunha=não -> orientacao_gov=não
uf=RJ,voto=não,orientacao_gov=não -> cunha=não
partido=pr,orientacao_partido=não -> cunha=não
uf=SP,voto=não,orientacao_gov=não -> cunha=não
uf=RJ,orientacao_partido=não,cunha=não -> orientacao_gov=não
uf=PR,voto=não,orientacao_gov=não -> cunha=não
partido=psb,orientacao_partido=sim,cunha=não -> orientacao_gov=não
uf=RS,voto=não,orientacao_partido=não,orientacao_gov=não -> cunha=não
uf=BA,voto=não,orientacao_gov=não -> cunha=não
partido=prb,orientacao_partido=não,cunha=não -> orientacao_gov=não
uf=RS,voto=não,orientacao_partido=não,cunha=não -> orientacao_gov=não
partido=pdt,voto=não,orientacao_partido=não,orientacao_gov=não -> cunha=não
partido=ptb,orientacao_partido=não,cunha=não -> orientacao_gov=não
partido=pr,orientacao_partido=não,cunha=não -> orientacao_gov=não
partido=pt,uf=SP,voto=não -> orientacao_gov=não
uf=BA,voto=não,orientacao_partido=não,cunha=não -> orientacao_gov=não
uf=BA,orientacao_partido=não,cunha=não -> orientacao_gov=não
partido=pdt,voto=não,orientacao_gov=não -> cunha=não
partido=pr,voto=não,orientacao_partido=não,cunha=não -> orientacao_gov=não
partido=prb,voto=não,orientacao_partido=não,cunha=não -> orientacao_gov=não
partido=psd,orientacao_partido=não,cunha=não -> orientacao_gov=não
partido=pdt,orientacao_partido=não,orientacao_gov=não -> cunha=não
uf=CE,voto=não,cunha=não -> orientacao_gov=não
uf=CE,voto=não,orientacao_gov=não -> cunha=não
uf=MG,orientacao_partido=não,cunha=não -> orientacao_gov=não
uf=RS,voto=não,orientacao_gov=não -> cunha=não
partido=ptb,orientacao_partido=não -> orientacao_gov=não
uf=BA,voto=não,cunha=não -> orientacao_gov=não
uf=RJ,voto=não,orientacao_partido=não,cunha=não -> orientacao_gov=não
partido=prb,voto=não,cunha=não -> orientacao_gov=não
partido=pros,orientacao_partido=não -> cunha=não
orientacao_partido=não,cunha=não -> orientacao_gov=não
uf=PE,voto=não,orientacao_gov=não -> cunha=não
partido=psd,voto=não,orientacao_partido=não,cunha=não -> orientacao_gov=não
partido=pr,voto=não,cunha=não -> orientacao_gov=não
partido=prb,voto=não,orientacao_partido=não -> cunha=não
partido=ptb,voto=não,orientacao_partido=não,cunha=não -> orientacao_gov=não
partido=pp,orientacao_partido=não -> orientacao_gov=não
partido=pt,voto=não -> orientacao_gov=não
uf=RS,orientacao_gov=não,cunha=não -> orientacao_partido=não
partido=psb,voto=sim,orientacao_partido=sim,orientacao_gov=não -> cunha=não
uf=SP,orientacao_partido=não,cunha=não -> orientacao_gov=não
uf=RS,voto=não,cunha=não -> orientacao_gov=não
partido=prb,orientacao_partido=não -> cunha=não
uf=SP,voto=sim,cunha=não -> orientacao_gov=não
partido=pcdob,cunha=não -> orientacao_gov=não
uf=PR,orientacao_partido=não,cunha=não -> orientacao_gov=não
uf=MG,voto=não,orientacao_partido=não,cunha=não -> orientacao_gov=não
partido=psb,orientacao_partido=sim,orientacao_gov=não -> cunha=não
voto=não,orientacao_partido=não,cunha=não -> orientacao_gov=não
uf=MA,voto=não,cunha=não -> orientacao_gov=não
partido=prb,orientacao_gov=não -> cunha=não
partido=pt,cunha=não -> orientacao_gov=não
uf=SC,cunha=não -> orientacao_gov=não
partido=psb,orientacao_gov=não -> cunha=não
uf=CE,cunha=não -> orientacao_gov=não
uf=BA,orientacao_gov=não,cunha=não -> orientacao_partido=não
uf=CE,orientacao_gov=não,cunha=não -> orientacao_partido=não
partido=pdt,orientacao_gov=não,cunha=não -> orientacao_partido=não
uf=MG,voto=sim,cunha=não -> orientacao_gov=não
uf=RJ,voto=não,cunha=não -> orientacao_gov=não
uf=GO,cunha=não -> orientacao_gov=não
partido=pp,voto=não,orientacao_partido=não,cunha=não -> orientacao_gov=não
uf=MG,orientacao_gov=não -> cunha=não
partido=pr,orientacao_partido=não -> orientacao_gov=não
uf=CE,orientacao_gov=não -> cunha=não
partido=pdt,cunha=não -> orientacao_gov=não
partido=pr,orientacao_gov=não -> cunha=não
partido=pmdb,voto=não -> cunha=não
partido=ptb,cunha=não -> orientacao_gov=não
uf=PA,orientacao_gov=não -> cunha=não
uf=MG,cunha=não -> orientacao_gov=não
partido=psdb,uf=SP,orientacao_gov=não -> cunha=não
partido=pp,orientacao_gov=não -> cunha=não
uf=BA,cunha=não -> orientacao_gov=não
partido=pr,cunha=não -> orientacao_gov=não
partido=psd,voto=não,cunha=não -> orientacao_gov=não
partido=psdb,orientacao_gov=não -> cunha=não
uf=SP,orientacao_gov=não -> cunha=não
uf=BA,orientacao_gov=não -> cunha=não
partido=pdt,orientacao_gov=não -> cunha=não
uf=PR,orientacao_gov=não -> cunha=não
partido=pp,cunha=não -> orientacao_gov=não
uf=PA,cunha=não -> orientacao_gov=não
orientacao_gov=não -> cunha=não
cunha=não -> orientacao_gov=não
uf=RJ,orientacao_gov=não -> cunha=não
uf=PR,cunha=não -> orientacao_gov=não
uf=RS,cunha=não -> orientacao_gov=não
uf=SP,voto=não,orientacao_partido=não,cunha=não -> orientacao_gov=não
uf=SC,orientacao_gov=não -> cunha=não
voto=sim,cunha=não -> orientacao_gov=não
partido=psb,voto=não,orientacao_gov=não -> cunha=não
uf=SP,cunha=não -> orientacao_gov=não
uf=RJ,cunha=não -> orientacao_gov=não
partido=psd,cunha=não -> orientacao_gov=não
uf=GO,orientacao_gov=não -> cunha=não
uf=RS,orientacao_gov=não -> cunha=não
partido=ptb,orientacao_gov=não -> cunha=não
partido=pcdob,orientacao_gov=não -> cunha=não
partido=dem,orientacao_gov=não -> cunha=não
uf=MA,orientacao_gov=não -> cunha=não
partido=pt,orientacao_gov=não -> cunha=não
partido=pmdb,orientacao_gov=não -> cunha=não
partido=solidaried,orientacao_gov=não -> cunha=não
partido=psd,orientacao_gov=não -> cunha=não
partido=pt,orientacao_partido=não,orientacao_gov=não -> cunha=não
uf=PE,orientacao_gov=não -> cunha=não
partido=pr,voto=não -> cunha=não
partido=pt,voto=não,orientacao_partido=não,orientacao_gov=não -> cunha=não
partido=pt,voto=não,orientacao_gov=não -> cunha=não
partido=psb,voto=sim,orientacao_gov=não -> cunha=não
uf=RJ,orientacao_gov=não,cunha=não -> orientacao_partido=não
voto=sim,orientacao_partido=não -> cunha=não
uf=SC,orientacao_partido=não -> cunha=não
uf=MG,orientacao_gov=não,cunha=não -> orientacao_partido=não
partido=prb,voto=não -> cunha=não
uf=RS,orientacao_partido=não -> cunha=não
uf=RJ,orientacao_partido=não -> cunha=não
partido=psd,voto=não -> cunha=não
uf=MA,voto=não,orientacao_partido=não -> cunha=não
orientacao_gov=não,cunha=não -> orientacao_partido=não
partido=pmdb,orientacao_gov=não,cunha=não -> orientacao_partido=não
partido=psdb,voto=sim,orientacao_gov=não -> cunha=não
uf=PR,orientacao_gov=não,cunha=não -> orientacao_partido=não
uf=MA,orientacao_partido=não -> cunha=não
uf=PB,orientacao_partido=não -> cunha=não
partido=psdb,voto=sim,orientacao_partido=sim,orientacao_gov=não -> cunha=não
uf=BA,orientacao_partido=não -> cunha=não
uf=RJ,voto=não,orientacao_partido=não -> cunha=não
uf=SC,voto=não,orientacao_partido=não -> cunha=não
uf=BA,voto=não,orientacao_partido=não -> cunha=não
partido=psdb,orientacao_partido=sim,orientacao_gov=não -> cunha=não
uf=CE,orientacao_partido=não -> cunha=não
uf=MG,orientacao_partido=não -> cunha=não
partido=ptb,voto=não -> cunha=não
uf=MG,voto=não,orientacao_partido=não -> cunha=não
partido=psdb,orientacao_partido=obstrução -> cunha=não
uf=CE,voto=não,orientacao_partido=não -> cunha=não
orientacao_partido=não -> cunha=não
partido=dem,orientacao_partido=sim,orientacao_gov=não -> cunha=não
uf=PR,orientacao_partido=não -> cunha=não
uf=PA,orientacao_partido=não -> cunha=não
uf=RS,voto=não,orientacao_partido=não -> cunha=não
voto=não,orientacao_partido=não -> cunha=não
uf=SP,orientacao_gov=não,cunha=não -> orientacao_partido=não
uf=MA,voto=não -> cunha=não
uf=PR,voto=não,orientacao_partido=não -> cunha=não
uf=PA,voto=não,orientacao_partido=não -> cunha=não
uf=SP,voto=sim,orientacao_gov=não -> cunha=não
partido=pp,voto=não -> cunha=não
partido=pdt,voto=não,orientacao_partido=não -> cunha=não
partido=pdt,orientacao_partido=não -> cunha=não
partido=pros,voto=não -> cunha=não
uf=PB,voto=não -> cunha=não
voto=sim,orientacao_gov=não -> cunha=não
uf=RJ,voto=sim,orientacao_gov=não -> cunha=não
uf=MG,voto=sim,orientacao_gov=não -> cunha=não
uf=SP,orientacao_partido=não -> cunha=não
partido=pt,uf=SP,orientacao_partido=não -> cunha=não
partido=pt,orientacao_partido=não -> cunha=não
