Nota.do.Consumidor=1 -> Situação=Finalizada avaliada
Nota.do.Consumidor=5 -> Avaliação.Reclamação=Resolvida
Nota.do.Consumidor=5 -> Mês.Abertura=1
Nota.do.Consumidor=5 -> Ano.Abertura=2015
Nota.do.Consumidor=5 -> Situação=Finalizada avaliada
Avaliação.Reclamação=Não Resolvida -> Situação=Finalizada avaliada
Avaliação.Reclamação=Resolvida -> Situação=Finalizada avaliada
Avaliação.Reclamação=Resolvida -> Procurou.Empresa=S
Avaliação.Reclamação=Resolvida -> Respondida=S
Mês.Abertura=1 -> Ano.Abertura=2015
Ano.Abertura=2015 -> Mês.Abertura=1
Mês.Abertura=1 -> Situação=Finalizada avaliada
Mês.Abertura=1 -> Procurou.Empresa=S
Mês.Abertura=1 -> Respondida=S
Ano.Abertura=2015 -> Situação=Finalizada avaliada
Ano.Abertura=2015 -> Procurou.Empresa=S
Ano.Abertura=2015 -> Respondida=S
Situação=Finalizada avaliada -> Procurou.Empresa=S
Situação=Finalizada avaliada -> Respondida=S
Avaliação.Reclamação=Não Resolvida,Nota.do.Consumidor=1 -> Situação=Finalizada avaliada
Situação=Finalizada avaliada,Nota.do.Consumidor=1 -> Avaliação.Reclamação=Não Resolvida
Situação=Finalizada avaliada,Avaliação.Reclamação=Não Resolvida -> Nota.do.Consumidor=1
Situação=Finalizada avaliada,Nota.do.Consumidor=1 -> Procurou.Empresa=S
Situação=Finalizada avaliada,Nota.do.Consumidor=1 -> Respondida=S
Avaliação.Reclamação=Resolvida,Nota.do.Consumidor=5 -> Mês.Abertura=1
Mês.Abertura=1,Nota.do.Consumidor=5 -> Avaliação.Reclamação=Resolvida
Avaliação.Reclamação=Resolvida,Nota.do.Consumidor=5 -> Ano.Abertura=2015
Ano.Abertura=2015,Nota.do.Consumidor=5 -> Avaliação.Reclamação=Resolvida
Avaliação.Reclamação=Resolvida,Nota.do.Consumidor=5 -> Situação=Finalizada avaliada
Situação=Finalizada avaliada,Nota.do.Consumidor=5 -> Avaliação.Reclamação=Resolvida
Avaliação.Reclamação=Resolvida,Nota.do.Consumidor=5 -> Procurou.Empresa=S
Avaliação.Reclamação=Resolvida,Nota.do.Consumidor=5 -> Respondida=S
Mês.Abertura=1,Nota.do.Consumidor=5 -> Ano.Abertura=2015
Ano.Abertura=2015,Nota.do.Consumidor=5 -> Mês.Abertura=1
Mês.Abertura=1,Nota.do.Consumidor=5 -> Situação=Finalizada avaliada
Situação=Finalizada avaliada,Nota.do.Consumidor=5 -> Mês.Abertura=1
Mês.Abertura=1,Nota.do.Consumidor=5 -> Respondida=S
Ano.Abertura=2015,Nota.do.Consumidor=5 -> Situação=Finalizada avaliada
Situação=Finalizada avaliada,Nota.do.Consumidor=5 -> Ano.Abertura=2015
Ano.Abertura=2015,Nota.do.Consumidor=5 -> Respondida=S
Situação=Finalizada avaliada,Nota.do.Consumidor=5 -> Procurou.Empresa=S
Situação=Finalizada avaliada,Nota.do.Consumidor=5 -> Respondida=S
Respondida=S,Nota.do.Consumidor=5 -> Situação=Finalizada avaliada
Situação=Finalizada avaliada,Avaliação.Reclamação=Não Resolvida -> Procurou.Empresa=S
Situação=Finalizada avaliada,Avaliação.Reclamação=Não Resolvida -> Respondida=S
Tempo.Resposta=10,Situação=Finalizada avaliada -> Respondida=S
Como.Comprou.Contratou=Loja física,Situação=Finalizada avaliada -> Respondida=S
UF=SP,Situação=Finalizada avaliada -> Procurou.Empresa=S
UF=SP,Situação=Finalizada avaliada -> Respondida=S
Como.Comprou.Contratou=Telefone,Situação=Finalizada avaliada -> Segmento.de.Mercado=Operadoras de Telecomunicações (Telefonia, Internet, TV por assinatura)
Como.Comprou.Contratou=Telefone,Situação=Finalizada avaliada -> Procurou.Empresa=S
Como.Comprou.Contratou=Telefone,Situação=Finalizada avaliada -> Respondida=S
Como.Comprou.Contratou=Internet,Situação=Finalizada avaliada -> Procurou.Empresa=S
Como.Comprou.Contratou=Internet,Situação=Finalizada avaliada -> Respondida=S
Faixa.Etária=entre 31 a 40 anos,Mês.Abertura=1 -> Ano.Abertura=2015
Faixa.Etária=entre 31 a 40 anos,Ano.Abertura=2015 -> Mês.Abertura=1
Faixa.Etária=entre 31 a 40 anos,Mês.Abertura=1 -> Respondida=S
Faixa.Etária=entre 31 a 40 anos,Ano.Abertura=2015 -> Respondida=S
Faixa.Etária=entre 31 a 40 anos,Situação=Finalizada avaliada -> Procurou.Empresa=S
Faixa.Etária=entre 31 a 40 anos,Situação=Finalizada avaliada -> Respondida=S
Grupo.Problema=Cobrança / Contestação,Avaliação.Reclamação=Resolvida -> Situação=Finalizada avaliada
Grupo.Problema=Cobrança / Contestação,Situação=Finalizada avaliada -> Avaliação.Reclamação=Resolvida
Grupo.Problema=Cobrança / Contestação,Avaliação.Reclamação=Resolvida -> Procurou.Empresa=S
Grupo.Problema=Cobrança / Contestação,Avaliação.Reclamação=Resolvida -> Respondida=S
Mês.Abertura=1,Grupo.Problema=Cobrança / Contestação -> Ano.Abertura=2015
Ano.Abertura=2015,Grupo.Problema=Cobrança / Contestação -> Mês.Abertura=1
Mês.Abertura=1,Grupo.Problema=Cobrança / Contestação -> Situação=Finalizada avaliada
Mês.Abertura=1,Grupo.Problema=Cobrança / Contestação -> Procurou.Empresa=S
Mês.Abertura=1,Grupo.Problema=Cobrança / Contestação -> Respondida=S
Ano.Abertura=2015,Grupo.Problema=Cobrança / Contestação -> Situação=Finalizada avaliada
Ano.Abertura=2015,Grupo.Problema=Cobrança / Contestação -> Procurou.Empresa=S
Ano.Abertura=2015,Grupo.Problema=Cobrança / Contestação -> Respondida=S
Grupo.Problema=Cobrança / Contestação,Situação=Finalizada avaliada -> Procurou.Empresa=S
Grupo.Problema=Cobrança / Contestação,Situação=Finalizada avaliada -> Respondida=S
Faixa.Etária=entre 21 a 30 anos,Avaliação.Reclamação=Resolvida -> Situação=Finalizada avaliada
Faixa.Etária=entre 21 a 30 anos,Avaliação.Reclamação=Resolvida -> Respondida=S
Faixa.Etária=entre 21 a 30 anos,Mês.Abertura=1 -> Ano.Abertura=2015
Faixa.Etária=entre 21 a 30 anos,Ano.Abertura=2015 -> Mês.Abertura=1
Faixa.Etária=entre 21 a 30 anos,Mês.Abertura=1 -> Situação=Finalizada avaliada
Faixa.Etária=entre 21 a 30 anos,Mês.Abertura=1 -> Procurou.Empresa=S
Faixa.Etária=entre 21 a 30 anos,Mês.Abertura=1 -> Respondida=S
Faixa.Etária=entre 21 a 30 anos,Ano.Abertura=2015 -> Situação=Finalizada avaliada
Faixa.Etária=entre 21 a 30 anos,Ano.Abertura=2015 -> Procurou.Empresa=S
Faixa.Etária=entre 21 a 30 anos,Ano.Abertura=2015 -> Respondida=S
Faixa.Etária=entre 21 a 30 anos,Situação=Finalizada avaliada -> Procurou.Empresa=S
Faixa.Etária=entre 21 a 30 anos,Situação=Finalizada avaliada -> Respondida=S
Sexo=F,Avaliação.Reclamação=Resolvida -> Situação=Finalizada avaliada
Sexo=F,Mês.Abertura=1 -> Ano.Abertura=2015
Sexo=F,Ano.Abertura=2015 -> Mês.Abertura=1
Sexo=F,Mês.Abertura=1 -> Situação=Finalizada avaliada
Sexo=F,Ano.Abertura=2015 -> Situação=Finalizada avaliada
Mês.Abertura=1,Avaliação.Reclamação=Resolvida -> Ano.Abertura=2015
Ano.Abertura=2015,Avaliação.Reclamação=Resolvida -> Mês.Abertura=1
Mês.Abertura=1,Avaliação.Reclamação=Resolvida -> Situação=Finalizada avaliada
Mês.Abertura=1,Avaliação.Reclamação=Resolvida -> Procurou.Empresa=S
Mês.Abertura=1,Avaliação.Reclamação=Resolvida -> Respondida=S
Ano.Abertura=2015,Avaliação.Reclamação=Resolvida -> Situação=Finalizada avaliada
Ano.Abertura=2015,Avaliação.Reclamação=Resolvida -> Procurou.Empresa=S
Ano.Abertura=2015,Avaliação.Reclamação=Resolvida -> Respondida=S
Sexo=M,Avaliação.Reclamação=Resolvida -> Situação=Finalizada avaliada
Situação=Finalizada avaliada,Avaliação.Reclamação=Resolvida -> Procurou.Empresa=S
Procurou.Empresa=S,Avaliação.Reclamação=Resolvida -> Situação=Finalizada avaliada
Situação=Finalizada avaliada,Avaliação.Reclamação=Resolvida -> Respondida=S
Respondida=S,Avaliação.Reclamação=Resolvida -> Situação=Finalizada avaliada
Sexo=M,Avaliação.Reclamação=Resolvida -> Respondida=S
Ano.Abertura=2015,Mês.Abertura=1 -> Situação=Finalizada avaliada
Mês.Abertura=1,Situação=Finalizada avaliada -> Ano.Abertura=2015
Ano.Abertura=2015,Situação=Finalizada avaliada -> Mês.Abertura=1
Sexo=M,Mês.Abertura=1 -> Ano.Abertura=2015
Sexo=M,Ano.Abertura=2015 -> Mês.Abertura=1
Ano.Abertura=2015,Mês.Abertura=1 -> Procurou.Empresa=S
Mês.Abertura=1,Procurou.Empresa=S -> Ano.Abertura=2015
Ano.Abertura=2015,Procurou.Empresa=S -> Mês.Abertura=1
Ano.Abertura=2015,Mês.Abertura=1 -> Respondida=S
Mês.Abertura=1,Respondida=S -> Ano.Abertura=2015
Ano.Abertura=2015,Respondida=S -> Mês.Abertura=1
Sexo=M,Mês.Abertura=1 -> Situação=Finalizada avaliada
Mês.Abertura=1,Situação=Finalizada avaliada -> Procurou.Empresa=S
Mês.Abertura=1,Procurou.Empresa=S -> Situação=Finalizada avaliada
Mês.Abertura=1,Situação=Finalizada avaliada -> Respondida=S
Mês.Abertura=1,Respondida=S -> Situação=Finalizada avaliada
Sexo=M,Mês.Abertura=1 -> Procurou.Empresa=S
Sexo=M,Mês.Abertura=1 -> Respondida=S
Mês.Abertura=1,Respondida=S -> Procurou.Empresa=S
Sexo=M,Ano.Abertura=2015 -> Situação=Finalizada avaliada
Ano.Abertura=2015,Situação=Finalizada avaliada -> Procurou.Empresa=S
Ano.Abertura=2015,Procurou.Empresa=S -> Situação=Finalizada avaliada
Ano.Abertura=2015,Situação=Finalizada avaliada -> Respondida=S
Ano.Abertura=2015,Respondida=S -> Situação=Finalizada avaliada
Sexo=M,Ano.Abertura=2015 -> Procurou.Empresa=S
Sexo=M,Ano.Abertura=2015 -> Respondida=S
Ano.Abertura=2015,Respondida=S -> Procurou.Empresa=S
Situação=Finalizada avaliada,Avaliação.Reclamação=Não Resolvida,Nota.do.Consumidor=1 -> Procurou.Empresa=S
Procurou.Empresa=S,Situação=Finalizada avaliada,Nota.do.Consumidor=1 -> Avaliação.Reclamação=Não Resolvida
Procurou.Empresa=S,Situação=Finalizada avaliada,Avaliação.Reclamação=Não Resolvida -> Nota.do.Consumidor=1
Situação=Finalizada avaliada,Avaliação.Reclamação=Não Resolvida,Nota.do.Consumidor=1 -> Respondida=S
Respondida=S,Situação=Finalizada avaliada,Nota.do.Consumidor=1 -> Avaliação.Reclamação=Não Resolvida
Respondida=S,Situação=Finalizada avaliada,Avaliação.Reclamação=Não Resolvida -> Nota.do.Consumidor=1
Sexo=M,Situação=Finalizada avaliada,Nota.do.Consumidor=1 -> Respondida=S
Mês.Abertura=1,Avaliação.Reclamação=Resolvida,Nota.do.Consumidor=5 -> Ano.Abertura=2015
Ano.Abertura=2015,Avaliação.Reclamação=Resolvida,Nota.do.Consumidor=5 -> Mês.Abertura=1
Ano.Abertura=2015,Mês.Abertura=1,Nota.do.Consumidor=5 -> Avaliação.Reclamação=Resolvida
Mês.Abertura=1,Avaliação.Reclamação=Resolvida,Nota.do.Consumidor=5 -> Situação=Finalizada avaliada
Situação=Finalizada avaliada,Avaliação.Reclamação=Resolvida,Nota.do.Consumidor=5 -> Mês.Abertura=1
Mês.Abertura=1,Situação=Finalizada avaliada,Nota.do.Consumidor=5 -> Avaliação.Reclamação=Resolvida
Mês.Abertura=1,Avaliação.Reclamação=Resolvida,Nota.do.Consumidor=5 -> Respondida=S
Respondida=S,Avaliação.Reclamação=Resolvida,Nota.do.Consumidor=5 -> Mês.Abertura=1
Mês.Abertura=1,Respondida=S,Nota.do.Consumidor=5 -> Avaliação.Reclamação=Resolvida
Ano.Abertura=2015,Avaliação.Reclamação=Resolvida,Nota.do.Consumidor=5 -> Situação=Finalizada avaliada
Situação=Finalizada avaliada,Avaliação.Reclamação=Resolvida,Nota.do.Consumidor=5 -> Ano.Abertura=2015
Ano.Abertura=2015,Situação=Finalizada avaliada,Nota.do.Consumidor=5 -> Avaliação.Reclamação=Resolvida
Ano.Abertura=2015,Avaliação.Reclamação=Resolvida,Nota.do.Consumidor=5 -> Respondida=S
Respondida=S,Avaliação.Reclamação=Resolvida,Nota.do.Consumidor=5 -> Ano.Abertura=2015
Ano.Abertura=2015,Respondida=S,Nota.do.Consumidor=5 -> Avaliação.Reclamação=Resolvida
Situação=Finalizada avaliada,Avaliação.Reclamação=Resolvida,Nota.do.Consumidor=5 -> Procurou.Empresa=S
Procurou.Empresa=S,Avaliação.Reclamação=Resolvida,Nota.do.Consumidor=5 -> Situação=Finalizada avaliada
Procurou.Empresa=S,Situação=Finalizada avaliada,Nota.do.Consumidor=5 -> Avaliação.Reclamação=Resolvida
Situação=Finalizada avaliada,Avaliação.Reclamação=Resolvida,Nota.do.Consumidor=5 -> Respondida=S
Respondida=S,Avaliação.Reclamação=Resolvida,Nota.do.Consumidor=5 -> Situação=Finalizada avaliada
Respondida=S,Situação=Finalizada avaliada,Nota.do.Consumidor=5 -> Avaliação.Reclamação=Resolvida
Procurou.Empresa=S,Avaliação.Reclamação=Resolvida,Nota.do.Consumidor=5 -> Respondida=S
Respondida=S,Avaliação.Reclamação=Resolvida,Nota.do.Consumidor=5 -> Procurou.Empresa=S
Ano.Abertura=2015,Mês.Abertura=1,Nota.do.Consumidor=5 -> Situação=Finalizada avaliada
Mês.Abertura=1,Situação=Finalizada avaliada,Nota.do.Consumidor=5 -> Ano.Abertura=2015
Ano.Abertura=2015,Situação=Finalizada avaliada,Nota.do.Consumidor=5 -> Mês.Abertura=1
Ano.Abertura=2015,Mês.Abertura=1,Nota.do.Consumidor=5 -> Respondida=S
Mês.Abertura=1,Respondida=S,Nota.do.Consumidor=5 -> Ano.Abertura=2015
Ano.Abertura=2015,Respondida=S,Nota.do.Consumidor=5 -> Mês.Abertura=1
Mês.Abertura=1,Situação=Finalizada avaliada,Nota.do.Consumidor=5 -> Respondida=S
Mês.Abertura=1,Respondida=S,Nota.do.Consumidor=5 -> Situação=Finalizada avaliada
Respondida=S,Situação=Finalizada avaliada,Nota.do.Consumidor=5 -> Mês.Abertura=1
Ano.Abertura=2015,Situação=Finalizada avaliada,Nota.do.Consumidor=5 -> Respondida=S
Ano.Abertura=2015,Respondida=S,Nota.do.Consumidor=5 -> Situação=Finalizada avaliada
Respondida=S,Situação=Finalizada avaliada,Nota.do.Consumidor=5 -> Ano.Abertura=2015
Respondida=S,Situação=Finalizada avaliada,Nota.do.Consumidor=5 -> Procurou.Empresa=S
Como.Comprou.Contratou=Telefone,Procurou.Empresa=S,Situação=Finalizada avaliada -> Segmento.de.Mercado=Operadoras de Telecomunicações (Telefonia, Internet, TV por assinatura)
Como.Comprou.Contratou=Telefone,Respondida=S,Situação=Finalizada avaliada -> Segmento.de.Mercado=Operadoras de Telecomunicações (Telefonia, Internet, TV por assinatura)
Faixa.Etária=entre 31 a 40 anos,Ano.Abertura=2015,Mês.Abertura=1 -> Respondida=S
Faixa.Etária=entre 31 a 40 anos,Mês.Abertura=1,Respondida=S -> Ano.Abertura=2015
Faixa.Etária=entre 31 a 40 anos,Ano.Abertura=2015,Respondida=S -> Mês.Abertura=1
Grupo.Problema=Cobrança / Contestação,Situação=Finalizada avaliada,Avaliação.Reclamação=Resolvida -> Procurou.Empresa=S
Grupo.Problema=Cobrança / Contestação,Procurou.Empresa=S,Avaliação.Reclamação=Resolvida -> Situação=Finalizada avaliada
Grupo.Problema=Cobrança / Contestação,Procurou.Empresa=S,Situação=Finalizada avaliada -> Avaliação.Reclamação=Resolvida
Grupo.Problema=Cobrança / Contestação,Situação=Finalizada avaliada,Avaliação.Reclamação=Resolvida -> Respondida=S
Grupo.Problema=Cobrança / Contestação,Respondida=S,Avaliação.Reclamação=Resolvida -> Situação=Finalizada avaliada
Grupo.Problema=Cobrança / Contestação,Respondida=S,Situação=Finalizada avaliada -> Avaliação.Reclamação=Resolvida
Ano.Abertura=2015,Mês.Abertura=1,Grupo.Problema=Cobrança / Contestação -> Situação=Finalizada avaliada
Mês.Abertura=1,Grupo.Problema=Cobrança / Contestação,Situação=Finalizada avaliada -> Ano.Abertura=2015
Ano.Abertura=2015,Grupo.Problema=Cobrança / Contestação,Situação=Finalizada avaliada -> Mês.Abertura=1
Ano.Abertura=2015,Mês.Abertura=1,Grupo.Problema=Cobrança / Contestação -> Procurou.Empresa=S
Mês.Abertura=1,Grupo.Problema=Cobrança / Contestação,Procurou.Empresa=S -> Ano.Abertura=2015
Ano.Abertura=2015,Grupo.Problema=Cobrança / Contestação,Procurou.Empresa=S -> Mês.Abertura=1
Ano.Abertura=2015,Mês.Abertura=1,Grupo.Problema=Cobrança / Contestação -> Respondida=S
Mês.Abertura=1,Grupo.Problema=Cobrança / Contestação,Respondida=S -> Ano.Abertura=2015
Ano.Abertura=2015,Grupo.Problema=Cobrança / Contestação,Respondida=S -> Mês.Abertura=1
Mês.Abertura=1,Grupo.Problema=Cobrança / Contestação,Situação=Finalizada avaliada -> Respondida=S
Mês.Abertura=1,Grupo.Problema=Cobrança / Contestação,Respondida=S -> Situação=Finalizada avaliada
Mês.Abertura=1,Grupo.Problema=Cobrança / Contestação,Respondida=S -> Procurou.Empresa=S
Ano.Abertura=2015,Grupo.Problema=Cobrança / Contestação,Situação=Finalizada avaliada -> Respondida=S
Ano.Abertura=2015,Grupo.Problema=Cobrança / Contestação,Respondida=S -> Situação=Finalizada avaliada
Ano.Abertura=2015,Grupo.Problema=Cobrança / Contestação,Respondida=S -> Procurou.Empresa=S
Faixa.Etária=entre 21 a 30 anos,Situação=Finalizada avaliada,Avaliação.Reclamação=Resolvida -> Respondida=S
Faixa.Etária=entre 21 a 30 anos,Respondida=S,Avaliação.Reclamação=Resolvida -> Situação=Finalizada avaliada
Faixa.Etária=entre 21 a 30 anos,Ano.Abertura=2015,Mês.Abertura=1 -> Situação=Finalizada avaliada
Faixa.Etária=entre 21 a 30 anos,Mês.Abertura=1,Situação=Finalizada avaliada -> Ano.Abertura=2015
Faixa.Etária=entre 21 a 30 anos,Ano.Abertura=2015,Situação=Finalizada avaliada -> Mês.Abertura=1
Faixa.Etária=entre 21 a 30 anos,Ano.Abertura=2015,Mês.Abertura=1 -> Procurou.Empresa=S
Faixa.Etária=entre 21 a 30 anos,Mês.Abertura=1,Procurou.Empresa=S -> Ano.Abertura=2015
Faixa.Etária=entre 21 a 30 anos,Ano.Abertura=2015,Procurou.Empresa=S -> Mês.Abertura=1
Faixa.Etária=entre 21 a 30 anos,Ano.Abertura=2015,Mês.Abertura=1 -> Respondida=S
Faixa.Etária=entre 21 a 30 anos,Mês.Abertura=1,Respondida=S -> Ano.Abertura=2015
Faixa.Etária=entre 21 a 30 anos,Ano.Abertura=2015,Respondida=S -> Mês.Abertura=1
Faixa.Etária=entre 21 a 30 anos,Mês.Abertura=1,Situação=Finalizada avaliada -> Respondida=S
Faixa.Etária=entre 21 a 30 anos,Mês.Abertura=1,Respondida=S -> Situação=Finalizada avaliada
Faixa.Etária=entre 21 a 30 anos,Ano.Abertura=2015,Situação=Finalizada avaliada -> Respondida=S
Faixa.Etária=entre 21 a 30 anos,Ano.Abertura=2015,Respondida=S -> Situação=Finalizada avaliada
Sexo=F,Situação=Finalizada avaliada,Avaliação.Reclamação=Resolvida -> Respondida=S
Sexo=F,Ano.Abertura=2015,Mês.Abertura=1 -> Situação=Finalizada avaliada
Sexo=F,Mês.Abertura=1,Situação=Finalizada avaliada -> Ano.Abertura=2015
Sexo=F,Ano.Abertura=2015,Situação=Finalizada avaliada -> Mês.Abertura=1
Sexo=F,Ano.Abertura=2015,Mês.Abertura=1 -> Procurou.Empresa=S
Sexo=F,Ano.Abertura=2015,Mês.Abertura=1 -> Respondida=S
Sexo=F,Mês.Abertura=1,Situação=Finalizada avaliada -> Respondida=S
Sexo=F,Mês.Abertura=1,Respondida=S -> Situação=Finalizada avaliada
Sexo=F,Ano.Abertura=2015,Situação=Finalizada avaliada -> Respondida=S
Sexo=F,Ano.Abertura=2015,Respondida=S -> Situação=Finalizada avaliada
Ano.Abertura=2015,Mês.Abertura=1,Avaliação.Reclamação=Resolvida -> Situação=Finalizada avaliada
Mês.Abertura=1,Situação=Finalizada avaliada,Avaliação.Reclamação=Resolvida -> Ano.Abertura=2015
Ano.Abertura=2015,Situação=Finalizada avaliada,Avaliação.Reclamação=Resolvida -> Mês.Abertura=1
Sexo=M,Mês.Abertura=1,Avaliação.Reclamação=Resolvida -> Ano.Abertura=2015
Sexo=M,Ano.Abertura=2015,Avaliação.Reclamação=Resolvida -> Mês.Abertura=1
Ano.Abertura=2015,Mês.Abertura=1,Avaliação.Reclamação=Resolvida -> Procurou.Empresa=S
Mês.Abertura=1,Procurou.Empresa=S,Avaliação.Reclamação=Resolvida -> Ano.Abertura=2015
Ano.Abertura=2015,Procurou.Empresa=S,Avaliação.Reclamação=Resolvida -> Mês.Abertura=1
Ano.Abertura=2015,Mês.Abertura=1,Avaliação.Reclamação=Resolvida -> Respondida=S
Mês.Abertura=1,Respondida=S,Avaliação.Reclamação=Resolvida -> Ano.Abertura=2015
Ano.Abertura=2015,Respondida=S,Avaliação.Reclamação=Resolvida -> Mês.Abertura=1
Sexo=M,Mês.Abertura=1,Avaliação.Reclamação=Resolvida -> Situação=Finalizada avaliada
Mês.Abertura=1,Situação=Finalizada avaliada,Avaliação.Reclamação=Resolvida -> Procurou.Empresa=S
Mês.Abertura=1,Procurou.Empresa=S,Avaliação.Reclamação=Resolvida -> Situação=Finalizada avaliada
Mês.Abertura=1,Situação=Finalizada avaliada,Avaliação.Reclamação=Resolvida -> Respondida=S
Mês.Abertura=1,Respondida=S,Avaliação.Reclamação=Resolvida -> Situação=Finalizada avaliada
Sexo=M,Mês.Abertura=1,Avaliação.Reclamação=Resolvida -> Procurou.Empresa=S
Sexo=M,Mês.Abertura=1,Avaliação.Reclamação=Resolvida -> Respondida=S
Mês.Abertura=1,Procurou.Empresa=S,Avaliação.Reclamação=Resolvida -> Respondida=S
Mês.Abertura=1,Respondida=S,Avaliação.Reclamação=Resolvida -> Procurou.Empresa=S
Sexo=M,Ano.Abertura=2015,Avaliação.Reclamação=Resolvida -> Situação=Finalizada avaliada
Ano.Abertura=2015,Situação=Finalizada avaliada,Avaliação.Reclamação=Resolvida -> Procurou.Empresa=S
Ano.Abertura=2015,Procurou.Empresa=S,Avaliação.Reclamação=Resolvida -> Situação=Finalizada avaliada
Ano.Abertura=2015,Situação=Finalizada avaliada,Avaliação.Reclamação=Resolvida -> Respondida=S
Ano.Abertura=2015,Respondida=S,Avaliação.Reclamação=Resolvida -> Situação=Finalizada avaliada
Sexo=M,Ano.Abertura=2015,Avaliação.Reclamação=Resolvida -> Procurou.Empresa=S
Sexo=M,Ano.Abertura=2015,Avaliação.Reclamação=Resolvida -> Respondida=S
Ano.Abertura=2015,Procurou.Empresa=S,Avaliação.Reclamação=Resolvida -> Respondida=S
Ano.Abertura=2015,Respondida=S,Avaliação.Reclamação=Resolvida -> Procurou.Empresa=S
Sexo=M,Situação=Finalizada avaliada,Avaliação.Reclamação=Resolvida -> Procurou.Empresa=S
Sexo=M,Procurou.Empresa=S,Avaliação.Reclamação=Resolvida -> Situação=Finalizada avaliada
Sexo=M,Situação=Finalizada avaliada,Avaliação.Reclamação=Resolvida -> Respondida=S
Sexo=M,Respondida=S,Avaliação.Reclamação=Resolvida -> Situação=Finalizada avaliada
Procurou.Empresa=S,Situação=Finalizada avaliada,Avaliação.Reclamação=Resolvida -> Respondida=S
Respondida=S,Situação=Finalizada avaliada,Avaliação.Reclamação=Resolvida -> Procurou.Empresa=S
Procurou.Empresa=S,Respondida=S,Avaliação.Reclamação=Resolvida -> Situação=Finalizada avaliada
Sexo=M,Ano.Abertura=2015,Mês.Abertura=1 -> Situação=Finalizada avaliada
Sexo=M,Mês.Abertura=1,Situação=Finalizada avaliada -> Ano.Abertura=2015
Sexo=M,Ano.Abertura=2015,Situação=Finalizada avaliada -> Mês.Abertura=1
Ano.Abertura=2015,Mês.Abertura=1,Situação=Finalizada avaliada -> Procurou.Empresa=S
Ano.Abertura=2015,Mês.Abertura=1,Procurou.Empresa=S -> Situação=Finalizada avaliada
Mês.Abertura=1,Procurou.Empresa=S,Situação=Finalizada avaliada -> Ano.Abertura=2015
Ano.Abertura=2015,Procurou.Empresa=S,Situação=Finalizada avaliada -> Mês.Abertura=1
Ano.Abertura=2015,Mês.Abertura=1,Situação=Finalizada avaliada -> Respondida=S
Ano.Abertura=2015,Mês.Abertura=1,Respondida=S -> Situação=Finalizada avaliada
Mês.Abertura=1,Respondida=S,Situação=Finalizada avaliada -> Ano.Abertura=2015
Ano.Abertura=2015,Respondida=S,Situação=Finalizada avaliada -> Mês.Abertura=1
Sexo=M,Ano.Abertura=2015,Mês.Abertura=1 -> Procurou.Empresa=S
Sexo=M,Mês.Abertura=1,Procurou.Empresa=S -> Ano.Abertura=2015
Sexo=M,Ano.Abertura=2015,Procurou.Empresa=S -> Mês.Abertura=1
Sexo=M,Ano.Abertura=2015,Mês.Abertura=1 -> Respondida=S
Sexo=M,Mês.Abertura=1,Respondida=S -> Ano.Abertura=2015
Sexo=M,Ano.Abertura=2015,Respondida=S -> Mês.Abertura=1
Ano.Abertura=2015,Mês.Abertura=1,Procurou.Empresa=S -> Respondida=S
Ano.Abertura=2015,Mês.Abertura=1,Respondida=S -> Procurou.Empresa=S
Mês.Abertura=1,Procurou.Empresa=S,Respondida=S -> Ano.Abertura=2015
Ano.Abertura=2015,Procurou.Empresa=S,Respondida=S -> Mês.Abertura=1
Sexo=M,Mês.Abertura=1,Situação=Finalizada avaliada -> Procurou.Empresa=S
Sexo=M,Mês.Abertura=1,Procurou.Empresa=S -> Situação=Finalizada avaliada
Sexo=M,Mês.Abertura=1,Situação=Finalizada avaliada -> Respondida=S
Sexo=M,Mês.Abertura=1,Respondida=S -> Situação=Finalizada avaliada
Mês.Abertura=1,Procurou.Empresa=S,Situação=Finalizada avaliada -> Respondida=S
Mês.Abertura=1,Respondida=S,Situação=Finalizada avaliada -> Procurou.Empresa=S
Mês.Abertura=1,Procurou.Empresa=S,Respondida=S -> Situação=Finalizada avaliada
Sexo=M,Ano.Abertura=2015,Situação=Finalizada avaliada -> Procurou.Empresa=S
Sexo=M,Ano.Abertura=2015,Procurou.Empresa=S -> Situação=Finalizada avaliada
Sexo=M,Ano.Abertura=2015,Situação=Finalizada avaliada -> Respondida=S
Sexo=M,Ano.Abertura=2015,Respondida=S -> Situação=Finalizada avaliada
Ano.Abertura=2015,Procurou.Empresa=S,Situação=Finalizada avaliada -> Respondida=S
Ano.Abertura=2015,Respondida=S,Situação=Finalizada avaliada -> Procurou.Empresa=S
Ano.Abertura=2015,Procurou.Empresa=S,Respondida=S -> Situação=Finalizada avaliada
Ano.Abertura=2015,Mês.Abertura=1,Avaliação.Reclamação=Resolvida,Nota.do.Consumidor=5 -> Situação=Finalizada avaliada
Mês.Abertura=1,Situação=Finalizada avaliada,Avaliação.Reclamação=Resolvida,Nota.do.Consumidor=5 -> Ano.Abertura=2015
Ano.Abertura=2015,Situação=Finalizada avaliada,Avaliação.Reclamação=Resolvida,Nota.do.Consumidor=5 -> Mês.Abertura=1
Ano.Abertura=2015,Mês.Abertura=1,Situação=Finalizada avaliada,Nota.do.Consumidor=5 -> Avaliação.Reclamação=Resolvida
Ano.Abertura=2015,Mês.Abertura=1,Avaliação.Reclamação=Resolvida,Nota.do.Consumidor=5 -> Respondida=S
Mês.Abertura=1,Respondida=S,Avaliação.Reclamação=Resolvida,Nota.do.Consumidor=5 -> Ano.Abertura=2015
Ano.Abertura=2015,Respondida=S,Avaliação.Reclamação=Resolvida,Nota.do.Consumidor=5 -> Mês.Abertura=1
Ano.Abertura=2015,Mês.Abertura=1,Respondida=S,Nota.do.Consumidor=5 -> Avaliação.Reclamação=Resolvida
Mês.Abertura=1,Situação=Finalizada avaliada,Avaliação.Reclamação=Resolvida,Nota.do.Consumidor=5 -> Respondida=S
Mês.Abertura=1,Respondida=S,Avaliação.Reclamação=Resolvida,Nota.do.Consumidor=5 -> Situação=Finalizada avaliada
Respondida=S,Situação=Finalizada avaliada,Avaliação.Reclamação=Resolvida,Nota.do.Consumidor=5 -> Mês.Abertura=1
Mês.Abertura=1,Respondida=S,Situação=Finalizada avaliada,Nota.do.Consumidor=5 -> Avaliação.Reclamação=Resolvida
Ano.Abertura=2015,Situação=Finalizada avaliada,Avaliação.Reclamação=Resolvida,Nota.do.Consumidor=5 -> Respondida=S
Ano.Abertura=2015,Respondida=S,Avaliação.Reclamação=Resolvida,Nota.do.Consumidor=5 -> Situação=Finalizada avaliada
Respondida=S,Situação=Finalizada avaliada,Avaliação.Reclamação=Resolvida,Nota.do.Consumidor=5 -> Ano.Abertura=2015
Ano.Abertura=2015,Respondida=S,Situação=Finalizada avaliada,Nota.do.Consumidor=5 -> Avaliação.Reclamação=Resolvida
Procurou.Empresa=S,Situação=Finalizada avaliada,Avaliação.Reclamação=Resolvida,Nota.do.Consumidor=5 -> Respondida=S
Respondida=S,Situação=Finalizada avaliada,Avaliação.Reclamação=Resolvida,Nota.do.Consumidor=5 -> Procurou.Empresa=S
Procurou.Empresa=S,Respondida=S,Avaliação.Reclamação=Resolvida,Nota.do.Consumidor=5 -> Situação=Finalizada avaliada
Procurou.Empresa=S,Respondida=S,Situação=Finalizada avaliada,Nota.do.Consumidor=5 -> Avaliação.Reclamação=Resolvida
Ano.Abertura=2015,Mês.Abertura=1,Situação=Finalizada avaliada,Nota.do.Consumidor=5 -> Respondida=S
Ano.Abertura=2015,Mês.Abertura=1,Respondida=S,Nota.do.Consumidor=5 -> Situação=Finalizada avaliada
Mês.Abertura=1,Respondida=S,Situação=Finalizada avaliada,Nota.do.Consumidor=5 -> Ano.Abertura=2015
Ano.Abertura=2015,Respondida=S,Situação=Finalizada avaliada,Nota.do.Consumidor=5 -> Mês.Abertura=1
Como.Comprou.Contratou=Telefone,Procurou.Empresa=S,Respondida=S,Situação=Finalizada avaliada -> Segmento.de.Mercado=Operadoras de Telecomunicações (Telefonia, Internet, TV por assinatura)
Grupo.Problema=Cobrança / Contestação,Procurou.Empresa=S,Situação=Finalizada avaliada,Avaliação.Reclamação=Resolvida -> Respondida=S
Grupo.Problema=Cobrança / Contestação,Respondida=S,Situação=Finalizada avaliada,Avaliação.Reclamação=Resolvida -> Procurou.Empresa=S
Grupo.Problema=Cobrança / Contestação,Procurou.Empresa=S,Respondida=S,Avaliação.Reclamação=Resolvida -> Situação=Finalizada avaliada
Ano.Abertura=2015,Mês.Abertura=1,Grupo.Problema=Cobrança / Contestação,Situação=Finalizada avaliada -> Respondida=S
Ano.Abertura=2015,Mês.Abertura=1,Grupo.Problema=Cobrança / Contestação,Respondida=S -> Situação=Finalizada avaliada
Mês.Abertura=1,Grupo.Problema=Cobrança / Contestação,Respondida=S,Situação=Finalizada avaliada -> Ano.Abertura=2015
Ano.Abertura=2015,Grupo.Problema=Cobrança / Contestação,Respondida=S,Situação=Finalizada avaliada -> Mês.Abertura=1
Ano.Abertura=2015,Mês.Abertura=1,Grupo.Problema=Cobrança / Contestação,Procurou.Empresa=S -> Respondida=S
Ano.Abertura=2015,Mês.Abertura=1,Grupo.Problema=Cobrança / Contestação,Respondida=S -> Procurou.Empresa=S
Mês.Abertura=1,Grupo.Problema=Cobrança / Contestação,Procurou.Empresa=S,Respondida=S -> Ano.Abertura=2015
Ano.Abertura=2015,Grupo.Problema=Cobrança / Contestação,Procurou.Empresa=S,Respondida=S -> Mês.Abertura=1
Faixa.Etária=entre 21 a 30 anos,Ano.Abertura=2015,Mês.Abertura=1,Situação=Finalizada avaliada -> Respondida=S
Faixa.Etária=entre 21 a 30 anos,Ano.Abertura=2015,Mês.Abertura=1,Respondida=S -> Situação=Finalizada avaliada
Faixa.Etária=entre 21 a 30 anos,Mês.Abertura=1,Respondida=S,Situação=Finalizada avaliada -> Ano.Abertura=2015
Faixa.Etária=entre 21 a 30 anos,Ano.Abertura=2015,Respondida=S,Situação=Finalizada avaliada -> Mês.Abertura=1
Faixa.Etária=entre 21 a 30 anos,Ano.Abertura=2015,Mês.Abertura=1,Procurou.Empresa=S -> Respondida=S
Faixa.Etária=entre 21 a 30 anos,Ano.Abertura=2015,Mês.Abertura=1,Respondida=S -> Procurou.Empresa=S
Faixa.Etária=entre 21 a 30 anos,Mês.Abertura=1,Procurou.Empresa=S,Respondida=S -> Ano.Abertura=2015
Faixa.Etária=entre 21 a 30 anos,Ano.Abertura=2015,Procurou.Empresa=S,Respondida=S -> Mês.Abertura=1
Sexo=F,Ano.Abertura=2015,Mês.Abertura=1,Situação=Finalizada avaliada -> Respondida=S
Sexo=F,Ano.Abertura=2015,Mês.Abertura=1,Respondida=S -> Situação=Finalizada avaliada
Sexo=F,Mês.Abertura=1,Respondida=S,Situação=Finalizada avaliada -> Ano.Abertura=2015
Sexo=F,Ano.Abertura=2015,Respondida=S,Situação=Finalizada avaliada -> Mês.Abertura=1
Sexo=F,Ano.Abertura=2015,Mês.Abertura=1,Procurou.Empresa=S -> Respondida=S
Sexo=F,Ano.Abertura=2015,Mês.Abertura=1,Respondida=S -> Procurou.Empresa=S
Sexo=M,Ano.Abertura=2015,Mês.Abertura=1,Avaliação.Reclamação=Resolvida -> Situação=Finalizada avaliada
Sexo=M,Mês.Abertura=1,Situação=Finalizada avaliada,Avaliação.Reclamação=Resolvida -> Ano.Abertura=2015
Sexo=M,Ano.Abertura=2015,Situação=Finalizada avaliada,Avaliação.Reclamação=Resolvida -> Mês.Abertura=1
Ano.Abertura=2015,Mês.Abertura=1,Situação=Finalizada avaliada,Avaliação.Reclamação=Resolvida -> Procurou.Empresa=S
Ano.Abertura=2015,Mês.Abertura=1,Procurou.Empresa=S,Avaliação.Reclamação=Resolvida -> Situação=Finalizada avaliada
Mês.Abertura=1,Procurou.Empresa=S,Situação=Finalizada avaliada,Avaliação.Reclamação=Resolvida -> Ano.Abertura=2015
Ano.Abertura=2015,Procurou.Empresa=S,Situação=Finalizada avaliada,Avaliação.Reclamação=Resolvida -> Mês.Abertura=1
Ano.Abertura=2015,Mês.Abertura=1,Situação=Finalizada avaliada,Avaliação.Reclamação=Resolvida -> Respondida=S
Ano.Abertura=2015,Mês.Abertura=1,Respondida=S,Avaliação.Reclamação=Resolvida -> Situação=Finalizada avaliada
Mês.Abertura=1,Respondida=S,Situação=Finalizada avaliada,Avaliação.Reclamação=Resolvida -> Ano.Abertura=2015
Ano.Abertura=2015,Respondida=S,Situação=Finalizada avaliada,Avaliação.Reclamação=Resolvida -> Mês.Abertura=1
Sexo=M,Ano.Abertura=2015,Mês.Abertura=1,Avaliação.Reclamação=Resolvida -> Procurou.Empresa=S
Sexo=M,Mês.Abertura=1,Procurou.Empresa=S,Avaliação.Reclamação=Resolvida -> Ano.Abertura=2015
Sexo=M,Ano.Abertura=2015,Procurou.Empresa=S,Avaliação.Reclamação=Resolvida -> Mês.Abertura=1
Sexo=M,Ano.Abertura=2015,Mês.Abertura=1,Avaliação.Reclamação=Resolvida -> Respondida=S
Sexo=M,Mês.Abertura=1,Respondida=S,Avaliação.Reclamação=Resolvida -> Ano.Abertura=2015
Sexo=M,Ano.Abertura=2015,Respondida=S,Avaliação.Reclamação=Resolvida -> Mês.Abertura=1
Ano.Abertura=2015,Mês.Abertura=1,Procurou.Empresa=S,Avaliação.Reclamação=Resolvida -> Respondida=S
Ano.Abertura=2015,Mês.Abertura=1,Respondida=S,Avaliação.Reclamação=Resolvida -> Procurou.Empresa=S
Mês.Abertura=1,Procurou.Empresa=S,Respondida=S,Avaliação.Reclamação=Resolvida -> Ano.Abertura=2015
Ano.Abertura=2015,Procurou.Empresa=S,Respondida=S,Avaliação.Reclamação=Resolvida -> Mês.Abertura=1
Sexo=M,Mês.Abertura=1,Situação=Finalizada avaliada,Avaliação.Reclamação=Resolvida -> Procurou.Empresa=S
Sexo=M,Mês.Abertura=1,Procurou.Empresa=S,Avaliação.Reclamação=Resolvida -> Situação=Finalizada avaliada
Sexo=M,Mês.Abertura=1,Situação=Finalizada avaliada,Avaliação.Reclamação=Resolvida -> Respondida=S
Sexo=M,Mês.Abertura=1,Respondida=S,Avaliação.Reclamação=Resolvida -> Situação=Finalizada avaliada
Mês.Abertura=1,Procurou.Empresa=S,Situação=Finalizada avaliada,Avaliação.Reclamação=Resolvida -> Respondida=S
Mês.Abertura=1,Respondida=S,Situação=Finalizada avaliada,Avaliação.Reclamação=Resolvida -> Procurou.Empresa=S
Mês.Abertura=1,Procurou.Empresa=S,Respondida=S,Avaliação.Reclamação=Resolvida -> Situação=Finalizada avaliada
Sexo=M,Mês.Abertura=1,Procurou.Empresa=S,Avaliação.Reclamação=Resolvida -> Respondida=S
Sexo=M,Mês.Abertura=1,Respondida=S,Avaliação.Reclamação=Resolvida -> Procurou.Empresa=S
Sexo=M,Ano.Abertura=2015,Situação=Finalizada avaliada,Avaliação.Reclamação=Resolvida -> Procurou.Empresa=S
Sexo=M,Ano.Abertura=2015,Procurou.Empresa=S,Avaliação.Reclamação=Resolvida -> Situação=Finalizada avaliada
Sexo=M,Ano.Abertura=2015,Situação=Finalizada avaliada,Avaliação.Reclamação=Resolvida -> Respondida=S
Sexo=M,Ano.Abertura=2015,Respondida=S,Avaliação.Reclamação=Resolvida -> Situação=Finalizada avaliada
Ano.Abertura=2015,Procurou.Empresa=S,Situação=Finalizada avaliada,Avaliação.Reclamação=Resolvida -> Respondida=S
Ano.Abertura=2015,Respondida=S,Situação=Finalizada avaliada,Avaliação.Reclamação=Resolvida -> Procurou.Empresa=S
Ano.Abertura=2015,Procurou.Empresa=S,Respondida=S,Avaliação.Reclamação=Resolvida -> Situação=Finalizada avaliada
Sexo=M,Ano.Abertura=2015,Procurou.Empresa=S,Avaliação.Reclamação=Resolvida -> Respondida=S
Sexo=M,Ano.Abertura=2015,Respondida=S,Avaliação.Reclamação=Resolvida -> Procurou.Empresa=S
Sexo=M,Procurou.Empresa=S,Situação=Finalizada avaliada,Avaliação.Reclamação=Resolvida -> Respondida=S
Sexo=M,Respondida=S,Situação=Finalizada avaliada,Avaliação.Reclamação=Resolvida -> Procurou.Empresa=S
Sexo=M,Ano.Abertura=2015,Mês.Abertura=1,Situação=Finalizada avaliada -> Procurou.Empresa=S
Sexo=M,Ano.Abertura=2015,Mês.Abertura=1,Procurou.Empresa=S -> Situação=Finalizada avaliada
Sexo=M,Mês.Abertura=1,Procurou.Empresa=S,Situação=Finalizada avaliada -> Ano.Abertura=2015
Sexo=M,Ano.Abertura=2015,Procurou.Empresa=S,Situação=Finalizada avaliada -> Mês.Abertura=1
Sexo=M,Ano.Abertura=2015,Mês.Abertura=1,Situação=Finalizada avaliada -> Respondida=S
Sexo=M,Ano.Abertura=2015,Mês.Abertura=1,Respondida=S -> Situação=Finalizada avaliada
Sexo=M,Mês.Abertura=1,Respondida=S,Situação=Finalizada avaliada -> Ano.Abertura=2015
Sexo=M,Ano.Abertura=2015,Respondida=S,Situação=Finalizada avaliada -> Mês.Abertura=1
Ano.Abertura=2015,Mês.Abertura=1,Procurou.Empresa=S,Situação=Finalizada avaliada -> Respondida=S
Ano.Abertura=2015,Mês.Abertura=1,Respondida=S,Situação=Finalizada avaliada -> Procurou.Empresa=S
Ano.Abertura=2015,Mês.Abertura=1,Procurou.Empresa=S,Respondida=S -> Situação=Finalizada avaliada
Mês.Abertura=1,Procurou.Empresa=S,Respondida=S,Situação=Finalizada avaliada -> Ano.Abertura=2015
Ano.Abertura=2015,Procurou.Empresa=S,Respondida=S,Situação=Finalizada avaliada -> Mês.Abertura=1
Sexo=M,Ano.Abertura=2015,Mês.Abertura=1,Procurou.Empresa=S -> Respondida=S
Sexo=M,Ano.Abertura=2015,Mês.Abertura=1,Respondida=S -> Procurou.Empresa=S
Sexo=M,Mês.Abertura=1,Procurou.Empresa=S,Situação=Finalizada avaliada -> Respondida=S
Sexo=M,Mês.Abertura=1,Respondida=S,Situação=Finalizada avaliada -> Procurou.Empresa=S
Sexo=M,Ano.Abertura=2015,Procurou.Empresa=S,Situação=Finalizada avaliada -> Respondida=S
Sexo=M,Ano.Abertura=2015,Respondida=S,Situação=Finalizada avaliada -> Procurou.Empresa=S
Ano.Abertura=2015,Mês.Abertura=1,Situação=Finalizada avaliada,Avaliação.Reclamação=Resolvida,Nota.do.Consumidor=5 -> Respondida=S
Ano.Abertura=2015,Mês.Abertura=1,Respondida=S,Avaliação.Reclamação=Resolvida,Nota.do.Consumidor=5 -> Situação=Finalizada avaliada
Mês.Abertura=1,Respondida=S,Situação=Finalizada avaliada,Avaliação.Reclamação=Resolvida,Nota.do.Consumidor=5 -> Ano.Abertura=2015
Ano.Abertura=2015,Respondida=S,Situação=Finalizada avaliada,Avaliação.Reclamação=Resolvida,Nota.do.Consumidor=5 -> Mês.Abertura=1
Ano.Abertura=2015,Mês.Abertura=1,Respondida=S,Situação=Finalizada avaliada,Nota.do.Consumidor=5 -> Avaliação.Reclamação=Resolvida
Sexo=M,Ano.Abertura=2015,Mês.Abertura=1,Situação=Finalizada avaliada,Avaliação.Reclamação=Resolvida -> Procurou.Empresa=S
Sexo=M,Ano.Abertura=2015,Mês.Abertura=1,Procurou.Empresa=S,Avaliação.Reclamação=Resolvida -> Situação=Finalizada avaliada
Sexo=M,Mês.Abertura=1,Procurou.Empresa=S,Situação=Finalizada avaliada,Avaliação.Reclamação=Resolvida -> Ano.Abertura=2015
Sexo=M,Ano.Abertura=2015,Procurou.Empresa=S,Situação=Finalizada avaliada,Avaliação.Reclamação=Resolvida -> Mês.Abertura=1
Sexo=M,Ano.Abertura=2015,Mês.Abertura=1,Situação=Finalizada avaliada,Avaliação.Reclamação=Resolvida -> Respondida=S
Sexo=M,Ano.Abertura=2015,Mês.Abertura=1,Respondida=S,Avaliação.Reclamação=Resolvida -> Situação=Finalizada avaliada
Sexo=M,Mês.Abertura=1,Respondida=S,Situação=Finalizada avaliada,Avaliação.Reclamação=Resolvida -> Ano.Abertura=2015
Sexo=M,Ano.Abertura=2015,Respondida=S,Situação=Finalizada avaliada,Avaliação.Reclamação=Resolvida -> Mês.Abertura=1
Ano.Abertura=2015,Mês.Abertura=1,Procurou.Empresa=S,Situação=Finalizada avaliada,Avaliação.Reclamação=Resolvida -> Respondida=S
Ano.Abertura=2015,Mês.Abertura=1,Respondida=S,Situação=Finalizada avaliada,Avaliação.Reclamação=Resolvida -> Procurou.Empresa=S
Ano.Abertura=2015,Mês.Abertura=1,Procurou.Empresa=S,Respondida=S,Avaliação.Reclamação=Resolvida -> Situação=Finalizada avaliada
Mês.Abertura=1,Procurou.Empresa=S,Respondida=S,Situação=Finalizada avaliada,Avaliação.Reclamação=Resolvida -> Ano.Abertura=2015
Ano.Abertura=2015,Procurou.Empresa=S,Respondida=S,Situação=Finalizada avaliada,Avaliação.Reclamação=Resolvida -> Mês.Abertura=1
Sexo=M,Ano.Abertura=2015,Mês.Abertura=1,Procurou.Empresa=S,Avaliação.Reclamação=Resolvida -> Respondida=S
Sexo=M,Ano.Abertura=2015,Mês.Abertura=1,Respondida=S,Avaliação.Reclamação=Resolvida -> Procurou.Empresa=S
Sexo=M,Mês.Abertura=1,Procurou.Empresa=S,Respondida=S,Avaliação.Reclamação=Resolvida -> Ano.Abertura=2015
Sexo=M,Ano.Abertura=2015,Procurou.Empresa=S,Respondida=S,Avaliação.Reclamação=Resolvida -> Mês.Abertura=1
Sexo=M,Mês.Abertura=1,Procurou.Empresa=S,Situação=Finalizada avaliada,Avaliação.Reclamação=Resolvida -> Respondida=S
Sexo=M,Mês.Abertura=1,Respondida=S,Situação=Finalizada avaliada,Avaliação.Reclamação=Resolvida -> Procurou.Empresa=S
Sexo=M,Mês.Abertura=1,Procurou.Empresa=S,Respondida=S,Avaliação.Reclamação=Resolvida -> Situação=Finalizada avaliada
Sexo=M,Ano.Abertura=2015,Procurou.Empresa=S,Situação=Finalizada avaliada,Avaliação.Reclamação=Resolvida -> Respondida=S
Sexo=M,Ano.Abertura=2015,Respondida=S,Situação=Finalizada avaliada,Avaliação.Reclamação=Resolvida -> Procurou.Empresa=S
Sexo=M,Ano.Abertura=2015,Procurou.Empresa=S,Respondida=S,Avaliação.Reclamação=Resolvida -> Situação=Finalizada avaliada
Sexo=M,Ano.Abertura=2015,Mês.Abertura=1,Procurou.Empresa=S,Situação=Finalizada avaliada -> Respondida=S
Sexo=M,Ano.Abertura=2015,Mês.Abertura=1,Respondida=S,Situação=Finalizada avaliada -> Procurou.Empresa=S
Sexo=M,Ano.Abertura=2015,Mês.Abertura=1,Procurou.Empresa=S,Respondida=S -> Situação=Finalizada avaliada
Sexo=M,Mês.Abertura=1,Procurou.Empresa=S,Respondida=S,Situação=Finalizada avaliada -> Ano.Abertura=2015
Sexo=M,Ano.Abertura=2015,Procurou.Empresa=S,Respondida=S,Situação=Finalizada avaliada -> Mês.Abertura=1
Sexo=M,Ano.Abertura=2015,Mês.Abertura=1,Procurou.Empresa=S,Situação=Finalizada avaliada,Avaliação.Reclamação=Resolvida -> Respondida=S
Sexo=M,Ano.Abertura=2015,Mês.Abertura=1,Respondida=S,Situação=Finalizada avaliada,Avaliação.Reclamação=Resolvida -> Procurou.Empresa=S
Sexo=M,Ano.Abertura=2015,Mês.Abertura=1,Procurou.Empresa=S,Respondida=S,Avaliação.Reclamação=Resolvida -> Situação=Finalizada avaliada
Sexo=M,Mês.Abertura=1,Procurou.Empresa=S,Respondida=S,Situação=Finalizada avaliada,Avaliação.Reclamação=Resolvida -> Ano.Abertura=2015
Sexo=M,Ano.Abertura=2015,Procurou.Empresa=S,Respondida=S,Situação=Finalizada avaliada,Avaliação.Reclamação=Resolvida -> Mês.Abertura=1
