 age.30.39 -> menopause.premeno
 age.40.49 -> menopause.premeno
 age.30.39,breast.left -> menopause.premeno
 age.30.39,inv.nodes.0.2 -> menopause.premeno
 age.30.39,irradiat.no -> menopause.premeno
 age.30.39,node.caps.no -> menopause.premeno
age.40.49,irradiat.yes -> menopause.premeno
age.40.49,Class.recurrence.events -> menopause.premeno
age.40.49,breast.quad.left_up -> menopause.premeno
age.40.49,breast.quad.left_low -> menopause.premeno
age.40.49,deg.malig.2 -> menopause.premeno
age.40.49,breast.right -> menopause.premeno
age.40.49,breast.left -> menopause.premeno
age.40.49,Class.no.recurrence.events -> menopause.premeno
age.40.49,inv.nodes.0.2 -> menopause.premeno
age.40.49,irradiat.no -> menopause.premeno
age.40.49,node.caps.no -> menopause.premeno
age.30.39,inv.nodes.0.2,irradiat.no -> menopause.premeno
age.30.39,inv.nodes.0.2,node.caps.no -> menopause.premeno
age.30.39,node.caps.no,irradiat.no -> menopause.premeno
age.40.49,breast.quad.left_up,irradiat.no -> menopause.premeno
age.40.49,inv.nodes.0.2,breast.quad.left_low -> menopause.premeno
age.40.49,node.caps.no,breast.quad.left_low -> menopause.premeno
age.40.49,deg.malig.2,breast.right -> menopause.premeno
age.40.49,deg.malig.2,Class.no.recurrence.events -> menopause.premeno
age.40.49,inv.nodes.0.2,deg.malig.2 -> menopause.premeno
age.40.49,deg.malig.2,irradiat.no -> menopause.premeno
age.40.49,node.caps.no,deg.malig.2 -> menopause.premeno
age.40.49,breast.right,Class.no.recurrence.events -> menopause.premeno
age.40.49,inv.nodes.0.2,breast.right -> menopause.premeno
age.40.49,breast.right,irradiat.no -> menopause.premeno
age.40.49,node.caps.no,breast.right -> menopause.premeno
age.40.49,breast.left,Class.no.recurrence.events -> menopause.premeno
age.40.49,inv.nodes.0.2,breast.left -> menopause.premeno
age.40.49,breast.left,irradiat.no -> menopause.premeno
age.40.49,node.caps.no,breast.left -> menopause.premeno
age.40.49,inv.nodes.0.2,Class.no.recurrence.events -> menopause.premeno
age.40.49,irradiat.no,Class.no.recurrence.events -> menopause.premeno
age.40.49,node.caps.no,Class.no.recurrence.events -> menopause.premeno
age.40.49,inv.nodes.0.2,irradiat.no -> menopause.premeno
age.40.49,inv.nodes.0.2,node.caps.no -> menopause.premeno
age.40.49,node.caps.no,irradiat.no -> menopause.premeno
age.30.39,inv.nodes.0.2,node.caps.no,irradiat.no -> menopause.premeno
age.40.49,inv.nodes.0.2,node.caps.no,breast.quad.left_low -> menopause.premeno
age.40.49,inv.nodes.0.2,deg.malig.2,Class.no.recurrence.events -> menopause.premeno
age.40.49,deg.malig.2,irradiat.no,Class.no.recurrence.events -> menopause.premeno
age.40.49,node.caps.no,deg.malig.2,Class.no.recurrence.events -> menopause.premeno
age.40.49,inv.nodes.0.2,deg.malig.2,irradiat.no -> menopause.premeno
age.40.49,inv.nodes.0.2,node.caps.no,deg.malig.2 -> menopause.premeno
age.40.49,node.caps.no,deg.malig.2,irradiat.no -> menopause.premeno
age.40.49,inv.nodes.0.2,breast.right,Class.no.recurrence.events -> menopause.premeno
age.40.49,breast.right,irradiat.no,Class.no.recurrence.events -> menopause.premeno
age.40.49,node.caps.no,breast.right,Class.no.recurrence.events -> menopause.premeno
age.40.49,inv.nodes.0.2,breast.right,irradiat.no -> menopause.premeno
age.40.49,inv.nodes.0.2,node.caps.no,breast.right -> menopause.premeno
age.40.49,node.caps.no,breast.right,irradiat.no -> menopause.premeno
age.40.49,inv.nodes.0.2,breast.left,Class.no.recurrence.events -> menopause.premeno
age.40.49,node.caps.no,breast.left,Class.no.recurrence.events -> menopause.premeno
age.40.49,inv.nodes.0.2,breast.left,irradiat.no -> menopause.premeno
age.40.49,inv.nodes.0.2,node.caps.no,breast.left -> menopause.premeno
age.40.49,node.caps.no,breast.left,irradiat.no -> menopause.premeno
age.40.49,inv.nodes.0.2,irradiat.no,Class.no.recurrence.events -> menopause.premeno
age.40.49,inv.nodes.0.2,node.caps.no,Class.no.recurrence.events -> menopause.premeno
age.40.49,node.caps.no,irradiat.no,Class.no.recurrence.events -> menopause.premeno
age.40.49,inv.nodes.0.2,node.caps.no,irradiat.no -> menopause.premeno
age.40.49,inv.nodes.0.2,deg.malig.2,irradiat.no,Class.no.recurrence.events -> menopause.premeno
age.40.49,inv.nodes.0.2,node.caps.no,deg.malig.2,Class.no.recurrence.events -> menopause.premeno
age.40.49,node.caps.no,deg.malig.2,irradiat.no,Class.no.recurrence.events -> menopause.premeno
age.40.49,inv.nodes.0.2,node.caps.no,deg.malig.2,irradiat.no -> menopause.premeno
age.40.49,inv.nodes.0.2,breast.right,irradiat.no,Class.no.recurrence.events -> menopause.premeno
age.40.49,inv.nodes.0.2,node.caps.no,breast.right,Class.no.recurrence.events -> menopause.premeno
age.40.49,node.caps.no,breast.right,irradiat.no,Class.no.recurrence.events -> menopause.premeno
age.40.49,inv.nodes.0.2,node.caps.no,breast.right,irradiat.no -> menopause.premeno
age.40.49,inv.nodes.0.2,node.caps.no,breast.left,Class.no.recurrence.events -> menopause.premeno
age.40.49,inv.nodes.0.2,node.caps.no,breast.left,irradiat.no -> menopause.premeno
age.40.49,inv.nodes.0.2,node.caps.no,irradiat.no,Class.no.recurrence.events -> menopause.premeno
age.40.49,inv.nodes.0.2,node.caps.no,deg.malig.2,irradiat.no,Class.no.recurrence.events -> menopause.premeno
age.40.49,inv.nodes.0.2,node.caps.no,breast.right,irradiat.no,Class.no.recurrence.events -> menopause.premeno
