workclass=Private,marital-status=Married-civ-spouse,race=White,capital-loss=None,native-country=United-States -> sex=Male
marital-status=Married-civ-spouse,race=White,capital-loss=None,hours-per-week=Full-time,native-country=United-States -> sex=Male
education=Some-college,race=White -> native-country=United-States
education=HS-grad,race=White,sex=Male -> native-country=United-States
race=White,sex=Male,hours-per-week=Over-time -> native-country=United-States
education=HS-grad,race=White -> native-country=United-States
race=White,hours-per-week=Over-time -> native-country=United-States
workclass=Private,education=HS-grad,race=White -> native-country=United-States
workclass=Private,race=White,hours-per-week=Over-time -> native-country=United-States
education=HS-grad,race=White,hours-per-week=Full-time -> native-country=United-States
age=Senior,race=White,sex=Male -> native-country=United-States
age=Young,race=White -> native-country=United-States
race=White,sex=Female -> native-country=United-States
marital-status=Married-civ-spouse,race=White,sex=Male -> native-country=United-States
age=Senior,race=White -> native-country=United-States
marital-status=Married-civ-spouse,race=White -> native-country=United-States
race=White -> native-country=United-States
marital-status=Never-married,race=White -> native-country=United-States
workclass=Private,race=White,sex=Female -> native-country=United-States
race=White,sex=Male -> native-country=United-States
age=Middle-aged,marital-status=Married-civ-spouse,race=White,sex=Male -> native-country=United-States
marital-status=Never-married,race=White,income=small -> native-country=United-States
race=White,sex=Female,hours-per-week=Full-time -> native-country=United-States
age=Middle-aged,marital-status=Married-civ-spouse,race=White -> native-country=United-States
age=Middle-aged,race=White -> native-country=United-States
workclass=Private,marital-status=Married-civ-spouse,race=White,sex=Male -> native-country=United-States
age=Middle-aged,race=White,sex=Male -> native-country=United-States
workclass=Private,race=White -> native-country=United-States
workclass=Private,marital-status=Married-civ-spouse,race=White -> native-country=United-States
workclass=Private,marital-status=Never-married,race=White -> native-country=United-States
race=White,income=small -> native-country=United-States
workclass=Private,race=White,sex=Male -> native-country=United-States
age=Middle-aged,workclass=Private,race=White -> native-country=United-States
race=White,hours-per-week=Full-time -> native-country=United-States
race=White,sex=Male,income=small -> native-country=United-States
age=Middle-aged,workclass=Private,race=White,sex=Male -> native-country=United-States
age=Middle-aged,race=White,income=small -> native-country=United-States
marital-status=Married-civ-spouse,race=White,sex=Male,hours-per-week=Full-time -> native-country=United-States
marital-status=Married-civ-spouse,race=White,hours-per-week=Full-time -> native-country=United-States
race=White,sex=Male,hours-per-week=Full-time -> native-country=United-States
age=Middle-aged,race=White,hours-per-week=Full-time -> native-country=United-States
workclass=Private,race=White,income=small -> native-country=United-States
race=White,hours-per-week=Full-time,income=small -> native-country=United-States
workclass=Private,race=White,sex=Male,hours-per-week=Full-time -> capital-gain=None
workclass=Private,race=White,hours-per-week=Full-time -> native-country=United-States
workclass=Private,race=White,sex=Male,income=small -> native-country=United-States
age=Middle-aged,workclass=Private,race=White,hours-per-week=Full-time -> native-country=United-States
workclass=Private,race=White,sex=Male,hours-per-week=Full-time -> native-country=United-States
workclass=Private,race=White,hours-per-week=Full-time,income=small -> native-country=United-States
workclass=Private,race=White,sex=Male -> capital-gain=None
age=Middle-aged,workclass=Private,race=White,sex=Male -> capital-gain=None
marital-status=Married-civ-spouse,race=White,sex=Male,hours-per-week=Full-time -> capital-gain=None
age=Middle-aged,marital-status=Married-civ-spouse,race=White,sex=Male -> capital-gain=None
workclass=Private,marital-status=Married-civ-spouse,race=White,sex=Male -> capital-gain=None
workclass=Private,marital-status=Married-civ-spouse,race=White -> capital-gain=None
marital-status=Married-civ-spouse,race=White,sex=Male -> capital-gain=None
