age=Young,capital-loss=None,native-country=United-States -> marital-status=Never-married
age=Young,capital-gain=None,capital-loss=None -> marital-status=Never-married
age=Young,capital-loss=None -> marital-status=Never-married
age=Young -> marital-status=Never-married
age=Young,workclass=Private -> capital-loss=None
age=Young,marital-status=Never-married -> capital-loss=None
age=Young,race=White -> capital-loss=None
age=Young -> capital-loss=None
age=Young,marital-status=Never-married,capital-gain=None -> capital-loss=None
age=Young,marital-status=Never-married,native-country=United-States -> capital-loss=None
age=Young,race=White,capital-gain=None -> capital-loss=None
age=Young,native-country=United-States -> capital-loss=None
age=Young,capital-gain=None -> capital-loss=None
age=Young,race=White,native-country=United-States -> capital-loss=None
age=Young,capital-gain=None,native-country=United-States -> capital-loss=None
workclass=Private,marital-status=Never-married,income=small -> capital-loss=None
workclass=Private,marital-status=Never-married,capital-gain=None,income=small -> capital-loss=None
marital-status=Never-married,race=White,income=small -> capital-loss=None
marital-status=Never-married,income=small -> capital-loss=None
workclass=Private,hours-per-week=Full-time,income=small -> capital-loss=None
marital-status=Never-married,native-country=United-States,income=small -> capital-loss=None
marital-status=Never-married,race=White,capital-gain=None,income=small -> capital-loss=None
marital-status=Never-married,capital-gain=None,income=small -> capital-loss=None
workclass=Private,race=White,hours-per-week=Full-time,income=small -> capital-loss=None
marital-status=Never-married,race=White,native-country=United-States,income=small -> capital-loss=None
workclass=Private,marital-status=Never-married -> capital-loss=None
workclass=Private,hours-per-week=Full-time,native-country=United-States,income=small -> capital-loss=None
workclass=Private,marital-status=Never-married,native-country=United-States -> capital-loss=None
sex=Female,income=small -> capital-loss=None
marital-status=Never-married,capital-gain=None,native-country=United-States,income=small -> capital-loss=None
workclass=Private,capital-gain=None,hours-per-week=Full-time,income=small -> capital-loss=None
sex=Female,native-country=United-States,income=small -> capital-loss=None
workclass=Private,marital-status=Never-married,race=White -> capital-loss=None
workclass=Private,race=White,capital-gain=None,hours-per-week=Full-time,income=small -> capital-loss=None
workclass=Private,income=small -> capital-loss=None
workclass=Private,marital-status=Never-married,race=White,native-country=United-States -> capital-loss=None
workclass=Private,marital-status=Never-married,capital-gain=None -> capital-loss=None
workclass=Private,capital-gain=None,hours-per-week=Full-time,native-country=United-States,income=small -> capital-loss=None
workclass=Private,race=White,hours-per-week=Full-time,native-country=United-States,income=small -> capital-loss=None
race=White,sex=Female,income=small -> capital-loss=None
sex=Female,capital-gain=None,income=small -> capital-loss=None
workclass=Private,marital-status=Never-married,capital-gain=None,native-country=United-States -> capital-loss=None
sex=Female,capital-gain=None,native-country=United-States,income=small -> capital-loss=None
workclass=Private,marital-status=Never-married,race=White,capital-gain=None -> capital-loss=None
marital-status=Never-married,hours-per-week=Full-time,native-country=United-States -> capital-loss=None
marital-status=Never-married,hours-per-week=Full-time -> capital-loss=None
workclass=Private,native-country=United-States,income=small -> capital-loss=None
hours-per-week=Full-time,income=small -> capital-loss=None
workclass=Private,race=White,income=small -> capital-loss=None
education=HS-grad,income=small -> capital-loss=None
workclass=Private,capital-gain=None,income=small -> capital-loss=None
workclass=Private,marital-status=Never-married,race=White,capital-gain=None,native-country=United-States -> capital-loss=None
workclass=Private,sex=Male,income=small -> capital-loss=None
workclass=Private,race=White,capital-gain=None,hours-per-week=Full-time,native-country=United-States,income=small -> capital-loss=None
hours-per-week=Full-time,native-country=United-States,income=small -> capital-loss=None
race=White,hours-per-week=Full-time,income=small -> capital-loss=None
income=small -> capital-loss=None
workclass=Private,education=HS-grad,hours-per-week=Full-time -> capital-loss=None
marital-status=Never-married -> capital-loss=None
marital-status=Never-married,race=White,hours-per-week=Full-time -> capital-loss=None
marital-status=Never-married,capital-gain=None,hours-per-week=Full-time -> capital-loss=None
marital-status=Never-married,capital-gain=None,hours-per-week=Full-time,native-country=United-States -> capital-loss=None
native-country=United-States,income=small -> capital-loss=None
marital-status=Never-married,native-country=United-States -> capital-loss=None
workclass=Private,capital-gain=None,native-country=United-States,income=small -> capital-loss=None
race=White,income=small -> capital-loss=None
capital-gain=None,hours-per-week=Full-time,income=small -> capital-loss=None
workclass=Private,race=White,capital-gain=None,income=small -> capital-loss=None
education=HS-grad,native-country=United-States,income=small -> capital-loss=None
marital-status=Never-married,race=White -> capital-loss=None
workclass=Private,sex=Female,hours-per-week=Full-time -> capital-loss=None
education=HS-grad,capital-gain=None,income=small -> capital-loss=None
workclass=Private,race=White,native-country=United-States,income=small -> capital-loss=None
workclass=Private,race=White,sex=Male,income=small -> capital-loss=None
marital-status=Never-married,sex=Male -> capital-loss=None
sex=Male,hours-per-week=Full-time,income=small -> capital-loss=None
capital-gain=None,hours-per-week=Full-time,native-country=United-States,income=small -> capital-loss=None
race=White,sex=Male,hours-per-week=Full-time,income=small -> capital-loss=None
race=White,hours-per-week=Full-time,native-country=United-States,income=small -> capital-loss=None
age=Middle-aged,hours-per-week=Full-time,income=small -> capital-loss=None
workclass=Private,sex=Male,capital-gain=None,income=small -> capital-loss=None
race=White,capital-gain=None,hours-per-week=Full-time,income=small -> capital-loss=None
capital-gain=None,income=small -> capital-loss=None
workclass=Private,sex=Male,native-country=United-States,income=small -> capital-loss=None
sex=Male,income=small -> capital-loss=None
sex=Male,hours-per-week=Full-time,native-country=United-States,income=small -> capital-loss=None
marital-status=Never-married,capital-gain=None -> capital-loss=None
age=Middle-aged,workclass=Private,income=small -> capital-loss=None
marital-status=Never-married,race=White,native-country=United-States -> capital-loss=None
race=White,native-country=United-States,income=small -> capital-loss=None
capital-gain=None,native-country=United-States,income=small -> capital-loss=None
age=Middle-aged,income=small -> capital-loss=None
age=Middle-aged,native-country=United-States,income=small -> capital-loss=None
marital-status=Never-married,sex=Male,native-country=United-States -> capital-loss=None
workclass=Private,sex=Female -> capital-loss=None
race=White,sex=Male,income=small -> capital-loss=None
age=Middle-aged,workclass=Private,native-country=United-States,income=small -> capital-loss=None
marital-status=Never-married,capital-gain=None,native-country=United-States -> capital-loss=None
sex=Male,native-country=United-States,income=small -> capital-loss=None
race=White,capital-gain=None,income=small -> capital-loss=None
education=HS-grad,capital-gain=None,native-country=United-States,income=small -> capital-loss=None
workclass=Private,sex=Female,native-country=United-States -> capital-loss=None
marital-status=Never-married,race=White,capital-gain=None -> capital-loss=None
workclass=Private,race=White,capital-gain=None,native-country=United-States,income=small -> capital-loss=None
marital-status=Never-married,sex=Male,capital-gain=None -> capital-loss=None
workclass=Private,race=White,sex=Male,capital-gain=None,income=small -> capital-loss=None
sex=Male,capital-gain=None,hours-per-week=Full-time,income=small -> capital-loss=None
race=White,capital-gain=None,hours-per-week=Full-time,native-country=United-States,income=small -> capital-loss=None
workclass=Private,sex=Male,capital-gain=None,native-country=United-States,income=small -> capital-loss=None
age=Middle-aged,workclass=Private,capital-gain=None,income=small -> capital-loss=None
workclass=Private,race=White,sex=Male,native-country=United-States,income=small -> capital-loss=None
sex=Male,capital-gain=None,income=small -> capital-loss=None
workclass=Private,race=White,sex=Female -> capital-loss=None
marital-status=Married-civ-spouse,income=small -> capital-loss=None
marital-status=Never-married,race=White,capital-gain=None,native-country=United-States -> capital-loss=None
age=Middle-aged,race=White,income=small -> capital-loss=None
race=White,capital-gain=None,native-country=United-States,income=small -> capital-loss=None
race=White,sex=Male,native-country=United-States,income=small -> capital-loss=None
age=Middle-aged,capital-gain=None,income=small -> capital-loss=None
age=Middle-aged,capital-gain=None,native-country=United-States,income=small -> capital-loss=None
workclass=Private,race=White,sex=Female,native-country=United-States -> capital-loss=None
race=White,sex=Male,capital-gain=None,income=small -> capital-loss=None
age=Middle-aged,sex=Male,income=small -> capital-loss=None
sex=Female,hours-per-week=Full-time -> capital-loss=None
workclass=Private,sex=Female,capital-gain=None -> capital-loss=None
sex=Male,capital-gain=None,native-country=United-States,income=small -> capital-loss=None
education=HS-grad,hours-per-week=Full-time -> capital-loss=None
sex=Female -> capital-loss=None
workclass=Private,sex=Female,capital-gain=None,native-country=United-States -> capital-loss=None
age=Middle-aged,race=White,native-country=United-States,income=small -> capital-loss=None
race=White,sex=Female,hours-per-week=Full-time -> capital-loss=None
sex=Female,hours-per-week=Full-time,native-country=United-States -> capital-loss=None
education=HS-grad,hours-per-week=Full-time,native-country=United-States -> capital-loss=None
education=HS-grad,race=White,hours-per-week=Full-time -> capital-loss=None
workclass=Private,race=White,sex=Male,capital-gain=None,native-country=United-States,income=small -> capital-loss=None
workclass=Private,education=HS-grad -> capital-loss=None
sex=Female,native-country=United-States -> capital-loss=None
age=Middle-aged,race=White,capital-gain=None,income=small -> capital-loss=None
workclass=Private,race=White,sex=Female,capital-gain=None -> capital-loss=None
race=White,sex=Male,capital-gain=None,native-country=United-States,income=small -> capital-loss=None
marital-status=Married-civ-spouse,capital-gain=None,income=small -> capital-loss=None
workclass=Private,race=White,sex=Female,capital-gain=None,native-country=United-States -> capital-loss=None
race=White,sex=Female -> capital-loss=None
sex=Female,capital-gain=None,hours-per-week=Full-time -> capital-loss=None
workclass=Private,education=HS-grad,native-country=United-States -> capital-loss=None
education=HS-grad,race=White,hours-per-week=Full-time,native-country=United-States -> capital-loss=None
workclass=Private,education=HS-grad,race=White -> capital-loss=None
age=Middle-aged,race=White,capital-gain=None,native-country=United-States,income=small -> capital-loss=None
race=White,sex=Female,native-country=United-States -> capital-loss=None
education=HS-grad,capital-gain=None,hours-per-week=Full-time -> capital-loss=None
sex=Female,capital-gain=None -> capital-loss=None
sex=Female,capital-gain=None,hours-per-week=Full-time,native-country=United-States -> capital-loss=None
workclass=Private,education=HS-grad,race=White,native-country=United-States -> capital-loss=None
education=HS-grad,capital-gain=None,hours-per-week=Full-time,native-country=United-States -> capital-loss=None
sex=Female,capital-gain=None,native-country=United-States -> capital-loss=None
workclass=Private,education=HS-grad,capital-gain=None -> capital-loss=None
education=HS-grad,race=White,capital-gain=None,hours-per-week=Full-time -> capital-loss=None
education=HS-grad -> capital-loss=None
age=Middle-aged,education=HS-grad -> capital-loss=None
race=White,sex=Female,capital-gain=None -> capital-loss=None
workclass=Private,education=HS-grad,capital-gain=None,native-country=United-States -> capital-loss=None
workclass=Private,hours-per-week=Full-time -> capital-loss=None
education=HS-grad,native-country=United-States -> capital-loss=None
workclass=Private,education=HS-grad,race=White,capital-gain=None -> capital-loss=None
workclass=Private,education=HS-grad,sex=Male -> capital-loss=None
race=White,sex=Female,capital-gain=None,native-country=United-States -> capital-loss=None
education=HS-grad,race=White -> capital-loss=None
workclass=Private,race=White,hours-per-week=Full-time -> capital-loss=None
workclass=Private,hours-per-week=Full-time,native-country=United-States -> capital-loss=None
workclass=Private,education=HS-grad,race=White,capital-gain=None,native-country=United-States -> capital-loss=None
education=HS-grad,race=White,native-country=United-States -> capital-loss=None
age=Middle-aged,workclass=Private,hours-per-week=Full-time -> capital-loss=None
education=HS-grad,capital-gain=None -> capital-loss=None
workclass=Private,race=White,hours-per-week=Full-time,native-country=United-States -> capital-loss=None
education=Some-college,native-country=United-States -> capital-loss=None
age=Middle-aged,workclass=Private,hours-per-week=Full-time,native-country=United-States -> capital-loss=None
education=Some-college -> capital-loss=None
workclass=Private,capital-gain=None,hours-per-week=Full-time -> capital-loss=None
age=Middle-aged,workclass=Private,race=White,hours-per-week=Full-time -> capital-loss=None
education=HS-grad,capital-gain=None,native-country=United-States -> capital-loss=None
education=HS-grad,sex=Male -> capital-loss=None
education=HS-grad,race=White,capital-gain=None -> capital-loss=None
workclass=Private,race=White,capital-gain=None,hours-per-week=Full-time -> capital-loss=None
hours-per-week=Full-time -> capital-loss=None
education=Some-college,race=White -> capital-loss=None
workclass=Private,capital-gain=None,hours-per-week=Full-time,native-country=United-States -> capital-loss=None
education=Some-college,race=White,native-country=United-States -> capital-loss=None
workclass=Private,sex=Male,hours-per-week=Full-time -> capital-loss=None
age=Middle-aged,workclass=Private,race=White,hours-per-week=Full-time,native-country=United-States -> capital-loss=None
workclass=Private,race=White,sex=Male,hours-per-week=Full-time -> capital-loss=None
education=HS-grad,race=White,sex=Male -> capital-loss=None
education=HS-grad,race=White,capital-gain=None,native-country=United-States -> capital-loss=None
education=HS-grad,sex=Male,native-country=United-States -> capital-loss=None
age=Middle-aged,workclass=Private,capital-gain=None,hours-per-week=Full-time -> capital-loss=None
age=Middle-aged,hours-per-week=Full-time -> capital-loss=None
hours-per-week=Full-time,native-country=United-States -> capital-loss=None
race=White,hours-per-week=Full-time -> capital-loss=None
age=Middle-aged,hours-per-week=Full-time,native-country=United-States -> capital-loss=None
education=Some-college,capital-gain=None,native-country=United-States -> capital-loss=None
education=Some-college,capital-gain=None -> capital-loss=None
workclass=Private,race=White,capital-gain=None,hours-per-week=Full-time,native-country=United-States -> capital-loss=None
age=Middle-aged,workclass=Private,capital-gain=None,hours-per-week=Full-time,native-country=United-States -> capital-loss=None
workclass=Private,sex=Male,hours-per-week=Full-time,native-country=United-States -> capital-loss=None
workclass=Private -> capital-loss=None
education=HS-grad,race=White,sex=Male,native-country=United-States -> capital-loss=None
age=Middle-aged,race=White,hours-per-week=Full-time -> capital-loss=None
age=Middle-aged,workclass=Private,race=White,capital-gain=None,hours-per-week=Full-time -> capital-loss=None
race=White,hours-per-week=Full-time,native-country=United-States -> capital-loss=None
workclass=Private,race=White,sex=Male,hours-per-week=Full-time,native-country=United-States -> capital-loss=None
workclass=Private,native-country=United-States -> capital-loss=None
education=HS-grad,sex=Male,capital-gain=None -> capital-loss=None
education=Some-college,race=White,capital-gain=None -> capital-loss=None
capital-gain=None,hours-per-week=Full-time -> capital-loss=None
workclass=Private,race=White -> capital-loss=None
education=Some-college,race=White,capital-gain=None,native-country=United-States -> capital-loss=None
age=Middle-aged,race=White,hours-per-week=Full-time,native-country=United-States -> capital-loss=None
workclass=Private,sex=Male,capital-gain=None,hours-per-week=Full-time -> capital-loss=None
age=Middle-aged,capital-gain=None,hours-per-week=Full-time -> capital-loss=None
workclass=Private,race=White,sex=Male,capital-gain=None,hours-per-week=Full-time -> capital-loss=None
education=HS-grad,sex=Male,capital-gain=None,native-country=United-States -> capital-loss=None
education=HS-grad,race=White,sex=Male,capital-gain=None -> capital-loss=None
capital-gain=None,hours-per-week=Full-time,native-country=United-States -> capital-loss=None
race=White,capital-gain=None,hours-per-week=Full-time -> capital-loss=None
age=Middle-aged,capital-gain=None,hours-per-week=Full-time,native-country=United-States -> capital-loss=None
sex=Male,hours-per-week=Full-time -> capital-loss=None
workclass=Private,race=White,native-country=United-States -> capital-loss=None
race=White,sex=Male,hours-per-week=Full-time -> capital-loss=None
workclass=Private,capital-gain=None -> capital-loss=None
workclass=Private,sex=Male,capital-gain=None,hours-per-week=Full-time,native-country=United-States -> capital-loss=None
sex=Male,hours-per-week=Full-time,native-country=United-States -> capital-loss=None
education=HS-grad,race=White,sex=Male,capital-gain=None,native-country=United-States -> capital-loss=None
age=Middle-aged,race=White,capital-gain=None,hours-per-week=Full-time -> capital-loss=None
age=Middle-aged,sex=Male,hours-per-week=Full-time -> capital-loss=None
native-country=United-States -> capital-loss=None
age=Middle-aged,sex=Male,hours-per-week=Full-time,native-country=United-States -> capital-loss=None
race=White,capital-gain=None,hours-per-week=Full-time,native-country=United-States -> capital-loss=None
age=Middle-aged,workclass=Private -> capital-loss=None
workclass=Private,race=White,sex=Male,capital-gain=None,hours-per-week=Full-time,native-country=United-States -> capital-loss=None
age=Middle-aged,race=White,sex=Male,hours-per-week=Full-time -> capital-loss=None
workclass=Private,capital-gain=None,native-country=United-States -> capital-loss=None
race=White -> capital-loss=None
workclass=Private,race=White,capital-gain=None -> capital-loss=None
race=White,sex=Male,hours-per-week=Full-time,native-country=United-States -> capital-loss=None
age=Middle-aged,race=White,capital-gain=None,hours-per-week=Full-time,native-country=United-States -> capital-loss=None
age=Middle-aged,workclass=Private,native-country=United-States -> capital-loss=None
workclass=Private,sex=Male -> capital-loss=None
race=White,native-country=United-States -> capital-loss=None
age=Middle-aged -> capital-loss=None
age=Middle-aged,workclass=Private,race=White -> capital-loss=None
age=Middle-aged,native-country=United-States -> capital-loss=None
sex=Male,capital-gain=None,hours-per-week=Full-time -> capital-loss=None
workclass=Private,race=White,capital-gain=None,native-country=United-States -> capital-loss=None
workclass=Private,race=White,sex=Male -> capital-loss=None
workclass=Private,sex=Male,native-country=United-States -> capital-loss=None
capital-gain=None -> capital-loss=None
workclass=Private,marital-status=Married-civ-spouse,hours-per-week=Full-time -> capital-loss=None
race=White,sex=Male,capital-gain=None,hours-per-week=Full-time -> capital-loss=None
age=Middle-aged,sex=Male,capital-gain=None,hours-per-week=Full-time -> capital-loss=None
sex=Male,capital-gain=None,hours-per-week=Full-time,native-country=United-States -> capital-loss=None
age=Middle-aged,race=White -> capital-loss=None
age=Middle-aged,workclass=Private,race=White,native-country=United-States -> capital-loss=None
capital-gain=None,native-country=United-States -> capital-loss=None
age=Middle-aged,workclass=Private,capital-gain=None -> capital-loss=None
workclass=Private,race=White,sex=Male,native-country=United-States -> capital-loss=None
race=White,capital-gain=None -> capital-loss=None
sex=Male -> capital-loss=None
age=Middle-aged,race=White,native-country=United-States -> capital-loss=None
age=Middle-aged,workclass=Private,sex=Male -> capital-loss=None
race=White,sex=Male,capital-gain=None,hours-per-week=Full-time,native-country=United-States -> capital-loss=None
age=Middle-aged,workclass=Private,capital-gain=None,native-country=United-States -> capital-loss=None
sex=Male,native-country=United-States -> capital-loss=None
age=Middle-aged,capital-gain=None -> capital-loss=None
race=White,sex=Male -> capital-loss=None
workclass=Private,sex=Male,capital-gain=None -> capital-loss=None
race=White,capital-gain=None,native-country=United-States -> capital-loss=None
marital-status=Married-civ-spouse,race=White,sex=Male,hours-per-week=Full-time -> capital-loss=None
age=Middle-aged,workclass=Private,race=White,capital-gain=None -> capital-loss=None
marital-status=Married-civ-spouse,sex=Male,hours-per-week=Full-time -> capital-loss=None
age=Middle-aged,workclass=Private,race=White,sex=Male -> capital-loss=None
marital-status=Married-civ-spouse,race=White,hours-per-week=Full-time -> capital-loss=None
age=Middle-aged,workclass=Private,sex=Male,native-country=United-States -> capital-loss=None
age=Middle-aged,capital-gain=None,native-country=United-States -> capital-loss=None
marital-status=Married-civ-spouse,hours-per-week=Full-time -> capital-loss=None
age=Middle-aged,sex=Male -> capital-loss=None
race=White,sex=Male,native-country=United-States -> capital-loss=None
marital-status=Married-civ-spouse,sex=Male,hours-per-week=Full-time,native-country=United-States -> capital-loss=None
age=Middle-aged,sex=Male,native-country=United-States -> capital-loss=None
workclass=Private,race=White,sex=Male,capital-gain=None -> capital-loss=None
workclass=Private,sex=Male,capital-gain=None,native-country=United-States -> capital-loss=None
age=Middle-aged,race=White,sex=Male -> capital-loss=None
marital-status=Married-civ-spouse,hours-per-week=Full-time,native-country=United-States -> capital-loss=None
age=Middle-aged,race=White,capital-gain=None -> capital-loss=None
age=Middle-aged,workclass=Private,race=White,capital-gain=None,native-country=United-States -> capital-loss=None
marital-status=Married-civ-spouse,race=White,sex=Male,hours-per-week=Full-time,native-country=United-States -> capital-loss=None
age=Middle-aged,workclass=Private,race=White,sex=Male,native-country=United-States -> capital-loss=None
marital-status=Married-civ-spouse,race=White,hours-per-week=Full-time,native-country=United-States -> capital-loss=None
age=Senior -> capital-loss=None
age=Middle-aged,race=White,sex=Male,native-country=United-States -> capital-loss=None
workclass=Private,race=White,sex=Male,capital-gain=None,native-country=United-States -> capital-loss=None
age=Middle-aged,race=White,capital-gain=None,native-country=United-States -> capital-loss=None
age=Senior,native-country=United-States -> capital-loss=None
sex=Male,capital-gain=None -> capital-loss=None
age=Middle-aged,workclass=Private,sex=Male,capital-gain=None -> capital-loss=None
sex=Male,capital-gain=None,native-country=United-States -> capital-loss=None
age=Senior,race=White -> capital-loss=None
race=White,sex=Male,capital-gain=None -> capital-loss=None
workclass=Private,marital-status=Married-civ-spouse -> capital-loss=None
age=Middle-aged,workclass=Private,race=White,sex=Male,capital-gain=None -> capital-loss=None
age=Senior,race=White,native-country=United-States -> capital-loss=None
age=Middle-aged,workclass=Private,sex=Male,capital-gain=None,native-country=United-States -> capital-loss=None
age=Middle-aged,sex=Male,capital-gain=None -> capital-loss=None
marital-status=Married-civ-spouse,race=White,sex=Male,capital-gain=None,hours-per-week=Full-time -> capital-loss=None
workclass=Private,marital-status=Married-civ-spouse,race=White -> capital-loss=None
workclass=Private,marital-status=Married-civ-spouse,sex=Male -> capital-loss=None
marital-status=Married-civ-spouse,sex=Male,capital-gain=None,hours-per-week=Full-time -> capital-loss=None
workclass=Private,marital-status=Married-civ-spouse,race=White,sex=Male -> capital-loss=None
workclass=Private,hours-per-week=Over-time -> capital-loss=None
marital-status=Married-civ-spouse,race=White,capital-gain=None,hours-per-week=Full-time -> capital-loss=None
age=Middle-aged,sex=Male,capital-gain=None,native-country=United-States -> capital-loss=None
marital-status=Married-civ-spouse,capital-gain=None,hours-per-week=Full-time -> capital-loss=None
race=White,sex=Male,capital-gain=None,native-country=United-States -> capital-loss=None
workclass=Private,hours-per-week=Over-time,native-country=United-States -> capital-loss=None
workclass=Private,marital-status=Married-civ-spouse,native-country=United-States -> capital-loss=None
age=Middle-aged,marital-status=Married-civ-spouse,sex=Male -> capital-loss=None
age=Middle-aged,race=White,sex=Male,capital-gain=None -> capital-loss=None
age=Middle-aged,marital-status=Married-civ-spouse,race=White,sex=Male -> capital-loss=None
age=Middle-aged,workclass=Private,marital-status=Married-civ-spouse -> capital-loss=None
marital-status=Married-civ-spouse,sex=Male,capital-gain=None,hours-per-week=Full-time,native-country=United-States -> capital-loss=None
workclass=Private,marital-status=Married-civ-spouse,sex=Male,native-country=United-States -> capital-loss=None
age=Middle-aged,marital-status=Married-civ-spouse -> capital-loss=None
age=Middle-aged,marital-status=Married-civ-spouse,sex=Male,native-country=United-States -> capital-loss=None
marital-status=Married-civ-spouse -> capital-loss=None
age=Middle-aged,workclass=Private,race=White,sex=Male,capital-gain=None,native-country=United-States -> capital-loss=None
workclass=Private,marital-status=Married-civ-spouse,race=White,native-country=United-States -> capital-loss=None
age=Middle-aged,marital-status=Married-civ-spouse,race=White -> capital-loss=None
workclass=Private,race=White,hours-per-week=Over-time -> capital-loss=None
marital-status=Married-civ-spouse,capital-gain=None,hours-per-week=Full-time,native-country=United-States -> capital-loss=None
marital-status=Married-civ-spouse,sex=Male -> capital-loss=None
marital-status=Married-civ-spouse,race=White -> capital-loss=None
workclass=Private,marital-status=Married-civ-spouse,race=White,sex=Male,native-country=United-States -> capital-loss=None
hours-per-week=Over-time -> capital-loss=None
marital-status=Married-civ-spouse,race=White,sex=Male -> capital-loss=None
age=Senior,sex=Male -> capital-loss=None
marital-status=Married-civ-spouse,native-country=United-States -> capital-loss=None
hours-per-week=Over-time,native-country=United-States -> capital-loss=None
age=Middle-aged,race=White,sex=Male,capital-gain=None,native-country=United-States -> capital-loss=None
marital-status=Married-civ-spouse,sex=Male,native-country=United-States -> capital-loss=None
age=Middle-aged,marital-status=Married-civ-spouse,native-country=United-States -> capital-loss=None
age=Middle-aged,marital-status=Married-civ-spouse,race=White,sex=Male,native-country=United-States -> capital-loss=None
marital-status=Married-civ-spouse,race=White,capital-gain=None,hours-per-week=Full-time,native-country=United-States -> capital-loss=None
age=Senior,capital-gain=None -> capital-loss=None
age=Senior,sex=Male,native-country=United-States -> capital-loss=None
marital-status=Married-civ-spouse,race=White,native-country=United-States -> capital-loss=None
marital-status=Married-civ-spouse,race=White,sex=Male,native-country=United-States -> capital-loss=None
age=Middle-aged,marital-status=Married-civ-spouse,race=White,native-country=United-States -> capital-loss=None
age=Senior,race=White,sex=Male -> capital-loss=None
age=Senior,capital-gain=None,native-country=United-States -> capital-loss=None
race=White,hours-per-week=Over-time -> capital-loss=None
education=Bachelors -> capital-loss=None
race=White,hours-per-week=Over-time,native-country=United-States -> capital-loss=None
age=Senior,marital-status=Married-civ-spouse -> capital-loss=None
age=Senior,race=White,capital-gain=None -> capital-loss=None
workclass=Private,marital-status=Married-civ-spouse,capital-gain=None -> capital-loss=None
age=Senior,race=White,capital-gain=None,native-country=United-States -> capital-loss=None
workclass=Private,marital-status=Married-civ-spouse,sex=Male,capital-gain=None -> capital-loss=None
workclass=Private,marital-status=Married-civ-spouse,race=White,capital-gain=None -> capital-loss=None
sex=Male,hours-per-week=Over-time -> capital-loss=None
sex=Male,hours-per-week=Over-time,native-country=United-States -> capital-loss=None
workclass=Private,marital-status=Married-civ-spouse,race=White,sex=Male,capital-gain=None -> capital-loss=None
age=Middle-aged,marital-status=Married-civ-spouse,sex=Male,capital-gain=None -> capital-loss=None
age=Middle-aged,marital-status=Married-civ-spouse,race=White,sex=Male,capital-gain=None -> capital-loss=None
race=White,sex=Male,hours-per-week=Over-time -> capital-loss=None
workclass=Private,marital-status=Married-civ-spouse,capital-gain=None,native-country=United-States -> capital-loss=None
age=Middle-aged,marital-status=Married-civ-spouse,capital-gain=None -> capital-loss=None
race=White,sex=Male,hours-per-week=Over-time,native-country=United-States -> capital-loss=None
age=Middle-aged,marital-status=Married-civ-spouse,sex=Male,capital-gain=None,native-country=United-States -> capital-loss=None
workclass=Private,marital-status=Married-civ-spouse,sex=Male,capital-gain=None,native-country=United-States -> capital-loss=None
age=Middle-aged,marital-status=Married-civ-spouse,race=White,capital-gain=None -> capital-loss=None
marital-status=Married-civ-spouse,capital-gain=None -> capital-loss=None
workclass=Private,marital-status=Married-civ-spouse,race=White,capital-gain=None,native-country=United-States -> capital-loss=None
marital-status=Married-civ-spouse,sex=Male,capital-gain=None -> capital-loss=None
workclass=Private,marital-status=Married-civ-spouse,race=White,sex=Male,capital-gain=None,native-country=United-States -> capital-loss=None
age=Middle-aged,marital-status=Married-civ-spouse,race=White,sex=Male,capital-gain=None,native-country=United-States -> capital-loss=None
age=Middle-aged,marital-status=Married-civ-spouse,capital-gain=None,native-country=United-States -> capital-loss=None
marital-status=Married-civ-spouse,race=White,capital-gain=None -> capital-loss=None
capital-gain=None,hours-per-week=Over-time -> capital-loss=None
marital-status=Married-civ-spouse,race=White,sex=Male,capital-gain=None -> capital-loss=None
capital-gain=None,hours-per-week=Over-time,native-country=United-States -> capital-loss=None
marital-status=Married-civ-spouse,capital-gain=None,native-country=United-States -> capital-loss=None
marital-status=Married-civ-spouse,sex=Male,capital-gain=None,native-country=United-States -> capital-loss=None
age=Middle-aged,marital-status=Married-civ-spouse,race=White,capital-gain=None,native-country=United-States -> capital-loss=None
marital-status=Married-civ-spouse,race=White,capital-gain=None,native-country=United-States -> capital-loss=None
race=White,capital-gain=None,hours-per-week=Over-time -> capital-loss=None
marital-status=Married-civ-spouse,race=White,sex=Male,capital-gain=None,native-country=United-States -> capital-loss=None
race=White,capital-gain=None,hours-per-week=Over-time,native-country=United-States -> capital-loss=None
sex=Male,capital-gain=None,hours-per-week=Over-time -> capital-loss=None
sex=Male,capital-gain=None,hours-per-week=Over-time,native-country=United-States -> capital-loss=None
race=White,sex=Male,capital-gain=None,hours-per-week=Over-time -> capital-loss=None
