workclass=Private,marital-status=Married-civ-spouse,race=White,capital-gain=None,native-country=United-States -> sex=Male
workclass=Private,marital-status=Married-civ-spouse,race=White,capital-gain=None,capital-loss=None,native-country=United-States -> sex=Male
workclass=Private,marital-status=Married-civ-spouse,race=White,native-country=United-States -> sex=Male
workclass=Private,marital-status=Married-civ-spouse,race=White,capital-loss=None,native-country=United-States -> sex=Male
marital-status=Married-civ-spouse,race=White,capital-gain=None,native-country=United-States -> sex=Male
marital-status=Married-civ-spouse,race=White,capital-gain=None,capital-loss=None,native-country=United-States -> sex=Male
marital-status=Married-civ-spouse,race=White,native-country=United-States -> sex=Male
workclass=Private,marital-status=Married-civ-spouse,race=White,capital-gain=None -> sex=Male
marital-status=Married-civ-spouse,race=White,capital-loss=None,native-country=United-States -> sex=Male
workclass=Private,marital-status=Married-civ-spouse,race=White,capital-gain=None,capital-loss=None -> sex=Male
workclass=Private,marital-status=Married-civ-spouse,race=White -> sex=Male
marital-status=Married-civ-spouse,race=White,capital-gain=None -> sex=Male
workclass=Private,marital-status=Married-civ-spouse,race=White,capital-loss=None -> sex=Male
marital-status=Married-civ-spouse,race=White,capital-gain=None,capital-loss=None -> sex=Male
marital-status=Married-civ-spouse,race=White -> sex=Male
marital-status=Married-civ-spouse,race=White,capital-loss=None -> sex=Male
workclass=Private,marital-status=Married-civ-spouse,capital-gain=None,native-country=United-States -> sex=Male
workclass=Private,marital-status=Married-civ-spouse,capital-gain=None,capital-loss=None,native-country=United-States -> sex=Male
workclass=Private,marital-status=Married-civ-spouse,native-country=United-States -> sex=Male
workclass=Private,marital-status=Married-civ-spouse,capital-loss=None,native-country=United-States -> sex=Male
marital-status=Married-civ-spouse,capital-gain=None,native-country=United-States -> sex=Male
marital-status=Married-civ-spouse,capital-gain=None,capital-loss=None,native-country=United-States -> sex=Male
marital-status=Married-civ-spouse,native-country=United-States -> sex=Male
marital-status=Married-civ-spouse,capital-loss=None,native-country=United-States -> sex=Male
age=Middle-aged,marital-status=Married-civ-spouse,race=White,capital-gain=None,capital-loss=None,native-country=United-States -> sex=Male
marital-status=Married-civ-spouse,income=small -> sex=Male
age=Middle-aged,marital-status=Married-civ-spouse,race=White,capital-gain=None,capital-loss=None -> sex=Male
age=Middle-aged,marital-status=Married-civ-spouse,race=White,capital-gain=None,native-country=United-States -> sex=Male
workclass=Private,marital-status=Married-civ-spouse,capital-gain=None -> sex=Male
age=Middle-aged,marital-status=Married-civ-spouse,race=White,capital-loss=None,native-country=United-States -> sex=Male
workclass=Private,marital-status=Married-civ-spouse -> sex=Male
age=Middle-aged,marital-status=Married-civ-spouse,race=White,capital-gain=None -> sex=Male
marital-status=Married-civ-spouse,capital-gain=None -> sex=Male
workclass=Private,marital-status=Married-civ-spouse,capital-gain=None,capital-loss=None -> sex=Male
workclass=Private,marital-status=Married-civ-spouse,capital-loss=None -> sex=Male
marital-status=Married-civ-spouse -> sex=Male
age=Middle-aged,marital-status=Married-civ-spouse,race=White,capital-loss=None -> sex=Male
marital-status=Married-civ-spouse,capital-gain=None,capital-loss=None -> sex=Male
marital-status=Married-civ-spouse,capital-loss=None -> sex=Male
age=Middle-aged,marital-status=Married-civ-spouse,race=White,native-country=United-States -> sex=Male
age=Middle-aged,marital-status=Married-civ-spouse,race=White -> sex=Male
age=Middle-aged,marital-status=Married-civ-spouse,capital-gain=None,capital-loss=None,native-country=United-States -> sex=Male
age=Middle-aged,marital-status=Married-civ-spouse,capital-gain=None,native-country=United-States -> sex=Male
age=Middle-aged,marital-status=Married-civ-spouse,capital-loss=None,native-country=United-States -> sex=Male
marital-status=Married-civ-spouse,race=White,capital-gain=None,capital-loss=None,hours-per-week=Full-time -> sex=Male
marital-status=Married-civ-spouse,race=White,capital-gain=None,hours-per-week=Full-time,native-country=United-States -> sex=Male
marital-status=Married-civ-spouse,race=White,capital-gain=None,hours-per-week=Full-time -> sex=Male
age=Middle-aged,marital-status=Married-civ-spouse,native-country=United-States -> sex=Male
age=Middle-aged,workclass=Private,marital-status=Married-civ-spouse -> sex=Male
age=Middle-aged,marital-status=Married-civ-spouse,capital-gain=None,capital-loss=None -> sex=Male
marital-status=Married-civ-spouse,race=White,capital-loss=None,hours-per-week=Full-time,native-country=United-States -> sex=Male
age=Middle-aged,marital-status=Married-civ-spouse,capital-gain=None -> sex=Male
marital-status=Married-civ-spouse,race=White,capital-loss=None,hours-per-week=Full-time -> sex=Male
marital-status=Married-civ-spouse,race=White,hours-per-week=Full-time,native-country=United-States -> sex=Male
marital-status=Married-civ-spouse,race=White,hours-per-week=Full-time -> sex=Male
age=Middle-aged,marital-status=Married-civ-spouse,capital-loss=None -> sex=Male
age=Middle-aged,marital-status=Married-civ-spouse -> sex=Male
marital-status=Married-civ-spouse,capital-gain=None,capital-loss=None,hours-per-week=Full-time,native-country=United-States -> sex=Male
marital-status=Married-civ-spouse,capital-gain=None,hours-per-week=Full-time,native-country=United-States -> sex=Male
marital-status=Married-civ-spouse,capital-gain=None,capital-loss=None,hours-per-week=Full-time -> sex=Male
marital-status=Married-civ-spouse,capital-loss=None,hours-per-week=Full-time,native-country=United-States -> sex=Male
marital-status=Married-civ-spouse,capital-gain=None,hours-per-week=Full-time -> sex=Male
marital-status=Married-civ-spouse,hours-per-week=Full-time,native-country=United-States -> sex=Male
marital-status=Married-civ-spouse,capital-loss=None,hours-per-week=Full-time -> sex=Male
marital-status=Married-civ-spouse,hours-per-week=Full-time -> sex=Male
race=White,hours-per-week=Over-time,native-country=United-States -> sex=Male
race=White,hours-per-week=Over-time -> sex=Male
race=White,capital-loss=None,hours-per-week=Over-time,native-country=United-States -> sex=Male
race=White,capital-gain=None,hours-per-week=Over-time,native-country=United-States -> sex=Male
race=White,capital-loss=None,hours-per-week=Over-time -> sex=Male
race=White,capital-gain=None,hours-per-week=Over-time -> sex=Male
hours-per-week=Over-time,native-country=United-States -> sex=Male
race=White,capital-gain=None,capital-loss=None,hours-per-week=Over-time -> sex=Male
hours-per-week=Over-time -> sex=Male
capital-gain=None,hours-per-week=Over-time,native-country=United-States -> sex=Male
capital-loss=None,hours-per-week=Over-time,native-country=United-States -> sex=Male
capital-gain=None,hours-per-week=Over-time -> sex=Male
capital-loss=None,hours-per-week=Over-time -> sex=Male
capital-gain=None,capital-loss=None,hours-per-week=Over-time,native-country=United-States -> sex=Male
capital-gain=None,capital-loss=None,hours-per-week=Over-time -> sex=Male
