node.caps.yes,deg.malig.3 -> Class.recurrence.events
age.60.69,breast.quad.left_up -> menopause.ge40
age.60.69,deg.malig.2 -> menopause.ge40
age.60.69,breast.right -> menopause.ge40
age.60.69 -> menopause.ge40
age.60.69,breast.quad.left_low -> menopause.ge40
age.60.69,Class.no.recurrence.events -> menopause.ge40
age.60.69,node.caps.no,Class.no.recurrence.events -> menopause.ge40
age.60.69,inv.nodes.0.2,node.caps.no,Class.no.recurrence.events -> menopause.ge40
age.60.69,irradiat.no,Class.no.recurrence.events -> menopause.ge40
age.60.69,breast.left -> menopause.ge40
age.60.69,inv.nodes.0.2,node.caps.no,irradiat.no,Class.no.recurrence.events -> menopause.ge40
age.60.69,breast.left,Class.no.recurrence.events -> menopause.ge40
age.50.59,deg.malig.3 -> menopause.ge40
age.50.59,breast.quad.left_low -> breast.left
age.50.59,breast.quad.left_low,Class.no.recurrence.events -> breast.left
tumor.size.10.14,node.caps.no -> Class.no.recurrence.events
tumor.size.10.14,inv.nodes.0.2,node.caps.no -> Class.no.recurrence.events
tumor.size.10.14,node.caps.no,irradiat.no -> Class.no.recurrence.events
tumor.size.10.14,inv.nodes.0.2,node.caps.no,irradiat.no -> Class.no.recurrence.events
deg.malig.3,breast.quad.left_low -> breast.left
menopause.ge40,inv.nodes.0.2,node.caps.no,deg.malig.1,irradiat.no -> Class.no.recurrence.events
age.50.59,node.caps.no,deg.malig.1,irradiat.no -> Class.no.recurrence.events
age.50.59,inv.nodes.0.2,node.caps.no,deg.malig.1,irradiat.no -> Class.no.recurrence.events
inv.nodes.0.2,node.caps.no,deg.malig.1,breast.left,irradiat.no -> Class.no.recurrence.events
age.50.59,inv.nodes.0.2,breast.right,irradiat.no -> Class.no.recurrence.events
age.50.59,inv.nodes.0.2,node.caps.no,breast.right,irradiat.no -> Class.no.recurrence.events
age.50.59,inv.nodes.0.2,node.caps.no,breast.quad.left_low,irradiat.no -> Class.no.recurrence.events
age.60.69,breast.left,irradiat.no -> Class.no.recurrence.events
age.60.69,inv.nodes.0.2,node.caps.no,breast.left -> Class.no.recurrence.events
menopause.ge40,deg.malig.1 -> Class.no.recurrence.events
inv.nodes.0.2,node.caps.no,deg.malig.1,breast.left -> Class.no.recurrence.events
menopause.ge40,inv.nodes.0.2,node.caps.no,breast.left,irradiat.no -> Class.no.recurrence.events
menopause.ge40,inv.nodes.0.2,node.caps.no,breast.quad.left_low -> Class.no.recurrence.events
age.50.59,menopause.ge40,inv.nodes.0.2 -> Class.no.recurrence.events
menopause.ge40,inv.nodes.0.2,node.caps.no,breast.quad.left_low,irradiat.no -> Class.no.recurrence.events
age.50.59,menopause.ge40,inv.nodes.0.2,irradiat.no -> Class.no.recurrence.events
menopause.ge40,inv.nodes.0.2,breast.left -> Class.no.recurrence.events
age.50.59,menopause.ge40,inv.nodes.0.2,node.caps.no,irradiat.no -> Class.no.recurrence.events
menopause.ge40,inv.nodes.0.2,node.caps.no,breast.left -> Class.no.recurrence.events
age.50.59,node.caps.no,breast.right,irradiat.no -> Class.no.recurrence.events
node.caps.no,deg.malig.1,irradiat.no -> Class.no.recurrence.events
inv.nodes.0.2,node.caps.no,deg.malig.1,irradiat.no -> Class.no.recurrence.events
age.50.59,node.caps.no,breast.quad.left_low,irradiat.no -> Class.no.recurrence.events
tumor.size.15.19,node.caps.no -> Class.no.recurrence.events
inv.nodes.0.2,node.caps.no,deg.malig.1,breast.quad.left_low -> Class.no.recurrence.events
age.50.59,menopause.ge40,breast.right,irradiat.no -> Class.no.recurrence.events
tumor.size.15.19,inv.nodes.0.2,node.caps.no -> Class.no.recurrence.events
menopause.ge40,node.caps.no,breast.left,irradiat.no -> Class.no.recurrence.events
menopause.premeno,inv.nodes.0.2,node.caps.no,deg.malig.2,breast.right,irradiat.no -> Class.no.recurrence.events
age.50.59,inv.nodes.0.2,breast.right -> Class.no.recurrence.events
inv.nodes.0.2,deg.malig.2,breast.quad.left_up -> Class.no.recurrence.events
menopause.ge40,inv.nodes.0.2,irradiat.no -> Class.no.recurrence.events
age.50.59,breast.quad.left_low,irradiat.no -> Class.no.recurrence.events
inv.nodes.0.2,node.caps.no,breast.left,breast.quad.left_low,irradiat.no -> Class.no.recurrence.events
menopause.ge40,inv.nodes.0.2,node.caps.no,irradiat.no -> Class.no.recurrence.events
node.caps.no,deg.malig.1 -> Class.no.recurrence.events
inv.nodes.0.2,node.caps.no,deg.malig.1 -> Class.no.recurrence.events
menopause.ge40,inv.nodes.0.2,node.caps.no,deg.malig.2 -> Class.no.recurrence.events
age.50.59,menopause.ge40,node.caps.no,irradiat.no -> Class.no.recurrence.events
age.50.59,inv.nodes.0.2,node.caps.no,irradiat.no -> Class.no.recurrence.events
inv.nodes.0.2,node.caps.no,deg.malig.2,breast.quad.left_up -> Class.no.recurrence.events
menopause.premeno,node.caps.no,deg.malig.2,breast.right,irradiat.no -> Class.no.recurrence.events
menopause.ge40,node.caps.no,breast.quad.left_low,irradiat.no -> Class.no.recurrence.events
deg.malig.2,breast.right,breast.quad.left_up -> Class.no.recurrence.events
menopause.ge40,breast.left,irradiat.no -> Class.no.recurrence.events
menopause.ge40,breast.left,breast.quad.left_low,irradiat.no -> Class.no.recurrence.events
menopause.premeno,inv.nodes.0.2,deg.malig.2,breast.right -> Class.no.recurrence.events
tumor.size.15.19,inv.nodes.0.2 -> Class.no.recurrence.events
menopause.ge40,inv.nodes.0.2,deg.malig.2 -> Class.no.recurrence.events
menopause.ge40,inv.nodes.0.2,node.caps.no -> Class.no.recurrence.events
inv.nodes.0.2,node.caps.no,breast.left,breast.quad.left_low -> Class.no.recurrence.events
inv.nodes.0.2,deg.malig.2,breast.right,irradiat.no -> Class.no.recurrence.events
inv.nodes.0.2,node.caps.no,deg.malig.2,breast.left,breast.quad.left_low -> Class.no.recurrence.events
menopause.premeno,inv.nodes.0.2,node.caps.no,deg.malig.2,breast.right -> Class.no.recurrence.events
age.40.49,menopause.premeno,inv.nodes.0.2,node.caps.no,deg.malig.2,irradiat.no -> Class.no.recurrence.events
age.50.59,node.caps.no,breast.right -> Class.no.recurrence.events
menopause.ge40,inv.nodes.0.2,breast.quad.left_up,irradiat.no -> Class.no.recurrence.events
menopause.ge40,inv.nodes.0.2,deg.malig.2,irradiat.no -> Class.no.recurrence.events
age.50.59,menopause.ge40,irradiat.no -> Class.no.recurrence.events
menopause.ge40,inv.nodes.0.2,breast.quad.left_up -> Class.no.recurrence.events
inv.nodes.0.2,node.caps.no,deg.malig.2,breast.right,irradiat.no -> Class.no.recurrence.events
menopause.ge40,inv.nodes.0.2 -> Class.no.recurrence.events
inv.nodes.0.2,deg.malig.2,breast.quad.left_up,irradiat.no -> Class.no.recurrence.events
deg.malig.2,breast.left,breast.quad.left_low,irradiat.no -> Class.no.recurrence.events
age.40.49,menopause.premeno,inv.nodes.0.2,node.caps.no,breast.right,irradiat.no -> Class.no.recurrence.events
menopause.premeno,deg.malig.2,breast.right,irradiat.no -> Class.no.recurrence.events
menopause.ge40,inv.nodes.0.2,node.caps.no,breast.quad.left_up,irradiat.no -> Class.no.recurrence.events
menopause.ge40,inv.nodes.0.2,node.caps.no,deg.malig.2,irradiat.no -> Class.no.recurrence.events
menopause.ge40,deg.malig.2,irradiat.no -> Class.no.recurrence.events
menopause.ge40,inv.nodes.0.2,node.caps.no,breast.quad.left_up -> Class.no.recurrence.events
deg.malig.2,breast.quad.left_up -> Class.no.recurrence.events
age.50.59,inv.nodes.0.2,irradiat.no -> Class.no.recurrence.events
age.50.59,node.caps.no,irradiat.no -> Class.no.recurrence.events
age.50.59,breast.right,irradiat.no -> Class.no.recurrence.events
menopause.ge40,breast.quad.left_up,irradiat.no -> Class.no.recurrence.events
menopause.ge40,node.caps.no,breast.left -> Class.no.recurrence.events
node.caps.no,deg.malig.1,breast.right,irradiat.no -> Class.no.recurrence.events
node.caps.no,breast.left,breast.quad.left_low,irradiat.no -> Class.no.recurrence.events
inv.nodes.0.2,node.caps.no,breast.quad.left_low,irradiat.no -> Class.no.recurrence.events
inv.nodes.0.2,node.caps.no,deg.malig.2,breast.right -> Class.no.recurrence.events
age.40.49,menopause.premeno,node.caps.no,deg.malig.2,irradiat.no -> Class.no.recurrence.events
age.40.49,menopause.premeno,inv.nodes.0.2,node.caps.no,breast.right -> Class.no.recurrence.events
deg.malig.1 -> Class.no.recurrence.events
inv.nodes.0.2,deg.malig.2,breast.left -> Class.no.recurrence.events
menopause.ge40,breast.quad.left_up -> Class.no.recurrence.events
inv.nodes.0.2,deg.malig.2,irradiat.no -> Class.no.recurrence.events
age.60.69,inv.nodes.0.2,node.caps.no,irradiat.no -> Class.no.recurrence.events
age.40.49,menopause.premeno,node.caps.no,breast.right -> Class.no.recurrence.events
menopause.ge40,node.caps.no,irradiat.no -> Class.no.recurrence.events
inv.nodes.0.2,node.caps.no,deg.malig.1,breast.right,irradiat.no -> Class.no.recurrence.events
inv.nodes.0.2,deg.malig.2 -> Class.no.recurrence.events
inv.nodes.0.2,node.caps.no,breast.left,irradiat.no -> Class.no.recurrence.events
inv.nodes.0.2,node.caps.no,deg.malig.2 -> Class.no.recurrence.events
inv.nodes.0.2,node.caps.no,deg.malig.2,irradiat.no -> Class.no.recurrence.events
deg.malig.1,breast.right -> Class.no.recurrence.events
tumor.size.20.24,node.caps.no,irradiat.no -> Class.no.recurrence.events
node.caps.no,deg.malig.2,breast.quad.left_up -> Class.no.recurrence.events
node.caps.no,deg.malig.2,breast.quad.left_low,irradiat.no -> Class.no.recurrence.events
inv.nodes.0.2,deg.malig.2,breast.right -> Class.no.recurrence.events
deg.malig.1,breast.quad.left_low -> Class.no.recurrence.events
age.50.59,breast.quad.left_up,irradiat.no -> Class.no.recurrence.events
age.40.49,inv.nodes.0.2,node.caps.no,deg.malig.2,irradiat.no -> Class.no.recurrence.events
age.40.49,menopause.premeno,node.caps.no,breast.right,irradiat.no -> Class.no.recurrence.events
menopause.ge40,node.caps.no,breast.quad.left_up -> Class.no.recurrence.events
menopause.ge40,breast.quad.left_low,irradiat.no -> Class.no.recurrence.events
deg.malig.2,breast.quad.left_low,irradiat.no -> Class.no.recurrence.events
menopause.ge40,node.caps.no,deg.malig.2 -> Class.no.recurrence.events
inv.nodes.0.2,node.caps.no,deg.malig.2,breast.left -> Class.no.recurrence.events
inv.nodes.0.2,node.caps.no,irradiat.no -> Class.no.recurrence.events
age.40.49,menopause.premeno,inv.nodes.0.2,deg.malig.2 -> Class.no.recurrence.events
menopause.premeno,node.caps.no,deg.malig.2,breast.right -> Class.no.recurrence.events
age.60.69,menopause.ge40,inv.nodes.0.2,node.caps.no,irradiat.no -> Class.no.recurrence.events
inv.nodes.0.2,node.caps.no,deg.malig.2,breast.quad.left_low,irradiat.no -> Class.no.recurrence.events
age.50.59,inv.nodes.0.2 -> Class.no.recurrence.events
deg.malig.2,breast.right,irradiat.no -> Class.no.recurrence.events
menopause.premeno,inv.nodes.0.2,deg.malig.2,irradiat.no -> Class.no.recurrence.events
menopause.ge40,inv.nodes.0.2,breast.right,irradiat.no -> Class.no.recurrence.events
menopause.ge40,breast.right,breast.quad.left_up -> Class.no.recurrence.events
node.caps.no,breast.quad.left_low,irradiat.no -> Class.no.recurrence.events
node.caps.no,deg.malig.2,irradiat.no -> Class.no.recurrence.events
node.caps.no,deg.malig.2,breast.right,irradiat.no -> Class.no.recurrence.events
inv.nodes.0.2,deg.malig.2,breast.left,irradiat.no -> Class.no.recurrence.events
node.caps.no,deg.malig.2,breast.left,irradiat.no -> Class.no.recurrence.events
node.caps.no,breast.left,irradiat.no -> Class.no.recurrence.events
age.50.59,breast.quad.left_up -> Class.no.recurrence.events
node.caps.no,deg.malig.1,breast.right -> Class.no.recurrence.events
age.40.49,menopause.premeno,deg.malig.2,irradiat.no -> Class.no.recurrence.events
age.40.49,node.caps.no,deg.malig.2,irradiat.no -> Class.no.recurrence.events
age.40.49,menopause.premeno,inv.nodes.0.2,node.caps.no,deg.malig.2 -> Class.no.recurrence.events
menopause.premeno,inv.nodes.0.2,node.caps.no,deg.malig.2,irradiat.no -> Class.no.recurrence.events
inv.nodes.0.2,breast.left,irradiat.no -> Class.no.recurrence.events
menopause.premeno,node.caps.no,deg.malig.2,irradiat.no -> Class.no.recurrence.events
age.40.49,menopause.premeno,node.caps.no,deg.malig.2 -> Class.no.recurrence.events
menopause.ge40,inv.nodes.0.2,node.caps.no,breast.right,irradiat.no -> Class.no.recurrence.events
menopause.premeno,inv.nodes.0.2,deg.malig.2 -> Class.no.recurrence.events
inv.nodes.0.2,node.caps.no,breast.right,irradiat.no -> Class.no.recurrence.events
menopause.ge40,irradiat.no -> Class.no.recurrence.events
menopause.premeno,deg.malig.2,breast.right -> Class.no.recurrence.events
inv.nodes.0.2,node.caps.no,deg.malig.2,breast.left,irradiat.no -> Class.no.recurrence.events
inv.nodes.0.2,node.caps.no,breast.left -> Class.no.recurrence.events
age.40.49,menopause.premeno,inv.nodes.0.2,node.caps.no,irradiat.no -> Class.no.recurrence.events
menopause.ge40,deg.malig.2,breast.left -> Class.no.recurrence.events
node.caps.no,deg.malig.2,breast.left -> Class.no.recurrence.events
age.50.59,menopause.ge40,breast.left,irradiat.no -> Class.no.recurrence.events
node.caps.no,deg.malig.2,breast.quad.left_up,irradiat.no -> Class.no.recurrence.events
menopause.ge40,node.caps.no,breast.left,breast.quad.left_low -> Class.no.recurrence.events
tumor.size.20.24,inv.nodes.0.2,node.caps.no,irradiat.no -> Class.no.recurrence.events
inv.nodes.0.2,node.caps.no,deg.malig.1,breast.right -> Class.no.recurrence.events
inv.nodes.0.2,node.caps.no,breast.right,breast.quad.left_up,irradiat.no -> Class.no.recurrence.events
deg.malig.2,irradiat.no -> Class.no.recurrence.events
node.caps.no,deg.malig.2 -> Class.no.recurrence.events
age.40.49,inv.nodes.0.2,deg.malig.2 -> Class.no.recurrence.events
age.50.59,inv.nodes.0.2,node.caps.no,breast.left,irradiat.no -> Class.no.recurrence.events
inv.nodes.0.2,node.caps.no,breast.quad.left_low -> Class.no.recurrence.events
node.caps.no,deg.malig.2,breast.right -> Class.no.recurrence.events
age.40.49,menopause.premeno,node.caps.no,irradiat.no -> Class.no.recurrence.events
age.40.49,inv.nodes.0.2,node.caps.no,irradiat.no -> Class.no.recurrence.events
inv.nodes.0.2,irradiat.no -> Class.no.recurrence.events
node.caps.no,irradiat.no -> Class.no.recurrence.events
age.50.59,node.caps.no -> Class.no.recurrence.events
age.50.59,breast.right -> Class.no.recurrence.events
deg.malig.2,breast.right -> Class.no.recurrence.events
inv.nodes.0.2,breast.left -> Class.no.recurrence.events
age.40.49,node.caps.no,deg.malig.2 -> Class.no.recurrence.events
age.50.59,inv.nodes.0.2,deg.malig.2 -> Class.no.recurrence.events
deg.malig.2,breast.quad.left_up,irradiat.no -> Class.no.recurrence.events
menopause.premeno,node.caps.no,deg.malig.1,irradiat.no -> Class.no.recurrence.events
age.40.49,inv.nodes.0.2,node.caps.no,deg.malig.2 -> Class.no.recurrence.events
menopause.premeno,inv.nodes.0.2,node.caps.no,deg.malig.2 -> Class.no.recurrence.events
menopause.premeno,node.caps.no,breast.right,irradiat.no -> Class.no.recurrence.events
menopause.premeno,inv.nodes.0.2,node.caps.no,breast.right,irradiat.no -> Class.no.recurrence.events
inv.nodes.0.2,breast.quad.left_low -> Class.no.recurrence.events
age.40.49,menopause.premeno,node.caps.no -> Class.no.recurrence.events
inv.nodes.0.2,node.caps.no -> Class.no.recurrence.events
menopause.ge40,deg.malig.2 -> Class.no.recurrence.events
deg.malig.2,breast.left,irradiat.no -> Class.no.recurrence.events
age.50.59,deg.malig.2 -> Class.no.recurrence.events
inv.nodes.0.2,node.caps.no,deg.malig.2,breast.quad.left_low -> Class.no.recurrence.events
age.40.49,deg.malig.2,irradiat.no -> Class.no.recurrence.events
deg.malig.2,breast.left,breast.quad.left_low -> Class.no.recurrence.events
age.40.49,menopause.premeno,inv.nodes.0.2,breast.right -> Class.no.recurrence.events
age.40.49,inv.nodes.0.2,node.caps.no -> Class.no.recurrence.events
menopause.premeno,node.caps.no,deg.malig.2 -> Class.no.recurrence.events
tumor.size.30.34,inv.nodes.0.2,node.caps.no,irradiat.no -> Class.no.recurrence.events
age.40.49,menopause.premeno,inv.nodes.0.2,node.caps.no -> Class.no.recurrence.events
menopause.premeno,inv.nodes.0.2,node.caps.no,deg.malig.1,irradiat.no -> Class.no.recurrence.events
inv.nodes.0.2,breast.right,irradiat.no -> Class.no.recurrence.events
age.60.69,inv.nodes.0.2,node.caps.no -> Class.no.recurrence.events
node.caps.no,breast.right,irradiat.no -> Class.no.recurrence.events
age.50.59,irradiat.no -> Class.no.recurrence.events
menopause.ge40,node.caps.no -> Class.no.recurrence.events
menopause.ge40,node.caps.no,breast.quad.left_low -> Class.no.recurrence.events
node.caps.no,breast.left,breast.quad.left_low -> Class.no.recurrence.events
age.50.59,node.caps.no,breast.left,irradiat.no -> Class.no.recurrence.events
inv.nodes.0.2,node.caps.no,breast.quad.left_up,irradiat.no -> Class.no.recurrence.events
tumor.size.20.24,inv.nodes.0.2,node.caps.no -> Class.no.recurrence.events
menopause.premeno,node.caps.no,deg.malig.1 -> Class.no.recurrence.events
age.40.49,inv.nodes.0.2,breast.left -> Class.no.recurrence.events
age.50.59,deg.malig.2,irradiat.no -> Class.no.recurrence.events
inv.nodes.0.2,breast.right,breast.quad.left_up,irradiat.no -> Class.no.recurrence.events
age.40.49,node.caps.no,irradiat.no -> Class.no.recurrence.events
node.caps.no,deg.malig.2,breast.quad.left_low -> Class.no.recurrence.events
age.50.59,inv.nodes.0.2,deg.malig.2,irradiat.no -> Class.no.recurrence.events
menopause.ge40,inv.nodes.0.2,node.caps.no,breast.right -> Class.no.recurrence.events
deg.malig.2 -> Class.no.recurrence.events
node.caps.no,breast.left -> Class.no.recurrence.events
inv.nodes.0.2 -> Class.no.recurrence.events
inv.nodes.0.2,node.caps.no,breast.right,breast.quad.left_up -> Class.no.recurrence.events
menopause.premeno,deg.malig.2,irradiat.no -> Class.no.recurrence.events
menopause.premeno,inv.nodes.0.2,node.caps.no,deg.malig.1 -> Class.no.recurrence.events
age.40.49,inv.nodes.0.2,node.caps.no,breast.left -> Class.no.recurrence.events
age.60.69,irradiat.no -> Class.no.recurrence.events
inv.nodes.0.2,breast.right,breast.quad.left_up -> Class.no.recurrence.events
age.60.69,menopause.ge40,inv.nodes.0.2,node.caps.no -> Class.no.recurrence.events
inv.nodes.0.2,node.caps.no,breast.right -> Class.no.recurrence.events
deg.malig.2,breast.quad.left_low -> Class.no.recurrence.events
age.50.59,menopause.ge40 -> Class.no.recurrence.events
age.40.49,inv.nodes.0.2 -> Class.no.recurrence.events
age.40.49,menopause.premeno,inv.nodes.0.2 -> Class.no.recurrence.events
age.50.59,node.caps.no,deg.malig.2 -> Class.no.recurrence.events
age.40.49,node.caps.no,breast.left,irradiat.no -> Class.no.recurrence.events
node.caps.no,breast.left,breast.quad.left_up,irradiat.no -> Class.no.recurrence.events
inv.nodes.0.2,node.caps.no,breast.quad.left_up -> Class.no.recurrence.events
menopause.premeno,deg.malig.2 -> Class.no.recurrence.events
age.50.59,inv.nodes.0.2,breast.left -> Class.no.recurrence.events
age.40.49,node.caps.no -> Class.no.recurrence.events
node.caps.no,breast.left,breast.quad.left_up -> Class.no.recurrence.events
node.caps.no,breast.quad.left_up,irradiat.no -> Class.no.recurrence.events
menopause.premeno,inv.nodes.0.2,deg.malig.2,breast.left -> Class.no.recurrence.events
age.40.49,menopause.premeno,deg.malig.2 -> Class.no.recurrence.events
menopause.ge40,inv.nodes.0.2,breast.right -> Class.no.recurrence.events
node.caps.no,breast.right,breast.quad.left_up,irradiat.no -> Class.no.recurrence.events
age.40.49,deg.malig.2 -> Class.no.recurrence.events
menopause.premeno,node.caps.no,irradiat.no -> Class.no.recurrence.events
inv.nodes.0.2,breast.quad.left_up,irradiat.no -> Class.no.recurrence.events
node.caps.no -> Class.no.recurrence.events
tumor.size.20.24,node.caps.no -> Class.no.recurrence.events
deg.malig.2,breast.left -> Class.no.recurrence.events
age.60.69,menopause.ge40,irradiat.no -> Class.no.recurrence.events
age.50.59,inv.nodes.0.2,breast.left,irradiat.no -> Class.no.recurrence.events
inv.nodes.0.2,breast.quad.left_up -> Class.no.recurrence.events
tumor.size.15.19 -> Class.no.recurrence.events
age.60.69,breast.left -> Class.no.recurrence.events
inv.nodes.0.2,node.caps.no,breast.left,breast.quad.left_up -> Class.no.recurrence.events
menopause.premeno,node.caps.no,deg.malig.2,breast.left -> Class.no.recurrence.events
menopause.premeno,inv.nodes.0.2,node.caps.no,irradiat.no -> Class.no.recurrence.events
menopause.premeno,inv.nodes.0.2,node.caps.no,breast.right -> Class.no.recurrence.events
inv.nodes.0.2,breast.right -> Class.no.recurrence.events
node.caps.no,breast.quad.left_low -> Class.no.recurrence.events
tumor.size.20.24,inv.nodes.0.2,irradiat.no -> Class.no.recurrence.events
age.40.49,node.caps.no,breast.left -> Class.no.recurrence.events
menopause.premeno,node.caps.no,breast.quad.left_low,irradiat.no -> Class.no.recurrence.events
age.50.59,breast.quad.left_low -> Class.no.recurrence.events
age.60.69,node.caps.no -> Class.no.recurrence.events
age.40.49,menopause.premeno,breast.right -> Class.no.recurrence.events
menopause.ge40,breast.right,irradiat.no -> Class.no.recurrence.events
breast.left,irradiat.no -> Class.no.recurrence.events
breast.left,breast.quad.left_up,irradiat.no -> Class.no.recurrence.events
breast.left,breast.quad.left_low,irradiat.no -> Class.no.recurrence.events
menopause.premeno,node.caps.no,breast.right -> Class.no.recurrence.events
age.40.49,menopause.premeno,inv.nodes.0.2,breast.left -> Class.no.recurrence.events
age.40.49,menopause.premeno,node.caps.no,breast.left -> Class.no.recurrence.events
menopause.premeno,inv.nodes.0.2,node.caps.no,breast.left,breast.quad.left_low -> Class.no.recurrence.events
menopause.premeno,inv.nodes.0.2,node.caps.no,deg.malig.2,breast.left -> Class.no.recurrence.events
tumor.size.25.29,inv.nodes.0.2,irradiat.no -> Class.no.recurrence.events
menopause.premeno,inv.nodes.0.2,node.caps.no,breast.quad.left_low,irradiat.no -> Class.no.recurrence.events
tumor.size.20.24,irradiat.no -> Class.no.recurrence.events
breast.quad.left_low,irradiat.no -> Class.no.recurrence.events
age.50.59,breast.left,irradiat.no -> Class.no.recurrence.events
node.caps.no,breast.right -> Class.no.recurrence.events
menopause.premeno,inv.nodes.0.2,irradiat.no -> Class.no.recurrence.events
irradiat.no -> Class.no.recurrence.events
tumor.size.20.24,inv.nodes.0.2 -> Class.no.recurrence.events
node.caps.no,breast.quad.left_up -> Class.no.recurrence.events
age.60.69,menopause.ge40,breast.left -> Class.no.recurrence.events
age.60.69,menopause.ge40,node.caps.no -> Class.no.recurrence.events
inv.nodes.0.2,breast.left,breast.quad.left_up -> Class.no.recurrence.events
menopause.premeno,inv.nodes.0.2,breast.right -> Class.no.recurrence.events
tumor.size.25.29,inv.nodes.0.2,node.caps.no,irradiat.no -> Class.no.recurrence.events
inv.nodes.0.2,breast.left,breast.quad.left_up,irradiat.no -> Class.no.recurrence.events
age.40.49,menopause.premeno,inv.nodes.0.2,node.caps.no,breast.left -> Class.no.recurrence.events
