partido=pt,uf=SP,orientacao_partido=não,orientacao_gov=não -> voto=não
partido=pt,orientacao_partido=não,orientacao_gov=não,cunha=sim -> voto=não
partido=pt,orientacao_partido=não,orientacao_gov=não -> voto=não
partido=pcdob,orientacao_partido=não,orientacao_gov=não -> voto=não
partido=pt,orientacao_partido=não,orientacao_gov=não,cunha=não -> voto=não
partido=pt,uf=SP,orientacao_gov=não -> voto=não
partido=pt,orientacao_gov=não,cunha=sim -> voto=não
partido=prb,orientacao_partido=não,orientacao_gov=não,cunha=não -> voto=não
partido=pdt,orientacao_partido=não,orientacao_gov=não,cunha=não -> voto=não
orientacao_partido=não,orientacao_gov=não,cunha=liberado -> voto=não
partido=pt,orientacao_gov=não -> voto=não
partido=prb,orientacao_partido=não,orientacao_gov=não -> voto=não
partido=pr,orientacao_partido=não,orientacao_gov=não,cunha=não -> voto=não
partido=pr,orientacao_partido=não,orientacao_gov=não -> voto=não
partido=pt,orientacao_gov=não,cunha=não -> voto=não
uf=BA,orientacao_partido=não,orientacao_gov=não -> voto=não
partido=pdt,orientacao_partido=não,orientacao_gov=não -> voto=não
uf=MA,orientacao_partido=não,orientacao_gov=não -> voto=não
uf=BA,orientacao_partido=não,orientacao_gov=não,cunha=não -> voto=não
partido=pr,orientacao_gov=não,cunha=não -> voto=não
partido=prb,orientacao_gov=não,cunha=não -> voto=não
uf=CE,orientacao_partido=não,orientacao_gov=não -> voto=não
uf=CE,orientacao_partido=não,orientacao_gov=não,cunha=não -> voto=não
uf=SP,orientacao_partido=não,orientacao_gov=não -> voto=não
orientacao_partido=não,orientacao_gov=não,cunha=sim -> voto=não
partido=psd,orientacao_partido=não,orientacao_gov=não -> voto=não
partido=psd,orientacao_partido=não,orientacao_gov=não,cunha=não -> voto=não
uf=SP,orientacao_partido=não,orientacao_gov=não,cunha=não -> voto=não
uf=PE,orientacao_partido=não,orientacao_gov=não -> voto=não
partido=pr,cunha=não -> voto=não
orientacao_partido=não,orientacao_gov=não -> voto=não
orientacao_partido=não,orientacao_gov=não,cunha=não -> voto=não
partido=prb,cunha=não -> voto=não
partido=pmdb,cunha=não -> voto=não
partido=pmdb,orientacao_gov=não,cunha=não -> voto=não
partido=pcdob,orientacao_gov=não -> voto=não
uf=MG,orientacao_partido=não,orientacao_gov=não,cunha=não -> voto=não
uf=MG,orientacao_partido=não,orientacao_gov=não -> voto=não
uf=PR,orientacao_partido=não,orientacao_gov=não -> voto=não
uf=PR,orientacao_partido=não,orientacao_gov=não,cunha=não -> voto=não
uf=RJ,orientacao_partido=não,orientacao_gov=não -> voto=não
partido=psb,orientacao_partido=não,orientacao_gov=não -> voto=não
partido=pmdb,orientacao_partido=não,orientacao_gov=não,cunha=não -> voto=não
uf=RJ,orientacao_partido=não,orientacao_gov=não,cunha=não -> voto=não
partido=prb,orientacao_gov=não -> voto=não
partido=psd,orientacao_gov=não,cunha=não -> voto=não
partido=psd,cunha=não -> voto=não
uf=RS,orientacao_partido=não,orientacao_gov=não -> voto=não
partido=ptb,cunha=não -> voto=não
partido=pr,orientacao_gov=não -> voto=não
uf=RS,orientacao_partido=não,orientacao_gov=não,cunha=não -> voto=não
cunha=não,descr=REQUERIMENTO DE RETIRADA DE PAUTA_PEC_171_1993 -> voto=não
uf=MA,orientacao_gov=não,cunha=não -> voto=não
partido=ptb,orientacao_partido=não,orientacao_gov=não -> voto=não
partido=ptb,orientacao_partido=não,orientacao_gov=não,cunha=não -> voto=não
uf=MA,cunha=não -> voto=não
partido=ptb,orientacao_gov=não,cunha=não -> voto=não
partido=pp,cunha=não -> voto=não
partido=pros,cunha=não -> voto=não
partido=pdt,orientacao_gov=não,cunha=não -> voto=não
uf=BA,orientacao_gov=não,cunha=não -> voto=não
uf=PB,cunha=não -> voto=não
uf=CE,orientacao_gov=não,cunha=não -> voto=não
partido=pmdb,orientacao_gov=não -> voto=não
uf=BA,cunha=não -> voto=não
uf=MA,orientacao_gov=não -> voto=não
uf=RJ,orientacao_gov=não,cunha=não -> voto=não
uf=CE,cunha=não -> voto=não
partido=pdt,orientacao_gov=não -> voto=não
uf=MG,cunha=não -> voto=não
uf=CE,orientacao_gov=não -> voto=não
uf=RJ,cunha=não -> voto=não
uf=PA,cunha=não -> voto=não
partido=pp,orientacao_gov=não,cunha=não -> voto=não
uf=MG,orientacao_gov=não,cunha=não -> voto=não
partido=pt,cunha=não -> voto=não
cunha=não -> voto=não
uf=BA,orientacao_gov=não -> voto=não
orientacao_gov=não,cunha=não -> voto=não
partido=psd,orientacao_gov=não -> voto=não
partido=pdt,cunha=não -> voto=não
uf=RS,orientacao_gov=não,cunha=não -> voto=não
partido=pp,orientacao_partido=não,orientacao_gov=não,cunha=não -> voto=não
orientacao_gov=liberado,cunha=não -> voto=não
uf=SC,cunha=não -> voto=não
uf=PR,cunha=não -> voto=não
partido=pt,cunha=liberado -> voto=não
partido=ptb,orientacao_gov=não -> voto=não
uf=RS,cunha=não -> voto=não
partido=pcdob,cunha=não -> voto=não
uf=SP,cunha=não -> voto=não
uf=PA,orientacao_gov=não -> voto=não
