partido=pt,voto=não,orientacao_gov=não,cunha=não -> orientacao_partido=não
partido=pt,voto=não,orientacao_gov=não -> orientacao_partido=não
partido=pt,uf=SP,voto=não,orientacao_gov=não -> orientacao_partido=não
partido=pt,voto=não,orientacao_gov=não,cunha=sim -> orientacao_partido=não
partido=pt,voto=não,cunha=não -> orientacao_partido=não
partido=pcdob,voto=não,orientacao_gov=não -> orientacao_partido=não
partido=pcdob,voto=não,cunha=não -> orientacao_partido=não
partido=prb,voto=não,orientacao_gov=não,cunha=não -> orientacao_partido=não
partido=prb,voto=não,orientacao_gov=não -> orientacao_partido=não
partido=pr,voto=não,orientacao_gov=não,cunha=não -> orientacao_partido=não
partido=pdt,voto=não,orientacao_gov=não,cunha=não -> orientacao_partido=não
partido=prb,voto=não,cunha=não -> orientacao_partido=não
partido=pr,voto=não,orientacao_gov=não -> orientacao_partido=não
partido=pdt,voto=não,orientacao_gov=não -> orientacao_partido=não
partido=pcdob,voto=não -> orientacao_partido=não
partido=pr,orientacao_gov=não,cunha=não -> orientacao_partido=não
partido=psd,voto=não,orientacao_gov=não,cunha=não -> orientacao_partido=não
partido=pp,voto=sim,orientacao_gov=não,cunha=não -> orientacao_partido=não
partido=pr,voto=não,cunha=não -> orientacao_partido=não
uf=CE,voto=não,orientacao_gov=não,cunha=não -> orientacao_partido=não
partido=prb,orientacao_gov=não,cunha=não -> orientacao_partido=não
uf=BA,voto=não,orientacao_gov=não,cunha=não -> orientacao_partido=não
partido=pt,uf=SP,voto=não -> orientacao_partido=não
partido=pt,uf=SP,orientacao_gov=não -> orientacao_partido=não
partido=pt,orientacao_gov=não -> orientacao_partido=não
partido=psdb,uf=SP,voto=não,orientacao_gov=sim -> orientacao_partido=não
partido=pt,orientacao_gov=não,cunha=não -> orientacao_partido=não
uf=SP,voto=não,orientacao_gov=não,cunha=não -> orientacao_partido=não
partido=pt,orientacao_gov=não,cunha=sim -> orientacao_partido=não
voto=não,cunha=não,descr=REQUERIMENTO DE RETIRADA DE PAUTA_PEC_171_1993 -> orientacao_partido=não
partido=psdb,voto=não,orientacao_gov=sim -> orientacao_partido=não
partido=dem,voto=não,orientacao_gov=sim,cunha=sim -> orientacao_partido=não
partido=pps,voto=não,cunha=sim -> orientacao_partido=não
partido=ptb,voto=não,orientacao_gov=não,cunha=não -> orientacao_partido=não
uf=SP,voto=não,orientacao_gov=não -> orientacao_partido=não
uf=BA,voto=não,cunha=não -> orientacao_partido=não
partido=pps,voto=não -> orientacao_partido=não
partido=psd,voto=não,orientacao_gov=não -> orientacao_partido=não
partido=psdb,voto=não,orientacao_gov=sim,cunha=sim -> orientacao_partido=não
uf=BA,voto=não,orientacao_gov=não -> orientacao_partido=não
partido=dem,voto=não,orientacao_gov=sim -> orientacao_partido=não
partido=ptb,orientacao_gov=não,cunha=não -> orientacao_partido=não
partido=pdt,voto=não,cunha=não -> orientacao_partido=não
partido=psd,voto=não,cunha=não -> orientacao_partido=não
partido=pt,voto=não -> orientacao_partido=não
uf=CE,voto=não,cunha=não -> orientacao_partido=não
partido=pt,uf=RS,voto=não -> orientacao_partido=não
uf=CE,voto=não,orientacao_gov=não -> orientacao_partido=não
partido=psdb,voto=não,cunha=não -> orientacao_partido=não
uf=PR,voto=não,orientacao_gov=não,cunha=não -> orientacao_partido=não
partido=pp,orientacao_gov=não,cunha=não -> orientacao_partido=não
voto=não,orientacao_gov=sim,cunha=não -> orientacao_partido=não
uf=RS,voto=não,orientacao_gov=não,cunha=não -> orientacao_partido=não
uf=SP,voto=não,cunha=não -> orientacao_partido=não
voto=não,orientacao_gov=não,cunha=não -> orientacao_partido=não
partido=pr,cunha=não -> orientacao_partido=não
partido=psdb,uf=SP,voto=não -> orientacao_partido=não
partido=psdb,voto=não -> orientacao_partido=não
partido=prb,uf=SP,voto=não -> orientacao_partido=não
partido=pp,voto=não,orientacao_gov=não,cunha=não -> orientacao_partido=não
partido=pp,voto=sim,cunha=não -> orientacao_partido=não
partido=psdb,voto=não,cunha=sim -> orientacao_partido=não
uf=RS,voto=não,orientacao_gov=não -> orientacao_partido=não
uf=MG,voto=não,orientacao_gov=não,cunha=não -> orientacao_partido=não
uf=PA,voto=não,cunha=não -> orientacao_partido=não
partido=psdb,uf=SP,voto=não,cunha=sim -> orientacao_partido=não
uf=PE,voto=não,cunha=não -> orientacao_partido=não
partido=prb,voto=não -> orientacao_partido=não
uf=PR,voto=não,cunha=não -> orientacao_partido=não
voto=não,orientacao_gov=não -> orientacao_partido=não
uf=MG,voto=não,orientacao_gov=não -> orientacao_partido=não
partido=psd,orientacao_gov=não,cunha=não -> orientacao_partido=não
partido=prb,cunha=não -> orientacao_partido=não
uf=GO,voto=não,cunha=não -> orientacao_partido=não
voto=não,cunha=não -> orientacao_partido=não
uf=PR,voto=não,orientacao_gov=não -> orientacao_partido=não
uf=RJ,voto=não,orientacao_gov=não,cunha=não -> orientacao_partido=não
partido=dem,voto=não,cunha=não -> orientacao_partido=não
partido=dem,voto=não,cunha=sim -> orientacao_partido=não
uf=MG,voto=não,cunha=não -> orientacao_partido=não
voto=não,orientacao_gov=liberado,cunha=não -> orientacao_partido=não
partido=ptb,cunha=não -> orientacao_partido=não
uf=RS,voto=não,cunha=não -> orientacao_partido=não
partido=pcdob,orientacao_gov=não -> orientacao_partido=não
uf=PE,voto=não,orientacao_gov=não -> orientacao_partido=não
partido=prb,orientacao_gov=não -> orientacao_partido=não
uf=AC,voto=não -> orientacao_partido=não
partido=ptb,voto=não,orientacao_gov=não -> orientacao_partido=não
partido=dem,voto=não -> orientacao_partido=não
partido=pr,voto=não -> orientacao_partido=não
partido=ptb,voto=não,cunha=não -> orientacao_partido=não
uf=RJ,voto=não,orientacao_gov=não -> orientacao_partido=não
partido=psc,cunha=não -> orientacao_partido=não
partido=psb,voto=não,cunha=não -> orientacao_partido=não
partido=psb,voto=não,orientacao_gov=sim,cunha=sim -> orientacao_partido=não
partido=psb,voto=não,orientacao_gov=sim -> orientacao_partido=não
partido=pt,voto=não,orientacao_gov=liberado -> orientacao_partido=não
uf=RJ,voto=não,cunha=não -> orientacao_partido=não
partido=pp,cunha=não -> orientacao_partido=não
partido=pr,orientacao_gov=não -> orientacao_partido=não
partido=pdt,voto=não -> orientacao_partido=não
uf=BA,voto=não -> orientacao_partido=não
partido=psd,cunha=não -> orientacao_partido=não
uf=CE,voto=não -> orientacao_partido=não
partido=solidaried,voto=não -> orientacao_partido=não
uf=SP,voto=não -> orientacao_partido=não
uf=GO,voto=não -> orientacao_partido=não
partido=pp,voto=não,cunha=não -> orientacao_partido=não
uf=AL,voto=não -> orientacao_partido=não
uf=MA,voto=não,cunha=não -> orientacao_partido=não
uf=MA,voto=não,orientacao_gov=não -> orientacao_partido=não
uf=SC,voto=não,cunha=não -> orientacao_partido=não
partido=pt,voto=não,cunha=sim -> orientacao_partido=não
partido=psb,voto=não -> orientacao_partido=não
partido=psb,voto=não,orientacao_gov=não -> orientacao_partido=não
uf=AM,voto=não -> orientacao_partido=não
uf=PA,voto=não -> orientacao_partido=não
uf=RS,orientacao_gov=não,cunha=não -> orientacao_partido=não
uf=ES,voto=não -> orientacao_partido=não
uf=PI,voto=não -> orientacao_partido=não
uf=PB,voto=não -> orientacao_partido=não
uf=PE,voto=não -> orientacao_partido=não
uf=DF,voto=não -> orientacao_partido=não
uf=BA,orientacao_gov=não,cunha=não -> orientacao_partido=não
uf=CE,orientacao_gov=não,cunha=não -> orientacao_partido=não
voto=não,orientacao_gov=não,cunha=sim -> orientacao_partido=não
partido=pdt,orientacao_gov=não,cunha=não -> orientacao_partido=não
partido=pmdb,voto=sim,cunha=não -> orientacao_partido=não
cunha=não,descr=REQUERIMENTO DE RETIRADA DE PAUTA_PEC_171_1993 -> orientacao_partido=não
uf=PR,voto=não -> orientacao_partido=não
uf=MG,voto=não -> orientacao_partido=não
partido=psb,voto=não,cunha=sim -> orientacao_partido=não
partido=psd,voto=não -> orientacao_partido=não
partido=pros,cunha=não -> orientacao_partido=não
uf=MA,voto=não -> orientacao_partido=não
partido=ptb,orientacao_gov=não -> orientacao_partido=não
uf=RJ,orientacao_gov=não,cunha=não -> orientacao_partido=não
uf=SP,voto=não,orientacao_gov=liberado -> orientacao_partido=não
voto=não,orientacao_gov=não,cunha=liberado -> orientacao_partido=não
partido=pdt,orientacao_gov=não -> orientacao_partido=não
uf=RJ,voto=não -> orientacao_partido=não
uf=SP,voto=não,orientacao_gov=sim -> orientacao_partido=não
uf=BA,cunha=não -> orientacao_partido=não
uf=MG,orientacao_gov=não,cunha=não -> orientacao_partido=não
partido=pt,uf=SP,cunha=não -> orientacao_partido=não
partido=psd,orientacao_gov=não -> orientacao_partido=não
partido=pt,cunha=não -> orientacao_partido=não
uf=CE,cunha=não -> orientacao_partido=não
uf=SP,voto=não,cunha=sim -> orientacao_partido=não
uf=RS,cunha=não -> orientacao_partido=não
uf=CE,orientacao_gov=não -> orientacao_partido=não
uf=RS,orientacao_gov=não -> orientacao_partido=não
orientacao_gov=não,cunha=não -> orientacao_partido=não
partido=pmdb,orientacao_gov=não,cunha=não -> orientacao_partido=não
partido=pmdb,cunha=não -> orientacao_partido=não
uf=SP,voto=não,orientacao_gov=sim,cunha=sim -> orientacao_partido=não
uf=PR,orientacao_gov=não,cunha=não -> orientacao_partido=não
uf=RS,voto=não -> orientacao_partido=não
voto=não,orientacao_gov=liberado -> orientacao_partido=não
uf=BA,orientacao_gov=não -> orientacao_partido=não
partido=pmdb,voto=não,cunha=não -> orientacao_partido=não
uf=MG,cunha=não -> orientacao_partido=não
voto=não,orientacao_gov=sim -> orientacao_partido=não
uf=RJ,cunha=não -> orientacao_partido=não
uf=PR,cunha=não -> orientacao_partido=não
partido=pros,voto=não -> orientacao_partido=não
partido=pmdb,voto=não,orientacao_gov=não,cunha=não -> orientacao_partido=não
cunha=não -> orientacao_partido=não
uf=SC,voto=não -> orientacao_partido=não
uf=PA,cunha=não -> orientacao_partido=não
uf=SC,cunha=não -> orientacao_partido=não
partido=pdt,cunha=não -> orientacao_partido=não
uf=SP,orientacao_gov=não,cunha=não -> orientacao_partido=não
uf=PB,cunha=não -> orientacao_partido=não
uf=MA,cunha=não -> orientacao_partido=não
uf=RJ,orientacao_gov=não -> orientacao_partido=não
partido=pcdob,cunha=não -> orientacao_partido=não
orientacao_gov=liberado,cunha=não -> orientacao_partido=não
partido=pt,cunha=liberado -> orientacao_partido=não
uf=BA,voto=não,cunha=sim -> orientacao_partido=não
uf=MG,voto=não,orientacao_gov=sim -> orientacao_partido=não
uf=MG,orientacao_gov=não -> orientacao_partido=não
uf=SP,cunha=não -> orientacao_partido=não
voto=não,orientacao_gov=sim,cunha=sim -> orientacao_partido=não
voto=não,cunha=sim -> orientacao_partido=não
partido=ptb,voto=não -> orientacao_partido=não
voto=não,cunha=liberado -> orientacao_partido=não
uf=PA,orientacao_gov=não -> orientacao_partido=não
