orientacao_gov=obstrução -> cunha=obstrução
partido=psdb,orientacao_partido=obstrução -> voto=obstrução
orientacao_partido=obstrução,orientacao_gov=não,cunha=não -> voto=obstrução
voto=obstrução,orientacao_gov=não,cunha=não -> orientacao_partido=obstrução
orientacao_partido=obstrução,cunha=não -> voto=obstrução
partido=pt,voto=obstrução -> orientacao_partido=obstrução
voto=obstrução,cunha=não -> orientacao_partido=obstrução
partido=pt,orientacao_partido=obstrução -> voto=obstrução
partido=psdb,voto=obstrução -> orientacao_partido=obstrução
voto=obstrução -> orientacao_partido=obstrução
partido=pmdb,cunha=liberado -> orientacao_partido=liberado
partido=pmdb,orientacao_partido=liberado -> cunha=liberado
descr=REQUERIMENTO DE RETIRADA DE PAUTA_PEC_171_1993 -> cunha=não
orientacao_gov=sim,descr=DVS - BLOCO PRB - INC. VI. §4º. ART 18 DA SUBEMENDA SUBST. DE PLENÁRIO_PL_7699_2006 -> cunha=não
orientacao_gov=não,descr=REQ. DE VOTAÇÃO NOMINAL DO REQUERIMENTO DE RETIRADA DE PAUTA_MPV_698_2015 -> cunha=não
orientacao_gov=não,descr=REQUERIMENTO DE RETIRADA DE PAUTA_PL_2960_2015 -> cunha=não
voto=não,descr=REQUERIMENTO DE RETIRADA DE PAUTA_PEC_171_1993 -> cunha=não
orientacao_gov=sim,descr=REQUERIMENTO DE RETIRADA DE PAUTA_PEC_171_1993 -> cunha=não
orientacao_partido=obstrução,orientacao_gov=não -> cunha=não
voto=obstrução,orientacao_partido=obstrução,orientacao_gov=não -> cunha=não
voto=obstrução,orientacao_gov=não -> cunha=não
partido=pp,voto=não,orientacao_gov=não -> cunha=não
partido=psd,voto=não,orientacao_gov=não -> cunha=não
partido=pmdb,voto=não,orientacao_gov=não -> cunha=não
partido=pr,voto=não,orientacao_gov=não -> cunha=não
partido=prb,voto=não,orientacao_gov=não -> cunha=não
partido=ptb,voto=não,orientacao_gov=não -> cunha=não
uf=MG,voto=não,orientacao_gov=não -> cunha=não
uf=MA,voto=não,orientacao_gov=não -> cunha=não
voto=não,orientacao_gov=não -> cunha=não
uf=RJ,voto=não,orientacao_gov=não -> cunha=não
uf=SP,voto=não,orientacao_gov=não -> cunha=não
uf=PR,voto=não,orientacao_gov=não -> cunha=não
uf=BA,voto=não,orientacao_gov=não -> cunha=não
partido=pdt,voto=não,orientacao_gov=não -> cunha=não
uf=CE,voto=não,orientacao_gov=não -> cunha=não
uf=RS,voto=não,orientacao_gov=não -> cunha=não
uf=PE,voto=não,orientacao_gov=não -> cunha=não
partido=psb,voto=sim,orientacao_partido=sim,orientacao_gov=não -> cunha=não
partido=psb,orientacao_partido=sim,orientacao_gov=não -> cunha=não
partido=prb,orientacao_gov=não -> cunha=não
partido=psb,orientacao_gov=não -> cunha=não
uf=MG,orientacao_gov=não -> cunha=não
uf=CE,orientacao_gov=não -> cunha=não
partido=pr,orientacao_gov=não -> cunha=não
partido=pmdb,voto=não -> cunha=não
uf=PA,orientacao_gov=não -> cunha=não
partido=psdb,uf=SP,orientacao_gov=não -> cunha=não
partido=pp,orientacao_gov=não -> cunha=não
partido=psdb,orientacao_gov=não -> cunha=não
uf=SP,orientacao_gov=não -> cunha=não
uf=BA,orientacao_gov=não -> cunha=não
partido=pdt,orientacao_gov=não -> cunha=não
uf=PR,orientacao_gov=não -> cunha=não
orientacao_gov=não -> cunha=não
uf=RJ,orientacao_gov=não -> cunha=não
uf=SC,orientacao_gov=não -> cunha=não
partido=psb,voto=não,orientacao_gov=não -> cunha=não
uf=GO,orientacao_gov=não -> cunha=não
uf=RS,orientacao_gov=não -> cunha=não
partido=ptb,orientacao_gov=não -> cunha=não
partido=pcdob,orientacao_gov=não -> cunha=não
partido=dem,orientacao_gov=não -> cunha=não
uf=MA,orientacao_gov=não -> cunha=não
partido=pt,orientacao_gov=não -> cunha=não
partido=pmdb,orientacao_gov=não -> cunha=não
partido=solidaried,orientacao_gov=não -> cunha=não
partido=psd,orientacao_gov=não -> cunha=não
uf=PE,orientacao_gov=não -> cunha=não
partido=pr,voto=não -> cunha=não
partido=pt,voto=não,orientacao_gov=não -> cunha=não
partido=psb,voto=sim,orientacao_gov=não -> cunha=não
partido=prb,voto=não -> cunha=não
partido=psd,voto=não -> cunha=não
partido=psdb,voto=sim,orientacao_gov=não -> cunha=não
partido=psdb,voto=sim,orientacao_partido=sim,orientacao_gov=não -> cunha=não
partido=psdb,orientacao_partido=sim,orientacao_gov=não -> cunha=não
partido=ptb,voto=não -> cunha=não
partido=psdb,orientacao_partido=obstrução -> cunha=não
partido=dem,orientacao_partido=sim,orientacao_gov=não -> cunha=não
uf=MA,voto=não -> cunha=não
uf=SP,voto=sim,orientacao_gov=não -> cunha=não
partido=pp,voto=não -> cunha=não
partido=pros,voto=não -> cunha=não
uf=PB,voto=não -> cunha=não
voto=sim,orientacao_gov=não -> cunha=não
uf=RJ,voto=sim,orientacao_gov=não -> cunha=não
uf=MG,voto=sim,orientacao_gov=não -> cunha=não
uf=BA,voto=não -> cunha=não
uf=CE,voto=não -> cunha=não
