orientacao_partido=não,descr=REQUERIMENTO DE RETIRADA DE PAUTA_PEC_171_1993 -> cunha=não
partido=pmdb,orientacao_partido=não -> cunha=não
voto=não,orientacao_partido=não,descr=REQUERIMENTO DE RETIRADA DE PAUTA_PEC_171_1993 -> cunha=não
partido=pp,orientacao_partido=não,orientacao_gov=não -> cunha=não
partido=pmdb,orientacao_partido=não,orientacao_gov=não -> cunha=não
partido=pmdb,voto=não,orientacao_partido=não -> cunha=não
partido=pmdb,voto=sim,orientacao_partido=não -> cunha=não
partido=pp,voto=não,orientacao_partido=não,orientacao_gov=não -> cunha=não
partido=pp,voto=sim,orientacao_partido=não,orientacao_gov=não -> cunha=não
partido=pmdb,voto=não,orientacao_partido=não,orientacao_gov=não -> cunha=não
partido=ptb,orientacao_partido=não,orientacao_gov=não -> cunha=não
partido=ptb,voto=não,orientacao_partido=não,orientacao_gov=não -> cunha=não
partido=psd,orientacao_partido=não,orientacao_gov=não -> cunha=não
partido=psd,voto=não,orientacao_partido=não,orientacao_gov=não -> cunha=não
partido=psc,orientacao_partido=não -> cunha=não
partido=ptb,orientacao_partido=não -> cunha=não
partido=pp,voto=sim,orientacao_partido=não -> cunha=não
partido=ptb,voto=não,orientacao_partido=não -> cunha=não
partido=pp,orientacao_partido=não -> cunha=não
partido=pp,voto=não,orientacao_partido=não -> cunha=não
partido=pr,voto=não,orientacao_partido=não,orientacao_gov=não -> cunha=não
partido=pr,orientacao_partido=não,orientacao_gov=não -> cunha=não
voto=sim,orientacao_partido=não,orientacao_gov=não -> cunha=não
partido=prb,voto=não,orientacao_partido=não,orientacao_gov=não -> cunha=não
uf=PR,orientacao_partido=não,orientacao_gov=não -> cunha=não
uf=RJ,orientacao_partido=não,orientacao_gov=não -> cunha=não
uf=PR,voto=não,orientacao_partido=não,orientacao_gov=não -> cunha=não
partido=psd,voto=não,orientacao_partido=não -> cunha=não
uf=MG,voto=não,orientacao_partido=não,orientacao_gov=não -> cunha=não
uf=MG,orientacao_partido=não,orientacao_gov=não -> cunha=não
orientacao_partido=não,orientacao_gov=não -> cunha=não
partido=prb,orientacao_partido=não,orientacao_gov=não -> cunha=não
uf=BA,orientacao_partido=não,orientacao_gov=não -> cunha=não
voto=não,orientacao_partido=não,orientacao_gov=não -> cunha=não
uf=RJ,voto=não,orientacao_partido=não,orientacao_gov=não -> cunha=não
partido=psd,orientacao_partido=não -> cunha=não
uf=RS,orientacao_partido=não,orientacao_gov=não -> cunha=não
uf=PE,orientacao_partido=não,orientacao_gov=não -> cunha=não
uf=BA,voto=não,orientacao_partido=não,orientacao_gov=não -> cunha=não
partido=pr,voto=não,orientacao_partido=não -> cunha=não
uf=CE,orientacao_partido=não,orientacao_gov=não -> cunha=não
uf=SP,orientacao_partido=não,orientacao_gov=não -> cunha=não
uf=CE,voto=não,orientacao_partido=não,orientacao_gov=não -> cunha=não
uf=SP,voto=não,orientacao_partido=não,orientacao_gov=não -> cunha=não
partido=pr,orientacao_partido=não -> cunha=não
uf=RS,voto=não,orientacao_partido=não,orientacao_gov=não -> cunha=não
partido=pdt,voto=não,orientacao_partido=não,orientacao_gov=não -> cunha=não
partido=pdt,orientacao_partido=não,orientacao_gov=não -> cunha=não
partido=pros,orientacao_partido=não -> cunha=não
partido=prb,voto=não,orientacao_partido=não -> cunha=não
partido=prb,orientacao_partido=não -> cunha=não
partido=pt,orientacao_partido=não,orientacao_gov=não -> cunha=não
partido=pt,voto=não,orientacao_partido=não,orientacao_gov=não -> cunha=não
voto=sim,orientacao_partido=não -> cunha=não
uf=SC,orientacao_partido=não -> cunha=não
uf=RS,orientacao_partido=não -> cunha=não
uf=RJ,orientacao_partido=não -> cunha=não
uf=MA,voto=não,orientacao_partido=não -> cunha=não
uf=MA,orientacao_partido=não -> cunha=não
uf=PB,orientacao_partido=não -> cunha=não
uf=BA,orientacao_partido=não -> cunha=não
uf=RJ,voto=não,orientacao_partido=não -> cunha=não
uf=SC,voto=não,orientacao_partido=não -> cunha=não
uf=BA,voto=não,orientacao_partido=não -> cunha=não
uf=CE,orientacao_partido=não -> cunha=não
uf=MG,orientacao_partido=não -> cunha=não
uf=MG,voto=não,orientacao_partido=não -> cunha=não
uf=CE,voto=não,orientacao_partido=não -> cunha=não
uf=PR,orientacao_partido=não -> cunha=não
uf=PA,orientacao_partido=não -> cunha=não
uf=RS,voto=não,orientacao_partido=não -> cunha=não
voto=não,orientacao_partido=não -> cunha=não
uf=PR,voto=não,orientacao_partido=não -> cunha=não
uf=PA,voto=não,orientacao_partido=não -> cunha=não
partido=pdt,voto=não,orientacao_partido=não -> cunha=não
partido=pdt,orientacao_partido=não -> cunha=não
uf=SP,orientacao_partido=não -> cunha=não
partido=pt,uf=SP,orientacao_partido=não -> cunha=não
partido=pt,orientacao_partido=não -> cunha=não
uf=SP,voto=não,orientacao_partido=não -> cunha=não
partido=pt,voto=não,orientacao_partido=não -> cunha=não
uf=PE,orientacao_partido=não -> cunha=não
