orientacao_partido=obstrução,orientacao_gov=não -> voto=obstrução
voto=obstrução,orientacao_gov=não -> orientacao_partido=obstrução
orientacao_gov=não,descr=URGÊNCIA PARA APRECIAÇÃO DO PDC Nº 1.408/2013_REQ_2027_2015 -> cunha=liberado
cunha=sim,descr=INVERSÃO DE PAUTA_PEC_471_2005 -> orientacao_gov=não
cunha=não,descr=REQ. DE VOTAÇÃO NOMINAL DO REQUERIMENTO DE RETIRADA DE PAUTA_MPV_698_2015 -> orientacao_gov=não
cunha=liberado,descr=URGÊNCIA PARA APRECIAÇÃO DO PDC Nº 1.408/2013_REQ_2027_2015 -> orientacao_gov=não
cunha=não,descr=REQUERIMENTO DE RETIRADA DE PAUTA_PL_2960_2015 -> orientacao_gov=não
partido=pt,voto=não,orientacao_partido=não,cunha=não -> orientacao_gov=não
partido=pt,voto=não,cunha=não -> orientacao_gov=não
partido=dem,orientacao_partido=sim,cunha=não -> orientacao_gov=não
partido=pt,orientacao_partido=não,cunha=não -> orientacao_gov=não
partido=pp,voto=sim,orientacao_partido=não,cunha=não -> orientacao_gov=não
partido=psdb,voto=sim,orientacao_partido=sim,cunha=não -> orientacao_gov=não
partido=psdb,orientacao_partido=sim,cunha=não -> orientacao_gov=não
partido=psdb,voto=sim,cunha=não -> orientacao_gov=não
partido=pp,voto=sim,cunha=não -> orientacao_gov=não
voto=obstrução,orientacao_partido=obstrução,cunha=não -> orientacao_gov=não
voto=obstrução,cunha=não -> orientacao_gov=não
voto=sim,orientacao_partido=não,cunha=não -> orientacao_gov=não
partido=pdt,orientacao_partido=não,cunha=não -> orientacao_gov=não
partido=pdt,voto=não,orientacao_partido=não,cunha=não -> orientacao_gov=não
orientacao_partido=obstrução,cunha=não -> orientacao_gov=não
partido=pt,uf=SP,voto=não,orientacao_partido=não -> orientacao_gov=não
partido=pt,voto=não,orientacao_partido=não -> orientacao_gov=não
uf=RS,orientacao_partido=não,cunha=não -> orientacao_gov=não
partido=pt,uf=SP,orientacao_partido=não -> orientacao_gov=não
uf=CE,orientacao_partido=não,cunha=não -> orientacao_gov=não
partido=psb,voto=sim,orientacao_partido=sim,cunha=não -> orientacao_gov=não
partido=pt,orientacao_partido=não -> orientacao_gov=não
partido=pdt,voto=não,cunha=não -> orientacao_gov=não
uf=CE,voto=não,orientacao_partido=não,cunha=não -> orientacao_gov=não
partido=pp,orientacao_partido=não,cunha=não -> orientacao_gov=não
partido=psb,voto=sim,cunha=não -> orientacao_gov=não
uf=RJ,orientacao_partido=não,cunha=não -> orientacao_gov=não
partido=psb,orientacao_partido=sim,cunha=não -> orientacao_gov=não
partido=prb,orientacao_partido=não,cunha=não -> orientacao_gov=não
uf=RS,voto=não,orientacao_partido=não,cunha=não -> orientacao_gov=não
partido=ptb,orientacao_partido=não,cunha=não -> orientacao_gov=não
partido=pr,orientacao_partido=não,cunha=não -> orientacao_gov=não
partido=pt,uf=SP,voto=não -> orientacao_gov=não
uf=BA,voto=não,orientacao_partido=não,cunha=não -> orientacao_gov=não
uf=BA,orientacao_partido=não,cunha=não -> orientacao_gov=não
partido=pr,voto=não,orientacao_partido=não,cunha=não -> orientacao_gov=não
partido=prb,voto=não,orientacao_partido=não,cunha=não -> orientacao_gov=não
partido=psd,orientacao_partido=não,cunha=não -> orientacao_gov=não
uf=CE,voto=não,cunha=não -> orientacao_gov=não
uf=MG,orientacao_partido=não,cunha=não -> orientacao_gov=não
partido=ptb,orientacao_partido=não -> orientacao_gov=não
uf=BA,voto=não,cunha=não -> orientacao_gov=não
uf=RJ,voto=não,orientacao_partido=não,cunha=não -> orientacao_gov=não
partido=prb,voto=não,cunha=não -> orientacao_gov=não
orientacao_partido=não,cunha=não -> orientacao_gov=não
partido=psd,voto=não,orientacao_partido=não,cunha=não -> orientacao_gov=não
partido=pr,voto=não,cunha=não -> orientacao_gov=não
partido=ptb,voto=não,orientacao_partido=não,cunha=não -> orientacao_gov=não
partido=pt,voto=não -> orientacao_gov=não
uf=SP,orientacao_partido=não,cunha=não -> orientacao_gov=não
uf=RS,voto=não,cunha=não -> orientacao_gov=não
uf=SP,voto=sim,cunha=não -> orientacao_gov=não
partido=pcdob,cunha=não -> orientacao_gov=não
uf=PR,orientacao_partido=não,cunha=não -> orientacao_gov=não
uf=MG,voto=não,orientacao_partido=não,cunha=não -> orientacao_gov=não
voto=não,orientacao_partido=não,cunha=não -> orientacao_gov=não
uf=MA,voto=não,cunha=não -> orientacao_gov=não
partido=pt,cunha=não -> orientacao_gov=não
uf=SC,cunha=não -> orientacao_gov=não
uf=CE,cunha=não -> orientacao_gov=não
uf=MG,voto=sim,cunha=não -> orientacao_gov=não
uf=RJ,voto=não,cunha=não -> orientacao_gov=não
partido=ptb,voto=não,orientacao_partido=não -> orientacao_gov=não
uf=GO,cunha=não -> orientacao_gov=não
partido=pp,voto=não,orientacao_partido=não,cunha=não -> orientacao_gov=não
partido=pr,orientacao_partido=não -> orientacao_gov=não
partido=pdt,cunha=não -> orientacao_gov=não
partido=pr,voto=não,orientacao_partido=não -> orientacao_gov=não
partido=ptb,cunha=não -> orientacao_gov=não
uf=MG,cunha=não -> orientacao_gov=não
uf=BA,cunha=não -> orientacao_gov=não
partido=pr,cunha=não -> orientacao_gov=não
partido=psd,voto=não,cunha=não -> orientacao_gov=não
partido=pp,cunha=não -> orientacao_gov=não
uf=PA,cunha=não -> orientacao_gov=não
uf=PR,cunha=não -> orientacao_gov=não
uf=RS,cunha=não -> orientacao_gov=não
uf=SP,voto=não,orientacao_partido=não,cunha=não -> orientacao_gov=não
voto=sim,cunha=não -> orientacao_gov=não
uf=SP,cunha=não -> orientacao_gov=não
uf=RJ,cunha=não -> orientacao_gov=não
partido=psd,cunha=não -> orientacao_gov=não
voto=sim,orientacao_partido=não -> orientacao_gov=não
uf=MG,voto=não,cunha=não -> orientacao_gov=não
partido=pmdb,orientacao_partido=não,cunha=não -> orientacao_gov=não
partido=pmdb,cunha=não -> orientacao_gov=não
uf=MA,cunha=não -> orientacao_gov=não
partido=solidaried,cunha=não -> orientacao_gov=não
partido=prb,cunha=não -> orientacao_gov=não
uf=PR,voto=não,orientacao_partido=não,cunha=não -> orientacao_gov=não
partido=psdb,cunha=não -> orientacao_gov=não
voto=não,cunha=não -> orientacao_gov=não
partido=psb,cunha=não -> orientacao_gov=não
partido=psdb,uf=SP,cunha=não -> orientacao_gov=não
partido=pmdb,voto=não,cunha=não -> orientacao_gov=não
partido=prb,orientacao_partido=não -> orientacao_gov=não
uf=PE,cunha=não -> orientacao_gov=não
uf=RJ,voto=sim,cunha=não -> orientacao_gov=não
