orientacao_gov=sim,descr=DVS - PPS - ART. 1º DO PLV_MPV_668_2015 -> cunha=sim
partido=pp,orientacao_partido=sim,orientacao_gov=sim -> cunha=sim
partido=pmdb,orientacao_partido=sim,orientacao_gov=sim -> cunha=sim
partido=pp,voto=não,orientacao_partido=sim,orientacao_gov=sim -> cunha=sim
partido=ptb,orientacao_partido=sim,orientacao_gov=sim -> cunha=sim
partido=psc,orientacao_partido=sim,orientacao_gov=sim -> cunha=sim
partido=solidaried,orientacao_partido=sim,orientacao_gov=sim -> cunha=sim
partido=psd,orientacao_partido=sim,orientacao_gov=sim -> cunha=sim
uf=SC,orientacao_partido=sim,orientacao_gov=sim -> cunha=sim
uf=GO,orientacao_partido=sim,orientacao_gov=sim -> cunha=sim
uf=PB,orientacao_partido=sim,orientacao_gov=sim -> cunha=sim
uf=PI,orientacao_partido=sim,orientacao_gov=sim -> cunha=sim
uf=PR,orientacao_partido=sim,orientacao_gov=sim -> cunha=sim
uf=PE,orientacao_partido=sim,orientacao_gov=sim -> cunha=sim
partido=pr,orientacao_partido=sim,orientacao_gov=sim -> cunha=sim
uf=RS,orientacao_partido=sim,orientacao_gov=sim -> cunha=sim
orientacao_partido=sim,orientacao_gov=sim -> cunha=sim
uf=MG,orientacao_partido=sim,orientacao_gov=sim -> cunha=sim
uf=BA,orientacao_partido=sim,orientacao_gov=sim -> cunha=sim
partido=prb,orientacao_partido=sim,orientacao_gov=sim -> cunha=sim
uf=RJ,orientacao_partido=sim,orientacao_gov=sim -> cunha=sim
uf=PA,orientacao_partido=sim,orientacao_gov=sim -> cunha=sim
uf=AL,orientacao_partido=sim,orientacao_gov=sim -> cunha=sim
voto=não,orientacao_partido=sim,orientacao_gov=sim -> cunha=sim
uf=MA,orientacao_partido=sim,orientacao_gov=sim -> cunha=sim
partido=psdb,orientacao_partido=sim,orientacao_gov=sim -> cunha=sim
uf=CE,orientacao_partido=sim,orientacao_gov=sim -> cunha=sim
partido=prb,uf=SP,orientacao_partido=sim,orientacao_gov=sim -> cunha=sim
uf=SP,orientacao_partido=sim,orientacao_gov=sim -> cunha=sim
uf=ES,orientacao_partido=sim,orientacao_gov=sim -> cunha=sim
partido=dem,orientacao_partido=sim,orientacao_gov=sim -> cunha=sim
partido=psb,orientacao_partido=sim,orientacao_gov=sim -> cunha=sim
partido=pros,orientacao_partido=sim,orientacao_gov=sim -> cunha=sim
partido=pdt,orientacao_partido=sim,orientacao_gov=sim -> cunha=sim
partido=pmdb,uf=MG,orientacao_gov=sim -> cunha=sim
partido=pt,uf=RS,orientacao_partido=sim,orientacao_gov=sim -> cunha=sim
uf=TO,orientacao_gov=sim -> cunha=sim
uf=MT,orientacao_gov=sim -> cunha=sim
partido=pt,uf=SP,orientacao_partido=sim,orientacao_gov=sim -> cunha=sim
uf=CE,orientacao_gov=sim -> cunha=sim
partido=pr,orientacao_gov=sim -> cunha=sim
partido=pt,uf=SP,orientacao_gov=sim -> cunha=sim
uf=PR,orientacao_gov=sim -> cunha=sim
partido=pt,uf=RS,orientacao_gov=sim -> cunha=sim
partido=pps,orientacao_gov=sim -> cunha=sim
partido=pt,orientacao_partido=sim,orientacao_gov=sim -> cunha=sim
partido=pcdob,orientacao_gov=sim -> cunha=sim
uf=PI,orientacao_gov=sim -> cunha=sim
partido=psd,orientacao_gov=sim -> cunha=sim
uf=PB,orientacao_gov=sim -> cunha=sim
partido=pt,orientacao_gov=sim -> cunha=sim
uf=PE,orientacao_gov=sim -> cunha=sim
uf=RR,orientacao_gov=sim -> cunha=sim
uf=RS,orientacao_gov=sim -> cunha=sim
partido=pmdb,uf=RJ,orientacao_gov=sim -> cunha=sim
uf=AC,orientacao_gov=sim -> cunha=sim
partido=pv,orientacao_gov=sim -> cunha=sim
uf=SC,orientacao_gov=sim -> cunha=sim
uf=MS,orientacao_gov=sim -> cunha=sim
uf=ES,orientacao_gov=sim -> cunha=sim
partido=pt,uf=MG,orientacao_partido=sim,orientacao_gov=sim -> cunha=sim
partido=pdt,orientacao_gov=sim -> cunha=sim
partido=pp,orientacao_gov=sim -> cunha=sim
partido=pt,uf=MG,orientacao_gov=sim -> cunha=sim
partido=pmdb,orientacao_gov=sim -> cunha=sim
uf=AL,orientacao_gov=sim -> cunha=sim
uf=BA,orientacao_gov=sim -> cunha=sim
uf=MG,orientacao_gov=sim -> cunha=sim
partido=psdb,uf=MG,orientacao_gov=sim -> cunha=sim
orientacao_gov=sim -> cunha=sim
uf=DF,orientacao_gov=sim -> cunha=sim
uf=MA,orientacao_gov=sim -> cunha=sim
uf=GO,orientacao_gov=sim -> cunha=sim
partido=psc,orientacao_gov=sim -> cunha=sim
uf=AM,orientacao_gov=sim -> cunha=sim
uf=RJ,orientacao_gov=sim -> cunha=sim
uf=RO,orientacao_gov=sim -> cunha=sim
partido=pros,orientacao_gov=sim -> cunha=sim
partido=psb,orientacao_gov=sim -> cunha=sim
uf=SP,orientacao_gov=sim -> cunha=sim
partido=ptb,orientacao_gov=sim -> cunha=sim
partido=psdb,orientacao_gov=sim -> cunha=sim
uf=PA,orientacao_gov=sim -> cunha=sim
partido=solidaried,orientacao_gov=sim -> cunha=sim
partido=pcdob,orientacao_partido=sim,orientacao_gov=sim -> cunha=sim
partido=dem,orientacao_gov=sim -> cunha=sim
partido=prb,orientacao_gov=sim -> cunha=sim
uf=RN,orientacao_gov=sim -> cunha=sim
partido=psdb,uf=SP,orientacao_gov=sim -> cunha=sim
uf=SE,orientacao_gov=sim -> cunha=sim
partido=prb,uf=SP,orientacao_gov=sim -> cunha=sim
partido=dem,orientacao_partido=não,orientacao_gov=sim -> cunha=sim
partido=dem,voto=não,orientacao_partido=não,orientacao_gov=sim -> cunha=sim
partido=dem,voto=não,orientacao_gov=sim -> cunha=sim
partido=psdb,voto=não,orientacao_gov=sim -> cunha=sim
partido=psdb,orientacao_partido=não,orientacao_gov=sim -> cunha=sim
partido=psb,orientacao_partido=não,orientacao_gov=sim -> cunha=sim
partido=psdb,voto=não,orientacao_partido=não,orientacao_gov=sim -> cunha=sim
partido=psb,voto=não,orientacao_partido=não,orientacao_gov=sim -> cunha=sim
partido=psb,voto=não,orientacao_gov=sim -> cunha=sim
uf=RS,voto=não,orientacao_gov=sim -> cunha=sim
uf=PE,voto=não,orientacao_gov=sim -> cunha=sim
uf=SP,voto=não,orientacao_gov=sim -> cunha=sim
uf=PR,voto=não,orientacao_gov=sim -> cunha=sim
voto=não,orientacao_gov=sim -> cunha=sim
uf=BA,voto=não,orientacao_gov=sim -> cunha=sim
uf=MG,voto=não,orientacao_gov=sim -> cunha=sim
uf=RJ,voto=não,orientacao_gov=sim -> cunha=sim
uf=SP,voto=não,orientacao_partido=não,orientacao_gov=sim -> cunha=sim
uf=SP,orientacao_partido=não,orientacao_gov=sim -> cunha=sim
partido=pp,voto=não,orientacao_gov=sim -> cunha=sim
orientacao_partido=liberado,orientacao_gov=sim -> cunha=sim
voto=não,orientacao_partido=não,orientacao_gov=sim -> cunha=sim
orientacao_partido=não,orientacao_gov=sim -> cunha=sim
uf=MG,orientacao_partido=não,orientacao_gov=sim -> cunha=sim
partido=pps,voto=não,orientacao_partido=não -> cunha=sim
partido=pps,voto=não -> cunha=sim
partido=pps,orientacao_partido=não -> cunha=sim
