partido=pmdb,voto=sim,orientacao_gov=não,cunha=sim -> orientacao_partido=sim
partido=pt,uf=MG,voto=sim,orientacao_gov=sim -> orientacao_partido=sim
partido=pt,uf=RS,voto=sim,orientacao_gov=sim,cunha=sim -> orientacao_partido=sim
partido=pt,voto=sim,orientacao_gov=sim,cunha=sim -> orientacao_partido=sim
partido=pt,voto=sim,orientacao_gov=sim -> orientacao_partido=sim
partido=pt,uf=SP,voto=sim,orientacao_gov=sim -> orientacao_partido=sim
partido=pt,uf=RS,voto=sim,orientacao_gov=sim -> orientacao_partido=sim
partido=pt,uf=SP,voto=sim,orientacao_gov=sim,cunha=sim -> orientacao_partido=sim
partido=pr,voto=sim,orientacao_gov=sim,cunha=sim -> orientacao_partido=sim
partido=prb,uf=SP,voto=sim,orientacao_gov=sim -> orientacao_partido=sim
partido=pcdob,voto=sim,orientacao_gov=sim -> orientacao_partido=sim
partido=prb,voto=sim,orientacao_gov=sim,cunha=sim -> orientacao_partido=sim
partido=pcdob,voto=sim,orientacao_gov=sim,cunha=sim -> orientacao_partido=sim
partido=prb,voto=sim,orientacao_gov=sim -> orientacao_partido=sim
partido=pt,uf=BA,voto=sim,cunha=sim -> orientacao_partido=sim
partido=psol,voto=sim -> orientacao_partido=sim
partido=pt,uf=RS,voto=sim,cunha=sim -> orientacao_partido=sim
partido=pr,voto=sim,orientacao_gov=sim -> orientacao_partido=sim
partido=pcdob,voto=sim,cunha=sim -> orientacao_partido=sim
partido=pt,uf=MG,voto=sim,cunha=sim -> orientacao_partido=sim
partido=pt,voto=sim,cunha=sim -> orientacao_partido=sim
partido=pt,uf=SP,voto=sim,cunha=sim -> orientacao_partido=sim
partido=psdb,voto=sim,orientacao_gov=não -> orientacao_partido=sim
partido=psd,voto=sim,orientacao_gov=sim,cunha=sim -> orientacao_partido=sim
partido=pr,voto=sim,cunha=sim -> orientacao_partido=sim
partido=pdt,voto=sim,orientacao_gov=sim,cunha=sim -> orientacao_partido=sim
partido=pcdob,voto=sim -> orientacao_partido=sim
partido=pdt,voto=sim,orientacao_gov=sim -> orientacao_partido=sim
partido=pr,uf=SP,voto=sim,cunha=sim -> orientacao_partido=sim
partido=psdb,voto=sim,orientacao_gov=não,cunha=não -> orientacao_partido=sim
partido=prb,uf=SP,voto=sim,cunha=sim -> orientacao_partido=sim
partido=prb,voto=sim,cunha=sim -> orientacao_partido=sim
partido=psd,voto=sim,orientacao_gov=sim -> orientacao_partido=sim
partido=dem,voto=sim,orientacao_gov=não -> orientacao_partido=sim
partido=pt,uf=SP,voto=sim -> orientacao_partido=sim
partido=psdb,voto=sim,orientacao_gov=sim,cunha=sim -> orientacao_partido=sim
partido=psdb,voto=sim,orientacao_gov=sim -> orientacao_partido=sim
partido=solidaried,voto=sim,orientacao_gov=não -> orientacao_partido=sim
partido=pt,uf=RS,voto=sim -> orientacao_partido=sim
partido=pt,uf=BA,voto=sim -> orientacao_partido=sim
partido=pps,voto=sim,cunha=sim -> orientacao_partido=sim
uf=BA,voto=sim,orientacao_gov=sim,cunha=sim -> orientacao_partido=sim
partido=pps,voto=sim -> orientacao_partido=sim
partido=psd,voto=sim,cunha=sim -> orientacao_partido=sim
partido=pt,voto=sim -> orientacao_partido=sim
partido=psdb,uf=SP,voto=sim,cunha=sim -> orientacao_partido=sim
partido=psdb,voto=sim,cunha=não -> orientacao_partido=sim
partido=pdt,voto=sim,cunha=sim -> orientacao_partido=sim
uf=BA,voto=sim,cunha=sim -> orientacao_partido=sim
uf=SP,voto=sim,orientacao_gov=sim,cunha=sim -> orientacao_partido=sim
uf=BA,voto=sim,orientacao_gov=sim -> orientacao_partido=sim
partido=psdb,voto=sim,cunha=sim -> orientacao_partido=sim
uf=SP,voto=sim,orientacao_gov=sim -> orientacao_partido=sim
partido=psdb,uf=SP,voto=sim -> orientacao_partido=sim
uf=CE,voto=sim,orientacao_gov=sim,cunha=sim -> orientacao_partido=sim
partido=psdb,voto=sim -> orientacao_partido=sim
uf=CE,voto=sim,orientacao_gov=sim -> orientacao_partido=sim
voto=sim,orientacao_gov=não,cunha=sim -> orientacao_partido=sim
uf=SP,voto=sim,cunha=sim -> orientacao_partido=sim
partido=solidaried,voto=sim,cunha=sim -> orientacao_partido=sim
partido=psdb,uf=MG,voto=sim -> orientacao_partido=sim
partido=pt,uf=MG,voto=sim -> orientacao_partido=sim
partido=prb,uf=SP,voto=sim -> orientacao_partido=sim
partido=dem,voto=sim,cunha=sim -> orientacao_partido=sim
uf=PE,voto=sim,orientacao_gov=sim,cunha=sim -> orientacao_partido=sim
uf=CE,voto=sim,cunha=sim -> orientacao_partido=sim
partido=psdb,uf=GO,voto=sim -> orientacao_partido=sim
partido=pr,uf=SP,voto=sim -> orientacao_partido=sim
partido=pr,voto=sim -> orientacao_partido=sim
partido=prb,voto=sim -> orientacao_partido=sim
uf=SE,voto=sim,cunha=sim -> orientacao_partido=sim
uf=PR,voto=sim,orientacao_gov=sim,cunha=sim -> orientacao_partido=sim
uf=AC,voto=sim,cunha=sim -> orientacao_partido=sim
partido=psb,voto=sim,orientacao_gov=sim,cunha=sim -> orientacao_partido=sim
uf=DF,voto=sim,cunha=sim -> orientacao_partido=sim
uf=ES,voto=sim,orientacao_gov=sim,cunha=sim -> orientacao_partido=sim
partido=pr,voto=sim,orientacao_gov=liberado -> orientacao_partido=sim
partido=psb,voto=sim,orientacao_gov=sim -> orientacao_partido=sim
uf=PA,voto=sim,orientacao_gov=sim,cunha=sim -> orientacao_partido=sim
uf=RR,voto=sim,cunha=sim -> orientacao_partido=sim
uf=MG,voto=sim,orientacao_gov=sim,cunha=sim -> orientacao_partido=sim
uf=PR,voto=sim,cunha=sim -> orientacao_partido=sim
voto=sim,orientacao_gov=sim,cunha=sim -> orientacao_partido=sim
uf=GO,voto=sim,cunha=sim -> orientacao_partido=sim
partido=pdt,voto=sim -> orientacao_partido=sim
uf=GO,voto=sim,orientacao_gov=sim,cunha=sim -> orientacao_partido=sim
uf=PR,voto=sim,orientacao_gov=sim -> orientacao_partido=sim
uf=PE,voto=sim,orientacao_gov=sim -> orientacao_partido=sim
uf=RN,voto=sim,cunha=sim -> orientacao_partido=sim
uf=ES,voto=sim,orientacao_gov=sim -> orientacao_partido=sim
uf=PA,voto=sim,cunha=sim -> orientacao_partido=sim
uf=PE,voto=sim,cunha=sim -> orientacao_partido=sim
partido=pp,voto=sim,orientacao_gov=liberado,cunha=sim -> orientacao_partido=sim
partido=dem,voto=sim -> orientacao_partido=sim
uf=PI,voto=sim,orientacao_gov=sim,cunha=sim -> orientacao_partido=sim
uf=AP,voto=sim,cunha=sim -> orientacao_partido=sim
uf=RS,voto=sim,orientacao_gov=sim,cunha=sim -> orientacao_partido=sim
uf=GO,voto=sim,orientacao_gov=sim -> orientacao_partido=sim
uf=AL,voto=sim,cunha=sim -> orientacao_partido=sim
uf=PA,voto=sim,orientacao_gov=sim -> orientacao_partido=sim
partido=ptb,voto=sim,cunha=sim -> orientacao_partido=sim
uf=SP,voto=sim,orientacao_gov=liberado,cunha=sim -> orientacao_partido=sim
uf=MG,voto=sim,orientacao_gov=sim -> orientacao_partido=sim
voto=sim,cunha=sim -> orientacao_partido=sim
uf=RS,voto=sim,cunha=sim -> orientacao_partido=sim
partido=solidaried,voto=sim -> orientacao_partido=sim
voto=sim,orientacao_gov=sim -> orientacao_partido=sim
uf=MG,voto=sim,cunha=sim -> orientacao_partido=sim
partido=psc,voto=sim,cunha=sim -> orientacao_partido=sim
uf=ES,voto=sim,cunha=sim -> orientacao_partido=sim
uf=PI,voto=sim,cunha=sim -> orientacao_partido=sim
uf=PI,voto=sim,orientacao_gov=sim -> orientacao_partido=sim
partido=ptb,voto=sim,orientacao_gov=sim,cunha=sim -> orientacao_partido=sim
uf=RS,voto=sim,orientacao_gov=sim -> orientacao_partido=sim
uf=MS,voto=sim,cunha=sim -> orientacao_partido=sim
partido=dem,voto=sim,orientacao_gov=sim,cunha=sim -> orientacao_partido=sim
partido=dem,voto=sim,cunha=não -> orientacao_partido=sim
uf=AM,voto=sim,cunha=sim -> orientacao_partido=sim
partido=solidaried,voto=sim,orientacao_gov=sim,cunha=sim -> orientacao_partido=sim
uf=PB,voto=sim,cunha=sim -> orientacao_partido=sim
partido=pr,uf=RJ,voto=sim -> orientacao_partido=sim
partido=psd,uf=BA,voto=sim -> orientacao_partido=sim
partido=dem,voto=sim,orientacao_gov=sim -> orientacao_partido=sim
uf=PB,voto=sim,orientacao_gov=sim,cunha=sim -> orientacao_partido=sim
uf=RO,voto=sim,cunha=sim -> orientacao_partido=sim
voto=sim,orientacao_gov=liberado,cunha=sim -> orientacao_partido=sim
partido=psdb,voto=sim,orientacao_gov=liberado -> orientacao_partido=sim
uf=BA,voto=sim -> orientacao_partido=sim
partido=psd,voto=sim -> orientacao_partido=sim
uf=SP,voto=sim -> orientacao_partido=sim
uf=AC,voto=sim -> orientacao_partido=sim
partido=pros,voto=sim,orientacao_gov=sim,cunha=sim -> orientacao_partido=sim
uf=RJ,voto=sim,cunha=sim -> orientacao_partido=sim
partido=solidaried,voto=sim,orientacao_gov=sim -> orientacao_partido=sim
uf=RJ,voto=sim,orientacao_gov=sim,cunha=sim -> orientacao_partido=sim
uf=MG,voto=sim,orientacao_gov=liberado,cunha=sim -> orientacao_partido=sim
partido=ptb,voto=sim,orientacao_gov=sim -> orientacao_partido=sim
partido=psb,uf=PE,voto=sim -> orientacao_partido=sim
partido=phs,voto=sim -> orientacao_partido=sim
uf=PB,voto=sim,orientacao_gov=sim -> orientacao_partido=sim
uf=SP,voto=sim,orientacao_gov=liberado -> orientacao_partido=sim
uf=RJ,voto=sim,orientacao_gov=sim -> orientacao_partido=sim
uf=CE,voto=sim -> orientacao_partido=sim
partido=psb,voto=sim,cunha=sim -> orientacao_partido=sim
uf=GO,voto=sim -> orientacao_partido=sim
uf=RR,voto=sim -> orientacao_partido=sim
partido=pros,voto=sim,orientacao_gov=sim -> orientacao_partido=sim
uf=SC,voto=sim,cunha=sim -> orientacao_partido=sim
uf=PA,voto=sim -> orientacao_partido=sim
partido=psdb,voto=sim,orientacao_gov=liberado,cunha=sim -> orientacao_partido=sim
partido=psb,voto=sim,orientacao_gov=não,cunha=não -> orientacao_partido=sim
partido=pmdb,voto=sim,orientacao_gov=liberado,cunha=sim -> orientacao_partido=sim
partido=psb,voto=sim -> orientacao_partido=sim
partido=pt,voto=sim,cunha=não -> orientacao_partido=sim
uf=DF,voto=sim -> orientacao_partido=sim
uf=MS,voto=sim -> orientacao_partido=sim
uf=MT,voto=sim,cunha=sim -> orientacao_partido=sim
partido=ptn,voto=sim -> orientacao_partido=sim
uf=PI,voto=sim -> orientacao_partido=sim
partido=psb,voto=sim,cunha=não -> orientacao_partido=sim
uf=ES,voto=sim -> orientacao_partido=sim
uf=PE,voto=sim -> orientacao_partido=sim
uf=BA,voto=sim,orientacao_gov=liberado -> orientacao_partido=sim
uf=AL,voto=sim -> orientacao_partido=sim
uf=SC,voto=sim,orientacao_gov=sim,cunha=sim -> orientacao_partido=sim
uf=AM,voto=sim -> orientacao_partido=sim
uf=MA,voto=sim,cunha=sim -> orientacao_partido=sim
uf=PB,voto=sim -> orientacao_partido=sim
partido=pros,voto=sim,cunha=sim -> orientacao_partido=sim
partido=pp,voto=sim,cunha=sim -> orientacao_partido=sim
uf=SE,voto=sim -> orientacao_partido=sim
uf=AP,voto=sim -> orientacao_partido=sim
voto=sim,orientacao_gov=sim,cunha=não -> orientacao_partido=sim
uf=MA,voto=sim,orientacao_gov=sim,cunha=sim -> orientacao_partido=sim
uf=SC,voto=sim,orientacao_gov=sim -> orientacao_partido=sim
uf=PR,voto=sim -> orientacao_partido=sim
uf=MG,voto=sim -> orientacao_partido=sim
uf=MA,voto=sim,orientacao_gov=sim -> orientacao_partido=sim
uf=RN,voto=sim -> orientacao_partido=sim
uf=RO,voto=sim -> orientacao_partido=sim
partido=psb,voto=sim,orientacao_gov=não -> orientacao_partido=sim
partido=pp,voto=sim,orientacao_gov=sim,cunha=sim -> orientacao_partido=sim
uf=RJ,voto=sim,orientacao_gov=liberado -> orientacao_partido=sim
voto=sim,orientacao_gov=liberado -> orientacao_partido=sim
uf=TO,voto=sim,cunha=sim -> orientacao_partido=sim
uf=MG,voto=sim,orientacao_gov=liberado -> orientacao_partido=sim
uf=MA,voto=sim -> orientacao_partido=sim
uf=RJ,voto=sim -> orientacao_partido=sim
partido=pt,voto=sim,orientacao_gov=liberado -> orientacao_partido=sim
uf=MT,voto=sim -> orientacao_partido=sim
uf=RS,voto=sim -> orientacao_partido=sim
partido=pros,voto=sim -> orientacao_partido=sim
partido=pp,voto=sim,orientacao_gov=liberado -> orientacao_partido=sim
uf=SP,voto=sim,orientacao_gov=não -> orientacao_partido=sim
uf=SC,voto=sim -> orientacao_partido=sim
partido=ptb,voto=sim -> orientacao_partido=sim
uf=TO,voto=sim -> orientacao_partido=sim
uf=SP,voto=sim,cunha=não -> orientacao_partido=sim
partido=pv,voto=sim -> orientacao_partido=sim
partido=pmdb,voto=sim,cunha=sim -> orientacao_partido=sim
voto=sim,orientacao_gov=não -> orientacao_partido=sim
voto=sim,orientacao_gov=liberado,cunha=não -> orientacao_partido=sim
uf=SP,voto=sim,orientacao_gov=não,cunha=não -> orientacao_partido=sim
voto=sim,cunha=não -> orientacao_partido=sim
partido=pmdb,voto=sim,orientacao_gov=sim,cunha=sim -> orientacao_partido=sim
uf=MG,voto=sim,orientacao_gov=não -> orientacao_partido=sim
partido=pp,voto=sim -> orientacao_partido=sim
partido=pmdb,uf=RJ,voto=sim,cunha=sim -> orientacao_partido=sim
partido=psc,voto=sim -> orientacao_partido=sim
