partido=dem,orientacao_partido=não,cunha=sim -> orientacao_gov=sim
partido=dem,voto=não,orientacao_partido=não,cunha=sim -> orientacao_gov=sim
partido=pt,uf=RS,voto=sim,orientacao_partido=sim,cunha=sim -> orientacao_gov=sim
partido=pt,uf=SP,voto=sim,orientacao_partido=sim,cunha=sim -> orientacao_gov=sim
partido=pt,voto=sim,orientacao_partido=sim,cunha=sim -> orientacao_gov=sim
partido=pt,uf=SP,orientacao_partido=sim,cunha=sim -> orientacao_gov=sim
partido=psdb,voto=não,orientacao_partido=não,cunha=sim -> orientacao_gov=sim
partido=pt,uf=MG,orientacao_partido=sim,cunha=sim -> orientacao_gov=sim
partido=pt,uf=RS,orientacao_partido=sim,cunha=sim -> orientacao_gov=sim
partido=pt,uf=RS,voto=sim,cunha=sim -> orientacao_gov=sim
partido=pt,orientacao_partido=sim,cunha=sim -> orientacao_gov=sim
partido=pcdob,voto=sim,orientacao_partido=sim,cunha=sim -> orientacao_gov=sim
partido=dem,voto=não,cunha=sim -> orientacao_gov=sim
partido=pcdob,orientacao_partido=sim,cunha=sim -> orientacao_gov=sim
partido=pt,uf=SP,voto=sim,cunha=sim -> orientacao_gov=sim
partido=psdb,orientacao_partido=não,cunha=sim -> orientacao_gov=sim
partido=pcdob,voto=sim,cunha=sim -> orientacao_gov=sim
partido=pt,voto=sim,cunha=sim -> orientacao_gov=sim
partido=psdb,voto=não,cunha=sim -> orientacao_gov=sim
partido=pt,uf=BA,orientacao_partido=sim -> orientacao_gov=sim
partido=pt,uf=SP,voto=sim,orientacao_partido=sim -> orientacao_gov=sim
partido=pt,uf=SP,orientacao_partido=sim -> orientacao_gov=sim
partido=pt,voto=sim,orientacao_partido=sim -> orientacao_gov=sim
partido=pp,voto=não,orientacao_partido=sim,cunha=sim -> orientacao_gov=sim
partido=pt,uf=MG,voto=sim,orientacao_partido=sim -> orientacao_gov=sim
partido=pt,orientacao_partido=sim -> orientacao_gov=sim
partido=pt,uf=RS,voto=sim,orientacao_partido=sim -> orientacao_gov=sim
partido=psb,voto=não,orientacao_partido=não,cunha=sim -> orientacao_gov=sim
partido=pros,voto=sim,orientacao_partido=sim,cunha=sim -> orientacao_gov=sim
partido=pt,uf=MG,orientacao_partido=sim -> orientacao_gov=sim
partido=pt,uf=RS,orientacao_partido=sim -> orientacao_gov=sim
partido=pp,voto=não,cunha=sim -> orientacao_gov=sim
partido=pdt,voto=sim,orientacao_partido=sim,cunha=sim -> orientacao_gov=sim
partido=pros,orientacao_partido=sim,cunha=sim -> orientacao_gov=sim
partido=pt,uf=SP,voto=sim -> orientacao_gov=sim
partido=psb,orientacao_partido=não,cunha=sim -> orientacao_gov=sim
partido=pdt,orientacao_partido=sim,cunha=sim -> orientacao_gov=sim
partido=pt,uf=BA,voto=sim -> orientacao_gov=sim
uf=AC,voto=sim,cunha=sim -> orientacao_gov=sim
partido=pt,uf=RS,voto=sim -> orientacao_gov=sim
partido=pros,voto=sim,cunha=sim -> orientacao_gov=sim
partido=pp,voto=não,orientacao_partido=sim -> orientacao_gov=sim
uf=ES,voto=sim,orientacao_partido=sim,cunha=sim -> orientacao_gov=sim
partido=pt,voto=sim -> orientacao_gov=sim
partido=pdt,voto=sim,cunha=sim -> orientacao_gov=sim
uf=BA,voto=sim,orientacao_partido=sim,cunha=sim -> orientacao_gov=sim
uf=RS,orientacao_partido=sim,cunha=sim -> orientacao_gov=sim
uf=CE,voto=sim,orientacao_partido=sim,cunha=sim -> orientacao_gov=sim
uf=ES,voto=sim,cunha=sim -> orientacao_gov=sim
uf=ES,orientacao_partido=sim,cunha=sim -> orientacao_gov=sim
uf=BA,orientacao_partido=sim,cunha=sim -> orientacao_gov=sim
uf=BA,voto=sim,cunha=sim -> orientacao_gov=sim
partido=psb,voto=sim,orientacao_partido=sim,cunha=sim -> orientacao_gov=sim
uf=PI,voto=sim,orientacao_partido=sim,cunha=sim -> orientacao_gov=sim
uf=CE,orientacao_partido=sim,cunha=sim -> orientacao_gov=sim
partido=pcdob,voto=sim,orientacao_partido=sim -> orientacao_gov=sim
uf=RS,voto=sim,orientacao_partido=sim,cunha=sim -> orientacao_gov=sim
partido=pcdob,orientacao_partido=sim -> orientacao_gov=sim
partido=pros,voto=sim,orientacao_partido=sim -> orientacao_gov=sim
partido=pr,voto=sim,orientacao_partido=sim,cunha=sim -> orientacao_gov=sim
uf=RS,voto=sim,cunha=sim -> orientacao_gov=sim
uf=CE,voto=sim,cunha=sim -> orientacao_gov=sim
uf=PI,voto=sim,cunha=sim -> orientacao_gov=sim
uf=PA,voto=sim,orientacao_partido=sim,cunha=sim -> orientacao_gov=sim
uf=AL,voto=sim,cunha=sim -> orientacao_gov=sim
partido=pr,orientacao_partido=sim,cunha=sim -> orientacao_gov=sim
partido=psd,orientacao_partido=sim,cunha=sim -> orientacao_gov=sim
partido=pt,uf=MG,voto=sim -> orientacao_gov=sim
uf=MG,orientacao_partido=sim,cunha=sim -> orientacao_gov=sim
uf=PA,voto=sim,cunha=sim -> orientacao_gov=sim
partido=psd,voto=sim,orientacao_partido=sim,cunha=sim -> orientacao_gov=sim
uf=SP,orientacao_partido=sim,cunha=sim -> orientacao_gov=sim
partido=psb,orientacao_partido=sim,cunha=sim -> orientacao_gov=sim
uf=RJ,orientacao_partido=sim,cunha=sim -> orientacao_gov=sim
uf=MG,voto=sim,orientacao_partido=sim,cunha=sim -> orientacao_gov=sim
uf=AL,orientacao_partido=sim,cunha=sim -> orientacao_gov=sim
uf=MA,voto=sim,cunha=sim -> orientacao_gov=sim
uf=PI,orientacao_partido=sim,cunha=sim -> orientacao_gov=sim
uf=PR,voto=sim,orientacao_partido=sim,cunha=sim -> orientacao_gov=sim
uf=PA,orientacao_partido=sim,cunha=sim -> orientacao_gov=sim
voto=sim,orientacao_partido=sim,cunha=sim -> orientacao_gov=sim
uf=SP,voto=sim,orientacao_partido=sim,cunha=sim -> orientacao_gov=sim
orientacao_partido=sim,cunha=sim -> orientacao_gov=sim
partido=pcdob,voto=sim -> orientacao_gov=sim
partido=psb,voto=não,cunha=sim -> orientacao_gov=sim
uf=RJ,voto=sim,cunha=sim -> orientacao_gov=sim
partido=pr,voto=sim,cunha=sim -> orientacao_gov=sim
uf=RJ,voto=sim,orientacao_partido=sim,cunha=sim -> orientacao_gov=sim
uf=PE,voto=sim,orientacao_partido=sim,cunha=sim -> orientacao_gov=sim
partido=pmdb,uf=RJ,voto=sim,cunha=sim -> orientacao_gov=sim
uf=MA,voto=sim,orientacao_partido=sim,cunha=sim -> orientacao_gov=sim
voto=sim,cunha=sim -> orientacao_gov=sim
uf=MG,voto=sim,cunha=sim -> orientacao_gov=sim
uf=PR,voto=sim,cunha=sim -> orientacao_gov=sim
uf=PR,orientacao_partido=sim,cunha=sim -> orientacao_gov=sim
uf=AC,cunha=sim -> orientacao_gov=sim
partido=pt,uf=SP,cunha=sim -> orientacao_gov=sim
voto=não,orientacao_partido=sim,cunha=sim -> orientacao_gov=sim
partido=pr,uf=SP,orientacao_partido=sim -> orientacao_gov=sim
uf=SC,voto=sim,cunha=sim -> orientacao_gov=sim
partido=pr,voto=sim,orientacao_partido=sim -> orientacao_gov=sim
partido=pmdb,uf=RJ,cunha=sim -> orientacao_gov=sim
uf=AM,cunha=sim -> orientacao_gov=sim
uf=ES,cunha=sim -> orientacao_gov=sim
partido=pt,uf=MG,cunha=sim -> orientacao_gov=sim
uf=MA,orientacao_partido=sim,cunha=sim -> orientacao_gov=sim
partido=pcdob,cunha=sim -> orientacao_gov=sim
uf=DF,cunha=sim -> orientacao_gov=sim
partido=pdt,cunha=sim -> orientacao_gov=sim
partido=pros,cunha=sim -> orientacao_gov=sim
uf=TO,voto=sim,cunha=sim -> orientacao_gov=sim
partido=pmdb,voto=sim,cunha=sim -> orientacao_gov=sim
partido=pmdb,uf=MG,cunha=sim -> orientacao_gov=sim
uf=MT,cunha=sim -> orientacao_gov=sim
uf=MG,cunha=sim -> orientacao_gov=sim
partido=pt,cunha=sim -> orientacao_gov=sim
partido=psd,voto=sim,cunha=sim -> orientacao_gov=sim
uf=GO,cunha=sim -> orientacao_gov=sim
uf=BA,cunha=sim -> orientacao_gov=sim
uf=SC,cunha=sim -> orientacao_gov=sim
uf=PE,voto=sim,cunha=sim -> orientacao_gov=sim
partido=pros,orientacao_partido=sim -> orientacao_gov=sim
uf=SC,orientacao_partido=sim,cunha=sim -> orientacao_gov=sim
uf=AL,cunha=sim -> orientacao_gov=sim
partido=pr,cunha=sim -> orientacao_gov=sim
partido=pt,uf=RS,cunha=sim -> orientacao_gov=sim
uf=RS,cunha=sim -> orientacao_gov=sim
partido=pr,orientacao_partido=sim -> orientacao_gov=sim
partido=psb,cunha=sim -> orientacao_gov=sim
partido=psdb,cunha=sim -> orientacao_gov=sim
uf=PR,cunha=sim -> orientacao_gov=sim
uf=PA,cunha=sim -> orientacao_gov=sim
uf=PB,voto=sim,cunha=sim -> orientacao_gov=sim
cunha=sim -> orientacao_gov=sim
partido=psd,cunha=sim -> orientacao_gov=sim
partido=pv,cunha=sim -> orientacao_gov=sim
uf=SP,cunha=sim -> orientacao_gov=sim
partido=pmdb,cunha=sim -> orientacao_gov=sim
uf=RR,cunha=sim -> orientacao_gov=sim
uf=RJ,cunha=sim -> orientacao_gov=sim
uf=PB,cunha=sim -> orientacao_gov=sim
uf=PB,voto=sim,orientacao_partido=sim,cunha=sim -> orientacao_gov=sim
uf=RO,cunha=sim -> orientacao_gov=sim
uf=CE,cunha=sim -> orientacao_gov=sim
uf=TO,cunha=sim -> orientacao_gov=sim
uf=MS,cunha=sim -> orientacao_gov=sim
partido=psb,voto=sim,cunha=sim -> orientacao_gov=sim
uf=SC,voto=sim,orientacao_partido=sim,cunha=sim -> orientacao_gov=sim
partido=pp,cunha=sim -> orientacao_gov=sim
partido=psdb,uf=SP,cunha=sim -> orientacao_gov=sim
uf=PI,cunha=sim -> orientacao_gov=sim
partido=psdb,uf=MG,cunha=sim -> orientacao_gov=sim
uf=MA,cunha=sim -> orientacao_gov=sim
partido=ptb,cunha=sim -> orientacao_gov=sim
uf=PE,orientacao_partido=sim,cunha=sim -> orientacao_gov=sim
uf=PE,cunha=sim -> orientacao_gov=sim
partido=ptb,orientacao_partido=sim,cunha=sim -> orientacao_gov=sim
partido=solidaried,cunha=sim -> orientacao_gov=sim
uf=SE,cunha=sim -> orientacao_gov=sim
partido=pps,cunha=sim -> orientacao_gov=sim
partido=dem,cunha=sim -> orientacao_gov=sim
uf=SP,voto=não,cunha=sim -> orientacao_gov=sim
partido=pp,orientacao_partido=sim,cunha=sim -> orientacao_gov=sim
partido=ptb,orientacao_partido=sim -> orientacao_gov=sim
uf=PB,orientacao_partido=sim,cunha=sim -> orientacao_gov=sim
uf=RN,cunha=sim -> orientacao_gov=sim
partido=ptb,voto=sim,cunha=sim -> orientacao_gov=sim
uf=MG,voto=não,cunha=sim -> orientacao_gov=sim
partido=ptb,voto=sim,orientacao_partido=sim,cunha=sim -> orientacao_gov=sim
uf=PE,voto=não,cunha=sim -> orientacao_gov=sim
uf=SP,voto=não,orientacao_partido=não,cunha=sim -> orientacao_gov=sim
uf=RS,orientacao_partido=sim -> orientacao_gov=sim
uf=AC,orientacao_partido=sim -> orientacao_gov=sim
partido=ptb,voto=sim,orientacao_partido=sim -> orientacao_gov=sim
partido=pp,voto=sim,cunha=sim -> orientacao_gov=sim
uf=SP,orientacao_partido=não,cunha=sim -> orientacao_gov=sim
partido=pp,orientacao_partido=sim -> orientacao_gov=sim
uf=GO,voto=sim,cunha=sim -> orientacao_gov=sim
uf=GO,orientacao_partido=sim,cunha=sim -> orientacao_gov=sim
uf=GO,voto=sim,orientacao_partido=sim,cunha=sim -> orientacao_gov=sim
uf=PR,voto=não,cunha=sim -> orientacao_gov=sim
partido=pdt,voto=sim,orientacao_partido=sim -> orientacao_gov=sim
partido=pmdb,uf=RJ,voto=sim -> orientacao_gov=sim
uf=BA,voto=sim,orientacao_partido=sim -> orientacao_gov=sim
partido=psd,voto=sim,orientacao_partido=sim -> orientacao_gov=sim
partido=pros,voto=sim -> orientacao_gov=sim
voto=não,orientacao_partido=não,cunha=sim -> orientacao_gov=sim
partido=pdt,orientacao_partido=sim -> orientacao_gov=sim
voto=não,cunha=sim -> orientacao_gov=sim
uf=RS,voto=sim,orientacao_partido=sim -> orientacao_gov=sim
partido=psd,orientacao_partido=sim -> orientacao_gov=sim
orientacao_partido=não,cunha=sim -> orientacao_gov=sim
partido=pp,voto=sim,orientacao_partido=sim,cunha=sim -> orientacao_gov=sim
uf=CE,voto=sim,orientacao_partido=sim -> orientacao_gov=sim
uf=BA,orientacao_partido=sim -> orientacao_gov=sim
uf=CE,orientacao_partido=sim -> orientacao_gov=sim
partido=pr,voto=sim -> orientacao_gov=sim
uf=PI,voto=sim,orientacao_partido=sim -> orientacao_gov=sim
uf=RJ,voto=não,cunha=sim -> orientacao_gov=sim
partido=pp,voto=sim,orientacao_partido=sim -> orientacao_gov=sim
uf=RJ,orientacao_partido=sim -> orientacao_gov=sim
uf=MG,orientacao_partido=não,cunha=sim -> orientacao_gov=sim
partido=pmdb,voto=sim,orientacao_partido=sim -> orientacao_gov=sim
partido=pmdb,voto=sim,orientacao_partido=sim,cunha=sim -> orientacao_gov=sim
uf=RS,voto=não,cunha=sim -> orientacao_gov=sim
uf=AL,orientacao_partido=sim -> orientacao_gov=sim
uf=AC,voto=sim -> orientacao_gov=sim
uf=MG,orientacao_partido=sim -> orientacao_gov=sim
partido=pmdb,orientacao_partido=sim -> orientacao_gov=sim
partido=pmdb,orientacao_partido=sim,cunha=sim -> orientacao_gov=sim
