orientacao_gov=obstrução -> cunha=obstrução
cunha=obstrução -> orientacao_gov=obstrução
partido=psdb,orientacao_partido=obstrução -> voto=obstrução
orientacao_partido=obstrução,orientacao_gov=não -> voto=obstrução
orientacao_partido=obstrução,orientacao_gov=não,cunha=não -> voto=obstrução
voto=obstrução,orientacao_gov=não,cunha=não -> orientacao_partido=obstrução
voto=obstrução,orientacao_gov=não -> orientacao_partido=obstrução
orientacao_partido=obstrução,cunha=não -> voto=obstrução
partido=pt,voto=obstrução -> orientacao_partido=obstrução
voto=obstrução,cunha=não -> orientacao_partido=obstrução
partido=pt,orientacao_partido=obstrução -> voto=obstrução
partido=psdb,voto=obstrução -> orientacao_partido=obstrução
voto=obstrução -> orientacao_partido=obstrução
orientacao_partido=obstrução -> voto=obstrução
voto=obstrução,cunha=sim -> orientacao_partido=obstrução
orientacao_partido=obstrução,cunha=sim -> voto=obstrução
partido=pmdb,cunha=liberado -> orientacao_partido=liberado
descr=URGÊNCIA PARA APRECIAÇÃO DO PDC Nº 1.408/2013_REQ_2027_2015 -> cunha=liberado
orientacao_gov=não,descr=URGÊNCIA PARA APRECIAÇÃO DO PDC Nº 1.408/2013_REQ_2027_2015 -> cunha=liberado
partido=pmdb,orientacao_partido=liberado -> cunha=liberado
descr=INVERSÃO DE PAUTA_PEC_471_2005 -> orientacao_gov=não
descr=REQ. DE VOTAÇÃO NOMINAL DO REQUERIMENTO DE RETIRADA DE PAUTA_MPV_698_2015 -> orientacao_gov=não
descr=URGÊNCIA PARA APRECIAÇÃO DO PDC Nº 1.408/2013_REQ_2027_2015 -> orientacao_gov=não
descr=REQUERIMENTO DE RETIRADA DE PAUTA_PL_2960_2015 -> orientacao_gov=não
cunha=sim,descr=INVERSÃO DE PAUTA_PEC_471_2005 -> orientacao_gov=não
cunha=não,descr=REQ. DE VOTAÇÃO NOMINAL DO REQUERIMENTO DE RETIRADA DE PAUTA_MPV_698_2015 -> orientacao_gov=não
cunha=liberado,descr=URGÊNCIA PARA APRECIAÇÃO DO PDC Nº 1.408/2013_REQ_2027_2015 -> orientacao_gov=não
cunha=não,descr=REQUERIMENTO DE RETIRADA DE PAUTA_PL_2960_2015 -> orientacao_gov=não
descr=DVS - BLOCO PRB - INC. VI. §4º. ART 18 DA SUBEMENDA SUBST. DE PLENÁRIO_PL_7699_2006 -> cunha=não
descr=REQ. DE VOTAÇÃO NOMINAL DO REQUERIMENTO DE RETIRADA DE PAUTA_MPV_698_2015 -> cunha=não
descr=REQUERIMENTO DE RETIRADA DE PAUTA_PL_2960_2015 -> cunha=não
descr=REQUERIMENTO DE RETIRADA DE PAUTA_PEC_171_1993 -> cunha=não
orientacao_gov=sim,descr=DVS - BLOCO PRB - INC. VI. §4º. ART 18 DA SUBEMENDA SUBST. DE PLENÁRIO_PL_7699_2006 -> cunha=não
orientacao_gov=não,descr=REQ. DE VOTAÇÃO NOMINAL DO REQUERIMENTO DE RETIRADA DE PAUTA_MPV_698_2015 -> cunha=não
orientacao_gov=não,descr=REQUERIMENTO DE RETIRADA DE PAUTA_PL_2960_2015 -> cunha=não
orientacao_partido=não,descr=REQUERIMENTO DE RETIRADA DE PAUTA_PEC_171_1993 -> cunha=não
voto=não,descr=REQUERIMENTO DE RETIRADA DE PAUTA_PEC_171_1993 -> cunha=não
orientacao_gov=sim,descr=REQUERIMENTO DE RETIRADA DE PAUTA_PEC_171_1993 -> cunha=não
voto=não,orientacao_partido=não,descr=REQUERIMENTO DE RETIRADA DE PAUTA_PEC_171_1993 -> cunha=não
voto=não,descr=REQUERIMENTO DE RETIRADA DE PAUTA_PEC_171_1993 -> orientacao_partido=não
voto=não,cunha=não,descr=REQUERIMENTO DE RETIRADA DE PAUTA_PEC_171_1993 -> orientacao_partido=não
orientacao_partido=não,descr=REQUERIMENTO DE RETIRADA DE PAUTA_PEC_171_1993 -> voto=não
orientacao_partido=não,cunha=não,descr=REQUERIMENTO DE RETIRADA DE PAUTA_PEC_171_1993 -> voto=não
descr=DVS - BLOCO PRB - INC. VI. §4º. ART 18 DA SUBEMENDA SUBST. DE PLENÁRIO_PL_7699_2006 -> orientacao_gov=sim
descr=DVS - PPS - ART. 1º DO PLV_MPV_668_2015 -> orientacao_gov=sim
cunha=não,descr=DVS - BLOCO PRB - INC. VI. §4º. ART 18 DA SUBEMENDA SUBST. DE PLENÁRIO_PL_7699_2006 -> orientacao_gov=sim
cunha=sim,descr=DVS - PPS - ART. 1º DO PLV_MPV_668_2015 -> orientacao_gov=sim
descr=REQUERIMENTO DE RETIRADA DE PAUTA_PEC_171_1993 -> orientacao_partido=não
cunha=não,descr=REQUERIMENTO DE RETIRADA DE PAUTA_PEC_171_1993 -> orientacao_partido=não
partido=psdb,uf=SP,orientacao_gov=não -> cunha=não
partido=psdb,orientacao_gov=não -> cunha=não
partido=psdb,voto=sim,orientacao_gov=não -> cunha=não
partido=psdb,voto=sim,orientacao_partido=sim,orientacao_gov=não -> cunha=não
partido=psdb,orientacao_partido=sim,orientacao_gov=não -> cunha=não
descr=REQUERIMENTO DE RETIRADA DE PAUTA_PEC_171_1993 -> voto=não
cunha=não,descr=REQUERIMENTO DE RETIRADA DE PAUTA_PEC_171_1993 -> voto=não
descr=SUBSTITUTIVO DA MESA DIRETORA_PRC_8_2007 -> cunha=sim
descr=INVERSÃO DE PAUTA_PEC_471_2005 -> cunha=sim
descr=DVS - PPS - ART. 1º DO PLV_MPV_668_2015 -> cunha=sim
orientacao_gov=não,descr=INVERSÃO DE PAUTA_PEC_471_2005 -> cunha=sim
orientacao_gov=sim,descr=DVS - PPS - ART. 1º DO PLV_MPV_668_2015 -> cunha=sim
partido=pp,orientacao_partido=sim,orientacao_gov=sim -> cunha=sim
partido=pp,voto=não,orientacao_partido=sim,orientacao_gov=sim -> cunha=sim
partido=pp,voto=sim,orientacao_partido=sim,orientacao_gov=sim -> cunha=sim
partido=pp,voto=não,orientacao_gov=sim,cunha=sim -> orientacao_partido=sim
partido=pp,orientacao_gov=liberado,cunha=sim -> orientacao_partido=sim
partido=pp,voto=sim,orientacao_partido=sim -> cunha=sim
partido=pp,voto=não,cunha=sim -> orientacao_partido=sim
partido=pp,voto=sim,orientacao_gov=liberado,cunha=sim -> orientacao_partido=sim
partido=psdb,orientacao_partido=sim,orientacao_gov=não,cunha=não -> voto=sim
partido=pp,uf=RS,orientacao_partido=sim -> cunha=sim
partido=pp,orientacao_partido=sim -> cunha=sim
partido=psdb,orientacao_partido=sim,orientacao_gov=não -> voto=sim
partido=pp,voto=não,orientacao_partido=sim -> cunha=sim
partido=pp,voto=sim,orientacao_partido=sim,orientacao_gov=liberado -> cunha=sim
orientacao_partido=sim,orientacao_gov=não,cunha=não -> voto=sim
partido=dem,orientacao_partido=sim,orientacao_gov=não -> voto=sim
orientacao_partido=sim,orientacao_gov=não -> voto=sim
partido=pp,orientacao_partido=sim,orientacao_gov=liberado -> cunha=sim
partido=pp,orientacao_gov=sim -> cunha=sim
partido=pp,orientacao_gov=sim,cunha=sim -> orientacao_partido=sim
partido=pp,voto=sim,cunha=sim -> orientacao_partido=sim
uf=RJ,orientacao_partido=sim,orientacao_gov=não -> voto=sim
orientacao_partido=sim,orientacao_gov=não,cunha=sim -> voto=sim
partido=psb,orientacao_partido=sim,orientacao_gov=não,cunha=não -> voto=sim
descr=REQUERIMENTO DE RETIRADA DE PAUTA_PEC_171_1993 -> orientacao_gov=sim
cunha=não,descr=REQUERIMENTO DE RETIRADA DE PAUTA_PEC_171_1993 -> orientacao_gov=sim
partido=solidaried,orientacao_partido=sim,orientacao_gov=não -> voto=sim
partido=psb,orientacao_partido=sim,orientacao_gov=não -> voto=sim
partido=pp,voto=sim,orientacao_gov=sim,cunha=sim -> orientacao_partido=sim
partido=pmdb,orientacao_partido=sim,orientacao_gov=não -> voto=sim
partido=pmdb,orientacao_gov=não,cunha=sim -> voto=sim
partido=pmdb,orientacao_partido=sim,orientacao_gov=não,cunha=sim -> voto=sim
partido=pp,voto=sim,orientacao_gov=sim -> orientacao_partido=sim
partido=pp,orientacao_gov=liberado,cunha=sim -> voto=sim
partido=pp,orientacao_partido=sim,orientacao_gov=liberado -> voto=sim
partido=pp,voto=sim,orientacao_gov=liberado -> orientacao_partido=sim
partido=pp,orientacao_gov=sim -> orientacao_partido=sim
partido=pp,cunha=sim -> voto=sim
partido=pp,orientacao_partido=sim,cunha=sim -> voto=sim
partido=pp,orientacao_partido=sim -> voto=sim
partido=pp,voto=sim,orientacao_gov=liberado -> cunha=sim
partido=pp,orientacao_gov=sim,cunha=sim -> voto=sim
partido=psdb,orientacao_gov=não -> orientacao_partido=sim
partido=pp,voto=sim -> cunha=sim
partido=psdb,uf=SP,orientacao_gov=não -> orientacao_partido=sim
partido=pp,orientacao_partido=sim,orientacao_gov=sim -> voto=sim
partido=pp,orientacao_partido=sim,orientacao_gov=sim,cunha=sim -> voto=sim
partido=pp,voto=não,orientacao_gov=sim -> cunha=sim
partido=pp,voto=não,orientacao_gov=sim -> orientacao_partido=sim
partido=pp,orientacao_gov=sim -> voto=sim
partido=pp,voto=sim -> orientacao_partido=sim
partido=psdb,orientacao_gov=não -> voto=sim
partido=pp,orientacao_gov=liberado -> voto=sim
orientacao_gov=não,cunha=sim -> voto=sim
partido=psdb,uf=SP,orientacao_gov=não -> voto=sim
partido=solidaried,orientacao_gov=não -> voto=sim
partido=pp,orientacao_gov=liberado -> cunha=sim
partido=psdb,orientacao_gov=não,cunha=não -> voto=sim
partido=pmdb,cunha=liberado -> voto=sim
partido=dem,orientacao_gov=não -> voto=sim
