Faixa.Etária=entre 31 a 40 anos,Ano.Abertura=2014 -> Mês.Abertura=12
Faixa.Etária=entre 31 a 40 anos,Ano.Abertura=2014,Procurou.Empresa=S,Respondida=S -> Mês.Abertura=12
Ano.Abertura=2014,Respondida=S,Situação=Finalizada avaliada -> Mês.Abertura=12
Mês.Abertura=12,Segmento.de.Mercado=Operadoras de Telecomunicações (Telefonia, Internet, TV por assinatura),Avaliação.Reclamação=Não Avaliada -> Procurou.Empresa=S
Sexo=F,Respondida=S,Situação=Finalizada não avaliada -> Procurou.Empresa=S
Sexo=F,Respondida=S,Situação=Finalizada não avaliada,Avaliação.Reclamação=Não Avaliada -> Procurou.Empresa=S
Sexo=F,Ano.Abertura=2014,Respondida=S,Avaliação.Reclamação=Não Avaliada -> Procurou.Empresa=S
Sexo=M,Ano.Abertura=2014,Segmento.de.Mercado=Operadoras de Telecomunicações (Telefonia, Internet, TV por assinatura) -> Procurou.Empresa=S
Sexo=M,Ano.Abertura=2014,Mês.Abertura=12,Segmento.de.Mercado=Operadoras de Telecomunicações (Telefonia, Internet, TV por assinatura) -> Procurou.Empresa=S
Sexo=M,Ano.Abertura=2014,Mês.Abertura=12,Segmento.de.Mercado=Operadoras de Telecomunicações (Telefonia, Internet, TV por assinatura),Respondida=S -> Procurou.Empresa=S
Sexo=M,Faixa.Etária=entre 31 a 40 anos,Respondida=S -> Procurou.Empresa=S
Sexo=F,Mês.Abertura=12,Respondida=S -> Procurou.Empresa=S
Sexo=M,Segmento.de.Mercado=Operadoras de Telecomunicações (Telefonia, Internet, TV por assinatura),Situação=Finalizada avaliada,Avaliação.Reclamação=Resolvida -> Procurou.Empresa=S
Faixa.Etária=entre 21 a 30 anos -> Respondida=S
Sexo=M,Ano.Abertura=2014,Situação=Finalizada não avaliada -> Respondida=S
Sexo=M,Mês.Abertura=12,Avaliação.Reclamação=Não Avaliada -> Respondida=S
Ano.Abertura=2014,Mês.Abertura=12,Situação=Finalizada não avaliada -> Procurou.Empresa=S
Grupo.Problema=Contrato / Oferta,Procurou.Empresa=S -> Respondida=S
Faixa.Etária=entre 21 a 30 anos,Avaliação.Reclamação=Não Avaliada -> Respondida=S
Sexo=F,Procurou.Empresa=S,Situação=Finalizada avaliada -> Respondida=S
Grupo.Problema=Vício de Qualidade -> Respondida=S
Situação=Finalizada não avaliada -> Respondida=S
Situação=Finalizada avaliada,Avaliação.Reclamação=Não Resolvida,Nota.do.Consumidor=1 -> Procurou.Empresa=S
Ano.Abertura=2014,Procurou.Empresa=S,Situação=Finalizada não avaliada,Avaliação.Reclamação=Não Avaliada -> Respondida=S
Ano.Abertura=2014,Mês.Abertura=12,Procurou.Empresa=S,Situação=Finalizada não avaliada -> Respondida=S
Sexo=M,Mês.Abertura=1,Respondida=S -> Procurou.Empresa=S
Sexo=M,Situação=Finalizada não avaliada -> Procurou.Empresa=S
Sexo=M,Ano.Abertura=2015,Mês.Abertura=1,Situação=Finalizada avaliada -> Procurou.Empresa=S
Sexo=M,Mês.Abertura=12,Situação=Finalizada não avaliada,Avaliação.Reclamação=Não Avaliada -> Procurou.Empresa=S
Sexo=M,Ano.Abertura=2014,Respondida=S,Situação=Finalizada não avaliada,Avaliação.Reclamação=Não Avaliada -> Procurou.Empresa=S
Sexo=M,Mês.Abertura=12,Respondida=S,Situação=Finalizada não avaliada,Avaliação.Reclamação=Não Avaliada -> Procurou.Empresa=S
Respondida=S,Nota.do.Consumidor=5 -> Procurou.Empresa=S
