Ano.Abertura=2014,Avaliação.Reclamação=Não Avaliada -> Situação=Finalizada não avaliada
Sexo=F,Ano.Abertura=2015,Respondida=S,Situação=Finalizada avaliada -> Mês.Abertura=1
Sexo=M,Ano.Abertura=2015,Segmento.de.Mercado=Operadoras de Telecomunicações (Telefonia, Internet, TV por assinatura),Respondida=S -> Mês.Abertura=1
Sexo=M,Mês.Abertura=1,Procurou.Empresa=S,Respondida=S,Situação=Finalizada avaliada,Avaliação.Reclamação=Resolvida -> Ano.Abertura=2015
Ano.Abertura=2015,Segmento.de.Mercado=Operadoras de Telecomunicações (Telefonia, Internet, TV por assinatura),Procurou.Empresa=S,Situação=Finalizada avaliada -> Avaliação.Reclamação=Resolvida
Mês.Abertura=1,Segmento.de.Mercado=Operadoras de Telecomunicações (Telefonia, Internet, TV por assinatura),Procurou.Empresa=S,Respondida=S,Situação=Finalizada avaliada -> Avaliação.Reclamação=Resolvida
Mês.Abertura=1,Segmento.de.Mercado=Operadoras de Telecomunicações (Telefonia, Internet, TV por assinatura),Situação=Finalizada avaliada -> Avaliação.Reclamação=Resolvida
Mês.Abertura=1,Segmento.de.Mercado=Operadoras de Telecomunicações (Telefonia, Internet, TV por assinatura),Respondida=S,Situação=Finalizada avaliada -> Avaliação.Reclamação=Resolvida
Segmento.de.Mercado=Operadoras de Telecomunicações (Telefonia, Internet, TV por assinatura),Procurou.Empresa=S,Respondida=S,Avaliação.Reclamação=Resolvida -> Situação=Finalizada avaliada
Segmento.de.Mercado=Operadoras de Telecomunicações (Telefonia, Internet, TV por assinatura),Respondida=S,Avaliação.Reclamação=Não Avaliada -> Mês.Abertura=12
Segmento.de.Mercado=Operadoras de Telecomunicações (Telefonia, Internet, TV por assinatura),Procurou.Empresa=S,Respondida=S,Avaliação.Reclamação=Não Avaliada -> Ano.Abertura=2014
Segmento.de.Mercado=Operadoras de Telecomunicações (Telefonia, Internet, TV por assinatura),Procurou.Empresa=S,Avaliação.Reclamação=Não Avaliada -> Mês.Abertura=12
Sexo=M,Procurou.Empresa=S,Situação=Finalizada não avaliada,Avaliação.Reclamação=Não Avaliada -> Mês.Abertura=12
Sexo=M,Procurou.Empresa=S,Respondida=S,Situação=Finalizada não avaliada,Avaliação.Reclamação=Não Avaliada -> Mês.Abertura=12
Sexo=M,Mês.Abertura=1,Segmento.de.Mercado=Operadoras de Telecomunicações (Telefonia, Internet, TV por assinatura),Respondida=S -> Situação=Finalizada avaliada
Ano.Abertura=2015,Segmento.de.Mercado=Operadoras de Telecomunicações (Telefonia, Internet, TV por assinatura) -> Situação=Finalizada avaliada
Ano.Abertura=2015,Segmento.de.Mercado=Operadoras de Telecomunicações (Telefonia, Internet, TV por assinatura),Respondida=S -> Situação=Finalizada avaliada
Ano.Abertura=2015,Mês.Abertura=1,Segmento.de.Mercado=Operadoras de Telecomunicações (Telefonia, Internet, TV por assinatura),Procurou.Empresa=S -> Situação=Finalizada avaliada
Mês.Abertura=1,Grupo.Problema=Cobrança / Contestação -> Situação=Finalizada avaliada
Mês.Abertura=1,Grupo.Problema=Cobrança / Contestação,Respondida=S -> Situação=Finalizada avaliada
Sexo=M,Mês.Abertura=1 -> Situação=Finalizada avaliada
Sexo=M,Ano.Abertura=2015,Respondida=S -> Situação=Finalizada avaliada
Ano.Abertura=2014,Mês.Abertura=12,Segmento.de.Mercado=Operadoras de Telecomunicações (Telefonia, Internet, TV por assinatura),Procurou.Empresa=S,Situação=Finalizada não avaliada -> Respondida=S
Grupo.Problema=Atendimento / SAC,Procurou.Empresa=S -> Respondida=S
Grupo.Problema=Cobrança / Contestação,Procurou.Empresa=S,Situação=Finalizada avaliada,Avaliação.Reclamação=Resolvida -> Respondida=S
Sexo=M,Como.Comprou.Contratou=Telefone -> Respondida=S
Ano.Abertura=2015,Situação=Finalizada avaliada -> Respondida=S
Mês.Abertura=1,Procurou.Empresa=S -> Respondida=S
Mês.Abertura=12,Como.Comprou.Contratou=Telefone -> Respondida=S
Mês.Abertura=12,Grupo.Problema=Cobrança / Contestação -> Respondida=S
Mês.Abertura=12,Como.Comprou.Contratou=Telefone,Procurou.Empresa=S -> Respondida=S
Ano.Abertura=2015,Mês.Abertura=1,Procurou.Empresa=S,Situação=Finalizada avaliada -> Respondida=S
Grupo.Problema=Cobrança / Contestação,Situação=Finalizada avaliada -> Respondida=S
Respondida=S,Situação=Finalizada avaliada,Avaliação.Reclamação=Resolvida -> Procurou.Empresa=S
Ano.Abertura=2015,Mês.Abertura=1,Grupo.Problema=Cobrança / Contestação -> Respondida=S
Grupo.Problema=Cobrança / Contestação,Respondida=S,Situação=Finalizada avaliada,Avaliação.Reclamação=Resolvida -> Procurou.Empresa=S
Ano.Abertura=2015,Mês.Abertura=1,Respondida=S -> Procurou.Empresa=S
Procurou.Empresa=S,Situação=Finalizada avaliada,Avaliação.Reclamação=Não Resolvida -> Respondida=S
Procurou.Empresa=S,Nota.do.Consumidor=1 -> Respondida=S
Avaliação.Reclamação=Não Resolvida -> Procurou.Empresa=S
Respondida=S,Situação=Finalizada avaliada,Avaliação.Reclamação=Não Resolvida -> Procurou.Empresa=S
Avaliação.Reclamação=Resolvida,Nota.do.Consumidor=5 -> Procurou.Empresa=S
