Sexo=M,Mês.Abertura=12,Procurou.Empresa=S -> Ano.Abertura=2014
Ano.Abertura=2014,Grupo.Problema=Cobrança / Contestação,Procurou.Empresa=S,Respondida=S -> Mês.Abertura=12
Sexo=M,Ano.Abertura=2014,Respondida=S,Situação=Finalizada não avaliada -> Mês.Abertura=12
Nota.do.Consumidor=1 -> Situação=Finalizada avaliada
Procurou.Empresa=S,Avaliação.Reclamação=Não Resolvida -> Situação=Finalizada avaliada
Ano.Abertura=2015,Mês.Abertura=1,Nota.do.Consumidor=5 -> Situação=Finalizada avaliada
Ano.Abertura=2015,Segmento.de.Mercado=Operadoras de Telecomunicações (Telefonia, Internet, TV por assinatura),Procurou.Empresa=S,Avaliação.Reclamação=Resolvida -> Situação=Finalizada avaliada
Segmento.de.Mercado=Operadoras de Telecomunicações (Telefonia, Internet, TV por assinatura),Situação=Finalizada não avaliada,Avaliação.Reclamação=Não Avaliada -> Ano.Abertura=2014
Sexo=M,Respondida=S,Situação=Finalizada não avaliada,Avaliação.Reclamação=Não Avaliada -> Mês.Abertura=12
Segmento.de.Mercado=Operadoras de Telecomunicações (Telefonia, Internet, TV por assinatura),Como.Comprou.Contratou=Telefone,Respondida=S -> Procurou.Empresa=S
Ano.Abertura=2014,Segmento.de.Mercado=Operadoras de Telecomunicações (Telefonia, Internet, TV por assinatura),Avaliação.Reclamação=Não Avaliada -> Procurou.Empresa=S
Ano.Abertura=2015,Mês.Abertura=1,Avaliação.Reclamação=Resolvida,Nota.do.Consumidor=5 -> Respondida=S
Sexo=M,Mês.Abertura=1,Procurou.Empresa=S,Avaliação.Reclamação=Resolvida -> Respondida=S
Ano.Abertura=2015,Segmento.de.Mercado=Operadoras de Telecomunicações (Telefonia, Internet, TV por assinatura),Procurou.Empresa=S,Avaliação.Reclamação=Resolvida -> Respondida=S
Ano.Abertura=2015,Avaliação.Reclamação=Resolvida -> Respondida=S
Ano.Abertura=2015,Mês.Abertura=1,Situação=Finalizada avaliada,Avaliação.Reclamação=Resolvida -> Respondida=S
Ano.Abertura=2015,Procurou.Empresa=S,Situação=Finalizada avaliada,Avaliação.Reclamação=Resolvida -> Respondida=S
Segmento.de.Mercado=Operadoras de Telecomunicações (Telefonia, Internet, TV por assinatura),Grupo.Problema=Cobrança / Contestação -> Respondida=S
Segmento.de.Mercado=Operadoras de Telecomunicações (Telefonia, Internet, TV por assinatura),Situação=Finalizada não avaliada -> Respondida=S
Ano.Abertura=2014,Segmento.de.Mercado=Operadoras de Telecomunicações (Telefonia, Internet, TV por assinatura),Situação=Finalizada não avaliada,Avaliação.Reclamação=Não Avaliada -> Respondida=S
Procurou.Empresa=S,Situação=Finalizada avaliada,Avaliação.Reclamação=Resolvida,Nota.do.Consumidor=5 -> Respondida=S
Ano.Abertura=2015,Grupo.Problema=Cobrança / Contestação -> Procurou.Empresa=S
Sexo=M,Ano.Abertura=2015,Procurou.Empresa=S -> Respondida=S
Faixa.Etária=entre 21 a 30 anos,Segmento.de.Mercado=Operadoras de Telecomunicações (Telefonia, Internet, TV por assinatura),Procurou.Empresa=S -> Respondida=S
Respondida=S,Situação=Finalizada não avaliada -> Procurou.Empresa=S
Avaliação.Reclamação=Não Avaliada -> Procurou.Empresa=S
Faixa.Etária=entre 21 a 30 anos,Mês.Abertura=1,Procurou.Empresa=S -> Respondida=S
Sexo=M,Situação=Finalizada não avaliada,Avaliação.Reclamação=Não Avaliada -> Respondida=S
Ano.Abertura=2015,Avaliação.Reclamação=Resolvida -> Procurou.Empresa=S
Ano.Abertura=2015,Mês.Abertura=1,Situação=Finalizada avaliada,Avaliação.Reclamação=Resolvida -> Procurou.Empresa=S
Sexo=F,Ano.Abertura=2014,Mês.Abertura=12,Situação=Finalizada não avaliada -> Respondida=S
Sexo=M,Mês.Abertura=12,Situação=Finalizada avaliada -> Respondida=S
Mês.Abertura=1,Situação=Finalizada avaliada -> Procurou.Empresa=S
Sexo=M,Respondida=S -> Procurou.Empresa=S
