Sexo=M,Avaliação.Reclamação=Não Avaliada -> Situação=Finalizada não avaliada
Respondida=S,Avaliação.Reclamação=Não Avaliada -> Situação=Finalizada não avaliada
Ano.Abertura=2015,Segmento.de.Mercado=Operadoras de Telecomunicações (Telefonia, Internet, TV por assinatura),Procurou.Empresa=S,Respondida=S -> Mês.Abertura=1
Sexo=M,Ano.Abertura=2015,Respondida=S,Situação=Finalizada avaliada -> Mês.Abertura=1
Sexo=M,Ano.Abertura=2015,Procurou.Empresa=S,Respondida=S,Situação=Finalizada avaliada,Avaliação.Reclamação=Resolvida -> Mês.Abertura=1
Ano.Abertura=2015,Mês.Abertura=1,Segmento.de.Mercado=Operadoras de Telecomunicações (Telefonia, Internet, TV por assinatura),Respondida=S -> Avaliação.Reclamação=Resolvida
Ano.Abertura=2015,Segmento.de.Mercado=Operadoras de Telecomunicações (Telefonia, Internet, TV por assinatura),Procurou.Empresa=S -> Avaliação.Reclamação=Resolvida
Mês.Abertura=1,Segmento.de.Mercado=Operadoras de Telecomunicações (Telefonia, Internet, TV por assinatura),Procurou.Empresa=S,Respondida=S -> Avaliação.Reclamação=Resolvida
Avaliação.Reclamação=Resolvida,Nota.do.Consumidor=5 -> Ano.Abertura=2015
Situação=Finalizada avaliada,Avaliação.Reclamação=Resolvida,Nota.do.Consumidor=5 -> Ano.Abertura=2015
Respondida=S,Nota.do.Consumidor=5 -> Ano.Abertura=2015
Segmento.de.Mercado=Operadoras de Telecomunicações (Telefonia, Internet, TV por assinatura),Respondida=S,Situação=Finalizada não avaliada,Avaliação.Reclamação=Não Avaliada -> Mês.Abertura=12
Segmento.de.Mercado=Operadoras de Telecomunicações (Telefonia, Internet, TV por assinatura),Procurou.Empresa=S,Situação=Finalizada não avaliada,Avaliação.Reclamação=Não Avaliada -> Mês.Abertura=12
Sexo=F,Situação=Finalizada não avaliada -> Ano.Abertura=2014
Sexo=F,Situação=Finalizada não avaliada,Avaliação.Reclamação=Não Avaliada -> Ano.Abertura=2014
Sexo=F,Respondida=S,Situação=Finalizada não avaliada,Avaliação.Reclamação=Não Avaliada -> Mês.Abertura=12
Sexo=F,Procurou.Empresa=S,Situação=Finalizada não avaliada -> Mês.Abertura=12
Sexo=F,Procurou.Empresa=S,Situação=Finalizada não avaliada,Avaliação.Reclamação=Não Avaliada -> Mês.Abertura=12
Sexo=M,Procurou.Empresa=S,Respondida=S,Situação=Finalizada não avaliada,Avaliação.Reclamação=Não Avaliada -> Ano.Abertura=2014
Ano.Abertura=2015,Mês.Abertura=1,Segmento.de.Mercado=Operadoras de Telecomunicações (Telefonia, Internet, TV por assinatura) -> Situação=Finalizada avaliada
Mês.Abertura=1,Segmento.de.Mercado=Operadoras de Telecomunicações (Telefonia, Internet, TV por assinatura),Procurou.Empresa=S -> Situação=Finalizada avaliada
Ano.Abertura=2015,Segmento.de.Mercado=Operadoras de Telecomunicações (Telefonia, Internet, TV por assinatura),Procurou.Empresa=S,Respondida=S -> Situação=Finalizada avaliada
Faixa.Etária=entre 21 a 30 anos,Ano.Abertura=2015,Mês.Abertura=1,Respondida=S -> Situação=Finalizada avaliada
Sexo=F,Mês.Abertura=1,Respondida=S -> Situação=Finalizada avaliada
Sexo=F,Ano.Abertura=2015,Mês.Abertura=1,Respondida=S -> Situação=Finalizada avaliada
Grupo.Problema=Atendimento / SAC -> Procurou.Empresa=S
Como.Comprou.Contratou=Telefone,Respondida=S -> Procurou.Empresa=S
Ano.Abertura=2014,Mês.Abertura=12,Segmento.de.Mercado=Operadoras de Telecomunicações (Telefonia, Internet, TV por assinatura),Respondida=S -> Procurou.Empresa=S
Sexo=M,Como.Comprou.Contratou=Telefone,Respondida=S -> Procurou.Empresa=S
Ano.Abertura=2014,Segmento.de.Mercado=Operadoras de Telecomunicações (Telefonia, Internet, TV por assinatura),Situação=Finalizada não avaliada,Avaliação.Reclamação=Não Avaliada -> Procurou.Empresa=S
Sexo=M,Ano.Abertura=2014,Mês.Abertura=12,Segmento.de.Mercado=Operadoras de Telecomunicações (Telefonia, Internet, TV por assinatura),Procurou.Empresa=S -> Respondida=S
Segmento.de.Mercado=Bancos, Financeiras e Administradoras de Cartão,Procurou.Empresa=S -> Respondida=S
Mês.Abertura=12,Segmento.de.Mercado=Operadoras de Telecomunicações (Telefonia, Internet, TV por assinatura) -> Respondida=S
Ano.Abertura=2014,Segmento.de.Mercado=Operadoras de Telecomunicações (Telefonia, Internet, TV por assinatura),Procurou.Empresa=S -> Respondida=S
Segmento.de.Mercado=Operadoras de Telecomunicações (Telefonia, Internet, TV por assinatura),Como.Comprou.Contratou=Telefone,Procurou.Empresa=S,Situação=Finalizada avaliada -> Respondida=S
Ano.Abertura=2015,Mês.Abertura=1,Grupo.Problema=Cobrança / Contestação -> Procurou.Empresa=S
Sexo=M,Mês.Abertura=1 -> Respondida=S
Faixa.Etária=entre 21 a 30 anos,Segmento.de.Mercado=Operadoras de Telecomunicações (Telefonia, Internet, TV por assinatura) -> Respondida=S
Sexo=M,Ano.Abertura=2015,Mês.Abertura=1,Procurou.Empresa=S -> Respondida=S
Mês.Abertura=1 -> Respondida=S
Como.Comprou.Contratou=Telefone -> Respondida=S
Sexo=M,Como.Comprou.Contratou=Telefone,Procurou.Empresa=S -> Respondida=S
Mês.Abertura=1,Procurou.Empresa=S,Situação=Finalizada avaliada -> Respondida=S
Situação=Finalizada avaliada,Avaliação.Reclamação=Resolvida -> Procurou.Empresa=S
Ano.Abertura=2014,Mês.Abertura=12,Grupo.Problema=Cobrança / Contestação,Procurou.Empresa=S -> Respondida=S
Como.Comprou.Contratou=Loja física -> Procurou.Empresa=S
Sexo=M,Situação=Finalizada avaliada -> Respondida=S
Situação=Finalizada não avaliada,Avaliação.Reclamação=Não Avaliada -> Procurou.Empresa=S
Sexo=F,Ano.Abertura=2015,Procurou.Empresa=S -> Respondida=S
Sexo=M,Procurou.Empresa=S -> Respondida=S
Faixa.Etária=entre 21 a 30 anos,Situação=Finalizada avaliada -> Respondida=S
Sexo=F,Mês.Abertura=12 -> Respondida=S
Mês.Abertura=12,Situação=Finalizada avaliada -> Respondida=S
Sexo=F,Ano.Abertura=2014,Situação=Finalizada não avaliada,Avaliação.Reclamação=Não Avaliada -> Respondida=S
Sexo=F,Ano.Abertura=2014,Mês.Abertura=12,Avaliação.Reclamação=Não Avaliada -> Respondida=S
Sexo=M,Ano.Abertura=2014,Mês.Abertura=12,Situação=Finalizada avaliada -> Respondida=S
Segmento.de.Mercado=Comércio Eletrônico,Como.Comprou.Contratou=Internet -> Respondida=S
Faixa.Etária=entre 31 a 40 anos,Ano.Abertura=2014,Procurou.Empresa=S -> Respondida=S
Situação=Finalizada avaliada,Nota.do.Consumidor=1 -> Respondida=S
Situação=Finalizada avaliada,Avaliação.Reclamação=Não Resolvida,Nota.do.Consumidor=1 -> Respondida=S
Ano.Abertura=2015,Situação=Finalizada avaliada -> Procurou.Empresa=S
UF=SP -> Procurou.Empresa=S
Segmento.de.Mercado=Bancos, Financeiras e Administradoras de Cartão -> Procurou.Empresa=S
Faixa.Etária=entre 21 a 30 anos,Ano.Abertura=2015,Mês.Abertura=1,Respondida=S -> Procurou.Empresa=S
