Mês.Abertura=12,Avaliação.Reclamação=Não Avaliada -> Situação=Finalizada não avaliada
Ano.Abertura=2015,Segmento.de.Mercado=Operadoras de Telecomunicações (Telefonia, Internet, TV por assinatura),Respondida=S -> Mês.Abertura=1
Sexo=M,Ano.Abertura=2015,Procurou.Empresa=S,Situação=Finalizada avaliada -> Mês.Abertura=1
Ano.Abertura=2015,Procurou.Empresa=S,Respondida=S,Situação=Finalizada avaliada -> Mês.Abertura=1
Ano.Abertura=2015,Procurou.Empresa=S,Respondida=S,Situação=Finalizada avaliada,Avaliação.Reclamação=Resolvida -> Mês.Abertura=1
Sexo=M,Ano.Abertura=2015,Procurou.Empresa=S,Respondida=S,Avaliação.Reclamação=Resolvida -> Mês.Abertura=1
Mês.Abertura=1,Segmento.de.Mercado=Operadoras de Telecomunicações (Telefonia, Internet, TV por assinatura),Procurou.Empresa=S,Respondida=S,Situação=Finalizada avaliada -> Ano.Abertura=2015
Segmento.de.Mercado=Operadoras de Telecomunicações (Telefonia, Internet, TV por assinatura),Procurou.Empresa=S,Respondida=S,Situação=Finalizada não avaliada,Avaliação.Reclamação=Não Avaliada -> Ano.Abertura=2014
Sexo=F,Situação=Finalizada não avaliada -> Mês.Abertura=12
Sexo=F,Avaliação.Reclamação=Não Avaliada -> Ano.Abertura=2014
Sexo=F,Respondida=S,Situação=Finalizada não avaliada -> Mês.Abertura=12
Sexo=F,Respondida=S,Situação=Finalizada não avaliada -> Ano.Abertura=2014
Sexo=F,Procurou.Empresa=S,Avaliação.Reclamação=Não Avaliada -> Mês.Abertura=12
Situação=Finalizada não avaliada -> Mês.Abertura=12
Sexo=F,Procurou.Empresa=S,Respondida=S,Situação=Finalizada não avaliada,Avaliação.Reclamação=Não Avaliada -> Ano.Abertura=2014
Procurou.Empresa=S,Situação=Finalizada não avaliada,Avaliação.Reclamação=Não Avaliada -> Ano.Abertura=2014
Sexo=M,Respondida=S,Avaliação.Reclamação=Não Avaliada -> Mês.Abertura=12
Ano.Abertura=2014,Mês.Abertura=12,Segmento.de.Mercado=Operadoras de Telecomunicações (Telefonia, Internet, TV por assinatura),Procurou.Empresa=S,Avaliação.Reclamação=Não Avaliada -> Respondida=S
Ano.Abertura=2014,Segmento.de.Mercado=Operadoras de Telecomunicações (Telefonia, Internet, TV por assinatura) -> Respondida=S
Sexo=F,Situação=Finalizada avaliada,Avaliação.Reclamação=Resolvida -> Respondida=S
Ano.Abertura=2014,Mês.Abertura=12,Segmento.de.Mercado=Operadoras de Telecomunicações (Telefonia, Internet, TV por assinatura),Procurou.Empresa=S -> Respondida=S
UF=SP,Situação=Finalizada avaliada -> Procurou.Empresa=S
Mês.Abertura=1,Grupo.Problema=Cobrança / Contestação -> Procurou.Empresa=S
Sexo=M,Ano.Abertura=2015,Mês.Abertura=1 -> Respondida=S
Sexo=M,Ano.Abertura=2015,Situação=Finalizada avaliada -> Respondida=S
Sexo=M,Mês.Abertura=1,Procurou.Empresa=S -> Respondida=S
Ano.Abertura=2015,Mês.Abertura=1,Grupo.Problema=Cobrança / Contestação,Respondida=S -> Procurou.Empresa=S
Ano.Abertura=2014,Situação=Finalizada avaliada -> Respondida=S
Ano.Abertura=2014,Procurou.Empresa=S,Situação=Finalizada avaliada -> Respondida=S
Sexo=F,Ano.Abertura=2014,Situação=Finalizada não avaliada -> Respondida=S
Sexo=F,Mês.Abertura=12,Situação=Finalizada não avaliada,Avaliação.Reclamação=Não Avaliada -> Respondida=S
Sexo=M,Ano.Abertura=2014,Situação=Finalizada avaliada -> Respondida=S
Como.Comprou.Contratou=Internet,Situação=Finalizada avaliada -> Procurou.Empresa=S
