Mês.Abertura=12,Segmento.de.Mercado=Operadoras de Telecomunicações (Telefonia, Internet, TV por assinatura),Avaliação.Reclamação=Não Avaliada -> Situação=Finalizada não avaliada
Mês.Abertura=1,Procurou.Empresa=S,Respondida=S -> Ano.Abertura=2015
Mês.Abertura=1,Procurou.Empresa=S,Situação=Finalizada avaliada,Avaliação.Reclamação=Resolvida -> Ano.Abertura=2015
Mês.Abertura=1,Segmento.de.Mercado=Operadoras de Telecomunicações (Telefonia, Internet, TV por assinatura),Procurou.Empresa=S,Respondida=S,Avaliação.Reclamação=Resolvida -> Ano.Abertura=2015
Sexo=F,Ano.Abertura=2014,Respondida=S -> Mês.Abertura=12
Sexo=F,Ano.Abertura=2014,Procurou.Empresa=S,Avaliação.Reclamação=Não Avaliada -> Mês.Abertura=12
Mês.Abertura=12,Avaliação.Reclamação=Não Avaliada -> Ano.Abertura=2014
Mês.Abertura=12,Procurou.Empresa=S -> Ano.Abertura=2014
Mês.Abertura=12,Tempo.Resposta=10,Respondida=S -> Ano.Abertura=2014
Ano.Abertura=2015,Segmento.de.Mercado=Operadoras de Telecomunicações (Telefonia, Internet, TV por assinatura),Avaliação.Reclamação=Resolvida -> Situação=Finalizada avaliada
Ano.Abertura=2015,Respondida=S,Avaliação.Reclamação=Resolvida,Nota.do.Consumidor=5 -> Situação=Finalizada avaliada
Sexo=M,Ano.Abertura=2015,Mês.Abertura=1,Respondida=S,Avaliação.Reclamação=Resolvida -> Situação=Finalizada avaliada
Segmento.de.Mercado=Operadoras de Telecomunicações (Telefonia, Internet, TV por assinatura),Situação=Finalizada avaliada,Avaliação.Reclamação=Resolvida -> Ano.Abertura=2015
Sexo=F,Procurou.Empresa=S,Avaliação.Reclamação=Não Avaliada -> Ano.Abertura=2014
Sexo=F,Procurou.Empresa=S,Respondida=S,Situação=Finalizada não avaliada,Avaliação.Reclamação=Não Avaliada -> Mês.Abertura=12
Mês.Abertura=12,Segmento.de.Mercado=Operadoras de Telecomunicações (Telefonia, Internet, TV por assinatura),Respondida=S,Avaliação.Reclamação=Não Avaliada -> Procurou.Empresa=S
Sexo=F,Ano.Abertura=2014,Avaliação.Reclamação=Não Avaliada -> Procurou.Empresa=S
Sexo=F,Mês.Abertura=12,Situação=Finalizada não avaliada,Avaliação.Reclamação=Não Avaliada -> Procurou.Empresa=S
Sexo=F,Ano.Abertura=2014,Mês.Abertura=12,Situação=Finalizada não avaliada,Avaliação.Reclamação=Não Avaliada -> Procurou.Empresa=S
Ano.Abertura=2015,Segmento.de.Mercado=Operadoras de Telecomunicações (Telefonia, Internet, TV por assinatura),Respondida=S -> Procurou.Empresa=S
Ano.Abertura=2015,Mês.Abertura=1,Segmento.de.Mercado=Operadoras de Telecomunicações (Telefonia, Internet, TV por assinatura),Avaliação.Reclamação=Resolvida -> Procurou.Empresa=S
Mês.Abertura=1,Segmento.de.Mercado=Operadoras de Telecomunicações (Telefonia, Internet, TV por assinatura),Respondida=S,Situação=Finalizada avaliada,Avaliação.Reclamação=Resolvida -> Procurou.Empresa=S
Ano.Abertura=2014,Mês.Abertura=12,Tempo.Resposta=10 -> Procurou.Empresa=S
Ano.Abertura=2014,Mês.Abertura=12,Como.Comprou.Contratou=Loja física -> Procurou.Empresa=S
Grupo.Problema=Cobrança / Contestação -> Procurou.Empresa=S
Segmento.de.Mercado=Operadoras de Telecomunicações (Telefonia, Internet, TV por assinatura),Procurou.Empresa=S,Avaliação.Reclamação=Não Avaliada -> Respondida=S
Procurou.Empresa=S,Situação=Finalizada avaliada,Nota.do.Consumidor=5 -> Respondida=S
Situação=Finalizada avaliada,Avaliação.Reclamação=Resolvida -> Respondida=S
Sexo=M,Ano.Abertura=2014,Mês.Abertura=12,Situação=Finalizada não avaliada,Avaliação.Reclamação=Não Avaliada -> Respondida=S
Sexo=M,Procurou.Empresa=S,Situação=Finalizada não avaliada -> Respondida=S
Ano.Abertura=2014,Mês.Abertura=12,Respondida=S,Avaliação.Reclamação=Não Avaliada -> Procurou.Empresa=S
Avaliação.Reclamação=Não Avaliada -> Respondida=S
Faixa.Etária=entre 21 a 30 anos,Ano.Abertura=2014,Mês.Abertura=12 -> Respondida=S
Sexo=F -> Respondida=S
Mês.Abertura=12,Situação=Finalizada não avaliada,Avaliação.Reclamação=Não Avaliada -> Respondida=S
Respondida=S,Situação=Finalizada avaliada,Avaliação.Reclamação=Não Resolvida,Nota.do.Consumidor=1 -> Procurou.Empresa=S
Sexo=M,Ano.Abertura=2014,Mês.Abertura=12,Procurou.Empresa=S -> Respondida=S
Ano.Abertura=2014,Mês.Abertura=12 -> Respondida=S
Ano.Abertura=2014,Como.Comprou.Contratou=Internet,Procurou.Empresa=S -> Respondida=S
Ano.Abertura=2014,Como.Comprou.Contratou=Internet -> Respondida=S
Sexo=M,Ano.Abertura=2014,Avaliação.Reclamação=Não Avaliada -> Procurou.Empresa=S
Sexo=M,Situação=Finalizada avaliada,Avaliação.Reclamação=Não Resolvida -> Procurou.Empresa=S
Ano.Abertura=2014,Mês.Abertura=12,Como.Comprou.Contratou=Internet -> Procurou.Empresa=S
Sexo=M,Como.Comprou.Contratou=Internet -> Procurou.Empresa=S
