Sexo=F,Mês.Abertura=12,Situação=Finalizada não avaliada -> Avaliação.Reclamação=Não Avaliada
Ano.Abertura=2014,Segmento.de.Mercado=Operadoras de Telecomunicações (Telefonia, Internet, TV por assinatura),Procurou.Empresa=S,Situação=Finalizada não avaliada -> Avaliação.Reclamação=Não Avaliada
Ano.Abertura=2014,Mês.Abertura=12,Respondida=S,Situação=Finalizada não avaliada -> Avaliação.Reclamação=Não Avaliada
Sexo=F,Ano.Abertura=2014,Mês.Abertura=12,Procurou.Empresa=S,Avaliação.Reclamação=Não Avaliada -> Situação=Finalizada não avaliada
Ano.Abertura=2014,Mês.Abertura=12,Segmento.de.Mercado=Operadoras de Telecomunicações (Telefonia, Internet, TV por assinatura),Respondida=S,Avaliação.Reclamação=Não Avaliada -> Situação=Finalizada não avaliada
Sexo=M,Mês.Abertura=1,Situação=Finalizada avaliada -> Ano.Abertura=2015
Mês.Abertura=1,Segmento.de.Mercado=Operadoras de Telecomunicações (Telefonia, Internet, TV por assinatura),Situação=Finalizada avaliada,Avaliação.Reclamação=Resolvida -> Ano.Abertura=2015
Sexo=M,Mês.Abertura=1,Procurou.Empresa=S,Respondida=S -> Ano.Abertura=2015
Ano.Abertura=2014,Como.Comprou.Contratou=Loja física,Procurou.Empresa=S -> Mês.Abertura=12
Sexo=F,Ano.Abertura=2014 -> Mês.Abertura=12
Ano.Abertura=2014,Procurou.Empresa=S,Respondida=S,Situação=Finalizada avaliada -> Mês.Abertura=12
Sexo=M,Ano.Abertura=2014,Segmento.de.Mercado=Operadoras de Telecomunicações (Telefonia, Internet, TV por assinatura),Respondida=S -> Mês.Abertura=12
Sexo=M,Ano.Abertura=2014,Segmento.de.Mercado=Operadoras de Telecomunicações (Telefonia, Internet, TV por assinatura),Procurou.Empresa=S,Respondida=S -> Mês.Abertura=12
Mês.Abertura=12,Segmento.de.Mercado=Operadoras de Telecomunicações (Telefonia, Internet, TV por assinatura),Respondida=S,Avaliação.Reclamação=Não Avaliada -> Ano.Abertura=2014
Sexo=M,Mês.Abertura=12,Segmento.de.Mercado=Operadoras de Telecomunicações (Telefonia, Internet, TV por assinatura),Procurou.Empresa=S -> Ano.Abertura=2014
Sexo=F,Mês.Abertura=12,Procurou.Empresa=S,Situação=Finalizada não avaliada,Avaliação.Reclamação=Não Avaliada -> Ano.Abertura=2014
Sexo=M,Mês.Abertura=12,Respondida=S,Situação=Finalizada não avaliada,Avaliação.Reclamação=Não Avaliada -> Ano.Abertura=2014
Sexo=M,Mês.Abertura=12,Procurou.Empresa=S,Respondida=S,Situação=Finalizada não avaliada -> Ano.Abertura=2014
Ano.Abertura=2014,Segmento.de.Mercado=Operadoras de Telecomunicações (Telefonia, Internet, TV por assinatura),Situação=Finalizada não avaliada -> Mês.Abertura=12
Sexo=M,Ano.Abertura=2014,Respondida=S -> Mês.Abertura=12
Procurou.Empresa=S,Respondida=S,Avaliação.Reclamação=Não Resolvida -> Situação=Finalizada avaliada
Faixa.Etária=entre 21 a 30 anos,Respondida=S,Avaliação.Reclamação=Resolvida -> Situação=Finalizada avaliada
Ano.Abertura=2015,Mês.Abertura=1,Respondida=S,Avaliação.Reclamação=Resolvida,Nota.do.Consumidor=5 -> Situação=Finalizada avaliada
Sexo=M,Situação=Finalizada não avaliada -> Ano.Abertura=2014
Sexo=F,Mês.Abertura=12,Respondida=S,Avaliação.Reclamação=Não Avaliada -> Procurou.Empresa=S
Sexo=F,Ano.Abertura=2014,Mês.Abertura=12,Respondida=S,Situação=Finalizada não avaliada -> Procurou.Empresa=S
Sexo=F,Ano.Abertura=2014,Situação=Finalizada não avaliada,Avaliação.Reclamação=Não Avaliada -> Procurou.Empresa=S
Sexo=F,Mês.Abertura=12,Avaliação.Reclamação=Não Avaliada -> Procurou.Empresa=S
Segmento.de.Mercado=Operadoras de Telecomunicações (Telefonia, Internet, TV por assinatura),Situação=Finalizada avaliada -> Procurou.Empresa=S
Faixa.Etária=entre 31 a 40 anos,Ano.Abertura=2014,Respondida=S -> Procurou.Empresa=S
Sexo=M,Ano.Abertura=2015,Mês.Abertura=1,Procurou.Empresa=S,Avaliação.Reclamação=Resolvida -> Respondida=S
Sexo=M,Ano.Abertura=2015,Procurou.Empresa=S,Situação=Finalizada avaliada,Avaliação.Reclamação=Resolvida -> Respondida=S
Sexo=M,Ano.Abertura=2015,Mês.Abertura=1,Procurou.Empresa=S,Situação=Finalizada avaliada,Avaliação.Reclamação=Resolvida -> Respondida=S
Sexo=M,Segmento.de.Mercado=Operadoras de Telecomunicações (Telefonia, Internet, TV por assinatura),Procurou.Empresa=S,Situação=Finalizada avaliada -> Respondida=S
Sexo=M,Mês.Abertura=12,Procurou.Empresa=S,Avaliação.Reclamação=Não Avaliada -> Respondida=S
Sexo=F,Procurou.Empresa=S -> Respondida=S
