Mês.Abertura=12,Respondida=S,Avaliação.Reclamação=Não Avaliada -> Ano.Abertura=2014
Mês.Abertura=12,Respondida=S,Situação=Finalizada avaliada -> Ano.Abertura=2014
Ano.Abertura=2014,Procurou.Empresa=S,Respondida=S,Situação=Finalizada não avaliada,Avaliação.Reclamação=Não Avaliada -> Mês.Abertura=12
Ano.Abertura=2014,Como.Comprou.Contratou=Internet,Respondida=S -> Mês.Abertura=12
Sexo=M,Ano.Abertura=2014,Situação=Finalizada não avaliada -> Mês.Abertura=12
Sexo=M,Ano.Abertura=2014,Situação=Finalizada não avaliada,Avaliação.Reclamação=Não Avaliada -> Mês.Abertura=12
Como.Comprou.Contratou=Telefone,Procurou.Empresa=S,Situação=Finalizada avaliada -> Segmento.de.Mercado=Operadoras de Telecomunicações (Telefonia, Internet, TV por assinatura)
Como.Comprou.Contratou=Telefone,Situação=Finalizada avaliada -> Segmento.de.Mercado=Operadoras de Telecomunicações (Telefonia, Internet, TV por assinatura)
Procurou.Empresa=S,Nota.do.Consumidor=5 -> Situação=Finalizada avaliada
Sexo=M,Avaliação.Reclamação=Não Resolvida -> Situação=Finalizada avaliada
Ano.Abertura=2015,Avaliação.Reclamação=Resolvida,Nota.do.Consumidor=5 -> Situação=Finalizada avaliada
Respondida=S,Avaliação.Reclamação=Resolvida,Nota.do.Consumidor=5 -> Situação=Finalizada avaliada
Sexo=M,Mês.Abertura=1,Procurou.Empresa=S,Avaliação.Reclamação=Resolvida -> Situação=Finalizada avaliada
Mês.Abertura=1,Procurou.Empresa=S,Respondida=S,Avaliação.Reclamação=Resolvida -> Situação=Finalizada avaliada
Como.Comprou.Contratou=Telefone -> Segmento.de.Mercado=Operadoras de Telecomunicações (Telefonia, Internet, TV por assinatura)
Segmento.de.Mercado=Operadoras de Telecomunicações (Telefonia, Internet, TV por assinatura),Avaliação.Reclamação=Não Avaliada -> Ano.Abertura=2014
Ano.Abertura=2015,Mês.Abertura=1,Procurou.Empresa=S,Respondida=S -> Situação=Finalizada avaliada
Segmento.de.Mercado=Operadoras de Telecomunicações (Telefonia, Internet, TV por assinatura),Como.Comprou.Contratou=Telefone -> Procurou.Empresa=S
Mês.Abertura=12,Segmento.de.Mercado=Operadoras de Telecomunicações (Telefonia, Internet, TV por assinatura) -> Procurou.Empresa=S
Ano.Abertura=2014,Segmento.de.Mercado=Operadoras de Telecomunicações (Telefonia, Internet, TV por assinatura),Situação=Finalizada não avaliada -> Procurou.Empresa=S
Ano.Abertura=2015,Segmento.de.Mercado=Operadoras de Telecomunicações (Telefonia, Internet, TV por assinatura),Procurou.Empresa=S -> Respondida=S
Sexo=M,Ano.Abertura=2015,Mês.Abertura=1,Avaliação.Reclamação=Resolvida -> Respondida=S
Ano.Abertura=2015,Segmento.de.Mercado=Operadoras de Telecomunicações (Telefonia, Internet, TV por assinatura),Situação=Finalizada avaliada,Avaliação.Reclamação=Resolvida -> Respondida=S
Mês.Abertura=1,Avaliação.Reclamação=Resolvida -> Respondida=S
Ano.Abertura=2015,Situação=Finalizada avaliada,Avaliação.Reclamação=Resolvida -> Respondida=S
Mês.Abertura=1,Procurou.Empresa=S,Situação=Finalizada avaliada,Avaliação.Reclamação=Resolvida -> Respondida=S
Sexo=M,Segmento.de.Mercado=Operadoras de Telecomunicações (Telefonia, Internet, TV por assinatura),Situação=Finalizada avaliada -> Respondida=S
Situação=Finalizada avaliada,Nota.do.Consumidor=5 -> Respondida=S
Ano.Abertura=2014,Segmento.de.Mercado=Operadoras de Telecomunicações (Telefonia, Internet, TV por assinatura),Avaliação.Reclamação=Não Avaliada -> Respondida=S
Procurou.Empresa=S,Avaliação.Reclamação=Resolvida,Nota.do.Consumidor=5 -> Respondida=S
Ano.Abertura=2014,Mês.Abertura=12,Grupo.Problema=Cobrança / Contestação -> Respondida=S
Ano.Abertura=2014,Grupo.Problema=Cobrança / Contestação,Procurou.Empresa=S -> Respondida=S
Sexo=M,Faixa.Etária=entre 21 a 30 anos -> Respondida=S
Sexo=F,Mês.Abertura=1 -> Respondida=S
Situação=Finalizada não avaliada -> Procurou.Empresa=S
Procurou.Empresa=S,Situação=Finalizada avaliada -> Respondida=S
Sexo=F,Grupo.Problema=Cobrança / Contestação -> Respondida=S
Sexo=M,Avaliação.Reclamação=Não Avaliada -> Respondida=S
Mês.Abertura=1,Avaliação.Reclamação=Resolvida -> Procurou.Empresa=S
Ano.Abertura=2015,Situação=Finalizada avaliada,Avaliação.Reclamação=Resolvida -> Procurou.Empresa=S
Como.Comprou.Contratou=Internet,Procurou.Empresa=S -> Respondida=S
Procurou.Empresa=S,Situação=Finalizada avaliada,Nota.do.Consumidor=1 -> Respondida=S
Situação=Finalizada avaliada,Avaliação.Reclamação=Não Resolvida -> Procurou.Empresa=S
Faixa.Etária=entre 31 a 40 anos,Ano.Abertura=2014,Mês.Abertura=12 -> Respondida=S
Ano.Abertura=2015,Mês.Abertura=1,Respondida=S,Situação=Finalizada avaliada -> Procurou.Empresa=S
Faixa.Etária=entre 21 a 30 anos,Mês.Abertura=1,Respondida=S -> Procurou.Empresa=S
