Segmento.de.Mercado=Operadoras de Telecomunicações (Telefonia, Internet, TV por assinatura),Procurou.Empresa=S,Situação=Finalizada não avaliada -> Avaliação.Reclamação=Não Avaliada
Sexo=M,Ano.Abertura=2014,Mês.Abertura=12,Respondida=S,Situação=Finalizada não avaliada -> Avaliação.Reclamação=Não Avaliada
Ano.Abertura=2015,Respondida=S -> Mês.Abertura=1
Sexo=M,Mês.Abertura=1,Avaliação.Reclamação=Resolvida -> Ano.Abertura=2015
Ano.Abertura=2015,Situação=Finalizada avaliada,Avaliação.Reclamação=Resolvida,Nota.do.Consumidor=5 -> Mês.Abertura=1
Ano.Abertura=2015,Respondida=S,Situação=Finalizada avaliada,Avaliação.Reclamação=Resolvida -> Mês.Abertura=1
Sexo=M,Ano.Abertura=2015,Procurou.Empresa=S,Situação=Finalizada avaliada,Avaliação.Reclamação=Resolvida -> Mês.Abertura=1
Ano.Abertura=2014,Procurou.Empresa=S,Situação=Finalizada avaliada -> Mês.Abertura=12
Ano.Abertura=2014,Segmento.de.Mercado=Operadoras de Telecomunicações (Telefonia, Internet, TV por assinatura),Procurou.Empresa=S,Respondida=S -> Mês.Abertura=12
Sexo=F,Mês.Abertura=12 -> Ano.Abertura=2014
Mês.Abertura=12,Como.Comprou.Contratou=Internet,Respondida=S -> Ano.Abertura=2014
Faixa.Etária=entre 31 a 40 anos,Mês.Abertura=12,Respondida=S -> Ano.Abertura=2014
Mês.Abertura=12,Grupo.Problema=Cobrança / Contestação,Procurou.Empresa=S -> Ano.Abertura=2014
Ano.Abertura=2014,Como.Comprou.Contratou=Telefone,Procurou.Empresa=S -> Mês.Abertura=12
Sexo=M,Ano.Abertura=2014,Procurou.Empresa=S,Situação=Finalizada não avaliada -> Mês.Abertura=12
Sexo=M,Ano.Abertura=2014,Procurou.Empresa=S,Situação=Finalizada não avaliada,Avaliação.Reclamação=Não Avaliada -> Mês.Abertura=12
Sexo=M,Avaliação.Reclamação=Resolvida -> Situação=Finalizada avaliada
Procurou.Empresa=S,Respondida=S,Avaliação.Reclamação=Resolvida,Nota.do.Consumidor=5 -> Situação=Finalizada avaliada
Ano.Abertura=2015,Mês.Abertura=1,Respondida=S,Nota.do.Consumidor=5 -> Situação=Finalizada avaliada
Segmento.de.Mercado=Operadoras de Telecomunicações (Telefonia, Internet, TV por assinatura),Respondida=S,Avaliação.Reclamação=Resolvida -> Ano.Abertura=2015
Sexo=M,Situação=Finalizada não avaliada -> Mês.Abertura=12
Faixa.Etária=entre 31 a 40 anos,Situação=Finalizada avaliada -> Procurou.Empresa=S
Sexo=M,Ano.Abertura=2014,Segmento.de.Mercado=Operadoras de Telecomunicações (Telefonia, Internet, TV por assinatura),Respondida=S -> Procurou.Empresa=S
Sexo=F,Ano.Abertura=2014,Mês.Abertura=12,Respondida=S -> Procurou.Empresa=S
Sexo=M,Segmento.de.Mercado=Operadoras de Telecomunicações (Telefonia, Internet, TV por assinatura),Respondida=S,Situação=Finalizada avaliada,Avaliação.Reclamação=Resolvida -> Procurou.Empresa=S
Sexo=F,Ano.Abertura=2014 -> Procurou.Empresa=S
Faixa.Etária=entre 31 a 40 anos,Ano.Abertura=2014,Mês.Abertura=12 -> Procurou.Empresa=S
Ano.Abertura=2014,Respondida=S,Situação=Finalizada avaliada -> Procurou.Empresa=S
Ano.Abertura=2014,Mês.Abertura=12,Respondida=S,Situação=Finalizada avaliada -> Procurou.Empresa=S
Segmento.de.Mercado=Operadoras de Telecomunicações (Telefonia, Internet, TV por assinatura),Grupo.Problema=Cobrança / Contestação -> Procurou.Empresa=S
Ano.Abertura=2014,Tempo.Resposta=10 -> Procurou.Empresa=S
Nota.do.Consumidor=1 -> Procurou.Empresa=S
Situação=Finalizada avaliada,Nota.do.Consumidor=1 -> Procurou.Empresa=S
Mês.Abertura=1,Situação=Finalizada avaliada,Nota.do.Consumidor=5 -> Respondida=S
Ano.Abertura=2015,Situação=Finalizada avaliada,Nota.do.Consumidor=5 -> Respondida=S
Mês.Abertura=12,Tempo.Resposta=10,Procurou.Empresa=S -> Respondida=S
Mês.Abertura=1,Procurou.Empresa=S,Avaliação.Reclamação=Resolvida -> Respondida=S
Sexo=M,Ano.Abertura=2014,Avaliação.Reclamação=Não Avaliada -> Respondida=S
Ano.Abertura=2014,Mês.Abertura=12,Avaliação.Reclamação=Não Avaliada -> Procurou.Empresa=S
Situação=Finalizada avaliada -> Procurou.Empresa=S
Procurou.Empresa=S,Situação=Finalizada não avaliada -> Respondida=S
UF=SP,Sexo=M -> Respondida=S
Ano.Abertura=2014,Procurou.Empresa=S,Situação=Finalizada não avaliada -> Respondida=S
Mês.Abertura=12,Procurou.Empresa=S,Situação=Finalizada não avaliada -> Respondida=S
Ano.Abertura=2014,Mês.Abertura=12,Procurou.Empresa=S,Avaliação.Reclamação=Não Avaliada -> Respondida=S
Sexo=M,Mês.Abertura=1,Respondida=S,Situação=Finalizada avaliada,Avaliação.Reclamação=Resolvida -> Procurou.Empresa=S
Sexo=M,Mês.Abertura=12 -> Respondida=S
Ano.Abertura=2014,Avaliação.Reclamação=Não Avaliada -> Respondida=S
Sexo=M,Situação=Finalizada avaliada,Nota.do.Consumidor=1 -> Respondida=S
Faixa.Etária=entre 21 a 30 anos,Ano.Abertura=2014,Procurou.Empresa=S -> Respondida=S
Ano.Abertura=2014,Mês.Abertura=12,Procurou.Empresa=S -> Respondida=S
Sexo=M,Avaliação.Reclamação=Não Resolvida -> Respondida=S
Sexo=F,Ano.Abertura=2014,Mês.Abertura=12,Procurou.Empresa=S -> Respondida=S
Sexo=M,Ano.Abertura=2015,Respondida=S -> Procurou.Empresa=S
Sexo=M,Avaliação.Reclamação=Não Avaliada -> Procurou.Empresa=S
Faixa.Etária=entre 21 a 30 anos,Ano.Abertura=2014,Mês.Abertura=12 -> Procurou.Empresa=S
Faixa.Etária=entre 21 a 30 anos,Ano.Abertura=2014,Respondida=S -> Procurou.Empresa=S
Faixa.Etária=entre 21 a 30 anos,Ano.Abertura=2014,Mês.Abertura=12,Respondida=S -> Procurou.Empresa=S
Sexo=M,Ano.Abertura=2014,Mês.Abertura=12,Respondida=S,Situação=Finalizada não avaliada -> Procurou.Empresa=S
Ano.Abertura=2014,Como.Comprou.Contratou=Internet,Respondida=S -> Procurou.Empresa=S
Situação=Finalizada avaliada,Avaliação.Reclamação=Resolvida,Nota.do.Consumidor=5 -> Procurou.Empresa=S
