Sexo=F,Procurou.Empresa=S,Situação=Finalizada não avaliada -> Avaliação.Reclamação=Não Avaliada
Mês.Abertura=1,Segmento.de.Mercado=Operadoras de Telecomunicações (Telefonia, Internet, TV por assinatura),Avaliação.Reclamação=Resolvida -> Ano.Abertura=2015
Ano.Abertura=2015,Respondida=S,Situação=Finalizada avaliada -> Mês.Abertura=1
Ano.Abertura=2015,Segmento.de.Mercado=Operadoras de Telecomunicações (Telefonia, Internet, TV por assinatura),Procurou.Empresa=S,Avaliação.Reclamação=Resolvida -> Mês.Abertura=1
Ano.Abertura=2015,Respondida=S,Situação=Finalizada avaliada,Avaliação.Reclamação=Resolvida,Nota.do.Consumidor=5 -> Mês.Abertura=1
Situação=Finalizada avaliada,Nota.do.Consumidor=5 -> Ano.Abertura=2015
Sexo=F,Ano.Abertura=2014,Procurou.Empresa=S,Situação=Finalizada não avaliada -> Mês.Abertura=12
Sexo=F,Ano.Abertura=2014,Procurou.Empresa=S,Respondida=S,Situação=Finalizada não avaliada -> Mês.Abertura=12
Sexo=M,Ano.Abertura=2014,Situação=Finalizada avaliada -> Mês.Abertura=12
Segmento.de.Mercado=Operadoras de Telecomunicações (Telefonia, Internet, TV por assinatura),Avaliação.Reclamação=Resolvida -> Situação=Finalizada avaliada
Ano.Abertura=2015,Procurou.Empresa=S,Avaliação.Reclamação=Resolvida -> Situação=Finalizada avaliada
Segmento.de.Mercado=Operadoras de Telecomunicações (Telefonia, Internet, TV por assinatura),Procurou.Empresa=S,Avaliação.Reclamação=Resolvida -> Situação=Finalizada avaliada
Mês.Abertura=1,Segmento.de.Mercado=Operadoras de Telecomunicações (Telefonia, Internet, TV por assinatura),Procurou.Empresa=S,Respondida=S,Avaliação.Reclamação=Resolvida -> Situação=Finalizada avaliada
Sexo=M,Ano.Abertura=2015,Procurou.Empresa=S,Respondida=S,Avaliação.Reclamação=Resolvida -> Situação=Finalizada avaliada
Respondida=S,Situação=Finalizada não avaliada -> Ano.Abertura=2014
Sexo=M,Respondida=S,Situação=Finalizada não avaliada -> Ano.Abertura=2014
Segmento.de.Mercado=Operadoras de Telecomunicações (Telefonia, Internet, TV por assinatura) -> Procurou.Empresa=S
Ano.Abertura=2015,Mês.Abertura=1,Segmento.de.Mercado=Operadoras de Telecomunicações (Telefonia, Internet, TV por assinatura),Situação=Finalizada avaliada,Avaliação.Reclamação=Resolvida -> Procurou.Empresa=S
Ano.Abertura=2015,Mês.Abertura=1,Segmento.de.Mercado=Operadoras de Telecomunicações (Telefonia, Internet, TV por assinatura),Respondida=S,Situação=Finalizada avaliada,Avaliação.Reclamação=Resolvida -> Procurou.Empresa=S
Ano.Abertura=2014,Segmento.de.Mercado=Operadoras de Telecomunicações (Telefonia, Internet, TV por assinatura),Situação=Finalizada não avaliada -> Respondida=S
Segmento.de.Mercado=Bancos, Financeiras e Administradoras de Cartão -> Respondida=S
Ano.Abertura=2015,Grupo.Problema=Cobrança / Contestação,Respondida=S -> Procurou.Empresa=S
