Sexo=M,Mês.Abertura=1,Procurou.Empresa=S,Situação=Finalizada avaliada -> Ano.Abertura=2015
Mês.Abertura=1,Procurou.Empresa=S,Respondida=S,Situação=Finalizada avaliada -> Ano.Abertura=2015
Ano.Abertura=2015,Segmento.de.Mercado=Operadoras de Telecomunicações (Telefonia, Internet, TV por assinatura),Procurou.Empresa=S,Respondida=S,Situação=Finalizada avaliada -> Avaliação.Reclamação=Resolvida
Ano.Abertura=2015,Segmento.de.Mercado=Operadoras de Telecomunicações (Telefonia, Internet, TV por assinatura) -> Avaliação.Reclamação=Resolvida
Respondida=S,Avaliação.Reclamação=Resolvida,Nota.do.Consumidor=5 -> Ano.Abertura=2015
Segmento.de.Mercado=Operadoras de Telecomunicações (Telefonia, Internet, TV por assinatura),Procurou.Empresa=S,Situação=Finalizada não avaliada,Avaliação.Reclamação=Não Avaliada -> Ano.Abertura=2014
Segmento.de.Mercado=Operadoras de Telecomunicações (Telefonia, Internet, TV por assinatura),Procurou.Empresa=S,Respondida=S,Avaliação.Reclamação=Não Avaliada -> Mês.Abertura=12
Sexo=F,Respondida=S,Avaliação.Reclamação=Não Avaliada -> Mês.Abertura=12
Avaliação.Reclamação=Não Avaliada -> Ano.Abertura=2014
Avaliação.Reclamação=Não Avaliada -> Mês.Abertura=12
Sexo=M,Mês.Abertura=1,Segmento.de.Mercado=Operadoras de Telecomunicações (Telefonia, Internet, TV por assinatura) -> Situação=Finalizada avaliada
Ano.Abertura=2015,Mês.Abertura=1,Segmento.de.Mercado=Operadoras de Telecomunicações (Telefonia, Internet, TV por assinatura),Respondida=S -> Situação=Finalizada avaliada
Ano.Abertura=2015,Grupo.Problema=Cobrança / Contestação -> Situação=Finalizada avaliada
Sexo=M,Ano.Abertura=2015,Mês.Abertura=1 -> Situação=Finalizada avaliada
Ano.Abertura=2015,Procurou.Empresa=S -> Situação=Finalizada avaliada
Sexo=F,Mês.Abertura=1 -> Situação=Finalizada avaliada
Segmento.de.Mercado=Operadoras de Telecomunicações (Telefonia, Internet, TV por assinatura),Respondida=S,Situação=Finalizada não avaliada -> Procurou.Empresa=S
Ano.Abertura=2014,Mês.Abertura=12,Segmento.de.Mercado=Operadoras de Telecomunicações (Telefonia, Internet, TV por assinatura) -> Procurou.Empresa=S
Mês.Abertura=12,Segmento.de.Mercado=Operadoras de Telecomunicações (Telefonia, Internet, TV por assinatura),Procurou.Empresa=S,Situação=Finalizada não avaliada -> Respondida=S
Sexo=F,Respondida=S,Situação=Finalizada avaliada -> Procurou.Empresa=S
Segmento.de.Mercado=Operadoras de Telecomunicações (Telefonia, Internet, TV por assinatura),Como.Comprou.Contratou=Telefone,Situação=Finalizada avaliada -> Respondida=S
Segmento.de.Mercado=Operadoras de Telecomunicações (Telefonia, Internet, TV por assinatura),Como.Comprou.Contratou=Telefone -> Respondida=S
Sexo=M,Ano.Abertura=2015,Mês.Abertura=1,Situação=Finalizada avaliada -> Respondida=S
Grupo.Problema=Cobrança / Contestação,Situação=Finalizada avaliada -> Procurou.Empresa=S
Ano.Abertura=2015,Procurou.Empresa=S -> Respondida=S
UF=PR,Procurou.Empresa=S -> Respondida=S
Ano.Abertura=2014,Mês.Abertura=12,Como.Comprou.Contratou=Telefone,Procurou.Empresa=S -> Respondida=S
Mês.Abertura=12,Grupo.Problema=Cobrança / Contestação,Procurou.Empresa=S -> Respondida=S
Mês.Abertura=1,Grupo.Problema=Cobrança / Contestação -> Respondida=S
Sexo=F,Ano.Abertura=2015 -> Respondida=S
Como.Comprou.Contratou=Loja física -> Respondida=S
Sexo=F,Ano.Abertura=2014 -> Respondida=S
Mês.Abertura=12,Procurou.Empresa=S,Situação=Finalizada avaliada -> Respondida=S
Sexo=F,Ano.Abertura=2014,Avaliação.Reclamação=Não Avaliada -> Respondida=S
Como.Comprou.Contratou=Internet,Procurou.Empresa=S,Situação=Finalizada avaliada -> Respondida=S
Nota.do.Consumidor=1 -> Respondida=S
UF=SP,Ano.Abertura=2014 -> Respondida=S
Avaliação.Reclamação=Não Resolvida,Nota.do.Consumidor=1 -> Respondida=S
Como.Comprou.Contratou=Internet,Respondida=S,Situação=Finalizada avaliada -> Procurou.Empresa=S
Faixa.Etária=entre 21 a 30 anos,Ano.Abertura=2015,Respondida=S -> Procurou.Empresa=S
