Mês.Abertura=12,Grupo.Problema=Cobrança / Contestação,Respondida=S -> Ano.Abertura=2014
Sexo=M,Ano.Abertura=2014,Procurou.Empresa=S,Respondida=S,Situação=Finalizada não avaliada -> Mês.Abertura=12
Procurou.Empresa=S,Avaliação.Reclamação=Resolvida -> Situação=Finalizada avaliada
Grupo.Problema=Cobrança / Contestação,Procurou.Empresa=S,Respondida=S,Avaliação.Reclamação=Resolvida -> Situação=Finalizada avaliada
Segmento.de.Mercado=Operadoras de Telecomunicações (Telefonia, Internet, TV por assinatura),Respondida=S,Situação=Finalizada avaliada,Avaliação.Reclamação=Resolvida -> Mês.Abertura=1
Sexo=M,Avaliação.Reclamação=Não Avaliada -> Mês.Abertura=12
Faixa.Etária=entre 21 a 30 anos,Ano.Abertura=2015,Respondida=S -> Situação=Finalizada avaliada
Como.Comprou.Contratou=Telefone -> Procurou.Empresa=S
Sexo=F,Mês.Abertura=12 -> Procurou.Empresa=S
Segmento.de.Mercado=Operadoras de Telecomunicações (Telefonia, Internet, TV por assinatura),Grupo.Problema=Cobrança / Contestação,Respondida=S -> Procurou.Empresa=S
Mês.Abertura=12,Tempo.Resposta=10 -> Procurou.Empresa=S
Segmento.de.Mercado=Operadoras de Telecomunicações (Telefonia, Internet, TV por assinatura),Avaliação.Reclamação=Resolvida -> Respondida=S
Ano.Abertura=2015,Avaliação.Reclamação=Resolvida,Nota.do.Consumidor=5 -> Respondida=S
Ano.Abertura=2014,Mês.Abertura=12,Tempo.Resposta=10 -> Respondida=S
Ano.Abertura=2014,Tempo.Resposta=10,Procurou.Empresa=S -> Respondida=S
Ano.Abertura=2015,Procurou.Empresa=S,Avaliação.Reclamação=Resolvida -> Respondida=S
Faixa.Etária=entre 21 a 30 anos,Situação=Finalizada não avaliada -> Respondida=S
Respondida=S,Situação=Finalizada avaliada -> Procurou.Empresa=S
Mês.Abertura=12,Procurou.Empresa=S,Avaliação.Reclamação=Não Avaliada -> Respondida=S
Ano.Abertura=2014,Mês.Abertura=12,Procurou.Empresa=S,Situação=Finalizada não avaliada,Avaliação.Reclamação=Não Avaliada -> Respondida=S
Ano.Abertura=2014,Situação=Finalizada não avaliada,Avaliação.Reclamação=Não Avaliada -> Respondida=S
Faixa.Etária=entre 21 a 30 anos,Mês.Abertura=12,Procurou.Empresa=S -> Respondida=S
Sexo=M,Situação=Finalizada avaliada,Avaliação.Reclamação=Não Resolvida -> Respondida=S
Sexo=F,Ano.Abertura=2014,Mês.Abertura=12,Procurou.Empresa=S,Situação=Finalizada não avaliada,Avaliação.Reclamação=Não Avaliada -> Respondida=S
Sexo=F,Mês.Abertura=12,Procurou.Empresa=S -> Respondida=S
UF=SP,Procurou.Empresa=S,Situação=Finalizada avaliada -> Respondida=S
Sexo=M,Situação=Finalizada não avaliada,Avaliação.Reclamação=Não Avaliada -> Procurou.Empresa=S
Sexo=M,Mês.Abertura=12,Situação=Finalizada não avaliada -> Procurou.Empresa=S
Sexo=M,Ano.Abertura=2014,Respondida=S,Situação=Finalizada não avaliada -> Procurou.Empresa=S
Sexo=M,Mês.Abertura=12,Respondida=S,Situação=Finalizada não avaliada -> Procurou.Empresa=S
UF=SP,Sexo=M,Respondida=S -> Procurou.Empresa=S
Respondida=S,Avaliação.Reclamação=Resolvida,Nota.do.Consumidor=5 -> Procurou.Empresa=S
