Sexo=M,Segmento.de.Mercado=Operadoras de Telecomunicações (Telefonia, Internet, TV por assinatura),Situação=Finalizada avaliada -> Avaliação.Reclamação=Resolvida
Situação=Finalizada não avaliada -> Ano.Abertura=2014
Sexo=M,Procurou.Empresa=S,Situação=Finalizada não avaliada -> Mês.Abertura=12
Sexo=F,Segmento.de.Mercado=Operadoras de Telecomunicações (Telefonia, Internet, TV por assinatura) -> Procurou.Empresa=S
UF=PR,Respondida=S -> Procurou.Empresa=S
Segmento.de.Mercado=Operadoras de Telecomunicações (Telefonia, Internet, TV por assinatura),Situação=Finalizada não avaliada,Avaliação.Reclamação=Não Avaliada -> Procurou.Empresa=S
Ano.Abertura=2014,Segmento.de.Mercado=Operadoras de Telecomunicações (Telefonia, Internet, TV por assinatura),Procurou.Empresa=S,Situação=Finalizada não avaliada -> Respondida=S
Sexo=M,Ano.Abertura=2015 -> Respondida=S
Sexo=M,Mês.Abertura=1,Situação=Finalizada avaliada -> Respondida=S
Ano.Abertura=2015 -> Respondida=S
Como.Comprou.Contratou=Telefone,Procurou.Empresa=S,Situação=Finalizada avaliada -> Respondida=S
UF=PR -> Respondida=S
Sexo=F,Ano.Abertura=2015,Mês.Abertura=1,Procurou.Empresa=S -> Respondida=S
Sexo=M,Grupo.Problema=Contrato / Oferta -> Respondida=S
Faixa.Etária=entre 21 a 30 anos,Ano.Abertura=2015,Mês.Abertura=1,Procurou.Empresa=S -> Respondida=S
Sexo=F,Ano.Abertura=2014,Mês.Abertura=12 -> Respondida=S
Ano.Abertura=2014,Mês.Abertura=12,Situação=Finalizada avaliada -> Respondida=S
Sexo=M,Como.Comprou.Contratou=Internet -> Respondida=S
Mês.Abertura=1,Respondida=S -> Procurou.Empresa=S
Faixa.Etária=entre 31 a 40 anos,Ano.Abertura=2014,Mês.Abertura=12,Procurou.Empresa=S -> Respondida=S
Segmento.de.Mercado=Comércio Eletrônico -> Respondida=S
Faixa.Etária=entre 21 a 30 anos,Segmento.de.Mercado=Operadoras de Telecomunicações (Telefonia, Internet, TV por assinatura) -> Procurou.Empresa=S
Segmento.de.Mercado=Comércio Eletrônico,Como.Comprou.Contratou=Internet -> Procurou.Empresa=S
Grupo.Problema=Vício de Qualidade -> Procurou.Empresa=S
