Sexo=M,Procurou.Empresa=S,Situação=Finalizada não avaliada,Avaliação.Reclamação=Não Avaliada -> Ano.Abertura=2014
Sexo=M,Ano.Abertura=2015,Procurou.Empresa=S -> Situação=Finalizada avaliada
Sexo=M,Ano.Abertura=2015,Mês.Abertura=1,Procurou.Empresa=S,Respondida=S -> Situação=Finalizada avaliada
Mês.Abertura=12,Como.Comprou.Contratou=Telefone -> Procurou.Empresa=S
Ano.Abertura=2014,Mês.Abertura=12,Como.Comprou.Contratou=Telefone,Respondida=S -> Procurou.Empresa=S
Mês.Abertura=1,Nota.do.Consumidor=5 -> Respondida=S
Faixa.Etária=entre 31 a 40 anos,Ano.Abertura=2015 -> Respondida=S
Ano.Abertura=2014,Mês.Abertura=12,Respondida=S -> Procurou.Empresa=S
Sexo=M,Procurou.Empresa=S,Avaliação.Reclamação=Resolvida -> Respondida=S
Grupo.Problema=Cobrança / Contestação,Procurou.Empresa=S -> Respondida=S
Ano.Abertura=2015,Grupo.Problema=Cobrança / Contestação,Situação=Finalizada avaliada -> Respondida=S
Mês.Abertura=1,Grupo.Problema=Cobrança / Contestação,Procurou.Empresa=S -> Respondida=S
Faixa.Etária=entre 21 a 30 anos,Mês.Abertura=1 -> Respondida=S
Faixa.Etária=entre 21 a 30 anos,Ano.Abertura=2015,Situação=Finalizada avaliada -> Respondida=S
Sexo=F,Ano.Abertura=2015,Situação=Finalizada avaliada -> Respondida=S
UF=SP,Ano.Abertura=2014,Mês.Abertura=12,Respondida=S -> Procurou.Empresa=S
Sexo=F,Mês.Abertura=12,Procurou.Empresa=S,Avaliação.Reclamação=Não Avaliada -> Respondida=S
Sexo=M,Situação=Finalizada avaliada -> Procurou.Empresa=S
Avaliação.Reclamação=Não Resolvida -> Respondida=S
UF=SP,Ano.Abertura=2014,Procurou.Empresa=S -> Respondida=S
Procurou.Empresa=S,Situação=Finalizada avaliada,Avaliação.Reclamação=Não Resolvida,Nota.do.Consumidor=1 -> Respondida=S
UF=SP,Respondida=S -> Procurou.Empresa=S
Faixa.Etária=entre 21 a 30 anos,Situação=Finalizada avaliada -> Procurou.Empresa=S
Sexo=M,Faixa.Etária=entre 21 a 30 anos -> Procurou.Empresa=S
