Ano.Abertura=2014,Segmento.de.Mercado=Operadoras de Telecomunicações (Telefonia, Internet, TV por assinatura),Avaliação.Reclamação=Não Avaliada -> Situação=Finalizada não avaliada
Ano.Abertura=2015,Procurou.Empresa=S -> Mês.Abertura=1
Ano.Abertura=2015,Situação=Finalizada avaliada,Avaliação.Reclamação=Resolvida -> Mês.Abertura=1
Mês.Abertura=1,Situação=Finalizada avaliada,Avaliação.Reclamação=Resolvida,Nota.do.Consumidor=5 -> Ano.Abertura=2015
Mês.Abertura=1,Respondida=S,Situação=Finalizada avaliada,Avaliação.Reclamação=Resolvida -> Ano.Abertura=2015
Sexo=M,Mês.Abertura=1,Procurou.Empresa=S,Situação=Finalizada avaliada,Avaliação.Reclamação=Resolvida -> Ano.Abertura=2015
Segmento.de.Mercado=Operadoras de Telecomunicações (Telefonia, Internet, TV por assinatura),Respondida=S,Situação=Finalizada avaliada -> Avaliação.Reclamação=Resolvida
Sexo=M,Segmento.de.Mercado=Operadoras de Telecomunicações (Telefonia, Internet, TV por assinatura),Procurou.Empresa=S,Respondida=S,Situação=Finalizada avaliada -> Avaliação.Reclamação=Resolvida
Sexo=F,Ano.Abertura=2014,Procurou.Empresa=S,Respondida=S -> Mês.Abertura=12
Ano.Abertura=2014,Segmento.de.Mercado=Operadoras de Telecomunicações (Telefonia, Internet, TV por assinatura),Procurou.Empresa=S -> Mês.Abertura=12
Faixa.Etária=entre 21 a 30 anos,Mês.Abertura=12 -> Ano.Abertura=2014
UF=SP,Mês.Abertura=12,Procurou.Empresa=S -> Ano.Abertura=2014
Mês.Abertura=12,Como.Comprou.Contratou=Telefone,Procurou.Empresa=S -> Ano.Abertura=2014
Mês.Abertura=12,Como.Comprou.Contratou=Internet,Procurou.Empresa=S -> Ano.Abertura=2014
Faixa.Etária=entre 31 a 40 anos,Mês.Abertura=12,Procurou.Empresa=S -> Ano.Abertura=2014
Ano.Abertura=2014,Tempo.Resposta=10,Procurou.Empresa=S -> Mês.Abertura=12
Sexo=F,Respondida=S,Avaliação.Reclamação=Não Avaliada -> Procurou.Empresa=S
Sexo=M,Mês.Abertura=12,Segmento.de.Mercado=Operadoras de Telecomunicações (Telefonia, Internet, TV por assinatura) -> Procurou.Empresa=S
Sexo=M,Faixa.Etária=entre 31 a 40 anos -> Procurou.Empresa=S
Sexo=M,Segmento.de.Mercado=Operadoras de Telecomunicações (Telefonia, Internet, TV por assinatura),Respondida=S,Avaliação.Reclamação=Resolvida -> Procurou.Empresa=S
Sexo=M,Segmento.de.Mercado=Operadoras de Telecomunicações (Telefonia, Internet, TV por assinatura) -> Procurou.Empresa=S
Mês.Abertura=12,Situação=Finalizada avaliada -> Procurou.Empresa=S
Mês.Abertura=12,Grupo.Problema=Cobrança / Contestação,Respondida=S -> Procurou.Empresa=S
Sexo=M,Tempo.Resposta=10 -> Respondida=S
Mês.Abertura=1,Segmento.de.Mercado=Operadoras de Telecomunicações (Telefonia, Internet, TV por assinatura) -> Respondida=S
Ano.Abertura=2015,Mês.Abertura=1,Nota.do.Consumidor=5 -> Respondida=S
Ano.Abertura=2014,Respondida=S,Situação=Finalizada não avaliada -> Procurou.Empresa=S
Mês.Abertura=12,Avaliação.Reclamação=Não Avaliada -> Procurou.Empresa=S
Sexo=M,Ano.Abertura=2014,Mês.Abertura=12,Procurou.Empresa=S,Avaliação.Reclamação=Não Avaliada -> Respondida=S
Faixa.Etária=entre 31 a 40 anos,Situação=Finalizada avaliada -> Respondida=S
Sexo=M,Ano.Abertura=2015,Situação=Finalizada avaliada,Avaliação.Reclamação=Resolvida -> Procurou.Empresa=S
Faixa.Etária=entre 21 a 30 anos,Segmento.de.Mercado=Operadoras de Telecomunicações (Telefonia, Internet, TV por assinatura),Respondida=S -> Procurou.Empresa=S
