Procurou.Empresa=S,Avaliação.Reclamação=Não Resolvida -> Nota.do.Consumidor=1
Procurou.Empresa=S,Respondida=S,Avaliação.Reclamação=Não Resolvida -> Nota.do.Consumidor=1
Nota.do.Consumidor=1 -> Avaliação.Reclamação=Não Resolvida
Situação=Finalizada avaliada,Nota.do.Consumidor=1 -> Avaliação.Reclamação=Não Resolvida
Respondida=S,Nota.do.Consumidor=1 -> Avaliação.Reclamação=Não Resolvida
Respondida=S,Situação=Finalizada avaliada,Nota.do.Consumidor=1 -> Avaliação.Reclamação=Não Resolvida
Respondida=S,Situação=Finalizada avaliada,Avaliação.Reclamação=Não Resolvida -> Nota.do.Consumidor=1
Procurou.Empresa=S,Situação=Finalizada avaliada,Nota.do.Consumidor=1 -> Avaliação.Reclamação=Não Resolvida
Segmento.de.Mercado=Comércio Eletrônico,Procurou.Empresa=S,Respondida=S -> Como.Comprou.Contratou=Internet
Mês.Abertura=1,Respondida=S,Nota.do.Consumidor=5 -> Avaliação.Reclamação=Resolvida
Ano.Abertura=2015,Respondida=S,Nota.do.Consumidor=5 -> Avaliação.Reclamação=Resolvida
Mês.Abertura=1,Respondida=S,Situação=Finalizada avaliada,Nota.do.Consumidor=5 -> Avaliação.Reclamação=Resolvida
Ano.Abertura=2015,Mês.Abertura=1,Respondida=S,Situação=Finalizada avaliada,Nota.do.Consumidor=5 -> Avaliação.Reclamação=Resolvida
Procurou.Empresa=S,Situação=Finalizada avaliada,Nota.do.Consumidor=5 -> Avaliação.Reclamação=Resolvida
Procurou.Empresa=S,Respondida=S,Situação=Finalizada avaliada,Nota.do.Consumidor=5 -> Avaliação.Reclamação=Resolvida
Respondida=S,Nota.do.Consumidor=5 -> Avaliação.Reclamação=Resolvida
Situação=Finalizada não avaliada -> Avaliação.Reclamação=Não Avaliada
Faixa.Etária=entre 21 a 30 anos,Situação=Finalizada não avaliada -> Avaliação.Reclamação=Não Avaliada
Sexo=F,Situação=Finalizada não avaliada -> Avaliação.Reclamação=Não Avaliada
Segmento.de.Mercado=Operadoras de Telecomunicações (Telefonia, Internet, TV por assinatura),Situação=Finalizada não avaliada -> Avaliação.Reclamação=Não Avaliada
Mês.Abertura=12,Situação=Finalizada não avaliada -> Avaliação.Reclamação=Não Avaliada
Procurou.Empresa=S,Situação=Finalizada não avaliada -> Avaliação.Reclamação=Não Avaliada
Faixa.Etária=entre 21 a 30 anos,Respondida=S,Situação=Finalizada não avaliada -> Avaliação.Reclamação=Não Avaliada
Sexo=F,Mês.Abertura=12,Avaliação.Reclamação=Não Avaliada -> Situação=Finalizada não avaliada
Sexo=F,Respondida=S,Situação=Finalizada não avaliada -> Avaliação.Reclamação=Não Avaliada
Segmento.de.Mercado=Operadoras de Telecomunicações (Telefonia, Internet, TV por assinatura),Respondida=S,Avaliação.Reclamação=Não Avaliada -> Situação=Finalizada não avaliada
Sexo=M,Mês.Abertura=12,Avaliação.Reclamação=Não Avaliada -> Situação=Finalizada não avaliada
Sexo=M,Respondida=S,Avaliação.Reclamação=Não Avaliada -> Situação=Finalizada não avaliada
Procurou.Empresa=S,Respondida=S,Situação=Finalizada não avaliada -> Avaliação.Reclamação=Não Avaliada
Sexo=F,Procurou.Empresa=S,Respondida=S,Situação=Finalizada não avaliada -> Avaliação.Reclamação=Não Avaliada
Mês.Abertura=12,Segmento.de.Mercado=Operadoras de Telecomunicações (Telefonia, Internet, TV por assinatura),Respondida=S,Avaliação.Reclamação=Não Avaliada -> Situação=Finalizada não avaliada
Sexo=M,Mês.Abertura=12,Procurou.Empresa=S,Situação=Finalizada não avaliada -> Avaliação.Reclamação=Não Avaliada
Sexo=F,Ano.Abertura=2014,Mês.Abertura=12,Procurou.Empresa=S,Situação=Finalizada não avaliada -> Avaliação.Reclamação=Não Avaliada
Ano.Abertura=2014,Mês.Abertura=12,Segmento.de.Mercado=Operadoras de Telecomunicações (Telefonia, Internet, TV por assinatura),Respondida=S,Situação=Finalizada não avaliada -> Avaliação.Reclamação=Não Avaliada
Ano.Abertura=2014,Mês.Abertura=12,Procurou.Empresa=S,Respondida=S,Avaliação.Reclamação=Não Avaliada -> Situação=Finalizada não avaliada
Sexo=M,Ano.Abertura=2014,Mês.Abertura=12,Procurou.Empresa=S,Respondida=S,Avaliação.Reclamação=Não Avaliada -> Situação=Finalizada não avaliada
Faixa.Etária=entre 21 a 30 anos,Ano.Abertura=2015 -> Mês.Abertura=1
Ano.Abertura=2015,Avaliação.Reclamação=Resolvida -> Mês.Abertura=1
Ano.Abertura=2015,Situação=Finalizada avaliada,Nota.do.Consumidor=5 -> Mês.Abertura=1
Faixa.Etária=entre 31 a 40 anos,Ano.Abertura=2015,Respondida=S -> Mês.Abertura=1
Faixa.Etária=entre 21 a 30 anos,Ano.Abertura=2015,Situação=Finalizada avaliada -> Mês.Abertura=1
Faixa.Etária=entre 21 a 30 anos,Ano.Abertura=2015,Respondida=S -> Mês.Abertura=1
Ano.Abertura=2015,Procurou.Empresa=S,Avaliação.Reclamação=Resolvida -> Mês.Abertura=1
Ano.Abertura=2015,Segmento.de.Mercado=Operadoras de Telecomunicações (Telefonia, Internet, TV por assinatura),Situação=Finalizada avaliada -> Mês.Abertura=1
Mês.Abertura=1,Procurou.Empresa=S,Situação=Finalizada avaliada -> Ano.Abertura=2015
Sexo=M,Ano.Abertura=2015,Procurou.Empresa=S -> Mês.Abertura=1
Mês.Abertura=1,Respondida=S,Situação=Finalizada avaliada,Nota.do.Consumidor=5 -> Ano.Abertura=2015
Mês.Abertura=1,Grupo.Problema=Cobrança / Contestação,Procurou.Empresa=S,Respondida=S -> Ano.Abertura=2015
Ano.Abertura=2015,Segmento.de.Mercado=Operadoras de Telecomunicações (Telefonia, Internet, TV por assinatura),Respondida=S,Avaliação.Reclamação=Resolvida -> Mês.Abertura=1
Sexo=M,Mês.Abertura=1,Respondida=S,Avaliação.Reclamação=Resolvida -> Ano.Abertura=2015
Sexo=M,Mês.Abertura=1,Segmento.de.Mercado=Operadoras de Telecomunicações (Telefonia, Internet, TV por assinatura),Situação=Finalizada avaliada -> Ano.Abertura=2015
Ano.Abertura=2015,Segmento.de.Mercado=Operadoras de Telecomunicações (Telefonia, Internet, TV por assinatura),Procurou.Empresa=S,Situação=Finalizada avaliada,Avaliação.Reclamação=Resolvida -> Mês.Abertura=1
Mês.Abertura=1,Procurou.Empresa=S,Respondida=S,Situação=Finalizada avaliada,Avaliação.Reclamação=Resolvida -> Ano.Abertura=2015
Sexo=M,Mês.Abertura=1,Segmento.de.Mercado=Operadoras de Telecomunicações (Telefonia, Internet, TV por assinatura),Respondida=S,Situação=Finalizada avaliada -> Ano.Abertura=2015
Ano.Abertura=2014,Como.Comprou.Contratou=Loja física,Respondida=S -> Mês.Abertura=12
Sexo=M,Ano.Abertura=2014,Segmento.de.Mercado=Operadoras de Telecomunicações (Telefonia, Internet, TV por assinatura) -> Mês.Abertura=12
UF=SP,Ano.Abertura=2014,Procurou.Empresa=S,Respondida=S -> Mês.Abertura=12
Mês.Abertura=12,Respondida=S,Situação=Finalizada não avaliada -> Ano.Abertura=2014
Sexo=F,Mês.Abertura=12,Situação=Finalizada não avaliada,Avaliação.Reclamação=Não Avaliada -> Ano.Abertura=2014
Sexo=M,Mês.Abertura=12,Procurou.Empresa=S,Situação=Finalizada não avaliada,Avaliação.Reclamação=Não Avaliada -> Ano.Abertura=2014
Sexo=M,Respondida=S,Avaliação.Reclamação=Não Resolvida -> Situação=Finalizada avaliada
Sexo=F,Mês.Abertura=12,Respondida=S,Situação=Finalizada não avaliada -> Procurou.Empresa=S
