Ano.Abertura=2014,Como.Comprou.Contratou=Loja física -> Mês.Abertura=12
Sexo=F,Ano.Abertura=2014,Respondida=S,Situação=Finalizada não avaliada,Avaliação.Reclamação=Não Avaliada -> Mês.Abertura=12
Mês.Abertura=12,Segmento.de.Mercado=Operadoras de Telecomunicações (Telefonia, Internet, TV por assinatura),Situação=Finalizada não avaliada -> Procurou.Empresa=S
Faixa.Etária=entre 31 a 40 anos,Respondida=S,Situação=Finalizada avaliada -> Procurou.Empresa=S
Sexo=F,Ano.Abertura=2014,Respondida=S,Situação=Finalizada não avaliada -> Procurou.Empresa=S
Segmento.de.Mercado=Operadoras de Telecomunicações (Telefonia, Internet, TV por assinatura),Respondida=S,Situação=Finalizada avaliada,Avaliação.Reclamação=Resolvida -> Procurou.Empresa=S
Faixa.Etária=entre 41 a 50 anos,Respondida=S -> Procurou.Empresa=S
Faixa.Etária=entre 31 a 40 anos,Ano.Abertura=2014 -> Procurou.Empresa=S
Mês.Abertura=1,Segmento.de.Mercado=Operadoras de Telecomunicações (Telefonia, Internet, TV por assinatura) -> Procurou.Empresa=S
Como.Comprou.Contratou=Loja física,Procurou.Empresa=S -> Respondida=S
Ano.Abertura=2014,Respondida=S,Situação=Finalizada não avaliada,Avaliação.Reclamação=Não Avaliada -> Procurou.Empresa=S
Sexo=M,Mês.Abertura=12,Situação=Finalizada não avaliada -> Respondida=S
Faixa.Etária=entre 21 a 30 anos,Procurou.Empresa=S,Situação=Finalizada avaliada -> Respondida=S
Sexo=M,Mês.Abertura=1,Respondida=S,Avaliação.Reclamação=Resolvida -> Procurou.Empresa=S
Sexo=M,Ano.Abertura=2015,Mês.Abertura=1,Respondida=S,Avaliação.Reclamação=Resolvida -> Procurou.Empresa=S
Sexo=M,Ano.Abertura=2014 -> Respondida=S
Ano.Abertura=2014,Situação=Finalizada não avaliada -> Respondida=S
Mês.Abertura=12,Avaliação.Reclamação=Não Avaliada -> Respondida=S
Sexo=M,Ano.Abertura=2015,Mês.Abertura=1 -> Procurou.Empresa=S
Como.Comprou.Contratou=Não comprei / contratei,Respondida=S -> Procurou.Empresa=S
Sexo=M,Ano.Abertura=2015,Situação=Finalizada avaliada -> Procurou.Empresa=S
UF=SP,Sexo=M -> Procurou.Empresa=S
Ano.Abertura=2014,Como.Comprou.Contratou=Internet -> Procurou.Empresa=S
Situação=Finalizada avaliada,Nota.do.Consumidor=5 -> Procurou.Empresa=S
