UF=SP,Mês.Abertura=12,Respondida=S -> Ano.Abertura=2014
Sexo=M,Mês.Abertura=1,Procurou.Empresa=S,Respondida=S -> Situação=Finalizada avaliada
Ano.Abertura=2014,Como.Comprou.Contratou=Telefone,Respondida=S -> Procurou.Empresa=S
Mês.Abertura=12,Tempo.Resposta=10 -> Respondida=S
Tempo.Resposta=10,Procurou.Empresa=S -> Respondida=S
Faixa.Etária=entre 31 a 40 anos,Segmento.de.Mercado=Operadoras de Telecomunicações (Telefonia, Internet, TV por assinatura) -> Respondida=S
Faixa.Etária=entre 21 a 30 anos,Situação=Finalizada avaliada,Avaliação.Reclamação=Resolvida -> Respondida=S
Sexo=M,Situação=Finalizada avaliada,Avaliação.Reclamação=Resolvida -> Procurou.Empresa=S
Mês.Abertura=1,Grupo.Problema=Cobrança / Contestação,Situação=Finalizada avaliada -> Respondida=S
Como.Comprou.Contratou=Loja física,Respondida=S -> Procurou.Empresa=S
Faixa.Etária=entre 21 a 30 anos,Mês.Abertura=1,Situação=Finalizada avaliada -> Respondida=S
Sexo=F,Ano.Abertura=2014,Procurou.Empresa=S,Situação=Finalizada não avaliada -> Respondida=S
Sexo=F,Mês.Abertura=12,Procurou.Empresa=S,Situação=Finalizada não avaliada -> Respondida=S
Sexo=F,Ano.Abertura=2014,Mês.Abertura=12,Procurou.Empresa=S,Avaliação.Reclamação=Não Avaliada -> Respondida=S
Sexo=M,Ano.Abertura=2014,Mês.Abertura=12 -> Procurou.Empresa=S
Sexo=M,Ano.Abertura=2014,Mês.Abertura=12,Respondida=S -> Procurou.Empresa=S
Procurou.Empresa=S,Avaliação.Reclamação=Não Resolvida,Nota.do.Consumidor=1 -> Respondida=S
Sexo=M -> Procurou.Empresa=S
Segmento.de.Mercado=Comércio Eletrônico -> Procurou.Empresa=S
Como.Comprou.Contratou=Internet -> Procurou.Empresa=S
