partido=pmdb,orientacao_gov=não,cunha=sim -> orientacao_partido=sim
partido=pmdb,voto=sim,orientacao_gov=não,cunha=sim -> orientacao_partido=sim
partido=pt,uf=MG,voto=sim,orientacao_gov=sim -> orientacao_partido=sim
partido=pt,uf=RS,voto=sim,orientacao_gov=sim,cunha=sim -> orientacao_partido=sim
partido=pt,voto=sim,orientacao_gov=sim,cunha=sim -> orientacao_partido=sim
partido=pt,voto=sim,orientacao_gov=sim -> orientacao_partido=sim
partido=pt,uf=SP,voto=sim,orientacao_gov=sim -> orientacao_partido=sim
partido=pt,uf=RS,voto=sim,orientacao_gov=sim -> orientacao_partido=sim
partido=pt,uf=SP,voto=sim,orientacao_gov=sim,cunha=sim -> orientacao_partido=sim
partido=pr,voto=sim,orientacao_gov=sim,cunha=sim -> orientacao_partido=sim
partido=prb,uf=SP,voto=sim,orientacao_gov=sim -> orientacao_partido=sim
partido=pcdob,voto=sim,orientacao_gov=sim -> orientacao_partido=sim
partido=prb,voto=sim,orientacao_gov=sim,cunha=sim -> orientacao_partido=sim
partido=pcdob,voto=sim,orientacao_gov=sim,cunha=sim -> orientacao_partido=sim
partido=prb,voto=sim,orientacao_gov=sim -> orientacao_partido=sim
partido=pt,uf=BA,voto=sim,cunha=sim -> orientacao_partido=sim
partido=psol,voto=sim -> orientacao_partido=sim
partido=pt,uf=RS,voto=sim,cunha=sim -> orientacao_partido=sim
partido=pr,voto=sim,orientacao_gov=sim -> orientacao_partido=sim
partido=pcdob,voto=sim,cunha=sim -> orientacao_partido=sim
partido=pt,uf=MG,voto=sim,cunha=sim -> orientacao_partido=sim
partido=pt,voto=sim,cunha=sim -> orientacao_partido=sim
partido=pt,uf=SP,voto=sim,cunha=sim -> orientacao_partido=sim
partido=psd,voto=sim,orientacao_gov=sim,cunha=sim -> orientacao_partido=sim
partido=pr,voto=sim,cunha=sim -> orientacao_partido=sim
partido=pdt,voto=sim,orientacao_gov=sim,cunha=sim -> orientacao_partido=sim
partido=pr,orientacao_gov=sim,cunha=sim -> orientacao_partido=sim
partido=pcdob,voto=sim -> orientacao_partido=sim
partido=pdt,voto=sim,orientacao_gov=sim -> orientacao_partido=sim
partido=pr,uf=SP,voto=sim,cunha=sim -> orientacao_partido=sim
partido=pt,uf=RS,orientacao_gov=sim,cunha=sim -> orientacao_partido=sim
partido=pt,uf=MG,orientacao_gov=sim,cunha=sim -> orientacao_partido=sim
partido=pt,uf=MG,orientacao_gov=sim -> orientacao_partido=sim
partido=prb,uf=SP,voto=sim,cunha=sim -> orientacao_partido=sim
partido=pt,orientacao_gov=sim,cunha=sim -> orientacao_partido=sim
partido=prb,voto=sim,cunha=sim -> orientacao_partido=sim
partido=psd,voto=sim,orientacao_gov=sim -> orientacao_partido=sim
partido=pt,uf=BA,orientacao_gov=sim -> orientacao_partido=sim
partido=pt,orientacao_gov=sim -> orientacao_partido=sim
partido=dem,voto=sim,orientacao_gov=não -> orientacao_partido=sim
partido=pt,uf=RS,orientacao_gov=sim -> orientacao_partido=sim
partido=pt,uf=SP,orientacao_gov=sim,cunha=sim -> orientacao_partido=sim
partido=pt,uf=SP,voto=sim -> orientacao_partido=sim
partido=pt,uf=SP,orientacao_gov=sim -> orientacao_partido=sim
partido=psdb,voto=sim,orientacao_gov=sim,cunha=sim -> orientacao_partido=sim
partido=psdb,voto=sim,orientacao_gov=sim -> orientacao_partido=sim
partido=prb,uf=SP,orientacao_gov=sim,cunha=sim -> orientacao_partido=sim
partido=solidaried,voto=sim,orientacao_gov=não -> orientacao_partido=sim
partido=prb,orientacao_gov=sim,cunha=sim -> orientacao_partido=sim
partido=pt,uf=RS,voto=sim -> orientacao_partido=sim
partido=phs,cunha=sim -> orientacao_partido=sim
partido=pt,uf=BA,voto=sim -> orientacao_partido=sim
partido=pps,voto=sim,cunha=sim -> orientacao_partido=sim
uf=BA,voto=sim,orientacao_gov=sim,cunha=sim -> orientacao_partido=sim
partido=pps,voto=sim -> orientacao_partido=sim
partido=psd,voto=sim,cunha=sim -> orientacao_partido=sim
partido=pt,voto=sim -> orientacao_partido=sim
partido=psdb,uf=SP,voto=sim,cunha=sim -> orientacao_partido=sim
partido=psdb,voto=sim,cunha=não -> orientacao_partido=sim
partido=pdt,voto=sim,cunha=sim -> orientacao_partido=sim
partido=psd,orientacao_gov=sim,cunha=sim -> orientacao_partido=sim
uf=BA,voto=sim,cunha=sim -> orientacao_partido=sim
uf=SP,voto=sim,orientacao_gov=sim,cunha=sim -> orientacao_partido=sim
uf=BA,voto=sim,orientacao_gov=sim -> orientacao_partido=sim
partido=pr,uf=RJ,cunha=sim -> orientacao_partido=sim
partido=pr,cunha=sim -> orientacao_partido=sim
partido=psdb,voto=sim,cunha=sim -> orientacao_partido=sim
uf=SP,voto=sim,orientacao_gov=sim -> orientacao_partido=sim
partido=pr,orientacao_gov=sim -> orientacao_partido=sim
partido=pr,uf=SP,cunha=sim -> orientacao_partido=sim
partido=psdb,uf=SP,voto=sim -> orientacao_partido=sim
uf=CE,voto=sim,orientacao_gov=sim,cunha=sim -> orientacao_partido=sim
partido=pr,uf=SP,orientacao_gov=sim -> orientacao_partido=sim
partido=psdb,voto=sim -> orientacao_partido=sim
uf=CE,voto=sim,orientacao_gov=sim -> orientacao_partido=sim
voto=sim,orientacao_gov=não,cunha=sim -> orientacao_partido=sim
uf=SP,voto=sim,cunha=sim -> orientacao_partido=sim
partido=solidaried,voto=sim,cunha=sim -> orientacao_partido=sim
partido=psdb,uf=MG,voto=sim -> orientacao_partido=sim
partido=pt,uf=MG,voto=sim -> orientacao_partido=sim
partido=prb,uf=SP,voto=sim -> orientacao_partido=sim
partido=dem,voto=sim,cunha=sim -> orientacao_partido=sim
uf=PE,voto=sim,orientacao_gov=sim,cunha=sim -> orientacao_partido=sim
uf=CE,voto=sim,cunha=sim -> orientacao_partido=sim
partido=psdb,uf=GO,voto=sim -> orientacao_partido=sim
partido=pr,uf=SP,voto=sim -> orientacao_partido=sim
partido=prb,uf=SP,orientacao_gov=sim -> orientacao_partido=sim
partido=pr,voto=sim -> orientacao_partido=sim
partido=psc,cunha=sim -> orientacao_partido=sim
partido=prb,voto=sim -> orientacao_partido=sim
partido=prb,orientacao_gov=sim -> orientacao_partido=sim
uf=SE,voto=sim,cunha=sim -> orientacao_partido=sim
uf=PR,voto=sim,orientacao_gov=sim,cunha=sim -> orientacao_partido=sim
uf=AC,voto=sim,cunha=sim -> orientacao_partido=sim
partido=pp,voto=não,orientacao_gov=sim,cunha=sim -> orientacao_partido=sim
partido=ptn,cunha=sim -> orientacao_partido=sim
partido=psb,voto=sim,orientacao_gov=sim,cunha=sim -> orientacao_partido=sim
uf=DF,voto=sim,cunha=sim -> orientacao_partido=sim
uf=ES,voto=sim,orientacao_gov=sim,cunha=sim -> orientacao_partido=sim
partido=psd,cunha=sim -> orientacao_partido=sim
partido=pr,voto=sim,orientacao_gov=liberado -> orientacao_partido=sim
partido=psc,orientacao_gov=sim,cunha=sim -> orientacao_partido=sim
partido=pp,orientacao_gov=liberado,cunha=sim -> orientacao_partido=sim
partido=psb,voto=sim,orientacao_gov=sim -> orientacao_partido=sim
uf=PA,voto=sim,orientacao_gov=sim,cunha=sim -> orientacao_partido=sim
uf=RR,voto=sim,cunha=sim -> orientacao_partido=sim
uf=MG,voto=sim,orientacao_gov=sim,cunha=sim -> orientacao_partido=sim
uf=PR,voto=sim,cunha=sim -> orientacao_partido=sim
voto=sim,orientacao_gov=sim,cunha=sim -> orientacao_partido=sim
uf=GO,voto=sim,cunha=sim -> orientacao_partido=sim
partido=pdt,voto=sim -> orientacao_partido=sim
uf=GO,voto=sim,orientacao_gov=sim,cunha=sim -> orientacao_partido=sim
partido=pp,voto=não,cunha=sim -> orientacao_partido=sim
uf=PR,voto=sim,orientacao_gov=sim -> orientacao_partido=sim
uf=PE,voto=sim,orientacao_gov=sim -> orientacao_partido=sim
uf=RN,voto=sim,cunha=sim -> orientacao_partido=sim
uf=ES,voto=sim,orientacao_gov=sim -> orientacao_partido=sim
uf=PA,voto=sim,cunha=sim -> orientacao_partido=sim
uf=PE,voto=sim,cunha=sim -> orientacao_partido=sim
partido=pp,voto=sim,orientacao_gov=liberado,cunha=sim -> orientacao_partido=sim
partido=dem,voto=sim -> orientacao_partido=sim
uf=PI,voto=sim,orientacao_gov=sim,cunha=sim -> orientacao_partido=sim
uf=AP,voto=sim,cunha=sim -> orientacao_partido=sim
partido=ptb,cunha=sim -> orientacao_partido=sim
uf=RS,voto=sim,orientacao_gov=sim,cunha=sim -> orientacao_partido=sim
uf=GO,voto=sim,orientacao_gov=sim -> orientacao_partido=sim
uf=AL,voto=sim,cunha=sim -> orientacao_partido=sim
uf=PA,voto=sim,orientacao_gov=sim -> orientacao_partido=sim
partido=ptb,voto=sim,cunha=sim -> orientacao_partido=sim
partido=ptb,orientacao_gov=sim,cunha=sim -> orientacao_partido=sim
uf=SP,voto=sim,orientacao_gov=liberado,cunha=sim -> orientacao_partido=sim
uf=MG,voto=sim,orientacao_gov=sim -> orientacao_partido=sim
voto=sim,cunha=sim -> orientacao_partido=sim
uf=RS,voto=sim,cunha=sim -> orientacao_partido=sim
partido=solidaried,voto=sim -> orientacao_partido=sim
voto=sim,orientacao_gov=sim -> orientacao_partido=sim
uf=MG,voto=sim,cunha=sim -> orientacao_partido=sim
partido=psc,voto=sim,cunha=sim -> orientacao_partido=sim
uf=ES,voto=sim,cunha=sim -> orientacao_partido=sim
uf=PI,voto=sim,cunha=sim -> orientacao_partido=sim
uf=PI,voto=sim,orientacao_gov=sim -> orientacao_partido=sim
partido=ptb,voto=sim,orientacao_gov=sim,cunha=sim -> orientacao_partido=sim
uf=RS,voto=sim,orientacao_gov=sim -> orientacao_partido=sim
uf=MS,voto=sim,cunha=sim -> orientacao_partido=sim
partido=prb,uf=SP,cunha=sim -> orientacao_partido=sim
partido=prb,cunha=sim -> orientacao_partido=sim
partido=dem,voto=sim,orientacao_gov=sim,cunha=sim -> orientacao_partido=sim
partido=dem,voto=sim,cunha=não -> orientacao_partido=sim
partido=psd,orientacao_gov=sim -> orientacao_partido=sim
uf=AM,voto=sim,cunha=sim -> orientacao_partido=sim
partido=solidaried,voto=sim,orientacao_gov=sim,cunha=sim -> orientacao_partido=sim
uf=PB,voto=sim,cunha=sim -> orientacao_partido=sim
partido=pr,uf=RJ,voto=sim -> orientacao_partido=sim
partido=pcdob,orientacao_gov=sim -> orientacao_partido=sim
partido=psd,uf=BA,voto=sim -> orientacao_partido=sim
partido=dem,voto=sim,orientacao_gov=sim -> orientacao_partido=sim
uf=PB,voto=sim,orientacao_gov=sim,cunha=sim -> orientacao_partido=sim
uf=RO,voto=sim,cunha=sim -> orientacao_partido=sim
voto=sim,orientacao_gov=liberado,cunha=sim -> orientacao_partido=sim
partido=psdb,voto=sim,orientacao_gov=liberado -> orientacao_partido=sim
uf=BA,voto=sim -> orientacao_partido=sim
partido=psd,voto=sim -> orientacao_partido=sim
uf=SP,voto=sim -> orientacao_partido=sim
partido=pcdob,orientacao_gov=sim,cunha=sim -> orientacao_partido=sim
uf=AC,voto=sim -> orientacao_partido=sim
partido=pr,orientacao_gov=liberado,cunha=sim -> orientacao_partido=sim
partido=pros,voto=sim,orientacao_gov=sim,cunha=sim -> orientacao_partido=sim
uf=RJ,voto=sim,cunha=sim -> orientacao_partido=sim
partido=solidaried,voto=sim,orientacao_gov=sim -> orientacao_partido=sim
uf=RJ,voto=sim,orientacao_gov=sim,cunha=sim -> orientacao_partido=sim
uf=MG,voto=sim,orientacao_gov=liberado,cunha=sim -> orientacao_partido=sim
partido=ptb,voto=sim,orientacao_gov=sim -> orientacao_partido=sim
partido=psb,uf=PE,voto=sim -> orientacao_partido=sim
partido=phs,voto=sim -> orientacao_partido=sim
uf=PB,voto=sim,orientacao_gov=sim -> orientacao_partido=sim
uf=SP,voto=sim,orientacao_gov=liberado -> orientacao_partido=sim
partido=pp,uf=RS,cunha=sim -> orientacao_partido=sim
uf=RJ,voto=sim,orientacao_gov=sim -> orientacao_partido=sim
uf=CE,voto=sim -> orientacao_partido=sim
partido=psb,voto=sim,cunha=sim -> orientacao_partido=sim
uf=GO,voto=sim -> orientacao_partido=sim
uf=RR,voto=sim -> orientacao_partido=sim
partido=pros,voto=sim,orientacao_gov=sim -> orientacao_partido=sim
partido=pros,orientacao_gov=sim,cunha=sim -> orientacao_partido=sim
uf=SC,voto=sim,cunha=sim -> orientacao_partido=sim
uf=PA,voto=sim -> orientacao_partido=sim
partido=psdb,voto=sim,orientacao_gov=liberado,cunha=sim -> orientacao_partido=sim
partido=psb,voto=sim,orientacao_gov=não,cunha=não -> orientacao_partido=sim
partido=pmdb,voto=sim,orientacao_gov=liberado,cunha=sim -> orientacao_partido=sim
partido=psb,voto=sim -> orientacao_partido=sim
uf=BA,orientacao_gov=sim,cunha=sim -> orientacao_partido=sim
partido=pt,voto=sim,cunha=não -> orientacao_partido=sim
uf=DF,voto=sim -> orientacao_partido=sim
uf=MS,voto=sim -> orientacao_partido=sim
uf=MT,voto=sim,cunha=sim -> orientacao_partido=sim
partido=pp,cunha=sim -> orientacao_partido=sim
partido=ptn,voto=sim -> orientacao_partido=sim
partido=pdt,orientacao_gov=sim,cunha=sim -> orientacao_partido=sim
uf=PI,voto=sim -> orientacao_partido=sim
partido=psb,voto=sim,cunha=não -> orientacao_partido=sim
uf=ES,voto=sim -> orientacao_partido=sim
uf=PE,voto=sim -> orientacao_partido=sim
uf=AL,orientacao_partido=sim -> voto=sim
uf=AL,orientacao_partido=sim,cunha=sim -> voto=sim
partido=pmdb,orientacao_gov=liberado,cunha=sim -> orientacao_partido=sim
uf=BA,voto=sim,orientacao_gov=liberado -> orientacao_partido=sim
uf=AL,voto=sim -> orientacao_partido=sim
partido=pdt,orientacao_gov=sim -> orientacao_partido=sim
uf=SC,voto=sim,orientacao_gov=sim,cunha=sim -> orientacao_partido=sim
uf=AM,voto=sim -> orientacao_partido=sim
uf=MA,voto=sim,cunha=sim -> orientacao_partido=sim
partido=pp,orientacao_gov=sim,cunha=sim -> orientacao_partido=sim
uf=PB,voto=sim -> orientacao_partido=sim
partido=pros,voto=sim,cunha=sim -> orientacao_partido=sim
partido=pp,voto=sim,cunha=sim -> orientacao_partido=sim
partido=psc,orientacao_gov=sim -> orientacao_partido=sim
partido=pros,orientacao_gov=sim -> orientacao_partido=sim
uf=SE,voto=sim -> orientacao_partido=sim
uf=AP,voto=sim -> orientacao_partido=sim
voto=sim,orientacao_gov=sim,cunha=não -> orientacao_partido=sim
uf=MA,voto=sim,orientacao_gov=sim,cunha=sim -> orientacao_partido=sim
uf=CE,orientacao_gov=sim,cunha=sim -> orientacao_partido=sim
uf=SC,voto=sim,orientacao_gov=sim -> orientacao_partido=sim
uf=PR,voto=sim -> orientacao_partido=sim
uf=MG,voto=sim -> orientacao_partido=sim
uf=MA,voto=sim,orientacao_gov=sim -> orientacao_partido=sim
uf=RN,voto=sim -> orientacao_partido=sim
partido=ptb,orientacao_gov=sim -> orientacao_partido=sim
uf=RS,orientacao_gov=sim,cunha=sim -> orientacao_partido=sim
uf=RO,voto=sim -> orientacao_partido=sim
partido=psb,voto=sim,orientacao_gov=não -> orientacao_partido=sim
uf=BA,orientacao_gov=sim -> orientacao_partido=sim
partido=pp,voto=sim,orientacao_gov=sim,cunha=sim -> orientacao_partido=sim
uf=PI,orientacao_gov=sim,cunha=sim -> orientacao_partido=sim
uf=RJ,voto=sim,orientacao_gov=liberado -> orientacao_partido=sim
voto=sim,orientacao_gov=liberado -> orientacao_partido=sim
uf=TO,voto=sim,cunha=sim -> orientacao_partido=sim
uf=SE,cunha=sim -> orientacao_partido=sim
uf=AP,cunha=sim -> orientacao_partido=sim
uf=BA,cunha=sim -> orientacao_partido=sim
uf=CE,orientacao_gov=sim -> orientacao_partido=sim
uf=MG,voto=sim,orientacao_gov=liberado -> orientacao_partido=sim
uf=MG,orientacao_gov=sim,cunha=sim -> orientacao_partido=sim
uf=MA,voto=sim -> orientacao_partido=sim
uf=RJ,voto=sim -> orientacao_partido=sim
uf=RR,cunha=sim -> orientacao_partido=sim
uf=RN,cunha=sim -> orientacao_partido=sim
partido=pt,voto=sim,orientacao_gov=liberado -> orientacao_partido=sim
uf=MT,voto=sim -> orientacao_partido=sim
uf=RJ,orientacao_gov=sim,cunha=sim -> orientacao_partido=sim
uf=RS,orientacao_gov=sim -> orientacao_partido=sim
uf=RO,cunha=sim -> orientacao_partido=sim
uf=PA,orientacao_gov=sim,cunha=sim -> orientacao_partido=sim
orientacao_gov=sim,cunha=sim -> orientacao_partido=sim
uf=PI,cunha=sim -> orientacao_partido=sim
uf=CE,cunha=sim -> orientacao_partido=sim
uf=AL,orientacao_gov=sim,cunha=sim -> orientacao_partido=sim
uf=PR,orientacao_gov=sim,cunha=sim -> orientacao_partido=sim
partido=pt,uf=SP,cunha=sim -> orientacao_partido=sim
uf=RS,voto=sim -> orientacao_partido=sim
partido=pt,uf=BA,cunha=sim -> orientacao_partido=sim
partido=pros,cunha=sim -> orientacao_partido=sim
partido=pt,uf=MG,cunha=sim -> orientacao_partido=sim
uf=SP,orientacao_gov=sim,cunha=sim -> orientacao_partido=sim
partido=pt,cunha=sim -> orientacao_partido=sim
uf=AC,orientacao_gov=sim -> orientacao_partido=sim
partido=pdt,cunha=sim -> orientacao_partido=sim
uf=RS,cunha=sim -> orientacao_partido=sim
partido=pros,voto=sim -> orientacao_partido=sim
partido=pt,uf=RS,cunha=sim -> orientacao_partido=sim
uf=PI,orientacao_gov=sim -> orientacao_partido=sim
uf=MG,cunha=sim -> orientacao_partido=sim
uf=TO,cunha=sim -> orientacao_partido=sim
uf=PR,cunha=sim -> orientacao_partido=sim
partido=pp,voto=sim,orientacao_gov=liberado -> orientacao_partido=sim
uf=SP,voto=sim,orientacao_gov=não -> orientacao_partido=sim
uf=MG,orientacao_gov=sim -> orientacao_partido=sim
uf=PB,cunha=sim -> orientacao_partido=sim
uf=PA,cunha=sim -> orientacao_partido=sim
uf=AL,cunha=sim -> orientacao_partido=sim
uf=ES,orientacao_gov=sim,cunha=sim -> orientacao_partido=sim
uf=RJ,cunha=sim -> orientacao_partido=sim
uf=SC,voto=sim -> orientacao_partido=sim
partido=ptb,voto=sim -> orientacao_partido=sim
uf=SC,cunha=sim -> orientacao_partido=sim
uf=SC,orientacao_gov=sim,cunha=sim -> orientacao_partido=sim
uf=DF,cunha=sim -> orientacao_partido=sim
uf=PB,orientacao_gov=sim,cunha=sim -> orientacao_partido=sim
uf=RJ,orientacao_gov=sim -> orientacao_partido=sim
uf=AL,orientacao_gov=sim -> orientacao_partido=sim
uf=SP,cunha=sim -> orientacao_partido=sim
uf=TO,voto=sim -> orientacao_partido=sim
orientacao_gov=sim -> orientacao_partido=sim
uf=MA,orientacao_gov=sim,cunha=sim -> orientacao_partido=sim
uf=SP,orientacao_gov=sim -> orientacao_partido=sim
uf=SP,voto=sim,cunha=não -> orientacao_partido=sim
uf=PA,orientacao_gov=sim -> orientacao_partido=sim
uf=PR,orientacao_gov=sim -> orientacao_partido=sim
uf=MT,cunha=sim -> orientacao_partido=sim
uf=AM,cunha=sim -> orientacao_partido=sim
partido=pv,voto=sim -> orientacao_partido=sim
uf=AL,orientacao_gov=sim,cunha=sim -> voto=sim
uf=AC,cunha=sim -> orientacao_partido=sim
partido=solidaried,orientacao_gov=não -> orientacao_partido=sim
uf=MA,cunha=sim -> orientacao_partido=sim
uf=MS,cunha=sim -> orientacao_partido=sim
partido=pmdb,voto=sim,cunha=sim -> orientacao_partido=sim
uf=ES,orientacao_gov=sim -> orientacao_partido=sim
partido=pmdb,uf=MG,cunha=sim -> orientacao_partido=sim
uf=GO,cunha=sim -> orientacao_partido=sim
partido=pmdb,cunha=sim -> orientacao_partido=sim
uf=PE,orientacao_gov=sim,cunha=sim -> orientacao_partido=sim
uf=PE,cunha=sim -> orientacao_partido=sim
orientacao_gov=não,cunha=sim -> orientacao_partido=sim
uf=ES,cunha=sim -> orientacao_partido=sim
uf=MA,orientacao_gov=sim -> orientacao_partido=sim
uf=DF,orientacao_gov=sim -> orientacao_partido=sim
uf=AL,orientacao_gov=sim -> voto=sim
voto=sim,orientacao_gov=não -> orientacao_partido=sim
uf=PB,orientacao_gov=sim -> orientacao_partido=sim
uf=AL,cunha=sim -> voto=sim
voto=sim,orientacao_gov=liberado,cunha=não -> orientacao_partido=sim
orientacao_gov=liberado,cunha=sim -> orientacao_partido=sim
uf=MG,orientacao_gov=liberado,cunha=sim -> orientacao_partido=sim
uf=SC,orientacao_gov=sim -> orientacao_partido=sim
partido=pcdob,cunha=sim -> orientacao_partido=sim
uf=SP,voto=sim,orientacao_gov=não,cunha=não -> orientacao_partido=sim
uf=GO,orientacao_gov=sim,cunha=sim -> orientacao_partido=sim
uf=PE,orientacao_gov=sim -> orientacao_partido=sim
partido=solidaried,cunha=sim -> orientacao_partido=sim
uf=RJ,orientacao_gov=liberado,cunha=sim -> orientacao_partido=sim
partido=dem,orientacao_gov=não -> orientacao_partido=sim
partido=pmdb,uf=RJ,cunha=sim -> orientacao_partido=sim
voto=sim,cunha=não -> orientacao_partido=sim
partido=pmdb,voto=sim,orientacao_gov=sim,cunha=sim -> orientacao_partido=sim
uf=MG,voto=sim,orientacao_gov=não -> orientacao_partido=sim
uf=SP,orientacao_gov=liberado,cunha=sim -> orientacao_partido=sim
partido=pp,voto=sim -> orientacao_partido=sim
partido=pmdb,orientacao_gov=sim,cunha=sim -> orientacao_partido=sim
partido=pmdb,uf=RJ,voto=sim,cunha=sim -> orientacao_partido=sim
uf=GO,orientacao_gov=sim -> orientacao_partido=sim
partido=pr,orientacao_gov=liberado -> orientacao_partido=sim
partido=psdb,orientacao_gov=liberado,cunha=sim -> orientacao_partido=sim
partido=psc,voto=sim -> orientacao_partido=sim
partido=pp,orientacao_gov=liberado -> orientacao_partido=sim
partido=psb,orientacao_gov=sim,cunha=sim -> orientacao_partido=sim
partido=dem,cunha=sim -> orientacao_partido=sim
