partido=pt,uf=SP,orientacao_partido=não,orientacao_gov=não -> voto=não
partido=pt,uf=SP,orientacao_partido=não -> voto=não
partido=psdb,uf=SP,orientacao_partido=não,orientacao_gov=sim -> voto=não
partido=psdb,orientacao_partido=não,orientacao_gov=sim -> voto=não
partido=psdb,orientacao_partido=não,cunha=não -> voto=não
partido=dem,orientacao_partido=não,cunha=não -> voto=não
partido=psdb,orientacao_partido=não,orientacao_gov=sim,cunha=sim -> voto=não
partido=pcdob,orientacao_partido=não,cunha=não -> voto=não
partido=psdb,uf=SP,orientacao_partido=não -> voto=não
partido=pcdob,orientacao_partido=não -> voto=não
partido=psdb,uf=SP,orientacao_partido=não,cunha=sim -> voto=não
partido=pcdob,orientacao_partido=não,orientacao_gov=não -> voto=não
partido=pps,orientacao_partido=não,cunha=sim -> voto=não
partido=psdb,orientacao_partido=não -> voto=não
partido=psdb,orientacao_partido=não,cunha=sim -> voto=não
partido=pps,orientacao_partido=não -> voto=não
partido=pt,orientacao_partido=não,cunha=não -> voto=não
partido=dem,orientacao_partido=não -> voto=não
partido=prb,orientacao_partido=não,cunha=não -> voto=não
uf=SP,orientacao_partido=não,orientacao_gov=sim,cunha=sim -> voto=não
partido=prb,uf=SP,orientacao_partido=não -> voto=não
uf=SP,orientacao_partido=não,orientacao_gov=sim -> voto=não
uf=SP,orientacao_partido=não,orientacao_gov=liberado -> voto=não
orientacao_partido=não,orientacao_gov=liberado,cunha=sim -> voto=não
partido=pt,orientacao_partido=não,orientacao_gov=liberado -> voto=não
orientacao_partido=não,cunha=não,descr=REQUERIMENTO DE RETIRADA DE PAUTA_PEC_171_1993 -> voto=não
uf=RJ,orientacao_partido=não,cunha=sim -> voto=não
partido=prb,orientacao_partido=não -> voto=não
uf=SP,orientacao_partido=não,cunha=sim -> voto=não
uf=AC,orientacao_partido=não -> voto=não
partido=pdt,orientacao_partido=não,cunha=não -> voto=não
partido=prb,orientacao_partido=não,orientacao_gov=não,cunha=não -> voto=não
uf=PB,orientacao_partido=não -> voto=não
partido=dem,orientacao_partido=não,orientacao_gov=sim -> voto=não
partido=pdt,orientacao_partido=não -> voto=não
uf=PA,orientacao_partido=não -> voto=não
partido=pdt,orientacao_partido=não,orientacao_gov=não,cunha=não -> voto=não
orientacao_partido=não,orientacao_gov=sim,cunha=sim -> voto=não
partido=solidaried,orientacao_partido=não -> voto=não
partido=pr,orientacao_partido=não,cunha=não -> voto=não
uf=AM,orientacao_partido=não -> voto=não
orientacao_partido=não,orientacao_gov=não,cunha=liberado -> voto=não
orientacao_partido=não,cunha=sim -> voto=não
partido=dem,orientacao_partido=não,cunha=sim -> voto=não
partido=prb,orientacao_partido=não,orientacao_gov=não -> voto=não
partido=dem,orientacao_partido=não,orientacao_gov=sim,cunha=sim -> voto=não
uf=GO,orientacao_partido=não -> voto=não
uf=MA,orientacao_partido=não,cunha=não -> voto=não
orientacao_partido=não,orientacao_gov=sim -> voto=não
partido=pr,orientacao_partido=não,orientacao_gov=não,cunha=não -> voto=não
uf=AL,orientacao_partido=não -> voto=não
partido=pr,orientacao_partido=não -> voto=não
uf=ES,orientacao_partido=não -> voto=não
uf=SP,orientacao_partido=não -> voto=não
partido=pr,orientacao_partido=não,orientacao_gov=não -> voto=não
partido=pdt,orientacao_partido=não,orientacao_gov=não -> voto=não
uf=MG,orientacao_partido=não,orientacao_gov=sim -> voto=não
uf=DF,orientacao_partido=não -> voto=não
orientacao_partido=não,cunha=liberado -> voto=não
uf=GO,orientacao_partido=não,cunha=não -> voto=não
uf=MA,orientacao_partido=não,orientacao_gov=não -> voto=não
uf=CE,orientacao_partido=não -> voto=não
uf=PA,orientacao_partido=não,cunha=não -> voto=não
uf=MA,orientacao_partido=não -> voto=não
orientacao_partido=não,orientacao_gov=liberado -> voto=não
uf=SP,orientacao_partido=não,cunha=não -> voto=não
uf=PE,orientacao_partido=não -> voto=não
partido=pr,orientacao_gov=não,cunha=não -> voto=não
partido=psd,orientacao_partido=não,cunha=não -> voto=não
partido=prb,orientacao_gov=não,cunha=não -> voto=não
uf=CE,orientacao_partido=não,cunha=não -> voto=não
partido=psb,orientacao_partido=não,cunha=não -> voto=não
orientacao_partido=não,orientacao_gov=sim,cunha=não -> voto=não
orientacao_partido=não -> voto=não
uf=CE,orientacao_partido=não,orientacao_gov=não -> voto=não
uf=CE,orientacao_partido=não,orientacao_gov=não,cunha=não -> voto=não
uf=MG,orientacao_partido=não,cunha=sim -> voto=não
partido=psd,orientacao_partido=não -> voto=não
orientacao_partido=não,orientacao_gov=liberado,cunha=não -> voto=não
orientacao_partido=não,cunha=não -> voto=não
uf=PR,orientacao_partido=não -> voto=não
uf=PE,orientacao_partido=não,cunha=não -> voto=não
partido=psb,orientacao_partido=não,orientacao_gov=sim -> voto=não
uf=SP,orientacao_partido=não,orientacao_gov=não -> voto=não
orientacao_partido=não,orientacao_gov=não,cunha=sim -> voto=não
partido=psd,orientacao_partido=não,orientacao_gov=não -> voto=não
partido=psd,orientacao_partido=não,orientacao_gov=não,cunha=não -> voto=não
uf=SP,orientacao_partido=não,orientacao_gov=não,cunha=não -> voto=não
uf=PE,orientacao_partido=não,orientacao_gov=não -> voto=não
partido=psb,orientacao_partido=não,orientacao_gov=sim,cunha=sim -> voto=não
uf=MG,orientacao_partido=não -> voto=não
partido=psb,orientacao_partido=não -> voto=não
partido=pr,cunha=não -> voto=não
uf=MG,orientacao_partido=não,cunha=não -> voto=não
orientacao_partido=não,orientacao_gov=não -> voto=não
uf=RJ,orientacao_partido=não -> voto=não
orientacao_partido=não,orientacao_gov=não,cunha=não -> voto=não
uf=PI,orientacao_partido=não -> voto=não
uf=PR,orientacao_partido=não,cunha=não -> voto=não
partido=prb,cunha=não -> voto=não
partido=psb,orientacao_partido=não,cunha=sim -> voto=não
uf=RS,orientacao_partido=não -> voto=não
partido=pcdob,orientacao_gov=não -> voto=não
uf=RJ,orientacao_partido=não,cunha=não -> voto=não
uf=SC,orientacao_partido=não -> voto=não
uf=MG,orientacao_partido=não,orientacao_gov=não,cunha=não -> voto=não
uf=MG,orientacao_partido=não,orientacao_gov=não -> voto=não
uf=PR,orientacao_partido=não,orientacao_gov=não -> voto=não
uf=PR,orientacao_partido=não,orientacao_gov=não,cunha=não -> voto=não
partido=pros,orientacao_partido=não -> voto=não
uf=RJ,orientacao_partido=não,orientacao_gov=não -> voto=não
partido=psb,orientacao_partido=não,orientacao_gov=não -> voto=não
uf=RJ,orientacao_partido=não,orientacao_gov=não,cunha=não -> voto=não
partido=prb,orientacao_gov=não -> voto=não
partido=psd,orientacao_gov=não,cunha=não -> voto=não
uf=SC,orientacao_partido=não,cunha=não -> voto=não
partido=psd,cunha=não -> voto=não
uf=RS,orientacao_partido=não,orientacao_gov=não -> voto=não
uf=RS,orientacao_partido=não,cunha=não -> voto=não
partido=ptb,cunha=não -> voto=não
partido=ptb,orientacao_partido=não -> voto=não
partido=pr,orientacao_gov=não -> voto=não
partido=ptb,orientacao_partido=não,cunha=não -> voto=não
uf=RS,orientacao_partido=não,orientacao_gov=não,cunha=não -> voto=não
cunha=não,descr=REQUERIMENTO DE RETIRADA DE PAUTA_PEC_171_1993 -> voto=não
uf=MA,orientacao_gov=não,cunha=não -> voto=não
partido=ptb,orientacao_partido=não,orientacao_gov=não -> voto=não
partido=ptb,orientacao_partido=não,orientacao_gov=não,cunha=não -> voto=não
uf=MA,cunha=não -> voto=não
partido=ptb,orientacao_gov=não,cunha=não -> voto=não
partido=pp,cunha=não -> voto=não
partido=pros,cunha=não -> voto=não
partido=pdt,orientacao_gov=não,cunha=não -> voto=não
partido=pp,orientacao_partido=não -> voto=não
partido=pp,orientacao_partido=não,cunha=não -> voto=não
uf=PB,cunha=não -> voto=não
uf=CE,orientacao_gov=não,cunha=não -> voto=não
uf=MA,orientacao_gov=não -> voto=não
uf=RJ,orientacao_gov=não,cunha=não -> voto=não
uf=CE,cunha=não -> voto=não
partido=pdt,orientacao_gov=não -> voto=não
uf=MG,cunha=não -> voto=não
uf=CE,orientacao_gov=não -> voto=não
uf=RJ,cunha=não -> voto=não
uf=PA,cunha=não -> voto=não
partido=pp,orientacao_gov=não,cunha=não -> voto=não
uf=MG,orientacao_gov=não,cunha=não -> voto=não
cunha=não -> voto=não
orientacao_gov=não,cunha=não -> voto=não
partido=psd,orientacao_gov=não -> voto=não
partido=pdt,cunha=não -> voto=não
uf=RS,orientacao_gov=não,cunha=não -> voto=não
partido=pp,orientacao_partido=não,orientacao_gov=não,cunha=não -> voto=não
orientacao_gov=liberado,cunha=não -> voto=não
uf=SC,cunha=não -> voto=não
uf=PR,cunha=não -> voto=não
partido=ptb,orientacao_gov=não -> voto=não
uf=RS,cunha=não -> voto=não
partido=pcdob,cunha=não -> voto=não
uf=SP,cunha=não -> voto=não
uf=PA,orientacao_gov=não -> voto=não
