orientacao_gov=obstrução -> cunha=obstrução
partido=psdb,orientacao_partido=obstrução -> voto=obstrução
orientacao_partido=obstrução,orientacao_gov=não -> voto=obstrução
orientacao_partido=obstrução,orientacao_gov=não,cunha=não -> voto=obstrução
voto=obstrução,orientacao_gov=não,cunha=não -> orientacao_partido=obstrução
voto=obstrução,orientacao_gov=não -> orientacao_partido=obstrução
orientacao_partido=obstrução,cunha=não -> voto=obstrução
partido=pt,voto=obstrução -> orientacao_partido=obstrução
voto=obstrução,cunha=não -> orientacao_partido=obstrução
partido=pt,orientacao_partido=obstrução -> voto=obstrução
partido=psdb,voto=obstrução -> orientacao_partido=obstrução
voto=obstrução -> orientacao_partido=obstrução
voto=obstrução,cunha=sim -> orientacao_partido=obstrução
orientacao_partido=obstrução,cunha=sim -> voto=obstrução
partido=pmdb,cunha=liberado -> orientacao_partido=liberado
orientacao_gov=não,descr=URGÊNCIA PARA APRECIAÇÃO DO PDC Nº 1.408/2013_REQ_2027_2015 -> cunha=liberado
partido=pmdb,orientacao_partido=liberado -> cunha=liberado
cunha=sim,descr=INVERSÃO DE PAUTA_PEC_471_2005 -> orientacao_gov=não
cunha=liberado,descr=URGÊNCIA PARA APRECIAÇÃO DO PDC Nº 1.408/2013_REQ_2027_2015 -> orientacao_gov=não
partido=pt,voto=não,orientacao_partido=não,cunha=não -> orientacao_gov=não
partido=pt,voto=não,cunha=não -> orientacao_gov=não
partido=pt,orientacao_partido=não,cunha=não -> orientacao_gov=não
uf=BA,voto=não,orientacao_gov=não,cunha=não -> orientacao_partido=não
uf=BA,voto=não,cunha=não -> orientacao_partido=não
partido=pt,orientacao_partido=não,orientacao_gov=não,cunha=sim -> voto=não
partido=pt,uf=SP,voto=não,orientacao_partido=não -> orientacao_gov=não
partido=pt,uf=RS,orientacao_partido=não -> voto=não
partido=pt,orientacao_partido=não,cunha=sim -> voto=não
partido=pt,voto=não,orientacao_partido=não -> orientacao_gov=não
partido=pt,uf=SP,orientacao_partido=não -> orientacao_gov=não
partido=pt,orientacao_partido=não,orientacao_gov=não -> voto=não
partido=pt,orientacao_partido=não,orientacao_gov=não,cunha=não -> voto=não
partido=pt,orientacao_partido=não -> orientacao_gov=não
partido=pt,orientacao_partido=não -> voto=não
partido=pt,uf=SP,orientacao_gov=não -> voto=não
partido=pt,uf=SP,voto=não -> orientacao_gov=não
uf=BA,voto=não,orientacao_partido=não,cunha=não -> orientacao_gov=não
uf=BA,orientacao_partido=não,cunha=não -> orientacao_gov=não
partido=pt,orientacao_gov=não,cunha=sim -> voto=não
uf=BA,voto=não,cunha=não -> orientacao_gov=não
partido=pt,orientacao_gov=não -> voto=não
uf=BA,orientacao_partido=não,cunha=sim -> voto=não
partido=pt,orientacao_gov=não,cunha=não -> voto=não
uf=BA,orientacao_partido=não,orientacao_gov=não -> voto=não
partido=pt,voto=não -> orientacao_gov=não
uf=BA,orientacao_partido=não -> voto=não
uf=BA,orientacao_partido=não,orientacao_gov=não,cunha=não -> voto=não
uf=BA,orientacao_partido=não,cunha=não -> voto=não
partido=pt,cunha=não -> orientacao_gov=não
uf=BA,orientacao_gov=não,cunha=não -> orientacao_partido=não
partido=pmdb,voto=sim,cunha=não -> orientacao_partido=não
uf=BA,cunha=não -> orientacao_gov=não
partido=pmdb,cunha=não -> voto=não
partido=pmdb,orientacao_gov=não,cunha=não -> voto=não
partido=pmdb,orientacao_partido=não,cunha=não -> voto=não
uf=BA,cunha=não -> orientacao_partido=não
partido=pmdb,orientacao_partido=não,orientacao_gov=não,cunha=não -> voto=não
partido=pmdb,orientacao_gov=não,cunha=não -> orientacao_partido=não
partido=pmdb,cunha=não -> orientacao_partido=não
partido=pmdb,voto=não,cunha=não -> orientacao_partido=não
partido=pmdb,voto=não,orientacao_gov=não,cunha=não -> orientacao_partido=não
partido=pt,cunha=liberado -> orientacao_partido=não
uf=BA,orientacao_gov=não,cunha=não -> voto=não
orientacao_gov=não,descr=INVERSÃO DE PAUTA_PEC_471_2005 -> cunha=sim
partido=pmdb,orientacao_gov=não -> voto=não
uf=BA,cunha=não -> voto=não
partido=pt,cunha=não -> voto=não
uf=BA,orientacao_gov=não -> voto=não
partido=pt,cunha=liberado -> voto=não
partido=pmdb,cunha=liberado -> voto=sim
