partido=psdb,orientacao_partido=obstrução -> voto=obstrução
orientacao_partido=obstrução,orientacao_gov=não -> voto=obstrução
orientacao_partido=obstrução,orientacao_gov=não,cunha=não -> voto=obstrução
voto=obstrução,orientacao_gov=não,cunha=não -> orientacao_partido=obstrução
voto=obstrução,orientacao_gov=não -> orientacao_partido=obstrução
orientacao_partido=obstrução,cunha=não -> voto=obstrução
partido=pt,voto=obstrução -> orientacao_partido=obstrução
voto=obstrução,cunha=não -> orientacao_partido=obstrução
partido=pt,orientacao_partido=obstrução -> voto=obstrução
partido=psdb,voto=obstrução -> orientacao_partido=obstrução
voto=obstrução -> orientacao_partido=obstrução
orientacao_partido=obstrução -> voto=obstrução
partido=pmdb,cunha=liberado -> orientacao_partido=liberado
descr=URGÊNCIA PARA APRECIAÇÃO DO PDC Nº 1.408/2013_REQ_2027_2015 -> cunha=liberado
orientacao_gov=não,descr=URGÊNCIA PARA APRECIAÇÃO DO PDC Nº 1.408/2013_REQ_2027_2015 -> cunha=liberado
partido=pmdb,orientacao_partido=liberado -> cunha=liberado
descr=INVERSÃO DE PAUTA_PEC_471_2005 -> orientacao_gov=não
descr=REQ. DE VOTAÇÃO NOMINAL DO REQUERIMENTO DE RETIRADA DE PAUTA_MPV_698_2015 -> orientacao_gov=não
descr=URGÊNCIA PARA APRECIAÇÃO DO PDC Nº 1.408/2013_REQ_2027_2015 -> orientacao_gov=não
descr=REQUERIMENTO DE RETIRADA DE PAUTA_PL_2960_2015 -> orientacao_gov=não
cunha=não,descr=REQ. DE VOTAÇÃO NOMINAL DO REQUERIMENTO DE RETIRADA DE PAUTA_MPV_698_2015 -> orientacao_gov=não
cunha=liberado,descr=URGÊNCIA PARA APRECIAÇÃO DO PDC Nº 1.408/2013_REQ_2027_2015 -> orientacao_gov=não
cunha=não,descr=REQUERIMENTO DE RETIRADA DE PAUTA_PL_2960_2015 -> orientacao_gov=não
partido=pt,voto=não,orientacao_partido=não,cunha=não -> orientacao_gov=não
partido=pt,voto=não,cunha=não -> orientacao_gov=não
partido=dem,orientacao_partido=sim,cunha=não -> orientacao_gov=não
partido=pt,orientacao_partido=não,cunha=não -> orientacao_gov=não
partido=pt,voto=não,orientacao_gov=não,cunha=não -> orientacao_partido=não
partido=pt,voto=não,orientacao_gov=não -> orientacao_partido=não
partido=pt,uf=SP,voto=não,orientacao_gov=não -> orientacao_partido=não
partido=pt,voto=não,orientacao_gov=não,cunha=sim -> orientacao_partido=não
partido=pt,voto=não,cunha=não -> orientacao_partido=não
partido=pcdob,voto=não,orientacao_gov=não -> orientacao_partido=não
partido=pcdob,voto=não,cunha=não -> orientacao_partido=não
partido=prb,voto=não,orientacao_gov=não,cunha=não -> orientacao_partido=não
partido=prb,voto=não,orientacao_gov=não -> orientacao_partido=não
partido=pp,voto=sim,orientacao_partido=não,cunha=não -> orientacao_gov=não
partido=pr,voto=não,orientacao_gov=não,cunha=não -> orientacao_partido=não
partido=pdt,voto=não,orientacao_gov=não,cunha=não -> orientacao_partido=não
partido=prb,voto=não,cunha=não -> orientacao_partido=não
partido=psdb,voto=sim,orientacao_partido=sim,cunha=não -> orientacao_gov=não
partido=pr,voto=não,orientacao_gov=não -> orientacao_partido=não
partido=pdt,voto=não,orientacao_gov=não -> orientacao_partido=não
partido=pcdob,voto=não -> orientacao_partido=não
partido=pr,orientacao_gov=não,cunha=não -> orientacao_partido=não
partido=psd,voto=não,orientacao_gov=não,cunha=não -> orientacao_partido=não
partido=pp,voto=sim,orientacao_gov=não,cunha=não -> orientacao_partido=não
descr=DVS - BLOCO PRB - INC. VI. §4º. ART 18 DA SUBEMENDA SUBST. DE PLENÁRIO_PL_7699_2006 -> cunha=não
descr=REQ. DE VOTAÇÃO NOMINAL DO REQUERIMENTO DE RETIRADA DE PAUTA_MPV_698_2015 -> cunha=não
descr=REQUERIMENTO DE RETIRADA DE PAUTA_PL_2960_2015 -> cunha=não
descr=REQUERIMENTO DE RETIRADA DE PAUTA_PEC_171_1993 -> cunha=não
orientacao_gov=sim,descr=DVS - BLOCO PRB - INC. VI. §4º. ART 18 DA SUBEMENDA SUBST. DE PLENÁRIO_PL_7699_2006 -> cunha=não
orientacao_gov=não,descr=REQ. DE VOTAÇÃO NOMINAL DO REQUERIMENTO DE RETIRADA DE PAUTA_MPV_698_2015 -> cunha=não
orientacao_gov=não,descr=REQUERIMENTO DE RETIRADA DE PAUTA_PL_2960_2015 -> cunha=não
orientacao_partido=não,descr=REQUERIMENTO DE RETIRADA DE PAUTA_PEC_171_1993 -> cunha=não
voto=não,descr=REQUERIMENTO DE RETIRADA DE PAUTA_PEC_171_1993 -> cunha=não
orientacao_gov=sim,descr=REQUERIMENTO DE RETIRADA DE PAUTA_PEC_171_1993 -> cunha=não
partido=pmdb,orientacao_partido=não -> cunha=não
voto=não,orientacao_partido=não,descr=REQUERIMENTO DE RETIRADA DE PAUTA_PEC_171_1993 -> cunha=não
partido=pp,orientacao_partido=não,orientacao_gov=não -> cunha=não
partido=pmdb,orientacao_partido=não,orientacao_gov=não -> cunha=não
partido=pmdb,voto=não,orientacao_partido=não -> cunha=não
partido=pmdb,voto=sim,orientacao_partido=não -> cunha=não
partido=pp,voto=não,orientacao_partido=não,orientacao_gov=não -> cunha=não
partido=pp,voto=sim,orientacao_partido=não,orientacao_gov=não -> cunha=não
partido=pmdb,voto=não,orientacao_partido=não,orientacao_gov=não -> cunha=não
partido=pr,voto=não,cunha=não -> orientacao_partido=não
orientacao_partido=obstrução,orientacao_gov=não -> cunha=não
voto=obstrução,orientacao_partido=obstrução,orientacao_gov=não -> cunha=não
partido=psdb,orientacao_partido=sim,cunha=não -> orientacao_gov=não
voto=obstrução,orientacao_gov=não -> cunha=não
uf=CE,voto=não,orientacao_gov=não,cunha=não -> orientacao_partido=não
partido=prb,orientacao_gov=não,cunha=não -> orientacao_partido=não
uf=BA,voto=não,orientacao_gov=não,cunha=não -> orientacao_partido=não
partido=pt,uf=SP,voto=não -> orientacao_partido=não
partido=pt,uf=SP,orientacao_gov=não -> orientacao_partido=não
partido=psdb,voto=sim,cunha=não -> orientacao_gov=não
partido=pt,orientacao_gov=não -> orientacao_partido=não
partido=pp,voto=sim,orientacao_partido=não -> orientacao_gov=não
partido=psdb,uf=SP,voto=não,orientacao_gov=sim -> orientacao_partido=não
partido=ptb,orientacao_partido=não,orientacao_gov=não -> cunha=não
partido=pt,orientacao_gov=não,cunha=não -> orientacao_partido=não
partido=ptb,voto=não,orientacao_partido=não,orientacao_gov=não -> cunha=não
uf=SP,voto=não,orientacao_gov=não,cunha=não -> orientacao_partido=não
partido=pt,orientacao_gov=não,cunha=sim -> orientacao_partido=não
voto=não,descr=REQUERIMENTO DE RETIRADA DE PAUTA_PEC_171_1993 -> orientacao_partido=não
voto=não,cunha=não,descr=REQUERIMENTO DE RETIRADA DE PAUTA_PEC_171_1993 -> orientacao_partido=não
partido=psdb,voto=não,orientacao_gov=sim -> orientacao_partido=não
partido=dem,voto=não,orientacao_gov=sim,cunha=sim -> orientacao_partido=não
partido=pps,voto=não,cunha=sim -> orientacao_partido=não
partido=psd,orientacao_partido=não,orientacao_gov=não -> cunha=não
partido=ptb,voto=não,orientacao_gov=não,cunha=não -> orientacao_partido=não
uf=SP,voto=não,orientacao_gov=não -> orientacao_partido=não
partido=psd,voto=não,orientacao_partido=não,orientacao_gov=não -> cunha=não
uf=BA,voto=não,cunha=não -> orientacao_partido=não
partido=pps,voto=não -> orientacao_partido=não
partido=psd,voto=não,orientacao_gov=não -> orientacao_partido=não
partido=psdb,voto=não,orientacao_gov=sim,cunha=sim -> orientacao_partido=não
uf=BA,voto=não,orientacao_gov=não -> orientacao_partido=não
partido=dem,voto=não,orientacao_gov=sim -> orientacao_partido=não
partido=ptb,orientacao_gov=não,cunha=não -> orientacao_partido=não
partido=pdt,voto=não,cunha=não -> orientacao_partido=não
partido=psd,voto=não,cunha=não -> orientacao_partido=não
partido=pt,voto=não -> orientacao_partido=não
uf=CE,voto=não,cunha=não -> orientacao_partido=não
partido=psc,orientacao_partido=não -> cunha=não
partido=pt,uf=RS,voto=não -> orientacao_partido=não
partido=ptb,orientacao_partido=não -> cunha=não
uf=CE,voto=não,orientacao_gov=não -> orientacao_partido=não
partido=psdb,voto=não,cunha=não -> orientacao_partido=não
partido=pp,voto=sim,orientacao_partido=não -> cunha=não
partido=pp,voto=sim,cunha=não -> orientacao_gov=não
partido=ptb,voto=não,orientacao_partido=não -> cunha=não
uf=PR,voto=não,orientacao_gov=não,cunha=não -> orientacao_partido=não
partido=pp,orientacao_gov=não,cunha=não -> orientacao_partido=não
voto=não,orientacao_gov=sim,cunha=não -> orientacao_partido=não
voto=obstrução,orientacao_partido=obstrução,cunha=não -> orientacao_gov=não
uf=RS,voto=não,orientacao_gov=não,cunha=não -> orientacao_partido=não
partido=pp,orientacao_partido=não -> cunha=não
uf=SP,voto=não,cunha=não -> orientacao_partido=não
partido=pp,voto=não,orientacao_partido=não -> cunha=não
partido=pp,voto=não,orientacao_gov=não -> cunha=não
partido=psd,voto=não,orientacao_gov=não -> cunha=não
partido=pmdb,voto=não,orientacao_gov=não -> cunha=não
voto=não,orientacao_gov=não,cunha=não -> orientacao_partido=não
partido=pr,cunha=não -> orientacao_partido=não
voto=obstrução,cunha=não -> orientacao_gov=não
partido=psdb,uf=SP,voto=não -> orientacao_partido=não
partido=psdb,voto=não -> orientacao_partido=não
partido=prb,uf=SP,voto=não -> orientacao_partido=não
voto=sim,orientacao_partido=não,cunha=não -> orientacao_gov=não
partido=pdt,orientacao_partido=não,cunha=não -> orientacao_gov=não
partido=pr,voto=não,orientacao_partido=não,orientacao_gov=não -> cunha=não
partido=pp,voto=não,orientacao_gov=não,cunha=não -> orientacao_partido=não
partido=pp,voto=sim,cunha=não -> orientacao_partido=não
partido=pr,orientacao_partido=não,orientacao_gov=não -> cunha=não
partido=psdb,voto=não,cunha=sim -> orientacao_partido=não
uf=RS,voto=não,orientacao_gov=não -> orientacao_partido=não
uf=MG,voto=não,orientacao_gov=não,cunha=não -> orientacao_partido=não
uf=PA,voto=não,cunha=não -> orientacao_partido=não
partido=psdb,uf=SP,voto=não,cunha=sim -> orientacao_partido=não
partido=pdt,voto=não,orientacao_partido=não,cunha=não -> orientacao_gov=não
uf=PE,voto=não,cunha=não -> orientacao_partido=não
partido=prb,voto=não -> orientacao_partido=não
uf=PR,voto=não,cunha=não -> orientacao_partido=não
orientacao_partido=obstrução,cunha=não -> orientacao_gov=não
voto=não,orientacao_gov=não -> orientacao_partido=não
uf=MG,voto=não,orientacao_gov=não -> orientacao_partido=não
partido=psd,orientacao_gov=não,cunha=não -> orientacao_partido=não
partido=pr,voto=não,orientacao_gov=não -> cunha=não
partido=prb,cunha=não -> orientacao_partido=não
uf=GO,voto=não,cunha=não -> orientacao_partido=não
voto=sim,orientacao_partido=não,orientacao_gov=não -> cunha=não
voto=não,cunha=não -> orientacao_partido=não
uf=PR,voto=não,orientacao_gov=não -> orientacao_partido=não
uf=RJ,voto=não,orientacao_gov=não,cunha=não -> orientacao_partido=não
partido=dem,voto=não,cunha=não -> orientacao_partido=não
partido=prb,voto=não,orientacao_partido=não,orientacao_gov=não -> cunha=não
partido=dem,voto=não,cunha=sim -> orientacao_partido=não
partido=pt,uf=SP,orientacao_partido=não,orientacao_gov=não -> voto=não
uf=MG,voto=não,cunha=não -> orientacao_partido=não
uf=PR,orientacao_partido=não,orientacao_gov=não -> cunha=não
uf=RJ,orientacao_partido=não,orientacao_gov=não -> cunha=não
uf=PR,voto=não,orientacao_partido=não,orientacao_gov=não -> cunha=não
voto=não,orientacao_gov=liberado,cunha=não -> orientacao_partido=não
partido=prb,voto=não,orientacao_gov=não -> cunha=não
partido=pt,orientacao_partido=não,orientacao_gov=não,cunha=sim -> voto=não
partido=ptb,cunha=não -> orientacao_partido=não
uf=RS,voto=não,cunha=não -> orientacao_partido=não
partido=psd,voto=não,orientacao_partido=não -> cunha=não
partido=ptb,voto=não,orientacao_gov=não -> cunha=não
partido=pcdob,orientacao_gov=não -> orientacao_partido=não
uf=PE,voto=não,orientacao_gov=não -> orientacao_partido=não
uf=MG,voto=não,orientacao_partido=não,orientacao_gov=não -> cunha=não
uf=MG,orientacao_partido=não,orientacao_gov=não -> cunha=não
partido=prb,orientacao_gov=não -> orientacao_partido=não
partido=pt,uf=SP,voto=não,orientacao_partido=não -> orientacao_gov=não
uf=AC,voto=não -> orientacao_partido=não
partido=ptb,voto=não,orientacao_gov=não -> orientacao_partido=não
orientacao_partido=não,orientacao_gov=não -> cunha=não
partido=prb,orientacao_partido=não,orientacao_gov=não -> cunha=não
uf=BA,orientacao_partido=não,orientacao_gov=não -> cunha=não
partido=dem,voto=não -> orientacao_partido=não
partido=pt,uf=RS,orientacao_partido=não -> voto=não
partido=pt,uf=SP,orientacao_partido=não -> voto=não
partido=pr,voto=não -> orientacao_partido=não
voto=não,orientacao_partido=não,orientacao_gov=não -> cunha=não
partido=ptb,voto=não,cunha=não -> orientacao_partido=não
uf=RJ,voto=não,orientacao_partido=não,orientacao_gov=não -> cunha=não
partido=psd,orientacao_partido=não -> cunha=não
partido=pt,orientacao_partido=não,cunha=sim -> voto=não
partido=psdb,uf=SP,orientacao_partido=não,orientacao_gov=sim -> voto=não
uf=MG,voto=não,orientacao_gov=não -> cunha=não
partido=psdb,orientacao_partido=não,orientacao_gov=sim -> voto=não
partido=psdb,orientacao_partido=não,cunha=não -> voto=não
uf=RJ,voto=não,orientacao_gov=não -> orientacao_partido=não
partido=pt,voto=não,orientacao_partido=não -> orientacao_gov=não
partido=dem,orientacao_partido=não,cunha=não -> voto=não
partido=psdb,orientacao_partido=não,orientacao_gov=sim,cunha=sim -> voto=não
partido=pcdob,orientacao_partido=não,cunha=não -> voto=não
partido=psc,cunha=não -> orientacao_partido=não
uf=RS,orientacao_partido=não,orientacao_gov=não -> cunha=não
partido=psb,voto=não,cunha=não -> orientacao_partido=não
partido=psdb,uf=SP,orientacao_partido=não -> voto=não
uf=RS,orientacao_partido=não,cunha=não -> orientacao_gov=não
uf=PE,orientacao_partido=não,orientacao_gov=não -> cunha=não
partido=pcdob,orientacao_partido=não -> voto=não
partido=pt,uf=SP,orientacao_partido=não -> orientacao_gov=não
partido=pt,orientacao_partido=não,orientacao_gov=não -> voto=não
uf=BA,voto=não,orientacao_partido=não,orientacao_gov=não -> cunha=não
partido=psdb,uf=SP,orientacao_partido=não,cunha=sim -> voto=não
partido=psb,voto=não,orientacao_gov=sim,cunha=sim -> orientacao_partido=não
partido=psb,voto=não,orientacao_gov=sim -> orientacao_partido=não
uf=CE,orientacao_partido=não,cunha=não -> orientacao_gov=não
partido=psb,voto=sim,orientacao_partido=sim,cunha=não -> orientacao_gov=não
partido=pt,voto=não,orientacao_gov=liberado -> orientacao_partido=não
partido=pr,voto=não,orientacao_partido=não -> cunha=não
partido=pcdob,orientacao_partido=não,orientacao_gov=não -> voto=não
partido=pps,orientacao_partido=não,cunha=sim -> voto=não
partido=psdb,orientacao_partido=não -> voto=não
partido=pt,orientacao_partido=não,orientacao_gov=não,cunha=não -> voto=não
partido=pt,orientacao_partido=não -> orientacao_gov=não
partido=pdt,voto=não,cunha=não -> orientacao_gov=não
uf=CE,orientacao_partido=não,orientacao_gov=não -> cunha=não
uf=SP,orientacao_partido=não,orientacao_gov=não -> cunha=não
uf=CE,voto=não,orientacao_partido=não,orientacao_gov=não -> cunha=não
partido=pp,voto=não,orientacao_gov=não -> orientacao_partido=não
uf=RJ,voto=não,cunha=não -> orientacao_partido=não
partido=psdb,orientacao_partido=não,cunha=sim -> voto=não
uf=CE,voto=não,orientacao_partido=não,cunha=não -> orientacao_gov=não
partido=pt,orientacao_partido=não -> voto=não
partido=pp,orientacao_partido=não,cunha=não -> orientacao_gov=não
uf=SP,voto=não,orientacao_partido=não,orientacao_gov=não -> cunha=não
uf=MA,voto=não,orientacao_gov=não -> cunha=não
voto=não,orientacao_gov=não -> cunha=não
partido=psb,voto=sim,cunha=não -> orientacao_gov=não
uf=RJ,voto=não,orientacao_gov=não -> cunha=não
partido=pr,orientacao_partido=não -> cunha=não
partido=pp,cunha=não -> orientacao_partido=não
uf=SP,voto=não,orientacao_gov=não -> cunha=não
partido=pr,orientacao_gov=não -> orientacao_partido=não
partido=pps,orientacao_partido=não -> voto=não
uf=RJ,orientacao_partido=não,cunha=não -> orientacao_gov=não
partido=pdt,voto=não -> orientacao_partido=não
uf=PR,voto=não,orientacao_gov=não -> cunha=não
partido=psb,orientacao_partido=sim,cunha=não -> orientacao_gov=não
partido=pt,orientacao_partido=não,cunha=não -> voto=não
uf=RS,voto=não,orientacao_partido=não,orientacao_gov=não -> cunha=não
uf=BA,voto=não,orientacao_gov=não -> cunha=não
uf=BA,voto=não -> orientacao_partido=não
partido=prb,orientacao_partido=não,cunha=não -> orientacao_gov=não
uf=RS,voto=não,orientacao_partido=não,cunha=não -> orientacao_gov=não
partido=pdt,voto=não,orientacao_partido=não,orientacao_gov=não -> cunha=não
partido=psd,cunha=não -> orientacao_partido=não
partido=ptb,orientacao_partido=não,cunha=não -> orientacao_gov=não
uf=CE,voto=não -> orientacao_partido=não
partido=dem,orientacao_partido=não -> voto=não
partido=prb,orientacao_partido=não,cunha=não -> voto=não
partido=pt,uf=SP,orientacao_gov=não -> voto=não
partido=solidaried,voto=não -> orientacao_partido=não
partido=pr,orientacao_partido=não,cunha=não -> orientacao_gov=não
partido=pt,uf=SP,voto=não -> orientacao_gov=não
uf=SP,orientacao_partido=não,orientacao_gov=sim,cunha=sim -> voto=não
partido=prb,uf=SP,orientacao_partido=não -> voto=não
uf=SP,orientacao_partido=não,orientacao_gov=sim -> voto=não
uf=SP,voto=não -> orientacao_partido=não
uf=SP,orientacao_partido=não,orientacao_gov=liberado -> voto=não
uf=BA,voto=não,orientacao_partido=não,cunha=não -> orientacao_gov=não
uf=BA,orientacao_partido=não,cunha=não -> orientacao_gov=não
orientacao_partido=não,orientacao_gov=liberado,cunha=sim -> voto=não
partido=pt,orientacao_partido=não,orientacao_gov=liberado -> voto=não
orientacao_partido=não,descr=REQUERIMENTO DE RETIRADA DE PAUTA_PEC_171_1993 -> voto=não
orientacao_partido=não,cunha=não,descr=REQUERIMENTO DE RETIRADA DE PAUTA_PEC_171_1993 -> voto=não
uf=RJ,orientacao_partido=não,cunha=sim -> voto=não
partido=prb,orientacao_partido=não -> voto=não
uf=GO,voto=não -> orientacao_partido=não
uf=SP,orientacao_partido=não,cunha=sim -> voto=não
uf=AC,orientacao_partido=não -> voto=não
partido=pt,orientacao_gov=não,cunha=sim -> voto=não
cunha=não,descr=DVS - BLOCO PRB - INC. VI. §4º. ART 18 DA SUBEMENDA SUBST. DE PLENÁRIO_PL_7699_2006 -> orientacao_gov=sim
partido=pdt,orientacao_partido=não,cunha=não -> voto=não
partido=pdt,voto=não,orientacao_gov=não -> cunha=não
partido=pr,voto=não,orientacao_partido=não,cunha=não -> orientacao_gov=não
partido=prb,voto=não,orientacao_partido=não,cunha=não -> orientacao_gov=não
partido=psd,orientacao_partido=não,cunha=não -> orientacao_gov=não
partido=pp,voto=não,cunha=não -> orientacao_partido=não
partido=prb,orientacao_partido=não,orientacao_gov=não,cunha=não -> voto=não
uf=AL,voto=não -> orientacao_partido=não
uf=MA,voto=não,cunha=não -> orientacao_partido=não
uf=MA,voto=não,orientacao_gov=não -> orientacao_partido=não
uf=PB,orientacao_partido=não -> voto=não
partido=pdt,orientacao_partido=não,orientacao_gov=não -> cunha=não
uf=CE,voto=não,cunha=não -> orientacao_gov=não
uf=CE,voto=não,orientacao_gov=não -> cunha=não
partido=dem,orientacao_partido=não,orientacao_gov=sim -> voto=não
partido=pdt,orientacao_partido=não -> voto=não
uf=MG,orientacao_partido=não,cunha=não -> orientacao_gov=não
uf=PA,orientacao_partido=não -> voto=não
uf=RS,voto=não,orientacao_gov=não -> cunha=não
partido=pdt,orientacao_partido=não,orientacao_gov=não,cunha=não -> voto=não
orientacao_partido=não,orientacao_gov=sim,cunha=sim -> voto=não
partido=solidaried,orientacao_partido=não -> voto=não
partido=pr,orientacao_partido=não,cunha=não -> voto=não
uf=AM,orientacao_partido=não -> voto=não
partido=ptb,orientacao_partido=não -> orientacao_gov=não
uf=SC,voto=não,cunha=não -> orientacao_partido=não
partido=pt,voto=não,cunha=sim -> orientacao_partido=não
orientacao_partido=não,orientacao_gov=não,cunha=liberado -> voto=não
orientacao_partido=não,cunha=sim -> voto=não
uf=BA,voto=não,cunha=não -> orientacao_gov=não
partido=psb,voto=não -> orientacao_partido=não
uf=RJ,voto=não,orientacao_partido=não,cunha=não -> orientacao_gov=não
partido=dem,orientacao_partido=não,cunha=sim -> voto=não
partido=pt,orientacao_gov=não -> voto=não
partido=prb,orientacao_partido=não,orientacao_gov=não -> voto=não
partido=psb,voto=não,orientacao_gov=não -> orientacao_partido=não
partido=dem,orientacao_partido=não,orientacao_gov=sim,cunha=sim -> voto=não
uf=GO,orientacao_partido=não -> voto=não
partido=prb,voto=não,cunha=não -> orientacao_gov=não
uf=MA,orientacao_partido=não,cunha=não -> voto=não
orientacao_partido=não,orientacao_gov=sim -> voto=não
uf=BA,orientacao_partido=não,cunha=sim -> voto=não
partido=pros,orientacao_partido=não -> cunha=não
partido=pr,orientacao_partido=não,orientacao_gov=não,cunha=não -> voto=não
uf=AL,orientacao_partido=não -> voto=não
uf=AM,voto=não -> orientacao_partido=não
orientacao_partido=não,cunha=não -> orientacao_gov=não
uf=PE,voto=não,orientacao_gov=não -> cunha=não
partido=pr,orientacao_partido=não -> voto=não
uf=ES,orientacao_partido=não -> voto=não
uf=SP,orientacao_partido=não -> voto=não
uf=PA,voto=não -> orientacao_partido=não
partido=psd,voto=não,orientacao_partido=não,cunha=não -> orientacao_gov=não
partido=pr,voto=não,cunha=não -> orientacao_gov=não
partido=pr,orientacao_partido=não,orientacao_gov=não -> voto=não
partido=pt,orientacao_gov=não,cunha=não -> voto=não
partido=prb,voto=não,orientacao_partido=não -> cunha=não
uf=BA,orientacao_partido=não,orientacao_gov=não -> voto=não
partido=pdt,orientacao_partido=não,orientacao_gov=não -> voto=não
partido=ptb,voto=não,orientacao_partido=não,cunha=não -> orientacao_gov=não
partido=pp,orientacao_partido=não -> orientacao_gov=não
partido=pt,voto=não -> orientacao_gov=não
uf=MG,orientacao_partido=não,orientacao_gov=sim -> voto=não
uf=DF,orientacao_partido=não -> voto=não
orientacao_partido=não,cunha=liberado -> voto=não
uf=GO,orientacao_partido=não,cunha=não -> voto=não
uf=MA,orientacao_partido=não,orientacao_gov=não -> voto=não
uf=RS,orientacao_gov=não,cunha=não -> orientacao_partido=não
uf=CE,orientacao_partido=não -> voto=não
uf=PA,orientacao_partido=não,cunha=não -> voto=não
uf=BA,orientacao_partido=não -> voto=não
partido=psb,voto=sim,orientacao_partido=sim,orientacao_gov=não -> cunha=não
uf=SP,orientacao_partido=não,cunha=não -> orientacao_gov=não
uf=MA,orientacao_partido=não -> voto=não
uf=RS,voto=não,cunha=não -> orientacao_gov=não
uf=ES,voto=não -> orientacao_partido=não
orientacao_partido=não,orientacao_gov=liberado -> voto=não
uf=PI,voto=não -> orientacao_partido=não
partido=prb,orientacao_partido=não -> cunha=não
uf=BA,orientacao_partido=não,orientacao_gov=não,cunha=não -> voto=não
uf=SP,orientacao_partido=não,cunha=não -> voto=não
uf=PE,orientacao_partido=não -> voto=não
uf=PB,voto=não -> orientacao_partido=não
uf=BA,orientacao_partido=não,cunha=não -> voto=não
uf=SP,voto=sim,cunha=não -> orientacao_gov=não
partido=pcdob,cunha=não -> orientacao_gov=não
uf=PR,orientacao_partido=não,cunha=não -> orientacao_gov=não
uf=MG,voto=não,orientacao_partido=não,cunha=não -> orientacao_gov=não
partido=pr,orientacao_gov=não,cunha=não -> voto=não
partido=psb,orientacao_partido=sim,orientacao_gov=não -> cunha=não
partido=psd,orientacao_partido=não,cunha=não -> voto=não
voto=não,orientacao_partido=não,cunha=não -> orientacao_gov=não
uf=PE,voto=não -> orientacao_partido=não
partido=prb,orientacao_gov=não,cunha=não -> voto=não
uf=CE,orientacao_partido=não,cunha=não -> voto=não
partido=psb,orientacao_partido=não,cunha=não -> voto=não
uf=MA,voto=não,cunha=não -> orientacao_gov=não
orientacao_partido=não,orientacao_gov=sim,cunha=não -> voto=não
partido=dem,orientacao_partido=não,cunha=sim -> orientacao_gov=sim
orientacao_partido=não -> voto=não
voto=não -> orientacao_partido=não
uf=DF,voto=não -> orientacao_partido=não
partido=prb,orientacao_gov=não -> cunha=não
partido=pt,cunha=não -> orientacao_gov=não
uf=SC,cunha=não -> orientacao_gov=não
partido=dem,voto=não,orientacao_partido=não,cunha=sim -> orientacao_gov=sim
partido=psb,orientacao_gov=não -> cunha=não
uf=CE,orientacao_partido=não,orientacao_gov=não -> voto=não
uf=CE,cunha=não -> orientacao_gov=não
uf=BA,orientacao_gov=não,cunha=não -> orientacao_partido=não
uf=CE,orientacao_gov=não,cunha=não -> orientacao_partido=não
uf=CE,orientacao_partido=não,orientacao_gov=não,cunha=não -> voto=não
voto=não,orientacao_gov=não,cunha=sim -> orientacao_partido=não
partido=pdt,orientacao_gov=não,cunha=não -> orientacao_partido=não
uf=MG,voto=sim,cunha=não -> orientacao_gov=não
partido=pmdb,voto=sim,cunha=não -> orientacao_partido=não
uf=MG,orientacao_partido=não,cunha=sim -> voto=não
uf=RJ,voto=não,cunha=não -> orientacao_gov=não
descr=REQUERIMENTO DE RETIRADA DE PAUTA_PEC_171_1993 -> orientacao_partido=não
cunha=não,descr=REQUERIMENTO DE RETIRADA DE PAUTA_PEC_171_1993 -> orientacao_partido=não
partido=ptb,voto=não,orientacao_partido=não -> orientacao_gov=não
uf=GO,cunha=não -> orientacao_gov=não
partido=pp,voto=não,orientacao_partido=não,cunha=não -> orientacao_gov=não
uf=PR,voto=não -> orientacao_partido=não
uf=MG,orientacao_gov=não -> cunha=não
partido=psd,orientacao_partido=não -> voto=não
partido=pr,orientacao_partido=não -> orientacao_gov=não
uf=CE,orientacao_gov=não -> cunha=não
partido=pdt,cunha=não -> orientacao_gov=não
partido=pr,orientacao_gov=não -> cunha=não
orientacao_partido=não,orientacao_gov=liberado,cunha=não -> voto=não
partido=pmdb,voto=não -> cunha=não
partido=pr,voto=não,orientacao_partido=não -> orientacao_gov=não
partido=ptb,cunha=não -> orientacao_gov=não
uf=MG,voto=não -> orientacao_partido=não
uf=PA,orientacao_gov=não -> cunha=não
uf=MG,cunha=não -> orientacao_gov=não
partido=psdb,uf=SP,orientacao_gov=não -> cunha=não
partido=pp,orientacao_gov=não -> cunha=não
uf=BA,cunha=não -> orientacao_gov=não
partido=pr,cunha=não -> orientacao_gov=não
partido=psd,voto=não,cunha=não -> orientacao_gov=não
partido=psdb,orientacao_gov=não -> cunha=não
uf=SP,orientacao_gov=não -> cunha=não
uf=BA,orientacao_gov=não -> cunha=não
partido=pdt,orientacao_gov=não -> cunha=não
uf=PR,orientacao_gov=não -> cunha=não
partido=pp,cunha=não -> orientacao_gov=não
orientacao_partido=não,cunha=não -> voto=não
uf=PA,cunha=não -> orientacao_gov=não
orientacao_gov=não -> cunha=não
cunha=não -> orientacao_gov=não
uf=PR,orientacao_partido=não -> voto=não
uf=RJ,orientacao_gov=não -> cunha=não
uf=PR,cunha=não -> orientacao_gov=não
uf=RS,cunha=não -> orientacao_gov=não
uf=SP,voto=não,orientacao_partido=não,cunha=não -> orientacao_gov=não
partido=psb,voto=não,cunha=sim -> orientacao_partido=não
uf=SC,orientacao_gov=não -> cunha=não
partido=psd,voto=não -> orientacao_partido=não
uf=PE,orientacao_partido=não,cunha=não -> voto=não
voto=sim,cunha=não -> orientacao_gov=não
partido=psb,orientacao_partido=não,orientacao_gov=sim -> voto=não
partido=psb,voto=não,orientacao_gov=não -> cunha=não
uf=SP,cunha=não -> orientacao_gov=não
uf=SP,orientacao_partido=não,orientacao_gov=não -> voto=não
uf=RJ,cunha=não -> orientacao_gov=não
partido=psd,cunha=não -> orientacao_gov=não
orientacao_partido=não,orientacao_gov=não,cunha=sim -> voto=não
partido=psd,orientacao_partido=não,orientacao_gov=não -> voto=não
uf=GO,orientacao_gov=não -> cunha=não
partido=pros,cunha=não -> orientacao_partido=não
partido=psd,orientacao_partido=não,orientacao_gov=não,cunha=não -> voto=não
uf=RS,orientacao_gov=não -> cunha=não
uf=SP,orientacao_partido=não,orientacao_gov=não,cunha=não -> voto=não
uf=PE,orientacao_partido=não,orientacao_gov=não -> voto=não
partido=psb,orientacao_partido=não,orientacao_gov=sim,cunha=sim -> voto=não
uf=MG,orientacao_partido=não -> voto=não
partido=ptb,orientacao_gov=não -> cunha=não
partido=pcdob,orientacao_gov=não -> cunha=não
partido=psb,orientacao_partido=não -> voto=não
partido=dem,orientacao_gov=não -> cunha=não
uf=MA,orientacao_gov=não -> cunha=não
partido=pt,orientacao_gov=não -> cunha=não
partido=pmdb,orientacao_gov=não -> cunha=não
partido=solidaried,orientacao_gov=não -> cunha=não
partido=psd,orientacao_gov=não -> cunha=não
partido=pt,orientacao_partido=não,orientacao_gov=não -> cunha=não
uf=PE,orientacao_gov=não -> cunha=não
uf=MA,voto=não -> orientacao_partido=não
partido=pr,cunha=não -> voto=não
uf=MG,orientacao_partido=não,cunha=não -> voto=não
orientacao_partido=não,orientacao_gov=não -> voto=não
uf=RJ,orientacao_partido=não -> voto=não
partido=pr,voto=não -> cunha=não
partido=pt,voto=não,orientacao_partido=não,orientacao_gov=não -> cunha=não
partido=pt,voto=não,orientacao_gov=não -> cunha=não
partido=psb,voto=sim,orientacao_gov=não -> cunha=não
orientacao_partido=não,orientacao_gov=não,cunha=não -> voto=não
uf=PI,orientacao_partido=não -> voto=não
partido=ptb,orientacao_gov=não -> orientacao_partido=não
uf=RJ,orientacao_gov=não,cunha=não -> orientacao_partido=não
voto=sim,orientacao_partido=não -> cunha=não
uf=PR,orientacao_partido=não,cunha=não -> voto=não
partido=prb,cunha=não -> voto=não
partido=pmdb,cunha=não -> voto=não
uf=SP,voto=não,orientacao_gov=liberado -> orientacao_partido=não
partido=psb,orientacao_partido=não,cunha=sim -> voto=não
voto=não,orientacao_gov=não,cunha=liberado -> orientacao_partido=não
uf=RS,orientacao_partido=não -> voto=não
partido=pmdb,orientacao_gov=não,cunha=não -> voto=não
partido=pdt,orientacao_gov=não -> orientacao_partido=não
partido=pcdob,orientacao_gov=não -> voto=não
uf=RJ,voto=não -> orientacao_partido=não
uf=RJ,orientacao_partido=não,cunha=não -> voto=não
uf=SC,orientacao_partido=não -> voto=não
uf=SC,orientacao_partido=não -> cunha=não
partido=pp,orientacao_gov=não -> orientacao_partido=não
uf=MG,orientacao_partido=não,orientacao_gov=não,cunha=não -> voto=não
uf=SP,voto=não,orientacao_gov=sim -> orientacao_partido=não
uf=MG,orientacao_partido=não,orientacao_gov=não -> voto=não
partido=psdb,voto=não,orientacao_partido=não,cunha=sim -> orientacao_gov=sim
partido=pmdb,orientacao_partido=não -> voto=não
partido=pmdb,orientacao_partido=não,cunha=não -> voto=não
uf=BA,cunha=não -> orientacao_partido=não
uf=PR,orientacao_partido=não,orientacao_gov=não -> voto=não
uf=PR,orientacao_partido=não,orientacao_gov=não,cunha=não -> voto=não
uf=MG,orientacao_gov=não,cunha=não -> orientacao_partido=não
partido=pt,uf=SP,cunha=não -> orientacao_partido=não
partido=prb,voto=não -> cunha=não
partido=dem,voto=não,cunha=sim -> orientacao_gov=sim
partido=pros,orientacao_partido=não -> voto=não
partido=psdb,orientacao_partido=não,cunha=sim -> orientacao_gov=sim
uf=RJ,orientacao_partido=não,orientacao_gov=não -> voto=não
uf=RS,orientacao_partido=não -> cunha=não
uf=RJ,orientacao_partido=não -> cunha=não
partido=psd,voto=não -> cunha=não
partido=psd,orientacao_gov=não -> orientacao_partido=não
partido=psb,orientacao_partido=não,orientacao_gov=não -> voto=não
partido=pt,cunha=não -> orientacao_partido=não
partido=pmdb,orientacao_partido=não,orientacao_gov=não -> voto=não
partido=pmdb,orientacao_partido=não,orientacao_gov=não,cunha=não -> voto=não
uf=CE,cunha=não -> orientacao_partido=não
uf=SP,voto=não,cunha=sim -> orientacao_partido=não
uf=RS,cunha=não -> orientacao_partido=não
uf=CE,orientacao_gov=não -> orientacao_partido=não
uf=MA,voto=não,orientacao_partido=não -> cunha=não
uf=RJ,orientacao_partido=não,orientacao_gov=não,cunha=não -> voto=não
uf=RS,orientacao_gov=não -> orientacao_partido=não
orientacao_gov=não,cunha=não -> orientacao_partido=não
partido=pmdb,orientacao_gov=não,cunha=não -> orientacao_partido=não
partido=psdb,voto=sim,orientacao_gov=não -> cunha=não
partido=pmdb,cunha=não -> orientacao_partido=não
uf=SP,voto=não,orientacao_gov=sim,cunha=sim -> orientacao_partido=não
partido=prb,orientacao_gov=não -> voto=não
uf=PR,orientacao_gov=não,cunha=não -> orientacao_partido=não
partido=psd,orientacao_gov=não,cunha=não -> voto=não
partido=pmdb,orientacao_gov=não,cunha=sim -> orientacao_partido=sim
uf=RS,voto=não -> orientacao_partido=não
uf=MA,orientacao_partido=não -> cunha=não
uf=PB,orientacao_partido=não -> cunha=não
voto=não,orientacao_gov=liberado -> orientacao_partido=não
partido=psdb,voto=não,cunha=sim -> orientacao_gov=sim
partido=psdb,voto=sim,orientacao_partido=sim,orientacao_gov=não -> cunha=não
uf=BA,orientacao_partido=não -> cunha=não
uf=SC,orientacao_partido=não,cunha=não -> voto=não
partido=psd,cunha=não -> voto=não
uf=RJ,voto=não,orientacao_partido=não -> cunha=não
uf=SC,voto=não,orientacao_partido=não -> cunha=não
uf=BA,orientacao_gov=não -> orientacao_partido=não
uf=RS,orientacao_partido=não,orientacao_gov=não -> voto=não
uf=RS,orientacao_partido=não,cunha=não -> voto=não
partido=ptb,cunha=não -> voto=não
uf=BA,voto=não,orientacao_partido=não -> cunha=não
partido=psdb,orientacao_partido=sim,orientacao_gov=não -> cunha=não
partido=pmdb,voto=não,cunha=não -> orientacao_partido=não
uf=MG,cunha=não -> orientacao_partido=não
uf=CE,orientacao_partido=não -> cunha=não
uf=MG,orientacao_partido=não -> cunha=não
voto=não,orientacao_gov=sim -> orientacao_partido=não
uf=RJ,cunha=não -> orientacao_partido=não
partido=ptb,orientacao_partido=não -> voto=não
partido=pr,orientacao_gov=não -> voto=não
uf=PR,cunha=não -> orientacao_partido=não
partido=pros,voto=não -> orientacao_partido=não
partido=ptb,orientacao_partido=não,cunha=não -> voto=não
partido=ptb,voto=não -> cunha=não
uf=MG,voto=não,orientacao_partido=não -> cunha=não
partido=psdb,orientacao_partido=obstrução -> cunha=não
partido=pmdb,voto=não,orientacao_gov=não,cunha=não -> orientacao_partido=não
uf=CE,voto=não,orientacao_partido=não -> cunha=não
partido=psdb,voto=sim,orientacao_gov=não -> orientacao_partido=sim
cunha=não -> orientacao_partido=não
orientacao_partido=não -> cunha=não
partido=dem,orientacao_partido=sim,orientacao_gov=não -> cunha=não
uf=PR,orientacao_partido=não -> cunha=não
uf=PA,orientacao_partido=não -> cunha=não
uf=SC,voto=não -> orientacao_partido=não
uf=PA,cunha=não -> orientacao_partido=não
uf=RS,orientacao_partido=não,orientacao_gov=não,cunha=não -> voto=não
descr=REQUERIMENTO DE RETIRADA DE PAUTA_PEC_171_1993 -> voto=não
cunha=não,descr=REQUERIMENTO DE RETIRADA DE PAUTA_PEC_171_1993 -> voto=não
uf=RS,voto=não,orientacao_partido=não -> cunha=não
partido=psdb,voto=sim,orientacao_gov=não,cunha=não -> orientacao_partido=sim
uf=MA,orientacao_gov=não,cunha=não -> voto=não
partido=dem,voto=sim,orientacao_gov=não -> orientacao_partido=sim
uf=SC,cunha=não -> orientacao_partido=não
voto=não,orientacao_partido=não -> cunha=não
partido=pdt,cunha=não -> orientacao_partido=não
uf=SP,orientacao_gov=não,cunha=não -> orientacao_partido=não
uf=PB,cunha=não -> orientacao_partido=não
uf=MA,cunha=não -> orientacao_partido=não
partido=solidaried,voto=sim,orientacao_gov=não -> orientacao_partido=sim
uf=RJ,orientacao_gov=não -> orientacao_partido=não
partido=ptb,orientacao_partido=não,orientacao_gov=não -> voto=não
uf=MA,voto=não -> cunha=não
uf=PR,voto=não,orientacao_partido=não -> cunha=não
uf=PA,voto=não,orientacao_partido=não -> cunha=não
partido=ptb,orientacao_partido=não,orientacao_gov=não,cunha=não -> voto=não
uf=SP,voto=sim,orientacao_gov=não -> cunha=não
partido=pcdob,cunha=não -> orientacao_partido=não
orientacao_gov=liberado,cunha=não -> orientacao_partido=não
uf=MA,cunha=não -> voto=não
partido=psdb,voto=sim,cunha=não -> orientacao_partido=sim
partido=pt,cunha=liberado -> orientacao_partido=não
partido=psb,voto=não,orientacao_partido=não,cunha=sim -> orientacao_gov=sim
partido=ptb,orientacao_gov=não,cunha=não -> voto=não
uf=BA,voto=não,cunha=sim -> orientacao_partido=não
partido=pp,voto=não -> cunha=não
partido=pp,voto=não,cunha=sim -> orientacao_gov=sim
partido=pp,cunha=não -> voto=não
uf=MG,voto=não,orientacao_gov=sim -> orientacao_partido=não
uf=MG,orientacao_gov=não -> orientacao_partido=não
uf=SP,cunha=não -> orientacao_partido=não
partido=pdt,voto=não,orientacao_partido=não -> cunha=não
partido=pdt,orientacao_partido=não -> cunha=não
partido=pros,cunha=não -> voto=não
partido=pdt,orientacao_gov=não,cunha=não -> voto=não
partido=pros,voto=não -> cunha=não
uf=BA,orientacao_gov=não,cunha=não -> voto=não
uf=PB,voto=não -> cunha=não
partido=pp,orientacao_partido=não -> voto=não
partido=psb,orientacao_partido=não,cunha=sim -> orientacao_gov=sim
voto=sim,orientacao_gov=não -> cunha=não
partido=pp,orientacao_partido=não,cunha=não -> voto=não
uf=RJ,voto=sim,orientacao_gov=não -> cunha=não
orientacao_gov=não,descr=INVERSÃO DE PAUTA_PEC_471_2005 -> cunha=sim
uf=PB,cunha=não -> voto=não
uf=CE,orientacao_gov=não,cunha=não -> voto=não
partido=pp,voto=não,orientacao_partido=sim -> orientacao_gov=sim
uf=MG,voto=sim,orientacao_gov=não -> cunha=não
uf=SP,orientacao_partido=não -> cunha=não
partido=pt,uf=SP,orientacao_partido=não -> cunha=não
partido=pp,voto=não,cunha=sim -> orientacao_partido=sim
partido=pt,orientacao_partido=não -> cunha=não
partido=psdb,orientacao_partido=sim,orientacao_gov=não,cunha=não -> voto=sim
partido=pmdb,orientacao_gov=não -> voto=não
partido=dem,voto=sim,cunha=não -> orientacao_partido=sim
uf=BA,cunha=não -> voto=não
uf=MA,orientacao_gov=não -> voto=não
uf=RJ,orientacao_gov=não,cunha=não -> voto=não
uf=CE,cunha=não -> voto=não
partido=pdt,orientacao_gov=não -> voto=não
uf=MG,cunha=não -> voto=não
uf=CE,orientacao_gov=não -> voto=não
uf=RJ,cunha=não -> voto=não
uf=PA,cunha=não -> voto=não
partido=pp,orientacao_gov=não,cunha=não -> voto=não
uf=SP,orientacao_partido=sim,orientacao_gov=não,cunha=não -> voto=sim
uf=MG,orientacao_gov=não,cunha=não -> voto=não
partido=pt,cunha=não -> voto=não
cunha=não -> voto=não
uf=BA,orientacao_gov=não -> voto=não
partido=psb,voto=não,cunha=sim -> orientacao_gov=sim
orientacao_partido=sim,orientacao_gov=não,cunha=não -> voto=sim
partido=psb,voto=sim,orientacao_gov=não,cunha=não -> orientacao_partido=sim
orientacao_gov=não,cunha=não -> voto=não
partido=psd,orientacao_gov=não -> voto=não
partido=pt,voto=sim,cunha=não -> orientacao_partido=sim
partido=pdt,cunha=não -> voto=não
uf=RS,orientacao_gov=não,cunha=não -> voto=não
partido=pp,orientacao_partido=não,orientacao_gov=não -> voto=não
partido=pp,orientacao_partido=não,orientacao_gov=não,cunha=não -> voto=não
partido=psb,voto=sim,cunha=não -> orientacao_partido=sim
orientacao_gov=liberado,cunha=não -> voto=não
uf=SC,cunha=não -> voto=não
uf=PR,cunha=não -> voto=não
partido=pt,cunha=liberado -> voto=não
partido=ptb,orientacao_gov=não -> voto=não
uf=RS,cunha=não -> voto=não
partido=psb,orientacao_partido=sim,orientacao_gov=não,cunha=não -> voto=sim
cunha=não,descr=REQUERIMENTO DE RETIRADA DE PAUTA_PEC_171_1993 -> orientacao_gov=sim
uf=SP,voto=não,cunha=sim -> orientacao_gov=sim
uf=MG,voto=não,cunha=sim -> orientacao_gov=sim
partido=dem,orientacao_partido=não,orientacao_gov=sim -> cunha=sim
partido=psb,voto=sim,orientacao_gov=não -> orientacao_partido=sim
uf=PE,voto=não,cunha=sim -> orientacao_gov=sim
uf=SP,voto=não,orientacao_partido=não,cunha=sim -> orientacao_gov=sim
partido=dem,voto=não,orientacao_partido=não,orientacao_gov=sim -> cunha=sim
uf=SP,orientacao_partido=não,cunha=sim -> orientacao_gov=sim
partido=dem,voto=não,orientacao_gov=sim -> cunha=sim
partido=pmdb,orientacao_gov=não,cunha=sim -> voto=sim
partido=psdb,voto=não,orientacao_gov=sim -> cunha=sim
uf=PR,voto=não,cunha=sim -> orientacao_gov=sim
partido=psdb,orientacao_partido=não,orientacao_gov=sim -> cunha=sim
partido=psb,orientacao_partido=não,orientacao_gov=sim -> cunha=sim
partido=psdb,voto=não,orientacao_partido=não,orientacao_gov=sim -> cunha=sim
partido=psb,voto=não,orientacao_partido=não,orientacao_gov=sim -> cunha=sim
partido=psb,voto=não,orientacao_gov=sim -> cunha=sim
voto=não,orientacao_partido=não,cunha=sim -> orientacao_gov=sim
voto=não,cunha=sim -> orientacao_gov=sim
uf=RS,voto=não,orientacao_gov=sim -> cunha=sim
orientacao_partido=não,cunha=sim -> orientacao_gov=sim
uf=RJ,voto=não,cunha=sim -> orientacao_gov=sim
uf=SP,voto=não,orientacao_gov=sim -> cunha=sim
uf=MG,orientacao_partido=não,cunha=sim -> orientacao_gov=sim
uf=RS,voto=não,cunha=sim -> orientacao_gov=sim
uf=SP,voto=sim,orientacao_gov=não -> orientacao_partido=sim
uf=PR,voto=não,orientacao_gov=sim -> cunha=sim
uf=BA,voto=não,orientacao_gov=sim -> cunha=sim
uf=MG,voto=não,orientacao_gov=sim -> cunha=sim
uf=RJ,voto=não,orientacao_gov=sim -> cunha=sim
uf=SP,voto=sim,cunha=não -> orientacao_partido=sim
uf=SP,voto=não,orientacao_partido=não,orientacao_gov=sim -> cunha=sim
uf=SP,orientacao_partido=não,orientacao_gov=sim -> cunha=sim
partido=solidaried,orientacao_gov=não -> orientacao_partido=sim
orientacao_gov=não,cunha=sim -> orientacao_partido=sim
partido=psdb,orientacao_gov=não -> orientacao_partido=sim
partido=psdb,uf=SP,orientacao_gov=não -> orientacao_partido=sim
voto=sim,orientacao_gov=não -> orientacao_partido=sim
voto=sim,orientacao_gov=liberado,cunha=não -> orientacao_partido=sim
uf=SP,voto=sim,orientacao_gov=não,cunha=não -> orientacao_partido=sim
partido=pp,voto=não,orientacao_gov=sim -> cunha=sim
voto=não,orientacao_partido=não,orientacao_gov=sim -> cunha=sim
partido=pp,voto=não,orientacao_gov=sim -> orientacao_partido=sim
orientacao_partido=não,orientacao_gov=sim -> cunha=sim
partido=dem,orientacao_gov=não -> orientacao_partido=sim
uf=MG,orientacao_partido=não,orientacao_gov=sim -> cunha=sim
voto=sim,cunha=não -> orientacao_partido=sim
uf=MG,voto=sim,orientacao_gov=não -> orientacao_partido=sim
partido=psdb,orientacao_gov=não -> voto=sim
orientacao_gov=não,cunha=sim -> voto=sim
partido=psdb,uf=SP,orientacao_gov=não -> voto=sim
partido=solidaried,orientacao_gov=não -> voto=sim
partido=pt,voto=não,orientacao_gov=liberado -> cunha=sim
partido=pps,voto=não,orientacao_partido=não -> cunha=sim
partido=pps,voto=não -> cunha=sim
partido=pps,orientacao_partido=não -> cunha=sim
partido=psdb,orientacao_gov=não,cunha=não -> voto=sim
partido=dem,orientacao_gov=não -> voto=sim
