ano_abertura=2015,mes_abertura=1,respondida=S,situacao=Finalizada avaliada,avaliacao_reclamacao=Resolvida -> nota_consumidor=5
ano_abertura=2015,mes_abertura=1,procurou_empresa=S,respondida=S,situacao=Finalizada avaliada,avaliacao_reclamacao=Resolvida -> nota_consumidor=5
ano_abertura=2015,mes_abertura=1,respondida=S,situacao=Finalizada avaliada,nota_consumidor=5 -> avaliacao_reclamacao=Resolvida
ano_abertura=2015,mes_abertura=1,procurou_empresa=S,respondida=S,situacao=Finalizada avaliada,nota_consumidor=5 -> avaliacao_reclamacao=Resolvida
mes_abertura=1,respondida=S,situacao=Finalizada avaliada,nota_consumidor=5 -> ano_abertura=2015
ano_abertura=2015,respondida=S,situacao=Finalizada avaliada,nota_consumidor=5 -> mes_abertura=1
mes_abertura=1,respondida=S,situacao=Finalizada avaliada,avaliacao_reclamacao=Resolvida,nota_consumidor=5 -> ano_abertura=2015
ano_abertura=2015,respondida=S,situacao=Finalizada avaliada,avaliacao_reclamacao=Resolvida,nota_consumidor=5 -> mes_abertura=1
mes_abertura=1,procurou_empresa=S,respondida=S,situacao=Finalizada avaliada,nota_consumidor=5 -> ano_abertura=2015
ano_abertura=2015,procurou_empresa=S,respondida=S,situacao=Finalizada avaliada,nota_consumidor=5 -> mes_abertura=1
mes_abertura=1,procurou_empresa=S,respondida=S,situacao=Finalizada avaliada,avaliacao_reclamacao=Resolvida,nota_consumidor=5 -> ano_abertura=2015
ano_abertura=2015,procurou_empresa=S,respondida=S,situacao=Finalizada avaliada,avaliacao_reclamacao=Resolvida,nota_consumidor=5 -> mes_abertura=1
uf=SP,ano_abertura=2015,mes_abertura=1 -> regiao=SE
uf=SP,ano_abertura=2015,mes_abertura=1,respondida=S -> regiao=SE
regiao=SE,ano_abertura=2015,mes_abertura=1 -> uf=SP
regiao=SE,ano_abertura=2015,mes_abertura=1,respondida=S -> uf=SP
ano_abertura=2015,mes_abertura=1,procurou_empresa=S,respondida=S,situacao=Finalizada avaliada -> avaliacao_reclamacao=Resolvida
ano_abertura=2015,mes_abertura=1,procurou_empresa=S,situacao=Finalizada avaliada -> avaliacao_reclamacao=Resolvida
ano_abertura=2015,mes_abertura=1,respondida=S,situacao=Finalizada avaliada -> avaliacao_reclamacao=Resolvida
ano_abertura=2015,mes_abertura=1,situacao=Finalizada avaliada -> avaliacao_reclamacao=Resolvida
regiao=SE,ano_abertura=2015,mes_abertura=1,procurou_empresa=S,respondida=S,situacao=Finalizada avaliada -> avaliacao_reclamacao=Resolvida
regiao=SE,ano_abertura=2015,mes_abertura=1,procurou_empresa=S,situacao=Finalizada avaliada -> avaliacao_reclamacao=Resolvida
sexo=M,ano_abertura=2015,mes_abertura=1,procurou_empresa=S,respondida=S,situacao=Finalizada avaliada -> avaliacao_reclamacao=Resolvida
regiao=SE,ano_abertura=2015,mes_abertura=1,respondida=S,situacao=Finalizada avaliada -> avaliacao_reclamacao=Resolvida
regiao=SE,ano_abertura=2015,mes_abertura=1,situacao=Finalizada avaliada -> avaliacao_reclamacao=Resolvida
sexo=M,ano_abertura=2015,mes_abertura=1,respondida=S,situacao=Finalizada avaliada -> avaliacao_reclamacao=Resolvida
ano_abertura=2015,mes_abertura=1,nota_consumidor=1 -> situacao=Finalizada avaliada
ano_abertura=2015,mes_abertura=1,avaliacao_reclamacao=Não Resolvida -> situacao=Finalizada avaliada
ano_abertura=2015,mes_abertura=1,avaliacao_reclamacao=Resolvida -> situacao=Finalizada avaliada
ano_abertura=2015,mes_abertura=1,procurou_empresa=S,nota_consumidor=1 -> situacao=Finalizada avaliada
ano_abertura=2015,mes_abertura=1,respondida=S,nota_consumidor=1 -> situacao=Finalizada avaliada
ano_abertura=2015,mes_abertura=1,respondida=S,nota_consumidor=5 -> situacao=Finalizada avaliada
ano_abertura=2015,mes_abertura=1,procurou_empresa=S,avaliacao_reclamacao=Não Resolvida -> situacao=Finalizada avaliada
ano_abertura=2015,mes_abertura=1,respondida=S,avaliacao_reclamacao=Não Resolvida -> situacao=Finalizada avaliada
regiao=SE,ano_abertura=2015,mes_abertura=1,avaliacao_reclamacao=Resolvida -> situacao=Finalizada avaliada
ano_abertura=2015,mes_abertura=1,procurou_empresa=S,avaliacao_reclamacao=Resolvida -> situacao=Finalizada avaliada
ano_abertura=2015,mes_abertura=1,respondida=S,avaliacao_reclamacao=Resolvida -> situacao=Finalizada avaliada
ano_abertura=2015,mes_abertura=1,procurou_empresa=S,respondida=S,nota_consumidor=1 -> situacao=Finalizada avaliada
ano_abertura=2015,mes_abertura=1,respondida=S,avaliacao_reclamacao=Resolvida,nota_consumidor=5 -> situacao=Finalizada avaliada
ano_abertura=2015,mes_abertura=1,procurou_empresa=S,respondida=S,nota_consumidor=5 -> situacao=Finalizada avaliada
ano_abertura=2015,mes_abertura=1,procurou_empresa=S,respondida=S,avaliacao_reclamacao=Não Resolvida -> situacao=Finalizada avaliada
regiao=SE,ano_abertura=2015,mes_abertura=1,procurou_empresa=S,avaliacao_reclamacao=Resolvida -> situacao=Finalizada avaliada
regiao=SE,ano_abertura=2015,mes_abertura=1,respondida=S,avaliacao_reclamacao=Resolvida -> situacao=Finalizada avaliada
sexo=M,ano_abertura=2015,mes_abertura=1,respondida=S,avaliacao_reclamacao=Resolvida -> situacao=Finalizada avaliada
ano_abertura=2015,mes_abertura=1,procurou_empresa=S,respondida=S,avaliacao_reclamacao=Resolvida -> situacao=Finalizada avaliada
ano_abertura=2015,mes_abertura=1,procurou_empresa=S,respondida=S,avaliacao_reclamacao=Resolvida,nota_consumidor=5 -> situacao=Finalizada avaliada
regiao=SE,ano_abertura=2015,mes_abertura=1,procurou_empresa=S,respondida=S,avaliacao_reclamacao=Resolvida -> situacao=Finalizada avaliada
sexo=M,ano_abertura=2015,mes_abertura=1,procurou_empresa=S,respondida=S,avaliacao_reclamacao=Resolvida -> situacao=Finalizada avaliada
ano_abertura=2015,mes_abertura=1,como_comprou_contratou=Telefone -> situacao=Finalizada avaliada
ano_abertura=2015,mes_abertura=1,como_comprou_contratou=Telefone,respondida=S -> situacao=Finalizada avaliada
ano_abertura=2015,mes_abertura=1,como_comprou_contratou=Telefone,procurou_empresa=S -> situacao=Finalizada avaliada
ano_abertura=2015,mes_abertura=1,como_comprou_contratou=Telefone,procurou_empresa=S,respondida=S -> situacao=Finalizada avaliada
sexo=M,ano_abertura=2015,mes_abertura=1 -> situacao=Finalizada avaliada
sexo=M,ano_abertura=2015,mes_abertura=1,respondida=S -> situacao=Finalizada avaliada
sexo=M,ano_abertura=2015,mes_abertura=1,procurou_empresa=S -> situacao=Finalizada avaliada
sexo=M,ano_abertura=2015,mes_abertura=1,procurou_empresa=S,respondida=S -> situacao=Finalizada avaliada
faixa_etaria=entre 21 a 30 anos,ano_abertura=2015,mes_abertura=1 -> situacao=Finalizada avaliada
faixa_etaria=entre 21 a 30 anos,ano_abertura=2015,mes_abertura=1,respondida=S -> situacao=Finalizada avaliada
faixa_etaria=entre 21 a 30 anos,ano_abertura=2015,mes_abertura=1,procurou_empresa=S -> situacao=Finalizada avaliada
faixa_etaria=entre 21 a 30 anos,ano_abertura=2015,mes_abertura=1,procurou_empresa=S,respondida=S -> situacao=Finalizada avaliada
ano_abertura=2015,mes_abertura=1 -> situacao=Finalizada avaliada
ano_abertura=2015,mes_abertura=1,respondida=S -> situacao=Finalizada avaliada
regiao=SE,sexo=M,ano_abertura=2015,mes_abertura=1 -> situacao=Finalizada avaliada
regiao=SE,sexo=M,ano_abertura=2015,mes_abertura=1,respondida=S -> situacao=Finalizada avaliada
ano_abertura=2015,mes_abertura=1,procurou_empresa=S -> situacao=Finalizada avaliada
ano_abertura=2015,mes_abertura=1,procurou_empresa=S,respondida=S -> situacao=Finalizada avaliada
regiao=SE,ano_abertura=2015,mes_abertura=1 -> situacao=Finalizada avaliada
regiao=SE,ano_abertura=2015,mes_abertura=1,respondida=S -> situacao=Finalizada avaliada
regiao=SE,ano_abertura=2015,mes_abertura=1,procurou_empresa=S -> situacao=Finalizada avaliada
regiao=SE,ano_abertura=2015,mes_abertura=1,procurou_empresa=S,respondida=S -> situacao=Finalizada avaliada
ano_abertura=2015,mes_abertura=1,como_comprou_contratou=Internet -> situacao=Finalizada avaliada
ano_abertura=2015,mes_abertura=1,como_comprou_contratou=Internet,respondida=S -> situacao=Finalizada avaliada
sexo=F,ano_abertura=2015,mes_abertura=1 -> situacao=Finalizada avaliada
sexo=F,ano_abertura=2015,mes_abertura=1,respondida=S -> situacao=Finalizada avaliada
sexo=F,ano_abertura=2015,mes_abertura=1,procurou_empresa=S -> situacao=Finalizada avaliada
sexo=F,ano_abertura=2015,mes_abertura=1,procurou_empresa=S,respondida=S -> situacao=Finalizada avaliada
faixa_etaria=entre 21 a 30 anos,ano_abertura=2015,mes_abertura=1,respondida=S -> sexo=M
faixa_etaria=entre 21 a 30 anos,ano_abertura=2015,mes_abertura=1 -> sexo=M
ano_abertura=2015,mes_abertura=1,respondida=S,situacao=Finalizada avaliada -> sexo=M
ano_abertura=2015,mes_abertura=1,situacao=Finalizada avaliada -> sexo=M
ano_abertura=2015,mes_abertura=1,procurou_empresa=S,respondida=S,situacao=Finalizada avaliada -> sexo=M
ano_abertura=2015,mes_abertura=1,procurou_empresa=S,situacao=Finalizada avaliada -> sexo=M
ano_abertura=2015,mes_abertura=1,respondida=S -> sexo=M
ano_abertura=2015,mes_abertura=1 -> sexo=M
ano_abertura=2015,mes_abertura=1,como_comprou_contratou=Telefone -> procurou_empresa=S
ano_abertura=2015,mes_abertura=1,como_comprou_contratou=Telefone,respondida=S -> procurou_empresa=S
ano_abertura=2015,mes_abertura=1,como_comprou_contratou=Telefone,situacao=Finalizada avaliada -> procurou_empresa=S
ano_abertura=2015,mes_abertura=1,como_comprou_contratou=Telefone,respondida=S,situacao=Finalizada avaliada -> procurou_empresa=S
ano_abertura=2015,mes_abertura=1,procurou_empresa=S,respondida=S -> sexo=M
ano_abertura=2015,mes_abertura=1,procurou_empresa=S -> sexo=M
regiao=SE,ano_abertura=2015,mes_abertura=1,procurou_empresa=S,respondida=S -> sexo=M
regiao=SE,ano_abertura=2015,mes_abertura=1,respondida=S,situacao=Finalizada avaliada -> sexo=M
regiao=SE,ano_abertura=2015,mes_abertura=1,procurou_empresa=S -> sexo=M
regiao=SE,ano_abertura=2015,mes_abertura=1,situacao=Finalizada avaliada -> sexo=M
regiao=SE,ano_abertura=2015,mes_abertura=1,respondida=S -> sexo=M
regiao=SE,ano_abertura=2015,mes_abertura=1 -> sexo=M
ano_abertura=2015,mes_abertura=1,procurou_empresa=S,respondida=S,situacao=Finalizada avaliada,avaliacao_reclamacao=Resolvida -> sexo=M
ano_abertura=2015,mes_abertura=1,respondida=S,situacao=Finalizada avaliada,avaliacao_reclamacao=Resolvida -> sexo=M
regiao=S ,ano_abertura=2015,mes_abertura=1 -> respondida=S
ano_abertura=2015,mes_abertura=1,situacao=Finalizada avaliada,nota_consumidor=5 -> respondida=S
ano_abertura=2015,mes_abertura=1,situacao=Finalizada avaliada,avaliacao_reclamacao=Resolvida,nota_consumidor=5 -> respondida=S
ano_abertura=2015,mes_abertura=1,procurou_empresa=S,situacao=Finalizada avaliada,nota_consumidor=5 -> respondida=S
sexo=M,ano_abertura=2015,mes_abertura=1,situacao=Finalizada avaliada,avaliacao_reclamacao=Resolvida -> respondida=S
ano_abertura=2015,mes_abertura=1,procurou_empresa=S,situacao=Finalizada avaliada,avaliacao_reclamacao=Resolvida,nota_consumidor=5 -> respondida=S
sexo=M,ano_abertura=2015,mes_abertura=1,procurou_empresa=S,situacao=Finalizada avaliada,avaliacao_reclamacao=Resolvida -> respondida=S
ano_abertura=2015,mes_abertura=1,situacao=Finalizada avaliada,avaliacao_reclamacao=Resolvida -> respondida=S
ano_abertura=2015,mes_abertura=1,procurou_empresa=S,situacao=Finalizada avaliada,avaliacao_reclamacao=Resolvida -> respondida=S
regiao=SE,sexo=M,ano_abertura=2015,mes_abertura=1 -> respondida=S
regiao=SE,ano_abertura=2015,mes_abertura=1,situacao=Finalizada avaliada,avaliacao_reclamacao=Resolvida -> respondida=S
regiao=SE,sexo=M,ano_abertura=2015,mes_abertura=1,situacao=Finalizada avaliada -> respondida=S
ano_abertura=2015,mes_abertura=1,como_comprou_contratou=Internet -> respondida=S
regiao=SE,sexo=M,ano_abertura=2015,mes_abertura=1,procurou_empresa=S -> respondida=S
regiao=SE,ano_abertura=2015,mes_abertura=1,procurou_empresa=S,situacao=Finalizada avaliada,avaliacao_reclamacao=Resolvida -> respondida=S
ano_abertura=2015,mes_abertura=1,como_comprou_contratou=Internet,situacao=Finalizada avaliada -> respondida=S
sexo=M,ano_abertura=2015,mes_abertura=1 -> respondida=S
sexo=M,ano_abertura=2015,mes_abertura=1,situacao=Finalizada avaliada -> respondida=S
sexo=M,ano_abertura=2015,mes_abertura=1,procurou_empresa=S -> respondida=S
sexo=F,ano_abertura=2015,mes_abertura=1 -> procurou_empresa=S
sexo=M,ano_abertura=2015,mes_abertura=1,procurou_empresa=S,situacao=Finalizada avaliada -> respondida=S
faixa_etaria=entre 31 a 40 anos,ano_abertura=2015,mes_abertura=1 -> respondida=S
regiao=SE,ano_abertura=2015,mes_abertura=1 -> respondida=S
faixa_etaria=entre 31 a 40 anos,ano_abertura=2015,mes_abertura=1,situacao=Finalizada avaliada -> respondida=S
faixa_etaria=entre 31 a 40 anos,ano_abertura=2015,mes_abertura=1,procurou_empresa=S -> respondida=S
sexo=F,ano_abertura=2015,mes_abertura=1,respondida=S -> procurou_empresa=S
regiao=SE,ano_abertura=2015,mes_abertura=1,situacao=Finalizada avaliada -> respondida=S
faixa_etaria=entre 31 a 40 anos,ano_abertura=2015,mes_abertura=1,procurou_empresa=S,situacao=Finalizada avaliada -> respondida=S
ano_abertura=2015,mes_abertura=1,como_comprou_contratou=Telefone -> respondida=S
regiao=SE,ano_abertura=2015,mes_abertura=1,procurou_empresa=S -> respondida=S
ano_abertura=2015,mes_abertura=1,como_comprou_contratou=Telefone,situacao=Finalizada avaliada -> respondida=S
ano_abertura=2015,mes_abertura=1,como_comprou_contratou=Telefone,procurou_empresa=S -> respondida=S
regiao=SE,ano_abertura=2015,mes_abertura=1,procurou_empresa=S,situacao=Finalizada avaliada -> respondida=S
ano_abertura=2015,mes_abertura=1 -> respondida=S
sexo=M,faixa_etaria=entre 21 a 30 anos,ano_abertura=2015,mes_abertura=1 -> respondida=S
regiao=SE,uf=SP,ano_abertura=2015,mes_abertura=1 -> respondida=S
ano_abertura=2015,mes_abertura=1,como_comprou_contratou=Telefone,procurou_empresa=S,situacao=Finalizada avaliada -> respondida=S
ano_abertura=2015,mes_abertura=1,situacao=Finalizada avaliada -> respondida=S
ano_abertura=2015,mes_abertura=1,procurou_empresa=S -> respondida=S
ano_abertura=2015,mes_abertura=1,procurou_empresa=S,situacao=Finalizada avaliada -> respondida=S
sexo=F,ano_abertura=2015,mes_abertura=1,situacao=Finalizada avaliada -> procurou_empresa=S
sexo=F,ano_abertura=2015,mes_abertura=1 -> respondida=S
faixa_etaria=entre 21 a 30 anos,ano_abertura=2015,mes_abertura=1 -> respondida=S
sexo=F,ano_abertura=2015,mes_abertura=1,respondida=S,situacao=Finalizada avaliada -> procurou_empresa=S
faixa_etaria=entre 21 a 30 anos,ano_abertura=2015,mes_abertura=1,situacao=Finalizada avaliada -> respondida=S
sexo=F,ano_abertura=2015,mes_abertura=1,situacao=Finalizada avaliada -> respondida=S
sexo=F,ano_abertura=2015,mes_abertura=1,procurou_empresa=S -> respondida=S
faixa_etaria=entre 21 a 30 anos,ano_abertura=2015,mes_abertura=1,procurou_empresa=S -> respondida=S
sexo=F,ano_abertura=2015,mes_abertura=1,procurou_empresa=S,situacao=Finalizada avaliada -> respondida=S
faixa_etaria=entre 21 a 30 anos,ano_abertura=2015,mes_abertura=1,procurou_empresa=S,situacao=Finalizada avaliada -> respondida=S
sexo=M,ano_abertura=2015,mes_abertura=1,respondida=S,situacao=Finalizada avaliada,avaliacao_reclamacao=Resolvida -> procurou_empresa=S
ano_abertura=2015,mes_abertura=1,situacao=Finalizada avaliada,nota_consumidor=1 -> respondida=S
ano_abertura=2015,mes_abertura=1,procurou_empresa=S,situacao=Finalizada avaliada,nota_consumidor=1 -> respondida=S
ano_abertura=2015,mes_abertura=1,situacao=Finalizada avaliada,avaliacao_reclamacao=Resolvida -> procurou_empresa=S
ano_abertura=2015,mes_abertura=1,respondida=S,situacao=Finalizada avaliada,avaliacao_reclamacao=Resolvida -> procurou_empresa=S
ano_abertura=2015,mes_abertura=1 -> procurou_empresa=S
ano_abertura=2015,mes_abertura=1,respondida=S -> procurou_empresa=S
ano_abertura=2015,mes_abertura=1,situacao=Finalizada avaliada -> procurou_empresa=S
ano_abertura=2015,mes_abertura=1,respondida=S,situacao=Finalizada avaliada -> procurou_empresa=S
ano_abertura=2015,mes_abertura=1,situacao=Finalizada avaliada,nota_consumidor=1 -> procurou_empresa=S
ano_abertura=2015,mes_abertura=1,respondida=S,situacao=Finalizada avaliada,nota_consumidor=1 -> procurou_empresa=S
sexo=M,ano_abertura=2015,mes_abertura=1 -> procurou_empresa=S
sexo=M,ano_abertura=2015,mes_abertura=1,respondida=S -> procurou_empresa=S
sexo=M,ano_abertura=2015,mes_abertura=1,situacao=Finalizada avaliada -> procurou_empresa=S
sexo=M,ano_abertura=2015,mes_abertura=1,respondida=S,situacao=Finalizada avaliada -> procurou_empresa=S
regiao=SE,ano_abertura=2015,mes_abertura=1,situacao=Finalizada avaliada,avaliacao_reclamacao=Resolvida -> procurou_empresa=S
regiao=SE,ano_abertura=2015,mes_abertura=1,respondida=S,situacao=Finalizada avaliada,avaliacao_reclamacao=Resolvida -> procurou_empresa=S
regiao=SE,sexo=M,ano_abertura=2015,mes_abertura=1 -> procurou_empresa=S
regiao=SE,sexo=M,ano_abertura=2015,mes_abertura=1,respondida=S -> procurou_empresa=S
regiao=SE,ano_abertura=2015,mes_abertura=1 -> procurou_empresa=S
regiao=SE,ano_abertura=2015,mes_abertura=1,respondida=S -> procurou_empresa=S
regiao=SE,ano_abertura=2015,mes_abertura=1,situacao=Finalizada avaliada -> procurou_empresa=S
regiao=SE,ano_abertura=2015,mes_abertura=1,respondida=S,situacao=Finalizada avaliada -> procurou_empresa=S
faixa_etaria=entre 21 a 30 anos,ano_abertura=2015,mes_abertura=1 -> procurou_empresa=S
faixa_etaria=entre 21 a 30 anos,ano_abertura=2015,mes_abertura=1,respondida=S -> procurou_empresa=S
ano_abertura=2015,mes_abertura=1,respondida=S,situacao=Finalizada avaliada,nota_consumidor=5 -> procurou_empresa=S
faixa_etaria=entre 21 a 30 anos,ano_abertura=2015,mes_abertura=1,situacao=Finalizada avaliada -> procurou_empresa=S
faixa_etaria=entre 21 a 30 anos,ano_abertura=2015,mes_abertura=1,respondida=S,situacao=Finalizada avaliada -> procurou_empresa=S
ano_abertura=2015,mes_abertura=1,respondida=S,situacao=Finalizada avaliada,avaliacao_reclamacao=Resolvida,nota_consumidor=5 -> procurou_empresa=S
