regiao=SE,ano_abertura=2014 -> uf=SP
regiao=SE,ano_abertura=2014,mes_abertura=12 -> uf=SP
regiao=SE,ano_abertura=2014,respondida=S -> uf=SP
regiao=SE,ano_abertura=2014,mes_abertura=12,respondida=S -> uf=SP
regiao=SE,ano_abertura=2014,procurou_empresa=S -> uf=SP
regiao=SE,ano_abertura=2014,mes_abertura=12,procurou_empresa=S -> uf=SP
regiao=SE,ano_abertura=2014,procurou_empresa=S,respondida=S -> uf=SP
regiao=SE,ano_abertura=2014,mes_abertura=12,procurou_empresa=S,respondida=S -> uf=SP
regiao=SE,procurou_empresa=S -> uf=SP
uf=RJ -> regiao=SE
uf=SP -> regiao=SE
uf=RJ,respondida=S -> regiao=SE
uf=SP,ano_abertura=2014 -> regiao=SE
uf=SP,situacao=Finalizada avaliada -> regiao=SE
uf=SP,sexo=M -> regiao=SE
uf=SP,procurou_empresa=S -> regiao=SE
uf=SP,respondida=S -> regiao=SE
uf=SP,ano_abertura=2014,mes_abertura=12 -> regiao=SE
uf=SP,ano_abertura=2014,procurou_empresa=S -> regiao=SE
uf=SP,ano_abertura=2014,respondida=S -> regiao=SE
uf=SP,procurou_empresa=S,situacao=Finalizada avaliada -> regiao=SE
uf=SP,respondida=S,situacao=Finalizada avaliada -> regiao=SE
uf=SP,sexo=M,procurou_empresa=S -> regiao=SE
uf=SP,sexo=M,respondida=S -> regiao=SE
uf=SP,procurou_empresa=S,respondida=S -> regiao=SE
uf=SP,ano_abertura=2014,mes_abertura=12,procurou_empresa=S -> regiao=SE
uf=SP,ano_abertura=2014,mes_abertura=12,respondida=S -> regiao=SE
uf=SP,ano_abertura=2014,procurou_empresa=S,respondida=S -> regiao=SE
uf=SP,procurou_empresa=S,respondida=S,situacao=Finalizada avaliada -> regiao=SE
uf=SP,sexo=M,procurou_empresa=S,respondida=S -> regiao=SE
uf=SP,ano_abertura=2014,mes_abertura=12,procurou_empresa=S,respondida=S -> regiao=SE
regiao=SE -> uf=SP
regiao=SE,procurou_empresa=S,respondida=S -> uf=SP
regiao=SE,respondida=S -> uf=SP
regiao=SE,procurou_empresa=S,situacao=Finalizada avaliada -> uf=SP
regiao=SE,procurou_empresa=S,respondida=S,situacao=Finalizada avaliada -> uf=SP
regiao=SE,situacao=Finalizada avaliada -> uf=SP
regiao=SE,respondida=S,situacao=Finalizada avaliada -> uf=SP
regiao=SE,sexo=M -> uf=SP
regiao=SE,sexo=M,respondida=S -> uf=SP
regiao=SE,sexo=M,procurou_empresa=S -> uf=SP
regiao=SE,sexo=M,procurou_empresa=S,respondida=S -> uf=SP
como_comprou_contratou=Internet -> regiao=SE
como_comprou_contratou=Internet,respondida=S -> regiao=SE
como_comprou_contratou=Internet,procurou_empresa=S -> regiao=SE
como_comprou_contratou=Internet,procurou_empresa=S,respondida=S -> regiao=SE
sexo=M,como_comprou_contratou=Internet -> regiao=SE
sexo=M,como_comprou_contratou=Internet,respondida=S -> regiao=SE
sexo=F,situacao=Finalizada avaliada -> regiao=SE
sexo=F,respondida=S,situacao=Finalizada avaliada -> regiao=SE
situacao=Finalizada avaliada,avaliacao_reclamacao=Não Resolvida -> regiao=SE
respondida=S,situacao=Finalizada avaliada,avaliacao_reclamacao=Não Resolvida -> regiao=SE
