avaliacao_reclamacao=Não Avaliada -> situacao=Finalizada não avaliada
como_comprou_contratou=Loja física,avaliacao_reclamacao=Não Avaliada -> situacao=Finalizada não avaliada
como_comprou_contratou=Internet,avaliacao_reclamacao=Não Avaliada -> situacao=Finalizada não avaliada
faixa_etaria=entre 31 a 40 anos,avaliacao_reclamacao=Não Avaliada -> situacao=Finalizada não avaliada
faixa_etaria=entre 21 a 30 anos,avaliacao_reclamacao=Não Avaliada -> situacao=Finalizada não avaliada
sexo=F,avaliacao_reclamacao=Não Avaliada -> situacao=Finalizada não avaliada
regiao=SE,avaliacao_reclamacao=Não Avaliada -> situacao=Finalizada não avaliada
ano_abertura=2014,avaliacao_reclamacao=Não Avaliada -> situacao=Finalizada não avaliada
sexo=M,avaliacao_reclamacao=Não Avaliada -> situacao=Finalizada não avaliada
procurou_empresa=S,avaliacao_reclamacao=Não Avaliada -> situacao=Finalizada não avaliada
respondida=S,avaliacao_reclamacao=Não Avaliada -> situacao=Finalizada não avaliada
como_comprou_contratou=Loja física,respondida=S,avaliacao_reclamacao=Não Avaliada -> situacao=Finalizada não avaliada
ano_abertura=2014,como_comprou_contratou=Internet,avaliacao_reclamacao=Não Avaliada -> situacao=Finalizada não avaliada
como_comprou_contratou=Internet,procurou_empresa=S,avaliacao_reclamacao=Não Avaliada -> situacao=Finalizada não avaliada
como_comprou_contratou=Internet,respondida=S,avaliacao_reclamacao=Não Avaliada -> situacao=Finalizada não avaliada
faixa_etaria=entre 31 a 40 anos,procurou_empresa=S,avaliacao_reclamacao=Não Avaliada -> situacao=Finalizada não avaliada
faixa_etaria=entre 31 a 40 anos,respondida=S,avaliacao_reclamacao=Não Avaliada -> situacao=Finalizada não avaliada
faixa_etaria=entre 21 a 30 anos,ano_abertura=2014,avaliacao_reclamacao=Não Avaliada -> situacao=Finalizada não avaliada
faixa_etaria=entre 21 a 30 anos,procurou_empresa=S,avaliacao_reclamacao=Não Avaliada -> situacao=Finalizada não avaliada
faixa_etaria=entre 21 a 30 anos,respondida=S,avaliacao_reclamacao=Não Avaliada -> situacao=Finalizada não avaliada
sexo=F,ano_abertura=2014,avaliacao_reclamacao=Não Avaliada -> situacao=Finalizada não avaliada
sexo=F,procurou_empresa=S,avaliacao_reclamacao=Não Avaliada -> situacao=Finalizada não avaliada
sexo=F,respondida=S,avaliacao_reclamacao=Não Avaliada -> situacao=Finalizada não avaliada
regiao=SE,ano_abertura=2014,avaliacao_reclamacao=Não Avaliada -> situacao=Finalizada não avaliada
regiao=SE,sexo=M,avaliacao_reclamacao=Não Avaliada -> situacao=Finalizada não avaliada
regiao=SE,procurou_empresa=S,avaliacao_reclamacao=Não Avaliada -> situacao=Finalizada não avaliada
regiao=SE,respondida=S,avaliacao_reclamacao=Não Avaliada -> situacao=Finalizada não avaliada
ano_abertura=2014,mes_abertura=12,avaliacao_reclamacao=Não Avaliada -> situacao=Finalizada não avaliada
sexo=M,ano_abertura=2014,avaliacao_reclamacao=Não Avaliada -> situacao=Finalizada não avaliada
ano_abertura=2014,procurou_empresa=S,avaliacao_reclamacao=Não Avaliada -> situacao=Finalizada não avaliada
ano_abertura=2014,respondida=S,avaliacao_reclamacao=Não Avaliada -> situacao=Finalizada não avaliada
sexo=M,procurou_empresa=S,avaliacao_reclamacao=Não Avaliada -> situacao=Finalizada não avaliada
sexo=M,respondida=S,avaliacao_reclamacao=Não Avaliada -> situacao=Finalizada não avaliada
procurou_empresa=S,respondida=S,avaliacao_reclamacao=Não Avaliada -> situacao=Finalizada não avaliada
ano_abertura=2014,mes_abertura=12,como_comprou_contratou=Internet,avaliacao_reclamacao=Não Avaliada -> situacao=Finalizada não avaliada
ano_abertura=2014,como_comprou_contratou=Internet,respondida=S,avaliacao_reclamacao=Não Avaliada -> situacao=Finalizada não avaliada
como_comprou_contratou=Internet,procurou_empresa=S,respondida=S,avaliacao_reclamacao=Não Avaliada -> situacao=Finalizada não avaliada
faixa_etaria=entre 31 a 40 anos,ano_abertura=2014,mes_abertura=12,avaliacao_reclamacao=Não Avaliada -> situacao=Finalizada não avaliada
faixa_etaria=entre 31 a 40 anos,procurou_empresa=S,respondida=S,avaliacao_reclamacao=Não Avaliada -> situacao=Finalizada não avaliada
faixa_etaria=entre 21 a 30 anos,ano_abertura=2014,mes_abertura=12,avaliacao_reclamacao=Não Avaliada -> situacao=Finalizada não avaliada
faixa_etaria=entre 21 a 30 anos,ano_abertura=2014,procurou_empresa=S,avaliacao_reclamacao=Não Avaliada -> situacao=Finalizada não avaliada
faixa_etaria=entre 21 a 30 anos,ano_abertura=2014,respondida=S,avaliacao_reclamacao=Não Avaliada -> situacao=Finalizada não avaliada
faixa_etaria=entre 21 a 30 anos,procurou_empresa=S,respondida=S,avaliacao_reclamacao=Não Avaliada -> situacao=Finalizada não avaliada
sexo=F,ano_abertura=2014,mes_abertura=12,avaliacao_reclamacao=Não Avaliada -> situacao=Finalizada não avaliada
sexo=F,ano_abertura=2014,procurou_empresa=S,avaliacao_reclamacao=Não Avaliada -> situacao=Finalizada não avaliada
sexo=F,ano_abertura=2014,respondida=S,avaliacao_reclamacao=Não Avaliada -> situacao=Finalizada não avaliada
sexo=F,procurou_empresa=S,respondida=S,avaliacao_reclamacao=Não Avaliada -> situacao=Finalizada não avaliada
regiao=SE,ano_abertura=2014,mes_abertura=12,avaliacao_reclamacao=Não Avaliada -> situacao=Finalizada não avaliada
regiao=SE,ano_abertura=2014,procurou_empresa=S,avaliacao_reclamacao=Não Avaliada -> situacao=Finalizada não avaliada
regiao=SE,ano_abertura=2014,respondida=S,avaliacao_reclamacao=Não Avaliada -> situacao=Finalizada não avaliada
regiao=SE,sexo=M,respondida=S,avaliacao_reclamacao=Não Avaliada -> situacao=Finalizada não avaliada
regiao=SE,procurou_empresa=S,respondida=S,avaliacao_reclamacao=Não Avaliada -> situacao=Finalizada não avaliada
sexo=M,ano_abertura=2014,mes_abertura=12,avaliacao_reclamacao=Não Avaliada -> situacao=Finalizada não avaliada
ano_abertura=2014,mes_abertura=12,procurou_empresa=S,avaliacao_reclamacao=Não Avaliada -> situacao=Finalizada não avaliada
ano_abertura=2014,mes_abertura=12,respondida=S,avaliacao_reclamacao=Não Avaliada -> situacao=Finalizada não avaliada
sexo=M,ano_abertura=2014,procurou_empresa=S,avaliacao_reclamacao=Não Avaliada -> situacao=Finalizada não avaliada
sexo=M,ano_abertura=2014,respondida=S,avaliacao_reclamacao=Não Avaliada -> situacao=Finalizada não avaliada
ano_abertura=2014,procurou_empresa=S,respondida=S,avaliacao_reclamacao=Não Avaliada -> situacao=Finalizada não avaliada
sexo=M,procurou_empresa=S,respondida=S,avaliacao_reclamacao=Não Avaliada -> situacao=Finalizada não avaliada
ano_abertura=2014,mes_abertura=12,como_comprou_contratou=Internet,respondida=S,avaliacao_reclamacao=Não Avaliada -> situacao=Finalizada não avaliada
faixa_etaria=entre 31 a 40 anos,ano_abertura=2014,mes_abertura=12,procurou_empresa=S,avaliacao_reclamacao=Não Avaliada -> situacao=Finalizada não avaliada
faixa_etaria=entre 31 a 40 anos,ano_abertura=2014,mes_abertura=12,respondida=S,avaliacao_reclamacao=Não Avaliada -> situacao=Finalizada não avaliada
faixa_etaria=entre 21 a 30 anos,ano_abertura=2014,mes_abertura=12,procurou_empresa=S,avaliacao_reclamacao=Não Avaliada -> situacao=Finalizada não avaliada
faixa_etaria=entre 21 a 30 anos,ano_abertura=2014,mes_abertura=12,respondida=S,avaliacao_reclamacao=Não Avaliada -> situacao=Finalizada não avaliada
faixa_etaria=entre 21 a 30 anos,ano_abertura=2014,procurou_empresa=S,respondida=S,avaliacao_reclamacao=Não Avaliada -> situacao=Finalizada não avaliada
sexo=F,ano_abertura=2014,mes_abertura=12,procurou_empresa=S,avaliacao_reclamacao=Não Avaliada -> situacao=Finalizada não avaliada
sexo=F,ano_abertura=2014,mes_abertura=12,respondida=S,avaliacao_reclamacao=Não Avaliada -> situacao=Finalizada não avaliada
sexo=F,ano_abertura=2014,procurou_empresa=S,respondida=S,avaliacao_reclamacao=Não Avaliada -> situacao=Finalizada não avaliada
regiao=SE,ano_abertura=2014,mes_abertura=12,procurou_empresa=S,avaliacao_reclamacao=Não Avaliada -> situacao=Finalizada não avaliada
regiao=SE,ano_abertura=2014,mes_abertura=12,respondida=S,avaliacao_reclamacao=Não Avaliada -> situacao=Finalizada não avaliada
regiao=SE,ano_abertura=2014,procurou_empresa=S,respondida=S,avaliacao_reclamacao=Não Avaliada -> situacao=Finalizada não avaliada
sexo=M,ano_abertura=2014,mes_abertura=12,procurou_empresa=S,avaliacao_reclamacao=Não Avaliada -> situacao=Finalizada não avaliada
sexo=M,ano_abertura=2014,mes_abertura=12,respondida=S,avaliacao_reclamacao=Não Avaliada -> situacao=Finalizada não avaliada
ano_abertura=2014,mes_abertura=12,procurou_empresa=S,respondida=S,avaliacao_reclamacao=Não Avaliada -> situacao=Finalizada não avaliada
sexo=M,ano_abertura=2014,procurou_empresa=S,respondida=S,avaliacao_reclamacao=Não Avaliada -> situacao=Finalizada não avaliada
faixa_etaria=entre 31 a 40 anos,ano_abertura=2014,mes_abertura=12,procurou_empresa=S,respondida=S,avaliacao_reclamacao=Não Avaliada -> situacao=Finalizada não avaliada
faixa_etaria=entre 21 a 30 anos,ano_abertura=2014,mes_abertura=12,procurou_empresa=S,respondida=S,avaliacao_reclamacao=Não Avaliada -> situacao=Finalizada não avaliada
sexo=F,ano_abertura=2014,mes_abertura=12,procurou_empresa=S,respondida=S,avaliacao_reclamacao=Não Avaliada -> situacao=Finalizada não avaliada
regiao=SE,ano_abertura=2014,mes_abertura=12,procurou_empresa=S,respondida=S,avaliacao_reclamacao=Não Avaliada -> situacao=Finalizada não avaliada
sexo=M,ano_abertura=2014,mes_abertura=12,procurou_empresa=S,respondida=S,avaliacao_reclamacao=Não Avaliada -> situacao=Finalizada não avaliada
