sexo=M,procurou_empresa=S,respondida=S,situacao=Finalizada avaliada,avaliacao_reclamacao=Não Resolvida -> nota_consumidor=1
sexo=M,procurou_empresa=S,situacao=Finalizada avaliada,avaliacao_reclamacao=Não Resolvida -> nota_consumidor=1
sexo=M,respondida=S,situacao=Finalizada avaliada,avaliacao_reclamacao=Não Resolvida -> nota_consumidor=1
sexo=M,situacao=Finalizada avaliada,avaliacao_reclamacao=Não Resolvida -> nota_consumidor=1
sexo=M,respondida=S,situacao=Finalizada avaliada,nota_consumidor=1 -> avaliacao_reclamacao=Não Resolvida
sexo=M,situacao=Finalizada avaliada,nota_consumidor=1 -> avaliacao_reclamacao=Não Resolvida
sexo=M,procurou_empresa=S,respondida=S,situacao=Finalizada avaliada,nota_consumidor=1 -> avaliacao_reclamacao=Não Resolvida
procurou_empresa=S,situacao=Finalizada avaliada,avaliacao_reclamacao=Não Resolvida -> nota_consumidor=1
sexo=M,procurou_empresa=S,situacao=Finalizada avaliada,nota_consumidor=1 -> avaliacao_reclamacao=Não Resolvida
procurou_empresa=S,respondida=S,situacao=Finalizada avaliada,avaliacao_reclamacao=Não Resolvida -> nota_consumidor=1
situacao=Finalizada avaliada,nota_consumidor=1 -> avaliacao_reclamacao=Não Resolvida
situacao=Finalizada avaliada,avaliacao_reclamacao=Não Resolvida -> nota_consumidor=1
respondida=S,situacao=Finalizada avaliada,nota_consumidor=1 -> avaliacao_reclamacao=Não Resolvida
respondida=S,situacao=Finalizada avaliada,avaliacao_reclamacao=Não Resolvida -> nota_consumidor=1
procurou_empresa=S,situacao=Finalizada avaliada,nota_consumidor=1 -> avaliacao_reclamacao=Não Resolvida
procurou_empresa=S,respondida=S,situacao=Finalizada avaliada,nota_consumidor=1 -> avaliacao_reclamacao=Não Resolvida
sexo=M,procurou_empresa=S,situacao=Finalizada avaliada,nota_consumidor=5 -> avaliacao_reclamacao=Resolvida
sexo=M,procurou_empresa=S,respondida=S,situacao=Finalizada avaliada,nota_consumidor=5 -> avaliacao_reclamacao=Resolvida
sexo=M,situacao=Finalizada avaliada,nota_consumidor=5 -> avaliacao_reclamacao=Resolvida
sexo=M,respondida=S,situacao=Finalizada avaliada,nota_consumidor=5 -> avaliacao_reclamacao=Resolvida
procurou_empresa=S,situacao=Finalizada avaliada,nota_consumidor=5 -> avaliacao_reclamacao=Resolvida
procurou_empresa=S,respondida=S,situacao=Finalizada avaliada,nota_consumidor=5 -> avaliacao_reclamacao=Resolvida
situacao=Finalizada avaliada,nota_consumidor=5 -> avaliacao_reclamacao=Resolvida
respondida=S,situacao=Finalizada avaliada,nota_consumidor=5 -> avaliacao_reclamacao=Resolvida
como_comprou_contratou=Telefone,procurou_empresa=S,respondida=S,situacao=Finalizada avaliada -> avaliacao_reclamacao=Resolvida
como_comprou_contratou=Telefone,respondida=S,situacao=Finalizada avaliada -> avaliacao_reclamacao=Resolvida
sexo=F,respondida=S,situacao=Finalizada avaliada -> avaliacao_reclamacao=Resolvida
sexo=F,procurou_empresa=S,respondida=S,situacao=Finalizada avaliada -> avaliacao_reclamacao=Resolvida
sexo=F,situacao=Finalizada avaliada -> avaliacao_reclamacao=Resolvida
sexo=F,procurou_empresa=S,situacao=Finalizada avaliada -> avaliacao_reclamacao=Resolvida
faixa_etaria=entre 21 a 30 anos,respondida=S,situacao=Finalizada avaliada -> avaliacao_reclamacao=Resolvida
procurou_empresa=S,respondida=S,situacao=Finalizada avaliada -> avaliacao_reclamacao=Resolvida
faixa_etaria=entre 21 a 30 anos,situacao=Finalizada avaliada -> avaliacao_reclamacao=Resolvida
respondida=S,situacao=Finalizada avaliada -> avaliacao_reclamacao=Resolvida
procurou_empresa=S,situacao=Finalizada avaliada -> avaliacao_reclamacao=Resolvida
situacao=Finalizada avaliada -> avaliacao_reclamacao=Resolvida
faixa_etaria=entre 21 a 30 anos,procurou_empresa=S,respondida=S,situacao=Finalizada avaliada -> avaliacao_reclamacao=Resolvida
faixa_etaria=entre 21 a 30 anos,procurou_empresa=S,situacao=Finalizada avaliada -> avaliacao_reclamacao=Resolvida
faixa_etaria=entre 31 a 40 anos,procurou_empresa=S,respondida=S,situacao=Finalizada avaliada -> avaliacao_reclamacao=Resolvida
regiao=SE,procurou_empresa=S,respondida=S,situacao=Finalizada avaliada -> avaliacao_reclamacao=Resolvida
faixa_etaria=entre 31 a 40 anos,procurou_empresa=S,situacao=Finalizada avaliada -> avaliacao_reclamacao=Resolvida
regiao=SE,procurou_empresa=S,situacao=Finalizada avaliada -> avaliacao_reclamacao=Resolvida
regiao=SE,respondida=S,situacao=Finalizada avaliada -> avaliacao_reclamacao=Resolvida
faixa_etaria=entre 31 a 40 anos,respondida=S,situacao=Finalizada avaliada -> avaliacao_reclamacao=Resolvida
regiao=SE,situacao=Finalizada avaliada -> avaliacao_reclamacao=Resolvida
faixa_etaria=entre 31 a 40 anos,situacao=Finalizada avaliada -> avaliacao_reclamacao=Resolvida
sexo=M,procurou_empresa=S,respondida=S,situacao=Finalizada avaliada -> avaliacao_reclamacao=Resolvida
sexo=M,procurou_empresa=S,situacao=Finalizada avaliada -> avaliacao_reclamacao=Resolvida
sexo=M,respondida=S,situacao=Finalizada avaliada -> avaliacao_reclamacao=Resolvida
regiao=SE,sexo=M,procurou_empresa=S,respondida=S,situacao=Finalizada avaliada -> avaliacao_reclamacao=Resolvida
regiao=SE,sexo=M,procurou_empresa=S,situacao=Finalizada avaliada -> avaliacao_reclamacao=Resolvida
sexo=M,situacao=Finalizada avaliada -> avaliacao_reclamacao=Resolvida
regiao=SE,sexo=M,respondida=S,situacao=Finalizada avaliada -> avaliacao_reclamacao=Resolvida
regiao=SE,sexo=M,situacao=Finalizada avaliada -> avaliacao_reclamacao=Resolvida
como_comprou_contratou=Telefone,situacao=Finalizada avaliada,avaliacao_reclamacao=Resolvida -> respondida=S
como_comprou_contratou=Telefone,procurou_empresa=S,situacao=Finalizada avaliada,avaliacao_reclamacao=Resolvida -> respondida=S
situacao=Finalizada avaliada,nota_consumidor=5 -> respondida=S
situacao=Finalizada avaliada,avaliacao_reclamacao=Resolvida,nota_consumidor=5 -> respondida=S
procurou_empresa=S,situacao=Finalizada avaliada,nota_consumidor=5 -> respondida=S
procurou_empresa=S,situacao=Finalizada avaliada,avaliacao_reclamacao=Resolvida,nota_consumidor=5 -> respondida=S
sexo=F,situacao=Finalizada avaliada,avaliacao_reclamacao=Resolvida -> respondida=S
regiao=S ,situacao=Finalizada avaliada -> respondida=S
sexo=F,procurou_empresa=S,situacao=Finalizada avaliada,avaliacao_reclamacao=Resolvida -> respondida=S
regiao=S ,procurou_empresa=S,situacao=Finalizada avaliada -> respondida=S
sexo=M,situacao=Finalizada avaliada,nota_consumidor=5 -> respondida=S
sexo=M,situacao=Finalizada avaliada,avaliacao_reclamacao=Resolvida,nota_consumidor=5 -> respondida=S
sexo=M,procurou_empresa=S,situacao=Finalizada avaliada,nota_consumidor=5 -> respondida=S
sexo=M,procurou_empresa=S,situacao=Finalizada avaliada,avaliacao_reclamacao=Resolvida,nota_consumidor=5 -> respondida=S
situacao=Finalizada avaliada,avaliacao_reclamacao=Resolvida -> respondida=S
procurou_empresa=S,situacao=Finalizada avaliada,avaliacao_reclamacao=Resolvida -> respondida=S
faixa_etaria=entre 21 a 30 anos,situacao=Finalizada avaliada,avaliacao_reclamacao=Resolvida -> respondida=S
faixa_etaria=entre 31 a 40 anos,situacao=Finalizada avaliada,avaliacao_reclamacao=Resolvida -> respondida=S
sexo=M,situacao=Finalizada avaliada,avaliacao_reclamacao=Resolvida -> respondida=S
faixa_etaria=entre 21 a 30 anos,procurou_empresa=S,situacao=Finalizada avaliada,avaliacao_reclamacao=Resolvida -> respondida=S
faixa_etaria=entre 31 a 40 anos,procurou_empresa=S,situacao=Finalizada avaliada,avaliacao_reclamacao=Resolvida -> respondida=S
como_comprou_contratou=Não comprei / contratei,situacao=Finalizada avaliada -> respondida=S
sexo=M,procurou_empresa=S,situacao=Finalizada avaliada,avaliacao_reclamacao=Resolvida -> respondida=S
como_comprou_contratou=Telefone,situacao=Finalizada avaliada -> respondida=S
sexo=M,como_comprou_contratou=Telefone -> respondida=S
como_comprou_contratou=Telefone -> respondida=S
sexo=M,como_comprou_contratou=Telefone,situacao=Finalizada avaliada -> respondida=S
como_comprou_contratou=Telefone,procurou_empresa=S,situacao=Finalizada avaliada -> respondida=S
sexo=M,como_comprou_contratou=Telefone,procurou_empresa=S -> respondida=S
como_comprou_contratou=Telefone,procurou_empresa=S -> respondida=S
regiao=SE,situacao=Finalizada avaliada,avaliacao_reclamacao=Resolvida -> respondida=S
sexo=M,faixa_etaria=entre 21 a 30 anos,situacao=Finalizada avaliada -> respondida=S
regiao=SE,procurou_empresa=S,situacao=Finalizada avaliada,avaliacao_reclamacao=Resolvida -> respondida=S
sexo=M,situacao=Finalizada avaliada -> respondida=S
sexo=M,procurou_empresa=S,situacao=Finalizada avaliada -> respondida=S
sexo=M,faixa_etaria=entre 21 a 30 anos,procurou_empresa=S,situacao=Finalizada avaliada -> respondida=S
situacao=Finalizada avaliada -> respondida=S
regiao=SE,sexo=M,situacao=Finalizada avaliada,avaliacao_reclamacao=Resolvida -> respondida=S
procurou_empresa=S,situacao=Finalizada avaliada -> respondida=S
faixa_etaria=entre 21 a 30 anos,situacao=Finalizada avaliada -> respondida=S
regiao=SE,sexo=M,procurou_empresa=S,situacao=Finalizada avaliada,avaliacao_reclamacao=Resolvida -> respondida=S
sexo=F,situacao=Finalizada avaliada -> respondida=S
faixa_etaria=entre 21 a 30 anos,procurou_empresa=S,situacao=Finalizada avaliada -> respondida=S
regiao=SE,sexo=M,situacao=Finalizada avaliada -> respondida=S
regiao=SE,situacao=Finalizada avaliada -> respondida=S
sexo=F,procurou_empresa=S,situacao=Finalizada avaliada -> respondida=S
regiao=SE,sexo=F,situacao=Finalizada avaliada -> respondida=S
sexo=M,procurou_empresa=S,situacao=Finalizada avaliada,avaliacao_reclamacao=Não Resolvida,nota_consumidor=1 -> respondida=S
regiao=SE,sexo=M,procurou_empresa=S,situacao=Finalizada avaliada -> respondida=S
regiao=SE,procurou_empresa=S,situacao=Finalizada avaliada -> respondida=S
sexo=M,procurou_empresa=S,situacao=Finalizada avaliada,nota_consumidor=1 -> respondida=S
sexo=M,situacao=Finalizada avaliada,avaliacao_reclamacao=Não Resolvida,nota_consumidor=1 -> respondida=S
sexo=M,situacao=Finalizada avaliada,nota_consumidor=1 -> respondida=S
sexo=M,procurou_empresa=S,situacao=Finalizada avaliada,avaliacao_reclamacao=Não Resolvida -> respondida=S
sexo=M,situacao=Finalizada avaliada,avaliacao_reclamacao=Não Resolvida -> respondida=S
regiao=SE,uf=SP,procurou_empresa=S,situacao=Finalizada avaliada -> respondida=S
situacao=Finalizada avaliada,avaliacao_reclamacao=Não Resolvida -> respondida=S
regiao=SE,situacao=Finalizada avaliada,avaliacao_reclamacao=Não Resolvida -> respondida=S
procurou_empresa=S,situacao=Finalizada avaliada,avaliacao_reclamacao=Não Resolvida -> respondida=S
situacao=Finalizada avaliada,nota_consumidor=1 -> respondida=S
procurou_empresa=S,situacao=Finalizada avaliada,nota_consumidor=1 -> respondida=S
situacao=Finalizada avaliada,avaliacao_reclamacao=Não Resolvida,nota_consumidor=1 -> respondida=S
procurou_empresa=S,situacao=Finalizada avaliada,avaliacao_reclamacao=Não Resolvida,nota_consumidor=1 -> respondida=S
