regiao=S ,procurou_empresa=S,respondida=S -> uf=PR
regiao=S ,procurou_empresa=S -> uf=PR
regiao=S ,respondida=S -> uf=PR
uf=PR -> regiao=S 
uf=PR,procurou_empresa=S -> regiao=S 
uf=PR,respondida=S -> regiao=S 
uf=PR,procurou_empresa=S,respondida=S -> regiao=S 
regiao=S  -> uf=PR
mes_abertura=12,tempo_resposta=10,respondida=S -> ano_abertura=2014
mes_abertura=12,tempo_resposta=10,procurou_empresa=S,respondida=S -> ano_abertura=2014
regiao=S ,ano_abertura=2014 -> mes_abertura=12
regiao=S ,ano_abertura=2014,respondida=S -> mes_abertura=12
regiao=S ,ano_abertura=2014,procurou_empresa=S -> mes_abertura=12
regiao=S ,ano_abertura=2014,procurou_empresa=S,respondida=S -> mes_abertura=12
ano_abertura=2014,mes_abertura=12,avaliacao_reclamacao=Resolvida -> situacao=Finalizada avaliada
ano_abertura=2014,mes_abertura=12,procurou_empresa=S,avaliacao_reclamacao=Resolvida -> situacao=Finalizada avaliada
ano_abertura=2014,mes_abertura=12,respondida=S,avaliacao_reclamacao=Resolvida -> situacao=Finalizada avaliada
ano_abertura=2014,mes_abertura=12,procurou_empresa=S,respondida=S,avaliacao_reclamacao=Resolvida -> situacao=Finalizada avaliada
ano_abertura=2014,mes_abertura=12,procurou_empresa=S,respondida=S,situacao=Finalizada avaliada -> avaliacao_reclamacao=Resolvida
ano_abertura=2014,mes_abertura=12,respondida=S,situacao=Finalizada avaliada -> avaliacao_reclamacao=Resolvida
ano_abertura=2014,mes_abertura=12,procurou_empresa=S,situacao=Finalizada avaliada -> avaliacao_reclamacao=Resolvida
ano_abertura=2014,mes_abertura=12,situacao=Finalizada avaliada -> avaliacao_reclamacao=Resolvida
tempo_resposta=10,respondida=S -> ano_abertura=2014
tempo_resposta=10,procurou_empresa=S,respondida=S -> ano_abertura=2014
ano_abertura=2014,mes_abertura=12,situacao=Finalizada avaliada -> regiao=SE
ano_abertura=2014,mes_abertura=12,respondida=S,situacao=Finalizada avaliada -> regiao=SE
regiao=S ,ano_abertura=2014 -> procurou_empresa=S
regiao=S ,ano_abertura=2014,mes_abertura=12 -> procurou_empresa=S
regiao=S ,ano_abertura=2014,respondida=S -> procurou_empresa=S
regiao=S ,ano_abertura=2014,mes_abertura=12,respondida=S -> procurou_empresa=S
faixa_etaria=entre 31 a 40 anos,ano_abertura=2014,mes_abertura=12,respondida=S -> procurou_empresa=S
faixa_etaria=entre 31 a 40 anos,ano_abertura=2014,mes_abertura=12 -> procurou_empresa=S
tempo_resposta=10,respondida=S -> procurou_empresa=S
sexo=M,faixa_etaria=entre 31 a 40 anos,ano_abertura=2014,mes_abertura=12,respondida=S -> procurou_empresa=S
sexo=M,faixa_etaria=entre 31 a 40 anos,ano_abertura=2014,mes_abertura=12 -> procurou_empresa=S
ano_abertura=2014,tempo_resposta=10,respondida=S -> procurou_empresa=S
ano_abertura=2014,mes_abertura=12,tempo_resposta=10,respondida=S -> procurou_empresa=S
nome_fantasia=Oi Fixo -> respondida=S
nome_fantasia=Vivo - Telefônica  -> respondida=S
tempo_resposta=7 -> respondida=S
tempo_resposta=9 -> respondida=S
tempo_resposta=8 -> respondida=S
tempo_resposta=10 -> respondida=S
nome_fantasia=Vivo - Telefônica ,procurou_empresa=S -> respondida=S
tempo_resposta=7,procurou_empresa=S -> respondida=S
tempo_resposta=9,procurou_empresa=S -> respondida=S
tempo_resposta=8,procurou_empresa=S -> respondida=S
regiao=SE,tempo_resposta=10 -> respondida=S
ano_abertura=2014,tempo_resposta=10 -> respondida=S
tempo_resposta=10,situacao=Finalizada avaliada -> respondida=S
sexo=M,tempo_resposta=10 -> respondida=S
tempo_resposta=10,procurou_empresa=S -> respondida=S
ano_abertura=2014,mes_abertura=12,tempo_resposta=10 -> respondida=S
ano_abertura=2014,tempo_resposta=10,procurou_empresa=S -> respondida=S
tempo_resposta=10,procurou_empresa=S,situacao=Finalizada avaliada -> respondida=S
sexo=M,tempo_resposta=10,procurou_empresa=S -> respondida=S
ano_abertura=2014,mes_abertura=12,tempo_resposta=10,procurou_empresa=S -> respondida=S
sexo=M,como_comprou_contratou=Não comprei / contratei -> respondida=S
como_comprou_contratou=Não comprei / contratei -> respondida=S
como_comprou_contratou=Não comprei / contratei,procurou_empresa=S -> respondida=S
faixa_etaria=entre 31 a 40 anos,ano_abertura=2014,mes_abertura=12 -> sexo=M
faixa_etaria=entre 31 a 40 anos,ano_abertura=2014,mes_abertura=12,respondida=S -> sexo=M
regiao=NE,sexo=M -> respondida=S
regiao=NE,sexo=M,procurou_empresa=S -> respondida=S
regiao=S ,uf=PR -> respondida=S
ano_abertura=2014,como_comprou_contratou=Telefone -> respondida=S
ano_abertura=2014,mes_abertura=12,como_comprou_contratou=Telefone -> respondida=S
regiao=S  -> respondida=S
regiao=S ,uf=PR,procurou_empresa=S -> respondida=S
como_comprou_contratou=Loja física,situacao=Finalizada avaliada -> respondida=S
ano_abertura=2014,como_comprou_contratou=Telefone,procurou_empresa=S -> respondida=S
ano_abertura=2014,mes_abertura=12,como_comprou_contratou=Telefone,procurou_empresa=S -> respondida=S
regiao=S ,procurou_empresa=S -> respondida=S
como_comprou_contratou=Loja física,procurou_empresa=S,situacao=Finalizada avaliada -> respondida=S
faixa_etaria=entre 41 a 50 anos -> respondida=S
regiao=SE,como_comprou_contratou=Loja física -> respondida=S
regiao=SE,como_comprou_contratou=Telefone -> respondida=S
faixa_etaria=entre 41 a 50 anos,procurou_empresa=S -> respondida=S
sexo=M,como_comprou_contratou=Loja física -> respondida=S
regiao=S ,sexo=M -> respondida=S
regiao=NE,situacao=Finalizada avaliada -> respondida=S
regiao=SE,como_comprou_contratou=Telefone,procurou_empresa=S -> respondida=S
regiao=S ,sexo=M,procurou_empresa=S -> respondida=S
sexo=M,como_comprou_contratou=Loja física,procurou_empresa=S -> respondida=S
sexo=M,faixa_etaria=entre 21 a 30 anos -> respondida=S
ano_abertura=2014,mes_abertura=12,situacao=Finalizada avaliada,avaliacao_reclamacao=Resolvida -> respondida=S
sexo=M -> respondida=S
sexo=M,faixa_etaria=entre 21 a 30 anos,procurou_empresa=S -> respondida=S
faixa_etaria=entre 21 a 30 anos,como_comprou_contratou=Internet -> respondida=S
sexo=M,procurou_empresa=S -> respondida=S
ano_abertura=2014,mes_abertura=12,procurou_empresa=S,situacao=Finalizada avaliada,avaliacao_reclamacao=Resolvida -> respondida=S
como_comprou_contratou=Loja física -> respondida=S
regiao=SE,uf=RJ -> respondida=S
regiao=S ,ano_abertura=2014 -> respondida=S
regiao=S ,ano_abertura=2014,mes_abertura=12 -> respondida=S
regiao=NE,ano_abertura=2014,mes_abertura=12 -> respondida=S
regiao=SE,faixa_etaria=entre 21 a 30 anos -> respondida=S
regiao=NE -> respondida=S
faixa_etaria=entre 31 a 40 anos,ano_abertura=2014,mes_abertura=12,procurou_empresa=S -> sexo=M
procurou_empresa=S -> respondida=S
como_comprou_contratou=Loja física,procurou_empresa=S -> respondida=S
faixa_etaria=entre 21 a 30 anos -> respondida=S
regiao=SE,sexo=M -> respondida=S
regiao=S ,ano_abertura=2014,procurou_empresa=S -> respondida=S
regiao=S ,ano_abertura=2014,mes_abertura=12,procurou_empresa=S -> respondida=S
ano_abertura=2014,mes_abertura=12,como_comprou_contratou=Loja física -> respondida=S
sexo=M,faixa_etaria=entre 21 a 30 anos,ano_abertura=2014 -> respondida=S
sexo=M,faixa_etaria=entre 21 a 30 anos,ano_abertura=2014,mes_abertura=12 -> respondida=S
regiao=NE,procurou_empresa=S -> respondida=S
regiao=SE,faixa_etaria=entre 21 a 30 anos,procurou_empresa=S -> respondida=S
tempo_resposta=10,respondida=S,situacao=Finalizada avaliada -> procurou_empresa=S
sexo=F,faixa_etaria=entre 31 a 40 anos,procurou_empresa=S -> respondida=S
ano_abertura=2014,mes_abertura=12,como_comprou_contratou=Loja física,procurou_empresa=S -> respondida=S
regiao=SE,sexo=M,procurou_empresa=S -> respondida=S
faixa_etaria=entre 21 a 30 anos,procurou_empresa=S -> respondida=S
regiao=SE,uf=SP,sexo=M -> respondida=S
regiao=SE -> respondida=S
sexo=M,faixa_etaria=entre 21 a 30 anos,ano_abertura=2014,procurou_empresa=S -> respondida=S
sexo=M,faixa_etaria=entre 21 a 30 anos,ano_abertura=2014,mes_abertura=12,procurou_empresa=S -> respondida=S
regiao=SE,procurou_empresa=S -> respondida=S
faixa_etaria=entre 21 a 30 anos,ano_abertura=2014 -> respondida=S
faixa_etaria=entre 21 a 30 anos,ano_abertura=2014,mes_abertura=12 -> respondida=S
sexo=F,procurou_empresa=S -> respondida=S
faixa_etaria=entre 31 a 40 anos,procurou_empresa=S,situacao=Finalizada avaliada -> respondida=S
faixa_etaria=entre 31 a 40 anos,ano_abertura=2014,mes_abertura=12,procurou_empresa=S,respondida=S -> sexo=M
sexo=M,faixa_etaria=entre 31 a 40 anos,procurou_empresa=S,situacao=Finalizada avaliada -> respondida=S
sexo=F -> respondida=S
regiao=SE,sexo=F,procurou_empresa=S -> respondida=S
faixa_etaria=entre 31 a 40 anos,situacao=Finalizada avaliada -> respondida=S
faixa_etaria=entre 31 a 40 anos,procurou_empresa=S -> respondida=S
sexo=M,ano_abertura=2014 -> respondida=S
sexo=M,ano_abertura=2014,mes_abertura=12 -> respondida=S
regiao=SE,uf=SP,sexo=M,procurou_empresa=S -> respondida=S
regiao=SE,uf=SP,situacao=Finalizada avaliada -> respondida=S
sexo=M,ano_abertura=2014,procurou_empresa=S -> respondida=S
sexo=M,ano_abertura=2014,mes_abertura=12,procurou_empresa=S -> respondida=S
regiao=SE,uf=SP,procurou_empresa=S -> respondida=S
sexo=M,faixa_etaria=entre 31 a 40 anos,procurou_empresa=S -> respondida=S
sexo=M,faixa_etaria=entre 31 a 40 anos,situacao=Finalizada avaliada -> respondida=S
faixa_etaria=entre 21 a 30 anos,ano_abertura=2014,procurou_empresa=S -> respondida=S
faixa_etaria=entre 21 a 30 anos,ano_abertura=2014,mes_abertura=12,procurou_empresa=S -> respondida=S
sexo=M,faixa_etaria=entre 31 a 40 anos -> respondida=S
ano_abertura=2014,procurou_empresa=S -> respondida=S
ano_abertura=2014,mes_abertura=12,procurou_empresa=S -> respondida=S
ano_abertura=2014 -> respondida=S
ano_abertura=2014,mes_abertura=12 -> respondida=S
faixa_etaria=entre 31 a 40 anos -> respondida=S
regiao=SE,uf=SP -> respondida=S
regiao=SE,sexo=F -> respondida=S
sexo=F,ano_abertura=2014,procurou_empresa=S -> respondida=S
sexo=F,ano_abertura=2014,mes_abertura=12,procurou_empresa=S -> respondida=S
sexo=F,faixa_etaria=entre 31 a 40 anos -> respondida=S
sexo=M,como_comprou_contratou=Internet,procurou_empresa=S,situacao=Finalizada avaliada -> respondida=S
sexo=F,faixa_etaria=entre 21 a 30 anos -> respondida=S
sexo=M,como_comprou_contratou=Internet,situacao=Finalizada avaliada -> respondida=S
sexo=F,ano_abertura=2014 -> respondida=S
sexo=F,ano_abertura=2014,mes_abertura=12 -> respondida=S
ano_abertura=2014,situacao=Finalizada avaliada -> respondida=S
ano_abertura=2014,mes_abertura=12,situacao=Finalizada avaliada -> respondida=S
ano_abertura=2014,procurou_empresa=S,situacao=Finalizada avaliada -> respondida=S
ano_abertura=2014,mes_abertura=12,procurou_empresa=S,situacao=Finalizada avaliada -> respondida=S
sexo=M,ano_abertura=2014,procurou_empresa=S,situacao=Finalizada avaliada -> respondida=S
sexo=M,ano_abertura=2014,mes_abertura=12,procurou_empresa=S,situacao=Finalizada avaliada -> respondida=S
regiao=SE,sexo=M,ano_abertura=2014 -> respondida=S
regiao=SE,sexo=M,ano_abertura=2014,mes_abertura=12 -> respondida=S
sexo=M,ano_abertura=2014,situacao=Finalizada avaliada -> respondida=S
sexo=M,ano_abertura=2014,mes_abertura=12,situacao=Finalizada avaliada -> respondida=S
sexo=F,faixa_etaria=entre 21 a 30 anos,procurou_empresa=S -> respondida=S
sexo=M,como_comprou_contratou=Internet -> respondida=S
regiao=SE,ano_abertura=2014,procurou_empresa=S -> respondida=S
regiao=SE,ano_abertura=2014,mes_abertura=12,procurou_empresa=S -> respondida=S
regiao=SE,ano_abertura=2014 -> respondida=S
regiao=SE,ano_abertura=2014,mes_abertura=12 -> respondida=S
sexo=M,como_comprou_contratou=Internet,procurou_empresa=S -> respondida=S
regiao=SE,sexo=M,ano_abertura=2014,procurou_empresa=S -> respondida=S
regiao=SE,sexo=M,ano_abertura=2014,mes_abertura=12,procurou_empresa=S -> respondida=S
como_comprou_contratou=Internet,situacao=Finalizada avaliada -> respondida=S
regiao=SE,uf=SP,ano_abertura=2014,procurou_empresa=S -> respondida=S
regiao=SE,uf=SP,ano_abertura=2014,mes_abertura=12,procurou_empresa=S -> respondida=S
como_comprou_contratou=Internet,procurou_empresa=S,situacao=Finalizada avaliada -> respondida=S
faixa_etaria=entre 31 a 40 anos,ano_abertura=2014,mes_abertura=12,procurou_empresa=S -> respondida=S
regiao=SE,sexo=F,ano_abertura=2014,mes_abertura=12 -> respondida=S
como_comprou_contratou=Internet,procurou_empresa=S -> respondida=S
como_comprou_contratou=Internet -> respondida=S
regiao=SE,faixa_etaria=entre 31 a 40 anos,procurou_empresa=S -> respondida=S
regiao=SE,uf=SP,ano_abertura=2014 -> respondida=S
regiao=SE,uf=SP,ano_abertura=2014,mes_abertura=12 -> respondida=S
sexo=M,faixa_etaria=entre 31 a 40 anos,ano_abertura=2014,mes_abertura=12,procurou_empresa=S -> respondida=S
faixa_etaria=entre 31 a 40 anos,ano_abertura=2014,mes_abertura=12 -> respondida=S
sexo=M,faixa_etaria=entre 31 a 40 anos,ano_abertura=2014,mes_abertura=12 -> respondida=S
regiao=SE,sexo=M,como_comprou_contratou=Internet -> respondida=S
regiao=SE,faixa_etaria=entre 31 a 40 anos -> respondida=S
regiao=SE,ano_abertura=2014,mes_abertura=12,situacao=Finalizada avaliada -> respondida=S
regiao=SE,como_comprou_contratou=Internet,procurou_empresa=S -> respondida=S
regiao=SE,como_comprou_contratou=Internet -> respondida=S
sexo=M,ano_abertura=2014,como_comprou_contratou=Internet -> respondida=S
sexo=M,ano_abertura=2014,mes_abertura=12,como_comprou_contratou=Internet -> respondida=S
ano_abertura=2014,como_comprou_contratou=Internet,procurou_empresa=S -> respondida=S
ano_abertura=2014,mes_abertura=12,como_comprou_contratou=Internet,procurou_empresa=S -> respondida=S
ano_abertura=2014,como_comprou_contratou=Internet -> respondida=S
ano_abertura=2014,mes_abertura=12,como_comprou_contratou=Internet -> respondida=S
como_comprou_contratou=Não comprei / contratei,respondida=S -> sexo=M
como_comprou_contratou=Não comprei / contratei -> sexo=M
