situacao=Finalizada não avaliada -> avaliacao_reclamacao=Não Avaliada
como_comprou_contratou=Loja física,situacao=Finalizada não avaliada -> avaliacao_reclamacao=Não Avaliada
como_comprou_contratou=Internet,situacao=Finalizada não avaliada -> avaliacao_reclamacao=Não Avaliada
faixa_etaria=entre 31 a 40 anos,situacao=Finalizada não avaliada -> avaliacao_reclamacao=Não Avaliada
faixa_etaria=entre 21 a 30 anos,situacao=Finalizada não avaliada -> avaliacao_reclamacao=Não Avaliada
sexo=F,situacao=Finalizada não avaliada -> avaliacao_reclamacao=Não Avaliada
regiao=SE,situacao=Finalizada não avaliada -> avaliacao_reclamacao=Não Avaliada
ano_abertura=2014,situacao=Finalizada não avaliada -> avaliacao_reclamacao=Não Avaliada
sexo=M,situacao=Finalizada não avaliada -> avaliacao_reclamacao=Não Avaliada
procurou_empresa=S,situacao=Finalizada não avaliada -> avaliacao_reclamacao=Não Avaliada
respondida=S,situacao=Finalizada não avaliada -> avaliacao_reclamacao=Não Avaliada
como_comprou_contratou=Loja física,respondida=S,situacao=Finalizada não avaliada -> avaliacao_reclamacao=Não Avaliada
ano_abertura=2014,como_comprou_contratou=Internet,situacao=Finalizada não avaliada -> avaliacao_reclamacao=Não Avaliada
como_comprou_contratou=Internet,procurou_empresa=S,situacao=Finalizada não avaliada -> avaliacao_reclamacao=Não Avaliada
como_comprou_contratou=Internet,respondida=S,situacao=Finalizada não avaliada -> avaliacao_reclamacao=Não Avaliada
faixa_etaria=entre 31 a 40 anos,procurou_empresa=S,situacao=Finalizada não avaliada -> avaliacao_reclamacao=Não Avaliada
faixa_etaria=entre 31 a 40 anos,respondida=S,situacao=Finalizada não avaliada -> avaliacao_reclamacao=Não Avaliada
faixa_etaria=entre 21 a 30 anos,ano_abertura=2014,situacao=Finalizada não avaliada -> avaliacao_reclamacao=Não Avaliada
faixa_etaria=entre 21 a 30 anos,procurou_empresa=S,situacao=Finalizada não avaliada -> avaliacao_reclamacao=Não Avaliada
faixa_etaria=entre 21 a 30 anos,respondida=S,situacao=Finalizada não avaliada -> avaliacao_reclamacao=Não Avaliada
sexo=F,ano_abertura=2014,situacao=Finalizada não avaliada -> avaliacao_reclamacao=Não Avaliada
sexo=F,procurou_empresa=S,situacao=Finalizada não avaliada -> avaliacao_reclamacao=Não Avaliada
sexo=F,respondida=S,situacao=Finalizada não avaliada -> avaliacao_reclamacao=Não Avaliada
regiao=SE,ano_abertura=2014,situacao=Finalizada não avaliada -> avaliacao_reclamacao=Não Avaliada
regiao=SE,sexo=M,situacao=Finalizada não avaliada -> avaliacao_reclamacao=Não Avaliada
regiao=SE,procurou_empresa=S,situacao=Finalizada não avaliada -> avaliacao_reclamacao=Não Avaliada
regiao=SE,respondida=S,situacao=Finalizada não avaliada -> avaliacao_reclamacao=Não Avaliada
ano_abertura=2014,mes_abertura=12,situacao=Finalizada não avaliada -> avaliacao_reclamacao=Não Avaliada
sexo=M,ano_abertura=2014,situacao=Finalizada não avaliada -> avaliacao_reclamacao=Não Avaliada
ano_abertura=2014,procurou_empresa=S,situacao=Finalizada não avaliada -> avaliacao_reclamacao=Não Avaliada
ano_abertura=2014,respondida=S,situacao=Finalizada não avaliada -> avaliacao_reclamacao=Não Avaliada
sexo=M,procurou_empresa=S,situacao=Finalizada não avaliada -> avaliacao_reclamacao=Não Avaliada
sexo=M,respondida=S,situacao=Finalizada não avaliada -> avaliacao_reclamacao=Não Avaliada
procurou_empresa=S,respondida=S,situacao=Finalizada não avaliada -> avaliacao_reclamacao=Não Avaliada
ano_abertura=2014,mes_abertura=12,como_comprou_contratou=Internet,situacao=Finalizada não avaliada -> avaliacao_reclamacao=Não Avaliada
ano_abertura=2014,como_comprou_contratou=Internet,respondida=S,situacao=Finalizada não avaliada -> avaliacao_reclamacao=Não Avaliada
como_comprou_contratou=Internet,procurou_empresa=S,respondida=S,situacao=Finalizada não avaliada -> avaliacao_reclamacao=Não Avaliada
faixa_etaria=entre 31 a 40 anos,ano_abertura=2014,mes_abertura=12,situacao=Finalizada não avaliada -> avaliacao_reclamacao=Não Avaliada
faixa_etaria=entre 31 a 40 anos,procurou_empresa=S,respondida=S,situacao=Finalizada não avaliada -> avaliacao_reclamacao=Não Avaliada
faixa_etaria=entre 21 a 30 anos,ano_abertura=2014,mes_abertura=12,situacao=Finalizada não avaliada -> avaliacao_reclamacao=Não Avaliada
faixa_etaria=entre 21 a 30 anos,ano_abertura=2014,procurou_empresa=S,situacao=Finalizada não avaliada -> avaliacao_reclamacao=Não Avaliada
faixa_etaria=entre 21 a 30 anos,ano_abertura=2014,respondida=S,situacao=Finalizada não avaliada -> avaliacao_reclamacao=Não Avaliada
faixa_etaria=entre 21 a 30 anos,procurou_empresa=S,respondida=S,situacao=Finalizada não avaliada -> avaliacao_reclamacao=Não Avaliada
sexo=F,ano_abertura=2014,mes_abertura=12,situacao=Finalizada não avaliada -> avaliacao_reclamacao=Não Avaliada
sexo=F,ano_abertura=2014,procurou_empresa=S,situacao=Finalizada não avaliada -> avaliacao_reclamacao=Não Avaliada
sexo=F,ano_abertura=2014,respondida=S,situacao=Finalizada não avaliada -> avaliacao_reclamacao=Não Avaliada
sexo=F,procurou_empresa=S,respondida=S,situacao=Finalizada não avaliada -> avaliacao_reclamacao=Não Avaliada
regiao=SE,ano_abertura=2014,mes_abertura=12,situacao=Finalizada não avaliada -> avaliacao_reclamacao=Não Avaliada
regiao=SE,ano_abertura=2014,procurou_empresa=S,situacao=Finalizada não avaliada -> avaliacao_reclamacao=Não Avaliada
regiao=SE,ano_abertura=2014,respondida=S,situacao=Finalizada não avaliada -> avaliacao_reclamacao=Não Avaliada
regiao=SE,sexo=M,respondida=S,situacao=Finalizada não avaliada -> avaliacao_reclamacao=Não Avaliada
regiao=SE,procurou_empresa=S,respondida=S,situacao=Finalizada não avaliada -> avaliacao_reclamacao=Não Avaliada
sexo=M,ano_abertura=2014,mes_abertura=12,situacao=Finalizada não avaliada -> avaliacao_reclamacao=Não Avaliada
ano_abertura=2014,mes_abertura=12,procurou_empresa=S,situacao=Finalizada não avaliada -> avaliacao_reclamacao=Não Avaliada
ano_abertura=2014,mes_abertura=12,respondida=S,situacao=Finalizada não avaliada -> avaliacao_reclamacao=Não Avaliada
sexo=M,ano_abertura=2014,procurou_empresa=S,situacao=Finalizada não avaliada -> avaliacao_reclamacao=Não Avaliada
sexo=M,ano_abertura=2014,respondida=S,situacao=Finalizada não avaliada -> avaliacao_reclamacao=Não Avaliada
ano_abertura=2014,procurou_empresa=S,respondida=S,situacao=Finalizada não avaliada -> avaliacao_reclamacao=Não Avaliada
sexo=M,procurou_empresa=S,respondida=S,situacao=Finalizada não avaliada -> avaliacao_reclamacao=Não Avaliada
ano_abertura=2014,mes_abertura=12,como_comprou_contratou=Internet,respondida=S,situacao=Finalizada não avaliada -> avaliacao_reclamacao=Não Avaliada
faixa_etaria=entre 31 a 40 anos,ano_abertura=2014,mes_abertura=12,procurou_empresa=S,situacao=Finalizada não avaliada -> avaliacao_reclamacao=Não Avaliada
faixa_etaria=entre 31 a 40 anos,ano_abertura=2014,mes_abertura=12,respondida=S,situacao=Finalizada não avaliada -> avaliacao_reclamacao=Não Avaliada
faixa_etaria=entre 21 a 30 anos,ano_abertura=2014,mes_abertura=12,procurou_empresa=S,situacao=Finalizada não avaliada -> avaliacao_reclamacao=Não Avaliada
faixa_etaria=entre 21 a 30 anos,ano_abertura=2014,mes_abertura=12,respondida=S,situacao=Finalizada não avaliada -> avaliacao_reclamacao=Não Avaliada
faixa_etaria=entre 21 a 30 anos,ano_abertura=2014,procurou_empresa=S,respondida=S,situacao=Finalizada não avaliada -> avaliacao_reclamacao=Não Avaliada
sexo=F,ano_abertura=2014,mes_abertura=12,procurou_empresa=S,situacao=Finalizada não avaliada -> avaliacao_reclamacao=Não Avaliada
sexo=F,ano_abertura=2014,mes_abertura=12,respondida=S,situacao=Finalizada não avaliada -> avaliacao_reclamacao=Não Avaliada
sexo=F,ano_abertura=2014,procurou_empresa=S,respondida=S,situacao=Finalizada não avaliada -> avaliacao_reclamacao=Não Avaliada
regiao=SE,ano_abertura=2014,mes_abertura=12,procurou_empresa=S,situacao=Finalizada não avaliada -> avaliacao_reclamacao=Não Avaliada
regiao=SE,ano_abertura=2014,mes_abertura=12,respondida=S,situacao=Finalizada não avaliada -> avaliacao_reclamacao=Não Avaliada
regiao=SE,ano_abertura=2014,procurou_empresa=S,respondida=S,situacao=Finalizada não avaliada -> avaliacao_reclamacao=Não Avaliada
sexo=M,ano_abertura=2014,mes_abertura=12,procurou_empresa=S,situacao=Finalizada não avaliada -> avaliacao_reclamacao=Não Avaliada
sexo=M,ano_abertura=2014,mes_abertura=12,respondida=S,situacao=Finalizada não avaliada -> avaliacao_reclamacao=Não Avaliada
ano_abertura=2014,mes_abertura=12,procurou_empresa=S,respondida=S,situacao=Finalizada não avaliada -> avaliacao_reclamacao=Não Avaliada
sexo=M,ano_abertura=2014,procurou_empresa=S,respondida=S,situacao=Finalizada não avaliada -> avaliacao_reclamacao=Não Avaliada
faixa_etaria=entre 31 a 40 anos,ano_abertura=2014,mes_abertura=12,procurou_empresa=S,respondida=S,situacao=Finalizada não avaliada -> avaliacao_reclamacao=Não Avaliada
faixa_etaria=entre 21 a 30 anos,ano_abertura=2014,mes_abertura=12,procurou_empresa=S,respondida=S,situacao=Finalizada não avaliada -> avaliacao_reclamacao=Não Avaliada
sexo=F,ano_abertura=2014,mes_abertura=12,procurou_empresa=S,respondida=S,situacao=Finalizada não avaliada -> avaliacao_reclamacao=Não Avaliada
regiao=SE,ano_abertura=2014,mes_abertura=12,procurou_empresa=S,respondida=S,situacao=Finalizada não avaliada -> avaliacao_reclamacao=Não Avaliada
sexo=M,ano_abertura=2014,mes_abertura=12,procurou_empresa=S,respondida=S,situacao=Finalizada não avaliada -> avaliacao_reclamacao=Não Avaliada
