como_comprou_contratou=Internet,respondida=S,situacao=Finalizada avaliada -> sexo=M
como_comprou_contratou=Internet,situacao=Finalizada avaliada -> sexo=M
como_comprou_contratou=Internet,procurou_empresa=S,respondida=S,situacao=Finalizada avaliada -> sexo=M
como_comprou_contratou=Internet,procurou_empresa=S,situacao=Finalizada avaliada -> sexo=M
respondida=S,situacao=Finalizada avaliada,avaliacao_reclamacao=Não Resolvida,nota_consumidor=1 -> sexo=M
situacao=Finalizada avaliada,avaliacao_reclamacao=Não Resolvida,nota_consumidor=1 -> sexo=M
como_comprou_contratou=Internet,respondida=S -> sexo=M
procurou_empresa=S,respondida=S,situacao=Finalizada avaliada,avaliacao_reclamacao=Não Resolvida,nota_consumidor=1 -> sexo=M
como_comprou_contratou=Internet -> sexo=M
procurou_empresa=S,situacao=Finalizada avaliada,avaliacao_reclamacao=Não Resolvida,nota_consumidor=1 -> sexo=M
respondida=S,situacao=Finalizada avaliada,nota_consumidor=1 -> sexo=M
situacao=Finalizada avaliada,nota_consumidor=1 -> sexo=M
como_comprou_contratou=Internet,procurou_empresa=S,respondida=S -> sexo=M
como_comprou_contratou=Internet,procurou_empresa=S -> sexo=M
faixa_etaria=entre 21 a 30 anos,respondida=S,situacao=Finalizada avaliada -> sexo=M
procurou_empresa=S,respondida=S,situacao=Finalizada avaliada,nota_consumidor=1 -> sexo=M
faixa_etaria=entre 21 a 30 anos,situacao=Finalizada avaliada -> sexo=M
procurou_empresa=S,situacao=Finalizada avaliada,nota_consumidor=1 -> sexo=M
faixa_etaria=entre 21 a 30 anos,procurou_empresa=S,respondida=S,situacao=Finalizada avaliada -> sexo=M
faixa_etaria=entre 21 a 30 anos,procurou_empresa=S,situacao=Finalizada avaliada -> sexo=M
respondida=S,situacao=Finalizada avaliada,avaliacao_reclamacao=Não Resolvida -> sexo=M
regiao=SE,como_comprou_contratou=Internet,respondida=S -> sexo=M
situacao=Finalizada avaliada,avaliacao_reclamacao=Não Resolvida -> sexo=M
regiao=SE,como_comprou_contratou=Internet -> sexo=M
procurou_empresa=S,respondida=S,situacao=Finalizada avaliada,avaliacao_reclamacao=Não Resolvida -> sexo=M
ano_abertura=2014,como_comprou_contratou=Internet,respondida=S -> sexo=M
procurou_empresa=S,situacao=Finalizada avaliada,avaliacao_reclamacao=Não Resolvida -> sexo=M
ano_abertura=2014,mes_abertura=12,como_comprou_contratou=Internet,respondida=S -> sexo=M
ano_abertura=2014,como_comprou_contratou=Internet -> sexo=M
ano_abertura=2014,mes_abertura=12,como_comprou_contratou=Internet -> sexo=M
ano_abertura=2014,situacao=Finalizada avaliada -> sexo=M
faixa_etaria=entre 31 a 40 anos,procurou_empresa=S,situacao=Finalizada avaliada -> sexo=M
faixa_etaria=entre 31 a 40 anos,procurou_empresa=S,respondida=S,situacao=Finalizada avaliada -> sexo=M
ano_abertura=2014,mes_abertura=12,situacao=Finalizada avaliada -> sexo=M
ano_abertura=2014,respondida=S,situacao=Finalizada avaliada -> sexo=M
ano_abertura=2014,mes_abertura=12,respondida=S,situacao=Finalizada avaliada -> sexo=M
faixa_etaria=entre 31 a 40 anos,situacao=Finalizada avaliada -> sexo=M
ano_abertura=2014,procurou_empresa=S,situacao=Finalizada avaliada -> sexo=M
ano_abertura=2014,procurou_empresa=S,respondida=S,situacao=Finalizada avaliada -> sexo=M
faixa_etaria=entre 31 a 40 anos,respondida=S,situacao=Finalizada avaliada -> sexo=M
ano_abertura=2014,mes_abertura=12,procurou_empresa=S,situacao=Finalizada avaliada -> sexo=M
ano_abertura=2014,mes_abertura=12,procurou_empresa=S,respondida=S,situacao=Finalizada avaliada -> sexo=M
faixa_etaria=entre 21 a 30 anos,respondida=S -> sexo=M
faixa_etaria=entre 21 a 30 anos -> sexo=M
faixa_etaria=entre 21 a 30 anos,procurou_empresa=S,respondida=S -> sexo=M
faixa_etaria=entre 21 a 30 anos,procurou_empresa=S -> sexo=M
respondida=S,situacao=Finalizada avaliada -> sexo=M
situacao=Finalizada avaliada -> sexo=M
procurou_empresa=S,respondida=S,situacao=Finalizada avaliada -> sexo=M
procurou_empresa=S,situacao=Finalizada avaliada -> sexo=M
procurou_empresa=S,situacao=Finalizada avaliada,avaliacao_reclamacao=Resolvida,nota_consumidor=5 -> sexo=M
procurou_empresa=S,respondida=S,situacao=Finalizada avaliada,avaliacao_reclamacao=Resolvida,nota_consumidor=5 -> sexo=M
situacao=Finalizada avaliada,avaliacao_reclamacao=Resolvida,nota_consumidor=5 -> sexo=M
respondida=S,situacao=Finalizada avaliada,avaliacao_reclamacao=Resolvida,nota_consumidor=5 -> sexo=M
procurou_empresa=S,situacao=Finalizada avaliada,nota_consumidor=5 -> sexo=M
procurou_empresa=S,respondida=S,situacao=Finalizada avaliada,nota_consumidor=5 -> sexo=M
regiao=NE,respondida=S -> sexo=M
situacao=Finalizada avaliada,nota_consumidor=5 -> sexo=M
respondida=S,situacao=Finalizada avaliada,nota_consumidor=5 -> sexo=M
regiao=SE,procurou_empresa=S,respondida=S,situacao=Finalizada avaliada -> sexo=M
regiao=SE,procurou_empresa=S,situacao=Finalizada avaliada -> sexo=M
faixa_etaria=entre 21 a 30 anos,ano_abertura=2014,respondida=S -> sexo=M
faixa_etaria=entre 21 a 30 anos,ano_abertura=2014,mes_abertura=12,respondida=S -> sexo=M
faixa_etaria=entre 21 a 30 anos,ano_abertura=2014 -> sexo=M
faixa_etaria=entre 21 a 30 anos,ano_abertura=2014,mes_abertura=12 -> sexo=M
regiao=NE -> sexo=M
regiao=SE,respondida=S,situacao=Finalizada avaliada -> sexo=M
regiao=SE,situacao=Finalizada avaliada -> sexo=M
regiao=NE,procurou_empresa=S,respondida=S -> sexo=M
faixa_etaria=entre 21 a 30 anos,ano_abertura=2014,procurou_empresa=S,respondida=S -> sexo=M
faixa_etaria=entre 21 a 30 anos,ano_abertura=2014,mes_abertura=12,procurou_empresa=S,respondida=S -> sexo=M
faixa_etaria=entre 21 a 30 anos,ano_abertura=2014,procurou_empresa=S -> sexo=M
faixa_etaria=entre 21 a 30 anos,ano_abertura=2014,mes_abertura=12,procurou_empresa=S -> sexo=M
como_comprou_contratou=Telefone,situacao=Finalizada avaliada -> sexo=M
regiao=NE,procurou_empresa=S -> sexo=M
como_comprou_contratou=Telefone,respondida=S,situacao=Finalizada avaliada -> sexo=M
faixa_etaria=entre 31 a 40 anos,respondida=S -> sexo=M
faixa_etaria=entre 31 a 40 anos -> sexo=M
faixa_etaria=entre 31 a 40 anos,procurou_empresa=S -> sexo=M
faixa_etaria=entre 31 a 40 anos,procurou_empresa=S,respondida=S -> sexo=M
situacao=Finalizada avaliada,avaliacao_reclamacao=Resolvida -> sexo=M
respondida=S,situacao=Finalizada avaliada,avaliacao_reclamacao=Resolvida -> sexo=M
procurou_empresa=S,situacao=Finalizada avaliada,avaliacao_reclamacao=Resolvida -> sexo=M
procurou_empresa=S,respondida=S,situacao=Finalizada avaliada,avaliacao_reclamacao=Resolvida -> sexo=M
regiao=SE,procurou_empresa=S,situacao=Finalizada avaliada,avaliacao_reclamacao=Resolvida -> sexo=M
tempo_resposta=10,respondida=S -> sexo=M
regiao=SE,procurou_empresa=S,respondida=S,situacao=Finalizada avaliada,avaliacao_reclamacao=Resolvida -> sexo=M
regiao=SE,situacao=Finalizada avaliada,avaliacao_reclamacao=Resolvida -> sexo=M
regiao=SE,respondida=S -> sexo=M
regiao=SE,respondida=S,situacao=Finalizada avaliada,avaliacao_reclamacao=Resolvida -> sexo=M
regiao=SE -> sexo=M
respondida=S -> sexo=M
regiao=SE,procurou_empresa=S,respondida=S -> sexo=M
regiao=SE,procurou_empresa=S -> sexo=M
tempo_resposta=10,procurou_empresa=S,respondida=S -> sexo=M
regiao=SE,ano_abertura=2014,respondida=S -> sexo=M
regiao=SE,ano_abertura=2014,mes_abertura=12,respondida=S -> sexo=M
regiao=SE,ano_abertura=2014 -> sexo=M
regiao=SE,ano_abertura=2014,mes_abertura=12 -> sexo=M
procurou_empresa=S,respondida=S -> sexo=M
procurou_empresa=S -> sexo=M
regiao=SE,ano_abertura=2014,procurou_empresa=S -> sexo=M
regiao=SE,ano_abertura=2014,mes_abertura=12,procurou_empresa=S -> sexo=M
regiao=SE,ano_abertura=2014,procurou_empresa=S,respondida=S -> sexo=M
regiao=SE,ano_abertura=2014,mes_abertura=12,procurou_empresa=S,respondida=S -> sexo=M
como_comprou_contratou=Telefone,respondida=S -> sexo=M
como_comprou_contratou=Telefone -> sexo=M
ano_abertura=2014,respondida=S -> sexo=M
ano_abertura=2014,mes_abertura=12,respondida=S -> sexo=M
ano_abertura=2014 -> sexo=M
ano_abertura=2014,mes_abertura=12 -> sexo=M
como_comprou_contratou=Telefone,procurou_empresa=S,respondida=S -> sexo=M
como_comprou_contratou=Telefone,procurou_empresa=S -> sexo=M
regiao=S ,procurou_empresa=S -> sexo=M
regiao=S ,procurou_empresa=S,respondida=S -> sexo=M
regiao=S  -> sexo=M
ano_abertura=2014,procurou_empresa=S,respondida=S -> sexo=M
ano_abertura=2014,procurou_empresa=S -> sexo=M
ano_abertura=2014,mes_abertura=12,procurou_empresa=S,respondida=S -> sexo=M
ano_abertura=2014,mes_abertura=12,procurou_empresa=S -> sexo=M
regiao=S ,respondida=S -> sexo=M
regiao=SE,uf=SP,respondida=S -> sexo=M
regiao=SE,uf=SP -> sexo=M
regiao=SE,uf=SP,procurou_empresa=S,respondida=S -> sexo=M
regiao=SE,uf=SP,procurou_empresa=S -> sexo=M
como_comprou_contratou=Loja física,respondida=S -> sexo=M
como_comprou_contratou=Loja física -> sexo=M
como_comprou_contratou=Loja física,procurou_empresa=S,respondida=S -> sexo=M
como_comprou_contratou=Loja física,procurou_empresa=S -> sexo=M
