Ano.Abertura=2015,Situação=Finalizada avaliada,Nota.do.Consumidor=5 -> Avaliação.Reclamação=Resolvida
Sexo=M,Mês.Abertura=12,Respondida=S,Situação=Finalizada não avaliada -> Avaliação.Reclamação=Não Avaliada
Sexo=M,Ano.Abertura=2014,Respondida=S,Situação=Finalizada não avaliada -> Avaliação.Reclamação=Não Avaliada
Sexo=M,Procurou.Empresa=S,Respondida=S,Situação=Finalizada não avaliada -> Avaliação.Reclamação=Não Avaliada
Sexo=F,Ano.Abertura=2014,Mês.Abertura=12,Respondida=S,Situação=Finalizada não avaliada -> Avaliação.Reclamação=Não Avaliada
Sexo=F,Mês.Abertura=12,Procurou.Empresa=S,Respondida=S,Situação=Finalizada não avaliada -> Avaliação.Reclamação=Não Avaliada
Sexo=M,Mês.Abertura=12,Respondida=S,Situação=Finalizada avaliada -> Ano.Abertura=2014
Sexo=F,Mês.Abertura=12,Procurou.Empresa=S,Respondida=S,Avaliação.Reclamação=Não Avaliada -> Ano.Abertura=2014
Mês.Abertura=12,Segmento.de.Mercado=Operadoras de Telecomunicações (Telefonia, Internet, TV por assinatura),Procurou.Empresa=S,Respondida=S,Situação=Finalizada não avaliada -> Ano.Abertura=2014
Sexo=M,Mês.Abertura=12,Procurou.Empresa=S,Respondida=S,Avaliação.Reclamação=Não Avaliada -> Ano.Abertura=2014
Ano.Abertura=2014,Respondida=S -> Mês.Abertura=12
Ano.Abertura=2014,Situação=Finalizada não avaliada -> Mês.Abertura=12
Ano.Abertura=2014,Respondida=S,Situação=Finalizada não avaliada -> Mês.Abertura=12
Ano.Abertura=2014,Grupo.Problema=Cobrança / Contestação -> Mês.Abertura=12
Ano.Abertura=2015,Segmento.de.Mercado=Operadoras de Telecomunicações (Telefonia, Internet, TV por assinatura),Procurou.Empresa=S,Situação=Finalizada avaliada -> Respondida=S
Sexo=M,Ano.Abertura=2015,Mês.Abertura=1,Situação=Finalizada avaliada,Avaliação.Reclamação=Resolvida -> Respondida=S
Ano.Abertura=2015,Segmento.de.Mercado=Operadoras de Telecomunicações (Telefonia, Internet, TV por assinatura),Procurou.Empresa=S,Situação=Finalizada avaliada,Avaliação.Reclamação=Resolvida -> Respondida=S
Ano.Abertura=2015,Mês.Abertura=1,Segmento.de.Mercado=Operadoras de Telecomunicações (Telefonia, Internet, TV por assinatura),Procurou.Empresa=S,Situação=Finalizada avaliada -> Respondida=S
Segmento.de.Mercado=Operadoras de Telecomunicações (Telefonia, Internet, TV por assinatura),Situação=Finalizada avaliada -> Respondida=S
Ano.Abertura=2015,Mês.Abertura=1,Respondida=S,Avaliação.Reclamação=Resolvida -> Procurou.Empresa=S
