Sexo=F,Ano.Abertura=2014,Avaliação.Reclamação=Não Avaliada -> Situação=Finalizada não avaliada
Sexo=F,Ano.Abertura=2015,Respondida=S -> Mês.Abertura=1
Mês.Abertura=1,Respondida=S,Situação=Finalizada avaliada -> Ano.Abertura=2015
Mês.Abertura=1,Segmento.de.Mercado=Operadoras de Telecomunicações (Telefonia, Internet, TV por assinatura),Procurou.Empresa=S,Avaliação.Reclamação=Resolvida -> Ano.Abertura=2015
Mês.Abertura=1,Respondida=S,Situação=Finalizada avaliada,Avaliação.Reclamação=Resolvida,Nota.do.Consumidor=5 -> Ano.Abertura=2015
Situação=Finalizada avaliada,Nota.do.Consumidor=5 -> Mês.Abertura=1
UF=SP,Ano.Abertura=2014,Respondida=S -> Mês.Abertura=12
Ano.Abertura=2014,Segmento.de.Mercado=Operadoras de Telecomunicações (Telefonia, Internet, TV por assinatura),Respondida=S -> Mês.Abertura=12
Sexo=F,Ano.Abertura=2014,Procurou.Empresa=S,Situação=Finalizada não avaliada,Avaliação.Reclamação=Não Avaliada -> Mês.Abertura=12
Sexo=F,Ano.Abertura=2014,Procurou.Empresa=S,Respondida=S,Situação=Finalizada não avaliada,Avaliação.Reclamação=Não Avaliada -> Mês.Abertura=12
Ano.Abertura=2015,Avaliação.Reclamação=Resolvida -> Situação=Finalizada avaliada
Mês.Abertura=1,Procurou.Empresa=S,Avaliação.Reclamação=Resolvida -> Situação=Finalizada avaliada
Sexo=M,Ano.Abertura=2015,Avaliação.Reclamação=Resolvida -> Situação=Finalizada avaliada
Sexo=M,Segmento.de.Mercado=Operadoras de Telecomunicações (Telefonia, Internet, TV por assinatura),Avaliação.Reclamação=Resolvida -> Situação=Finalizada avaliada
Ano.Abertura=2015,Mês.Abertura=1,Segmento.de.Mercado=Operadoras de Telecomunicações (Telefonia, Internet, TV por assinatura),Respondida=S,Avaliação.Reclamação=Resolvida -> Situação=Finalizada avaliada
Ano.Abertura=2015,Mês.Abertura=1,Procurou.Empresa=S,Respondida=S,Avaliação.Reclamação=Resolvida -> Situação=Finalizada avaliada
Ano.Abertura=2015,Segmento.de.Mercado=Operadoras de Telecomunicações (Telefonia, Internet, TV por assinatura),Procurou.Empresa=S,Respondida=S,Avaliação.Reclamação=Resolvida -> Situação=Finalizada avaliada
Sexo=M,Situação=Finalizada não avaliada,Avaliação.Reclamação=Não Avaliada -> Ano.Abertura=2014
Sexo=F,Procurou.Empresa=S,Situação=Finalizada não avaliada,Avaliação.Reclamação=Não Avaliada -> Ano.Abertura=2014
Respondida=S,Situação=Finalizada não avaliada,Avaliação.Reclamação=Não Avaliada -> Ano.Abertura=2014
Ano.Abertura=2014,Mês.Abertura=12,Segmento.de.Mercado=Operadoras de Telecomunicações (Telefonia, Internet, TV por assinatura),Situação=Finalizada não avaliada -> Procurou.Empresa=S
Ano.Abertura=2014,Mês.Abertura=12,Segmento.de.Mercado=Operadoras de Telecomunicações (Telefonia, Internet, TV por assinatura),Situação=Finalizada não avaliada,Avaliação.Reclamação=Não Avaliada -> Procurou.Empresa=S
Mês.Abertura=12,Segmento.de.Mercado=Operadoras de Telecomunicações (Telefonia, Internet, TV por assinatura),Respondida=S,Situação=Finalizada não avaliada,Avaliação.Reclamação=Não Avaliada -> Procurou.Empresa=S
Ano.Abertura=2014,Mês.Abertura=12,Segmento.de.Mercado=Operadoras de Telecomunicações (Telefonia, Internet, TV por assinatura),Respondida=S,Situação=Finalizada não avaliada,Avaliação.Reclamação=Não Avaliada -> Procurou.Empresa=S
Ano.Abertura=2015,Mês.Abertura=1,Segmento.de.Mercado=Operadoras de Telecomunicações (Telefonia, Internet, TV por assinatura) -> Procurou.Empresa=S
Sexo=F,Respondida=S -> Procurou.Empresa=S
Mês.Abertura=1,Segmento.de.Mercado=Operadoras de Telecomunicações (Telefonia, Internet, TV por assinatura),Avaliação.Reclamação=Resolvida -> Procurou.Empresa=S
Mês.Abertura=1,Segmento.de.Mercado=Operadoras de Telecomunicações (Telefonia, Internet, TV por assinatura),Situação=Finalizada avaliada,Avaliação.Reclamação=Resolvida -> Procurou.Empresa=S
Ano.Abertura=2015,Segmento.de.Mercado=Operadoras de Telecomunicações (Telefonia, Internet, TV por assinatura),Respondida=S,Avaliação.Reclamação=Resolvida -> Procurou.Empresa=S
Ano.Abertura=2015,Segmento.de.Mercado=Operadoras de Telecomunicações (Telefonia, Internet, TV por assinatura),Respondida=S,Situação=Finalizada avaliada,Avaliação.Reclamação=Resolvida -> Procurou.Empresa=S
Sexo=M,Mês.Abertura=12,Segmento.de.Mercado=Operadoras de Telecomunicações (Telefonia, Internet, TV por assinatura) -> Respondida=S
Segmento.de.Mercado=Operadoras de Telecomunicações (Telefonia, Internet, TV por assinatura),Procurou.Empresa=S,Situação=Finalizada não avaliada,Avaliação.Reclamação=Não Avaliada -> Respondida=S
Ano.Abertura=2014,Mês.Abertura=12,Segmento.de.Mercado=Operadoras de Telecomunicações (Telefonia, Internet, TV por assinatura),Avaliação.Reclamação=Não Avaliada -> Respondida=S
Sexo=M,Grupo.Problema=Cobrança / Contestação,Respondida=S -> Procurou.Empresa=S
Sexo=F,Ano.Abertura=2015,Mês.Abertura=1 -> Procurou.Empresa=S
Mês.Abertura=1,Grupo.Problema=Cobrança / Contestação,Respondida=S -> Procurou.Empresa=S
Sexo=M,Ano.Abertura=2014,Mês.Abertura=12,Situação=Finalizada não avaliada -> Respondida=S
Ano.Abertura=2014,Como.Comprou.Contratou=Loja física -> Respondida=S
Ano.Abertura=2014,Situação=Finalizada não avaliada,Avaliação.Reclamação=Não Avaliada -> Procurou.Empresa=S
Sexo=M,Procurou.Empresa=S,Avaliação.Reclamação=Não Avaliada -> Respondida=S
Mês.Abertura=12,Respondida=S,Avaliação.Reclamação=Não Avaliada -> Procurou.Empresa=S
Ano.Abertura=2014,Mês.Abertura=12,Respondida=S,Situação=Finalizada não avaliada,Avaliação.Reclamação=Não Avaliada -> Procurou.Empresa=S
Ano.Abertura=2014,Mês.Abertura=12,Avaliação.Reclamação=Não Avaliada -> Respondida=S
Sexo=F,Procurou.Empresa=S,Situação=Finalizada não avaliada,Avaliação.Reclamação=Não Avaliada -> Respondida=S
UF=SP,Situação=Finalizada avaliada -> Respondida=S
UF=SP,Procurou.Empresa=S -> Respondida=S
Ano.Abertura=2014,Mês.Abertura=12,Como.Comprou.Contratou=Internet,Procurou.Empresa=S -> Respondida=S
Sexo=M,Respondida=S,Situação=Finalizada não avaliada -> Procurou.Empresa=S
Ano.Abertura=2014,Mês.Abertura=12,Como.Comprou.Contratou=Internet -> Respondida=S
Sexo=M,Ano.Abertura=2014,Situação=Finalizada não avaliada,Avaliação.Reclamação=Não Avaliada -> Procurou.Empresa=S
Segmento.de.Mercado=Comércio Eletrônico,Respondida=S -> Procurou.Empresa=S
Grupo.Problema=Contrato / Oferta,Respondida=S -> Procurou.Empresa=S
