Sexo=F,Avaliação.Reclamação=Não Avaliada -> Situação=Finalizada não avaliada
Ano.Abertura=2015,Segmento.de.Mercado=Operadoras de Telecomunicações (Telefonia, Internet, TV por assinatura),Respondida=S -> Mês.Abertura=1
Sexo=M,Mês.Abertura=1,Respondida=S -> Ano.Abertura=2015
Ano.Abertura=2015,Procurou.Empresa=S,Respondida=S -> Mês.Abertura=1
Ano.Abertura=2015,Respondida=S,Situação=Finalizada avaliada,Nota.do.Consumidor=5 -> Mês.Abertura=1
Ano.Abertura=2015,Grupo.Problema=Cobrança / Contestação,Respondida=S,Situação=Finalizada avaliada -> Mês.Abertura=1
Ano.Abertura=2015,Grupo.Problema=Cobrança / Contestação,Procurou.Empresa=S,Respondida=S -> Mês.Abertura=1
Faixa.Etária=entre 21 a 30 anos,Ano.Abertura=2015,Respondida=S,Situação=Finalizada avaliada -> Mês.Abertura=1
Faixa.Etária=entre 21 a 30 anos,Mês.Abertura=1,Procurou.Empresa=S,Respondida=S -> Ano.Abertura=2015
Ano.Abertura=2015,Respondida=S,Avaliação.Reclamação=Resolvida -> Situação=Finalizada avaliada
Segmento.de.Mercado=Operadoras de Telecomunicações (Telefonia, Internet, TV por assinatura),Respondida=S,Avaliação.Reclamação=Resolvida -> Situação=Finalizada avaliada
Sexo=M,Respondida=S,Avaliação.Reclamação=Resolvida -> Situação=Finalizada avaliada
Procurou.Empresa=S,Respondida=S,Avaliação.Reclamação=Não Resolvida,Nota.do.Consumidor=1 -> Situação=Finalizada avaliada
Mês.Abertura=1,Respondida=S,Avaliação.Reclamação=Resolvida,Nota.do.Consumidor=5 -> Situação=Finalizada avaliada
Ano.Abertura=2015,Mês.Abertura=1,Respondida=S,Avaliação.Reclamação=Resolvida -> Situação=Finalizada avaliada
Sexo=M,Mês.Abertura=1,Procurou.Empresa=S,Avaliação.Reclamação=Resolvida -> Situação=Finalizada avaliada
Mês.Abertura=1,Procurou.Empresa=S,Respondida=S,Avaliação.Reclamação=Resolvida -> Situação=Finalizada avaliada
Ano.Abertura=2015,Segmento.de.Mercado=Operadoras de Telecomunicações (Telefonia, Internet, TV por assinatura),Respondida=S,Avaliação.Reclamação=Resolvida -> Situação=Finalizada avaliada
Sexo=M,Ano.Abertura=2015,Respondida=S,Avaliação.Reclamação=Resolvida -> Situação=Finalizada avaliada
Sexo=F,Segmento.de.Mercado=Operadoras de Telecomunicações (Telefonia, Internet, TV por assinatura),Procurou.Empresa=S -> Respondida=S
Segmento.de.Mercado=Operadoras de Telecomunicações (Telefonia, Internet, TV por assinatura),Procurou.Empresa=S,Situação=Finalizada não avaliada -> Respondida=S
Ano.Abertura=2014,Segmento.de.Mercado=Operadoras de Telecomunicações (Telefonia, Internet, TV por assinatura),Avaliação.Reclamação=Não Avaliada -> Respondida=S
