Mês.Abertura=12,Situação=Finalizada não avaliada -> Avaliação.Reclamação=Não Avaliada
Sexo=M,Mês.Abertura=1,Procurou.Empresa=S,Situação=Finalizada avaliada -> Ano.Abertura=2015
Mês.Abertura=1,Procurou.Empresa=S,Respondida=S,Situação=Finalizada avaliada -> Ano.Abertura=2015
Ano.Abertura=2015,Segmento.de.Mercado=Operadoras de Telecomunicações (Telefonia, Internet, TV por assinatura),Procurou.Empresa=S,Situação=Finalizada avaliada,Avaliação.Reclamação=Resolvida -> Mês.Abertura=1
Mês.Abertura=1,Segmento.de.Mercado=Operadoras de Telecomunicações (Telefonia, Internet, TV por assinatura),Procurou.Empresa=S,Respondida=S,Avaliação.Reclamação=Resolvida -> Ano.Abertura=2015
Mês.Abertura=1,Procurou.Empresa=S,Respondida=S,Situação=Finalizada avaliada,Avaliação.Reclamação=Resolvida -> Ano.Abertura=2015
Sexo=M,Mês.Abertura=1,Procurou.Empresa=S,Respondida=S,Avaliação.Reclamação=Resolvida -> Ano.Abertura=2015
Sexo=M,Mês.Abertura=1,Segmento.de.Mercado=Operadoras de Telecomunicações (Telefonia, Internet, TV por assinatura),Respondida=S,Situação=Finalizada avaliada -> Ano.Abertura=2015
Ano.Abertura=2015,Segmento.de.Mercado=Operadoras de Telecomunicações (Telefonia, Internet, TV por assinatura),Procurou.Empresa=S,Respondida=S,Situação=Finalizada avaliada -> Mês.Abertura=1
Segmento.de.Mercado=Operadoras de Telecomunicações (Telefonia, Internet, TV por assinatura),Procurou.Empresa=S,Situação=Finalizada não avaliada,Avaliação.Reclamação=Não Avaliada -> Ano.Abertura=2014
Segmento.de.Mercado=Operadoras de Telecomunicações (Telefonia, Internet, TV por assinatura),Procurou.Empresa=S,Respondida=S,Avaliação.Reclamação=Não Avaliada -> Mês.Abertura=12
Sexo=F,Situação=Finalizada não avaliada,Avaliação.Reclamação=Não Avaliada -> Mês.Abertura=12
Sexo=F,Respondida=S,Avaliação.Reclamação=Não Avaliada -> Mês.Abertura=12
Avaliação.Reclamação=Não Avaliada -> Ano.Abertura=2014
Sexo=F,Respondida=S,Situação=Finalizada não avaliada,Avaliação.Reclamação=Não Avaliada -> Ano.Abertura=2014
Avaliação.Reclamação=Não Avaliada -> Mês.Abertura=12
Sexo=F,Procurou.Empresa=S,Avaliação.Reclamação=Não Avaliada -> Ano.Abertura=2014
Respondida=S,Avaliação.Reclamação=Não Avaliada -> Mês.Abertura=12
Sexo=F,Procurou.Empresa=S,Respondida=S,Situação=Finalizada não avaliada,Avaliação.Reclamação=Não Avaliada -> Mês.Abertura=12
Sexo=M,Situação=Finalizada não avaliada,Avaliação.Reclamação=Não Avaliada -> Mês.Abertura=12
Sexo=M,Respondida=S,Situação=Finalizada não avaliada -> Mês.Abertura=12
Sexo=M,Respondida=S,Situação=Finalizada não avaliada,Avaliação.Reclamação=Não Avaliada -> Mês.Abertura=12
Procurou.Empresa=S,Avaliação.Reclamação=Não Avaliada -> Mês.Abertura=12
Mês.Abertura=12,Segmento.de.Mercado=Operadoras de Telecomunicações (Telefonia, Internet, TV por assinatura),Procurou.Empresa=S,Situação=Finalizada não avaliada -> Respondida=S
Sexo=F,Respondida=S,Situação=Finalizada avaliada -> Procurou.Empresa=S
Segmento.de.Mercado=Operadoras de Telecomunicações (Telefonia, Internet, TV por assinatura),Como.Comprou.Contratou=Telefone,Situação=Finalizada avaliada -> Respondida=S
Sexo=M,Segmento.de.Mercado=Operadoras de Telecomunicações (Telefonia, Internet, TV por assinatura),Como.Comprou.Contratou=Telefone -> Respondida=S
Segmento.de.Mercado=Operadoras de Telecomunicações (Telefonia, Internet, TV por assinatura),Como.Comprou.Contratou=Telefone -> Respondida=S
Ano.Abertura=2015,Grupo.Problema=Cobrança / Contestação -> Procurou.Empresa=S
Como.Comprou.Contratou=Não comprei / contratei -> Respondida=S
Sexo=M,Ano.Abertura=2015,Mês.Abertura=1,Situação=Finalizada avaliada -> Respondida=S
Sexo=M,Ano.Abertura=2015,Procurou.Empresa=S -> Respondida=S
Situação=Finalizada avaliada,Avaliação.Reclamação=Resolvida -> Respondida=S
Faixa.Etária=entre 21 a 30 anos,Segmento.de.Mercado=Operadoras de Telecomunicações (Telefonia, Internet, TV por assinatura),Procurou.Empresa=S -> Respondida=S
Sexo=F,Ano.Abertura=2014 -> Respondida=S
Mês.Abertura=12,Procurou.Empresa=S,Situação=Finalizada avaliada -> Respondida=S
Sexo=F,Ano.Abertura=2014,Avaliação.Reclamação=Não Avaliada -> Respondida=S
Sexo=F,Ano.Abertura=2014,Mês.Abertura=12,Situação=Finalizada não avaliada -> Respondida=S
Sexo=M,Mês.Abertura=12,Situação=Finalizada avaliada -> Respondida=S
Como.Comprou.Contratou=Internet,Respondida=S,Situação=Finalizada avaliada -> Procurou.Empresa=S
