Segmento.de.Mercado=Operadoras de Telecomunicações (Telefonia, Internet, TV por assinatura),Avaliação.Reclamação=Não Avaliada -> Situação=Finalizada não avaliada
Sexo=F,Mês.Abertura=1,Procurou.Empresa=S,Respondida=S -> Ano.Abertura=2015
Sexo=F,Ano.Abertura=2015,Procurou.Empresa=S,Respondida=S -> Mês.Abertura=1
Ano.Abertura=2015,Segmento.de.Mercado=Operadoras de Telecomunicações (Telefonia, Internet, TV por assinatura),Situação=Finalizada avaliada,Avaliação.Reclamação=Resolvida -> Mês.Abertura=1
Sexo=M,Mês.Abertura=1,Situação=Finalizada avaliada,Avaliação.Reclamação=Resolvida -> Ano.Abertura=2015
Ano.Abertura=2015,Procurou.Empresa=S,Situação=Finalizada avaliada,Avaliação.Reclamação=Resolvida -> Mês.Abertura=1
Sexo=M,Ano.Abertura=2015,Respondida=S,Avaliação.Reclamação=Resolvida -> Mês.Abertura=1
Ano.Abertura=2015,Procurou.Empresa=S,Respondida=S,Avaliação.Reclamação=Resolvida -> Mês.Abertura=1
Sexo=M,Ano.Abertura=2015,Segmento.de.Mercado=Operadoras de Telecomunicações (Telefonia, Internet, TV por assinatura),Situação=Finalizada avaliada -> Mês.Abertura=1
Mês.Abertura=1,Segmento.de.Mercado=Operadoras de Telecomunicações (Telefonia, Internet, TV por assinatura),Respondida=S,Situação=Finalizada avaliada -> Ano.Abertura=2015
Sexo=M,Segmento.de.Mercado=Operadoras de Telecomunicações (Telefonia, Internet, TV por assinatura),Procurou.Empresa=S,Avaliação.Reclamação=Resolvida -> Situação=Finalizada avaliada
Sexo=M,Procurou.Empresa=S,Respondida=S,Avaliação.Reclamação=Resolvida -> Situação=Finalizada avaliada
Sexo=M,Mês.Abertura=1,Procurou.Empresa=S,Respondida=S,Avaliação.Reclamação=Resolvida -> Situação=Finalizada avaliada
Sexo=M,Segmento.de.Mercado=Operadoras de Telecomunicações (Telefonia, Internet, TV por assinatura),Procurou.Empresa=S,Respondida=S,Avaliação.Reclamação=Resolvida -> Situação=Finalizada avaliada
Sexo=M,Ano.Abertura=2015,Mês.Abertura=1,Procurou.Empresa=S,Respondida=S,Avaliação.Reclamação=Resolvida -> Situação=Finalizada avaliada
Segmento.de.Mercado=Operadoras de Telecomunicações (Telefonia, Internet, TV por assinatura),Avaliação.Reclamação=Resolvida -> Ano.Abertura=2015
Segmento.de.Mercado=Operadoras de Telecomunicações (Telefonia, Internet, TV por assinatura),Respondida=S,Avaliação.Reclamação=Resolvida -> Mês.Abertura=1
Sexo=M,Como.Comprou.Contratou=Telefone,Respondida=S -> Segmento.de.Mercado=Operadoras de Telecomunicações (Telefonia, Internet, TV por assinatura)
Como.Comprou.Contratou=Telefone -> Segmento.de.Mercado=Operadoras de Telecomunicações (Telefonia, Internet, TV por assinatura)
Segmento.de.Mercado=Operadoras de Telecomunicações (Telefonia, Internet, TV por assinatura),Avaliação.Reclamação=Não Avaliada -> Ano.Abertura=2014
Segmento.de.Mercado=Operadoras de Telecomunicações (Telefonia, Internet, TV por assinatura),Respondida=S,Situação=Finalizada não avaliada -> Ano.Abertura=2014
Mês.Abertura=12,Segmento.de.Mercado=Operadoras de Telecomunicações (Telefonia, Internet, TV por assinatura),Situação=Finalizada não avaliada,Avaliação.Reclamação=Não Avaliada -> Respondida=S
Procurou.Empresa=S,Nota.do.Consumidor=5 -> Respondida=S
Procurou.Empresa=S,Avaliação.Reclamação=Resolvida,Nota.do.Consumidor=5 -> Respondida=S
