Ano.Abertura=2015,Mês.Abertura=1,Segmento.de.Mercado=Operadoras de Telecomunicações (Telefonia, Internet, TV por assinatura),Respondida=S,Situação=Finalizada avaliada -> Avaliação.Reclamação=Resolvida
Grupo.Problema=Cobrança / Contestação,Procurou.Empresa=S,Situação=Finalizada avaliada -> Avaliação.Reclamação=Resolvida
Mês.Abertura=12,Como.Comprou.Contratou=Loja física,Procurou.Empresa=S -> Ano.Abertura=2014
Procurou.Empresa=S,Respondida=S,Situação=Finalizada não avaliada,Avaliação.Reclamação=Não Avaliada -> Ano.Abertura=2014
Sexo=M,Ano.Abertura=2015,Mês.Abertura=1,Respondida=S -> Situação=Finalizada avaliada
Faixa.Etária=entre 21 a 30 anos,Mês.Abertura=1 -> Situação=Finalizada avaliada
Faixa.Etária=entre 21 a 30 anos,Ano.Abertura=2015,Mês.Abertura=1 -> Situação=Finalizada avaliada
Segmento.de.Mercado=Operadoras de Telecomunicações (Telefonia, Internet, TV por assinatura),Como.Comprou.Contratou=Telefone,Respondida=S,Situação=Finalizada avaliada -> Procurou.Empresa=S
Como.Comprou.Contratou=Telefone,Situação=Finalizada avaliada -> Procurou.Empresa=S
Faixa.Etária=entre 31 a 40 anos,Segmento.de.Mercado=Operadoras de Telecomunicações (Telefonia, Internet, TV por assinatura) -> Procurou.Empresa=S
Grupo.Problema=Cobrança / Contestação,Respondida=S -> Procurou.Empresa=S
Ano.Abertura=2015,Nota.do.Consumidor=5 -> Respondida=S
Ano.Abertura=2014,Tempo.Resposta=10 -> Respondida=S
Sexo=M,Ano.Abertura=2015,Mês.Abertura=1,Procurou.Empresa=S,Situação=Finalizada avaliada -> Respondida=S
Sexo=F,Mês.Abertura=1,Respondida=S -> Procurou.Empresa=S
Ano.Abertura=2014,Mês.Abertura=12 -> Procurou.Empresa=S
Grupo.Problema=Cobrança / Contestação,Procurou.Empresa=S,Situação=Finalizada avaliada -> Respondida=S
Faixa.Etária=entre 41 a 50 anos,Procurou.Empresa=S -> Respondida=S
Ano.Abertura=2015,Grupo.Problema=Cobrança / Contestação,Procurou.Empresa=S -> Respondida=S
Faixa.Etária=entre 21 a 30 anos,Ano.Abertura=2015 -> Respondida=S
Sexo=M -> Respondida=S
Sexo=F,Ano.Abertura=2015,Mês.Abertura=1,Situação=Finalizada avaliada -> Respondida=S
Faixa.Etária=entre 31 a 40 anos -> Respondida=S
Sexo=F,Ano.Abertura=2014,Procurou.Empresa=S,Avaliação.Reclamação=Não Avaliada -> Respondida=S
Sexo=F,Mês.Abertura=12,Procurou.Empresa=S,Situação=Finalizada não avaliada,Avaliação.Reclamação=Não Avaliada -> Respondida=S
Sexo=M,Respondida=S,Situação=Finalizada avaliada -> Procurou.Empresa=S
Segmento.de.Mercado=Comércio Eletrônico,Como.Comprou.Contratou=Internet,Procurou.Empresa=S -> Respondida=S
UF=SP,Mês.Abertura=12,Procurou.Empresa=S -> Respondida=S
Faixa.Etária=entre 31 a 40 anos,Mês.Abertura=12 -> Respondida=S
Mês.Abertura=1,Respondida=S,Situação=Finalizada avaliada -> Procurou.Empresa=S
Faixa.Etária=entre 21 a 30 anos,Respondida=S,Situação=Finalizada avaliada -> Procurou.Empresa=S
Sexo=M,Faixa.Etária=entre 21 a 30 anos,Respondida=S -> Procurou.Empresa=S
