Procurou.Empresa=S,Avaliação.Reclamação=Não Avaliada -> Situação=Finalizada não avaliada
Faixa.Etária=entre 21 a 30 anos,Respondida=S,Avaliação.Reclamação=Não Avaliada -> Situação=Finalizada não avaliada
Ano.Abertura=2015,Segmento.de.Mercado=Operadoras de Telecomunicações (Telefonia, Internet, TV por assinatura),Situação=Finalizada avaliada -> Avaliação.Reclamação=Resolvida
Mês.Abertura=1,Segmento.de.Mercado=Operadoras de Telecomunicações (Telefonia, Internet, TV por assinatura),Respondida=S -> Avaliação.Reclamação=Resolvida
Ano.Abertura=2015,Mês.Abertura=1,Segmento.de.Mercado=Operadoras de Telecomunicações (Telefonia, Internet, TV por assinatura),Procurou.Empresa=S -> Avaliação.Reclamação=Resolvida
Ano.Abertura=2015,Mês.Abertura=1,Segmento.de.Mercado=Operadoras de Telecomunicações (Telefonia, Internet, TV por assinatura),Procurou.Empresa=S,Respondida=S -> Avaliação.Reclamação=Resolvida
Grupo.Problema=Cobrança / Contestação,Respondida=S,Situação=Finalizada avaliada -> Avaliação.Reclamação=Resolvida
Respondida=S,Situação=Finalizada avaliada,Avaliação.Reclamação=Resolvida,Nota.do.Consumidor=5 -> Ano.Abertura=2015
Respondida=S,Nota.do.Consumidor=5 -> Mês.Abertura=1
Respondida=S,Situação=Finalizada avaliada,Nota.do.Consumidor=5 -> Ano.Abertura=2015
Nota.do.Consumidor=5 -> Mês.Abertura=1
Sexo=M,Ano.Abertura=2015,Segmento.de.Mercado=Operadoras de Telecomunicações (Telefonia, Internet, TV por assinatura),Respondida=S -> Situação=Finalizada avaliada
Mês.Abertura=1,Segmento.de.Mercado=Operadoras de Telecomunicações (Telefonia, Internet, TV por assinatura),Procurou.Empresa=S,Respondida=S -> Situação=Finalizada avaliada
Ano.Abertura=2015,Grupo.Problema=Cobrança / Contestação,Respondida=S -> Situação=Finalizada avaliada
Sexo=M,Ano.Abertura=2015 -> Situação=Finalizada avaliada
Ano.Abertura=2015,Respondida=S -> Situação=Finalizada avaliada
Mês.Abertura=1,Procurou.Empresa=S,Respondida=S -> Situação=Finalizada avaliada
Ano.Abertura=2015,Mês.Abertura=1,Procurou.Empresa=S,Respondida=S -> Situação=Finalizada avaliada
Sexo=F,Ano.Abertura=2015,Respondida=S -> Situação=Finalizada avaliada
Segmento.de.Mercado=Operadoras de Telecomunicações (Telefonia, Internet, TV por assinatura),Como.Comprou.Contratou=Telefone -> Procurou.Empresa=S
Grupo.Problema=Atendimento / SAC,Respondida=S -> Procurou.Empresa=S
Segmento.de.Mercado=Operadoras de Telecomunicações (Telefonia, Internet, TV por assinatura),Situação=Finalizada não avaliada -> Procurou.Empresa=S
Segmento.de.Mercado=Operadoras de Telecomunicações (Telefonia, Internet, TV por assinatura),Respondida=S,Situação=Finalizada não avaliada,Avaliação.Reclamação=Não Avaliada -> Procurou.Empresa=S
Mês.Abertura=12,Segmento.de.Mercado=Operadoras de Telecomunicações (Telefonia, Internet, TV por assinatura) -> Procurou.Empresa=S
Sexo=M,Como.Comprou.Contratou=Telefone -> Procurou.Empresa=S
Ano.Abertura=2014,Segmento.de.Mercado=Operadoras de Telecomunicações (Telefonia, Internet, TV por assinatura),Situação=Finalizada não avaliada -> Procurou.Empresa=S
Ano.Abertura=2014,Segmento.de.Mercado=Operadoras de Telecomunicações (Telefonia, Internet, TV por assinatura),Respondida=S,Situação=Finalizada não avaliada -> Procurou.Empresa=S
Ano.Abertura=2015,Mês.Abertura=1,Situação=Finalizada avaliada -> Respondida=S
Ano.Abertura=2014,Mês.Abertura=12,Como.Comprou.Contratou=Telefone -> Respondida=S
Ano.Abertura=2014,Mês.Abertura=12,Grupo.Problema=Cobrança / Contestação -> Respondida=S
Avaliação.Reclamação=Resolvida -> Procurou.Empresa=S
Ano.Abertura=2014,Grupo.Problema=Cobrança / Contestação,Procurou.Empresa=S -> Respondida=S
Faixa.Etária=entre 41 a 50 anos -> Respondida=S
Sexo=M,Respondida=S,Situação=Finalizada avaliada,Avaliação.Reclamação=Resolvida -> Procurou.Empresa=S
Sexo=M,Faixa.Etária=entre 21 a 30 anos -> Respondida=S
Sexo=F,Mês.Abertura=1 -> Respondida=S
Situação=Finalizada não avaliada -> Procurou.Empresa=S
Sexo=M,Faixa.Etária=entre 21 a 30 anos,Procurou.Empresa=S -> Respondida=S
Procurou.Empresa=S,Situação=Finalizada avaliada -> Respondida=S
Sexo=F,Grupo.Problema=Cobrança / Contestação -> Respondida=S
Sexo=M,Avaliação.Reclamação=Não Avaliada -> Respondida=S
Faixa.Etária=entre 31 a 40 anos,Mês.Abertura=12,Procurou.Empresa=S -> Respondida=S
Como.Comprou.Contratou=Internet,Procurou.Empresa=S -> Respondida=S
Procurou.Empresa=S,Situação=Finalizada avaliada,Nota.do.Consumidor=1 -> Respondida=S
Situação=Finalizada avaliada,Avaliação.Reclamação=Não Resolvida -> Procurou.Empresa=S
Faixa.Etária=entre 31 a 40 anos,Ano.Abertura=2014,Mês.Abertura=12 -> Respondida=S
Ano.Abertura=2015,Mês.Abertura=1,Respondida=S,Situação=Finalizada avaliada -> Procurou.Empresa=S
Faixa.Etária=entre 21 a 30 anos,Mês.Abertura=1,Respondida=S -> Procurou.Empresa=S
