Procurou.Empresa=S,Nota.do.Consumidor=5 -> Avaliação.Reclamação=Resolvida
Respondida=S,Situação=Finalizada avaliada,Nota.do.Consumidor=5 -> Avaliação.Reclamação=Resolvida
Avaliação.Reclamação=Não Avaliada -> Situação=Finalizada não avaliada
Faixa.Etária=entre 21 a 30 anos,Avaliação.Reclamação=Não Avaliada -> Situação=Finalizada não avaliada
Ano.Abertura=2014,Mês.Abertura=12,Situação=Finalizada não avaliada -> Avaliação.Reclamação=Não Avaliada
Sexo=M,Mês.Abertura=12,Procurou.Empresa=S,Respondida=S,Situação=Finalizada não avaliada -> Avaliação.Reclamação=Não Avaliada
Sexo=M,Ano.Abertura=2014,Procurou.Empresa=S,Respondida=S,Situação=Finalizada não avaliada -> Avaliação.Reclamação=Não Avaliada
Sexo=M,Ano.Abertura=2014,Procurou.Empresa=S,Respondida=S,Avaliação.Reclamação=Não Avaliada -> Situação=Finalizada não avaliada
Sexo=F,Ano.Abertura=2014,Mês.Abertura=12,Procurou.Empresa=S,Respondida=S,Avaliação.Reclamação=Não Avaliada -> Situação=Finalizada não avaliada
Mês.Abertura=1 -> Ano.Abertura=2015
Sexo=F,Mês.Abertura=1 -> Ano.Abertura=2015
Mês.Abertura=1,Respondida=S,Nota.do.Consumidor=5 -> Ano.Abertura=2015
Faixa.Etária=entre 31 a 40 anos,Mês.Abertura=1,Respondida=S -> Ano.Abertura=2015
Mês.Abertura=1,Grupo.Problema=Cobrança / Contestação,Procurou.Empresa=S -> Ano.Abertura=2015
Ano.Abertura=2015,Grupo.Problema=Cobrança / Contestação,Procurou.Empresa=S -> Mês.Abertura=1
Faixa.Etária=entre 21 a 30 anos,Mês.Abertura=1,Procurou.Empresa=S -> Ano.Abertura=2015
Faixa.Etária=entre 21 a 30 anos,Mês.Abertura=1,Respondida=S -> Ano.Abertura=2015
Sexo=F,Mês.Abertura=1,Situação=Finalizada avaliada -> Ano.Abertura=2015
Sexo=F,Ano.Abertura=2015,Procurou.Empresa=S -> Mês.Abertura=1
Ano.Abertura=2015,Segmento.de.Mercado=Operadoras de Telecomunicações (Telefonia, Internet, TV por assinatura),Avaliação.Reclamação=Resolvida -> Mês.Abertura=1
Mês.Abertura=1,Situação=Finalizada avaliada,Avaliação.Reclamação=Resolvida -> Ano.Abertura=2015
Mês.Abertura=1,Respondida=S,Avaliação.Reclamação=Resolvida -> Ano.Abertura=2015
Mês.Abertura=1,Segmento.de.Mercado=Operadoras de Telecomunicações (Telefonia, Internet, TV por assinatura),Situação=Finalizada avaliada -> Ano.Abertura=2015
Ano.Abertura=2015,Segmento.de.Mercado=Operadoras de Telecomunicações (Telefonia, Internet, TV por assinatura),Procurou.Empresa=S -> Mês.Abertura=1
Mês.Abertura=12,Segmento.de.Mercado=Operadoras de Telecomunicações (Telefonia, Internet, TV por assinatura),Situação=Finalizada não avaliada -> Ano.Abertura=2014
Mês.Abertura=12,Segmento.de.Mercado=Operadoras de Telecomunicações (Telefonia, Internet, TV por assinatura),Avaliação.Reclamação=Não Avaliada -> Ano.Abertura=2014
Mês.Abertura=12,Procurou.Empresa=S,Avaliação.Reclamação=Não Avaliada -> Ano.Abertura=2014
Mês.Abertura=12,Respondida=S,Avaliação.Reclamação=Não Avaliada -> Ano.Abertura=2014
Ano.Abertura=2014,Como.Comprou.Contratou=Internet -> Mês.Abertura=12
Ano.Abertura=2014,Procurou.Empresa=S,Respondida=S,Situação=Finalizada não avaliada,Avaliação.Reclamação=Não Avaliada -> Mês.Abertura=12
Ano.Abertura=2014,Como.Comprou.Contratou=Internet,Respondida=S -> Mês.Abertura=12
Ano.Abertura=2014,Segmento.de.Mercado=Operadoras de Telecomunicações (Telefonia, Internet, TV por assinatura),Procurou.Empresa=S,Respondida=S,Situação=Finalizada não avaliada -> Mês.Abertura=12
Ano.Abertura=2014,Tempo.Resposta=10,Respondida=S -> Mês.Abertura=12
Sexo=M,Ano.Abertura=2014,Situação=Finalizada não avaliada -> Mês.Abertura=12
Faixa.Etária=entre 21 a 30 anos,Ano.Abertura=2014,Procurou.Empresa=S -> Mês.Abertura=12
Como.Comprou.Contratou=Telefone,Procurou.Empresa=S,Situação=Finalizada avaliada -> Segmento.de.Mercado=Operadoras de Telecomunicações (Telefonia, Internet, TV por assinatura)
Como.Comprou.Contratou=Telefone,Situação=Finalizada avaliada -> Segmento.de.Mercado=Operadoras de Telecomunicações (Telefonia, Internet, TV por assinatura)
Avaliação.Reclamação=Resolvida -> Situação=Finalizada avaliada
Avaliação.Reclamação=Resolvida,Nota.do.Consumidor=5 -> Situação=Finalizada avaliada
Procurou.Empresa=S,Nota.do.Consumidor=5 -> Situação=Finalizada avaliada
Sexo=M,Avaliação.Reclamação=Não Resolvida -> Situação=Finalizada avaliada
Respondida=S,Avaliação.Reclamação=Não Resolvida -> Situação=Finalizada avaliada
Mês.Abertura=1,Avaliação.Reclamação=Resolvida -> Situação=Finalizada avaliada
Sexo=M,Respondida=S,Nota.do.Consumidor=1 -> Situação=Finalizada avaliada
Ano.Abertura=2015,Avaliação.Reclamação=Resolvida,Nota.do.Consumidor=5 -> Situação=Finalizada avaliada
Respondida=S,Avaliação.Reclamação=Resolvida,Nota.do.Consumidor=5 -> Situação=Finalizada avaliada
Segmento.de.Mercado=Operadoras de Telecomunicações (Telefonia, Internet, TV por assinatura),Situação=Finalizada avaliada,Avaliação.Reclamação=Resolvida -> Respondida=S
Mês.Abertura=1,Segmento.de.Mercado=Operadoras de Telecomunicações (Telefonia, Internet, TV por assinatura),Procurou.Empresa=S -> Respondida=S
Ano.Abertura=2015,Segmento.de.Mercado=Operadoras de Telecomunicações (Telefonia, Internet, TV por assinatura),Procurou.Empresa=S -> Respondida=S
Ano.Abertura=2015,Mês.Abertura=1,Situação=Finalizada avaliada,Nota.do.Consumidor=5 -> Respondida=S
Ano.Abertura=2014,Mês.Abertura=12,Tempo.Resposta=10,Procurou.Empresa=S -> Respondida=S
Sexo=M,Ano.Abertura=2015,Mês.Abertura=1,Avaliação.Reclamação=Resolvida -> Respondida=S
Mês.Abertura=1,Avaliação.Reclamação=Resolvida -> Respondida=S
Ano.Abertura=2015,Situação=Finalizada avaliada,Avaliação.Reclamação=Resolvida -> Respondida=S
Mês.Abertura=1,Procurou.Empresa=S,Situação=Finalizada avaliada,Avaliação.Reclamação=Resolvida -> Respondida=S
Sexo=M,Segmento.de.Mercado=Operadoras de Telecomunicações (Telefonia, Internet, TV por assinatura),Situação=Finalizada avaliada -> Respondida=S
Situação=Finalizada avaliada,Nota.do.Consumidor=5 -> Respondida=S
Sexo=F,Situação=Finalizada não avaliada -> Respondida=S
Mês.Abertura=1,Avaliação.Reclamação=Resolvida -> Procurou.Empresa=S
Ano.Abertura=2015,Situação=Finalizada avaliada,Avaliação.Reclamação=Resolvida -> Procurou.Empresa=S
