Procurou.Empresa=S,Avaliação.Reclamação=Não Resolvida -> Nota.do.Consumidor=1
Procurou.Empresa=S,Respondida=S,Avaliação.Reclamação=Não Resolvida -> Nota.do.Consumidor=1
Nota.do.Consumidor=1 -> Avaliação.Reclamação=Não Resolvida
Respondida=S,Situação=Finalizada avaliada,Nota.do.Consumidor=1 -> Avaliação.Reclamação=Não Resolvida
Respondida=S,Situação=Finalizada avaliada,Avaliação.Reclamação=Não Resolvida -> Nota.do.Consumidor=1
Ano.Abertura=2015,Respondida=S,Nota.do.Consumidor=5 -> Avaliação.Reclamação=Resolvida
Situação=Finalizada não avaliada -> Avaliação.Reclamação=Não Avaliada
Sexo=M,Ano.Abertura=2014,Situação=Finalizada não avaliada -> Avaliação.Reclamação=Não Avaliada
Ano.Abertura=2014,Procurou.Empresa=S,Situação=Finalizada não avaliada -> Avaliação.Reclamação=Não Avaliada
Ano.Abertura=2014,Respondida=S,Situação=Finalizada não avaliada -> Avaliação.Reclamação=Não Avaliada
Sexo=M,Procurou.Empresa=S,Situação=Finalizada não avaliada -> Avaliação.Reclamação=Não Avaliada
Sexo=M,Respondida=S,Avaliação.Reclamação=Não Avaliada -> Situação=Finalizada não avaliada
Sexo=F,Mês.Abertura=12,Procurou.Empresa=S,Situação=Finalizada não avaliada -> Avaliação.Reclamação=Não Avaliada
Sexo=F,Mês.Abertura=12,Respondida=S,Situação=Finalizada não avaliada -> Avaliação.Reclamação=Não Avaliada
Ano.Abertura=2014,Mês.Abertura=12,Segmento.de.Mercado=Operadoras de Telecomunicações (Telefonia, Internet, TV por assinatura),Procurou.Empresa=S,Situação=Finalizada não avaliada -> Avaliação.Reclamação=Não Avaliada
Mês.Abertura=1,Grupo.Problema=Cobrança / Contestação -> Ano.Abertura=2015
Faixa.Etária=entre 21 a 30 anos,Ano.Abertura=2015,Procurou.Empresa=S -> Mês.Abertura=1
Faixa.Etária=entre 21 a 30 anos,Ano.Abertura=2015,Respondida=S -> Mês.Abertura=1
Sexo=F,Ano.Abertura=2015,Situação=Finalizada avaliada -> Mês.Abertura=1
Sexo=F,Mês.Abertura=1,Respondida=S -> Ano.Abertura=2015
Mês.Abertura=12,Grupo.Problema=Cobrança / Contestação,Procurou.Empresa=S,Respondida=S -> Ano.Abertura=2014
Procurou.Empresa=S,Avaliação.Reclamação=Não Resolvida -> Situação=Finalizada avaliada
Grupo.Problema=Cobrança / Contestação,Avaliação.Reclamação=Resolvida -> Situação=Finalizada avaliada
Sexo=F,Avaliação.Reclamação=Resolvida -> Situação=Finalizada avaliada
