Sexo=F,Ano.Abertura=2014,Procurou.Empresa=S -> Mês.Abertura=12
Sexo=M,Ano.Abertura=2014,Respondida=S,Situação=Finalizada avaliada -> Mês.Abertura=12
Mês.Abertura=12,Grupo.Problema=Cobrança / Contestação -> Ano.Abertura=2014
Segmento.de.Mercado=Operadoras de Telecomunicações (Telefonia, Internet, TV por assinatura),Respondida=S -> Procurou.Empresa=S
Sexo=F,Situação=Finalizada não avaliada,Avaliação.Reclamação=Não Avaliada -> Procurou.Empresa=S
Faixa.Etária=entre 31 a 40 anos -> Procurou.Empresa=S
Sexo=F,Ano.Abertura=2014,Respondida=S -> Procurou.Empresa=S
Sexo=M,Segmento.de.Mercado=Operadoras de Telecomunicações (Telefonia, Internet, TV por assinatura),Avaliação.Reclamação=Resolvida -> Procurou.Empresa=S
Segmento.de.Mercado=Operadoras de Telecomunicações (Telefonia, Internet, TV por assinatura),Situação=Finalizada avaliada,Avaliação.Reclamação=Resolvida -> Procurou.Empresa=S
Ano.Abertura=2014,Situação=Finalizada avaliada -> Procurou.Empresa=S
Ano.Abertura=2014,Mês.Abertura=12,Situação=Finalizada avaliada -> Procurou.Empresa=S
Mês.Abertura=12,Respondida=S,Situação=Finalizada avaliada -> Procurou.Empresa=S
Ano.Abertura=2014,Grupo.Problema=Cobrança / Contestação,Respondida=S -> Procurou.Empresa=S
Ano.Abertura=2014,Mês.Abertura=12,Grupo.Problema=Cobrança / Contestação,Respondida=S -> Procurou.Empresa=S
Ano.Abertura=2014,Tempo.Resposta=10,Respondida=S -> Procurou.Empresa=S
Procurou.Empresa=S -> Respondida=S
Mês.Abertura=12,Situação=Finalizada não avaliada,Avaliação.Reclamação=Não Avaliada -> Procurou.Empresa=S
Ano.Abertura=2014,Mês.Abertura=12,Situação=Finalizada não avaliada,Avaliação.Reclamação=Não Avaliada -> Procurou.Empresa=S
Sexo=M,Ano.Abertura=2014,Mês.Abertura=12,Procurou.Empresa=S,Situação=Finalizada não avaliada,Avaliação.Reclamação=Não Avaliada -> Respondida=S
Procurou.Empresa=S,Avaliação.Reclamação=Não Avaliada -> Respondida=S
Avaliação.Reclamação=Não Resolvida,Nota.do.Consumidor=1 -> Procurou.Empresa=S
Ano.Abertura=2014,Procurou.Empresa=S,Avaliação.Reclamação=Não Avaliada -> Respondida=S
Mês.Abertura=12,Procurou.Empresa=S,Situação=Finalizada não avaliada,Avaliação.Reclamação=Não Avaliada -> Respondida=S
Sexo=M,Ano.Abertura=2015,Mês.Abertura=1,Avaliação.Reclamação=Resolvida -> Procurou.Empresa=S
Sexo=M,Ano.Abertura=2015,Respondida=S,Avaliação.Reclamação=Resolvida -> Procurou.Empresa=S
Sexo=M,Ano.Abertura=2015,Respondida=S,Situação=Finalizada avaliada,Avaliação.Reclamação=Resolvida -> Procurou.Empresa=S
Sexo=M,Faixa.Etária=entre 31 a 40 anos,Procurou.Empresa=S -> Respondida=S
Faixa.Etária=entre 21 a 30 anos,Ano.Abertura=2014,Mês.Abertura=12,Procurou.Empresa=S -> Respondida=S
UF=SP,Ano.Abertura=2014,Respondida=S -> Procurou.Empresa=S
Ano.Abertura=2014 -> Respondida=S
Sexo=M,Mês.Abertura=1 -> Procurou.Empresa=S
Sexo=M,Ano.Abertura=2015,Mês.Abertura=1,Respondida=S -> Procurou.Empresa=S
Sexo=M,Mês.Abertura=12,Avaliação.Reclamação=Não Avaliada -> Procurou.Empresa=S
Sexo=M,Ano.Abertura=2014,Respondida=S,Avaliação.Reclamação=Não Avaliada -> Procurou.Empresa=S
Sexo=M,Mês.Abertura=12,Respondida=S,Avaliação.Reclamação=Não Avaliada -> Procurou.Empresa=S
Sexo=M,Ano.Abertura=2014,Mês.Abertura=12,Respondida=S,Avaliação.Reclamação=Não Avaliada -> Procurou.Empresa=S
Mês.Abertura=12,Como.Comprou.Contratou=Internet,Respondida=S -> Procurou.Empresa=S
Respondida=S,Situação=Finalizada avaliada,Avaliação.Reclamação=Resolvida,Nota.do.Consumidor=5 -> Procurou.Empresa=S
