Sexo=F,Ano.Abertura=2014,Situação=Finalizada não avaliada -> Avaliação.Reclamação=Não Avaliada
Ano.Abertura=2014,Segmento.de.Mercado=Operadoras de Telecomunicações (Telefonia, Internet, TV por assinatura),Situação=Finalizada não avaliada -> Avaliação.Reclamação=Não Avaliada
Mês.Abertura=12,Procurou.Empresa=S,Situação=Finalizada não avaliada -> Avaliação.Reclamação=Não Avaliada
Ano.Abertura=2015,Nota.do.Consumidor=5 -> Mês.Abertura=1
Mês.Abertura=1,Grupo.Problema=Cobrança / Contestação,Situação=Finalizada avaliada -> Ano.Abertura=2015
Sexo=M,Mês.Abertura=1,Segmento.de.Mercado=Operadoras de Telecomunicações (Telefonia, Internet, TV por assinatura) -> Ano.Abertura=2015
Ano.Abertura=2015,Procurou.Empresa=S,Situação=Finalizada avaliada -> Mês.Abertura=1
Ano.Abertura=2014,Situação=Finalizada avaliada -> Mês.Abertura=12
Sexo=M,Ano.Abertura=2014,Segmento.de.Mercado=Operadoras de Telecomunicações (Telefonia, Internet, TV por assinatura),Procurou.Empresa=S -> Mês.Abertura=12
Sexo=F,Ano.Abertura=2014,Avaliação.Reclamação=Não Avaliada -> Mês.Abertura=12
Sexo=F,Ano.Abertura=2014,Situação=Finalizada não avaliada,Avaliação.Reclamação=Não Avaliada -> Mês.Abertura=12
Mês.Abertura=12,Situação=Finalizada avaliada -> Ano.Abertura=2014
Mês.Abertura=12,Respondida=S -> Ano.Abertura=2014
Mês.Abertura=12,Tempo.Resposta=10,Procurou.Empresa=S -> Ano.Abertura=2014
Mês.Abertura=12,Procurou.Empresa=S,Respondida=S -> Ano.Abertura=2014
Nota.do.Consumidor=5 -> Situação=Finalizada avaliada
Mês.Abertura=1,Respondida=S,Nota.do.Consumidor=5 -> Situação=Finalizada avaliada
Grupo.Problema=Cobrança / Contestação,Respondida=S,Avaliação.Reclamação=Resolvida -> Situação=Finalizada avaliada
Ano.Abertura=2015,Mês.Abertura=1,Avaliação.Reclamação=Resolvida -> Situação=Finalizada avaliada
Sexo=F,Mês.Abertura=12,Situação=Finalizada não avaliada -> Procurou.Empresa=S
Sexo=F,Ano.Abertura=2014,Mês.Abertura=12,Situação=Finalizada não avaliada -> Procurou.Empresa=S
Sexo=F,Ano.Abertura=2014,Mês.Abertura=12,Avaliação.Reclamação=Não Avaliada -> Procurou.Empresa=S
Sexo=M,Segmento.de.Mercado=Operadoras de Telecomunicações (Telefonia, Internet, TV por assinatura),Respondida=S,Situação=Finalizada avaliada -> Procurou.Empresa=S
Segmento.de.Mercado=Operadoras de Telecomunicações (Telefonia, Internet, TV por assinatura),Respondida=S,Situação=Finalizada avaliada -> Procurou.Empresa=S
Faixa.Etária=entre 31 a 40 anos,Ano.Abertura=2014,Mês.Abertura=12,Respondida=S -> Procurou.Empresa=S
Ano.Abertura=2014,Mês.Abertura=12,Tempo.Resposta=10,Respondida=S -> Procurou.Empresa=S
Ano.Abertura=2014,Como.Comprou.Contratou=Loja física -> Procurou.Empresa=S
Respondida=S,Situação=Finalizada avaliada,Nota.do.Consumidor=1 -> Procurou.Empresa=S
Sexo=M,Ano.Abertura=2015,Situação=Finalizada avaliada,Avaliação.Reclamação=Resolvida -> Respondida=S
Avaliação.Reclamação=Resolvida,Nota.do.Consumidor=5 -> Respondida=S
Grupo.Problema=Contrato / Oferta -> Respondida=S
Faixa.Etária=entre 21 a 30 anos,Mês.Abertura=12 -> Respondida=S
Faixa.Etária=entre 31 a 40 anos,Procurou.Empresa=S,Situação=Finalizada avaliada -> Respondida=S
Faixa.Etária=entre 31 a 40 anos,Procurou.Empresa=S -> Respondida=S
Mês.Abertura=12 -> Respondida=S
Sexo=M,Avaliação.Reclamação=Não Resolvida -> Procurou.Empresa=S
