Sexo=F,Respondida=S,Avaliação.Reclamação=Não Avaliada -> Situação=Finalizada não avaliada
Faixa.Etária=entre 31 a 40 anos,Ano.Abertura=2014,Procurou.Empresa=S -> Mês.Abertura=12
Sexo=F,Ano.Abertura=2014,Procurou.Empresa=S,Respondida=S,Avaliação.Reclamação=Não Avaliada -> Mês.Abertura=12
Mês.Abertura=12,Tempo.Resposta=10 -> Ano.Abertura=2014
Mês.Abertura=12,Como.Comprou.Contratou=Telefone -> Ano.Abertura=2014
Mês.Abertura=12,Como.Comprou.Contratou=Internet -> Ano.Abertura=2014
Ano.Abertura=2014,Mês.Abertura=12,Segmento.de.Mercado=Operadoras de Telecomunicações (Telefonia, Internet, TV por assinatura),Respondida=S,Avaliação.Reclamação=Não Avaliada -> Procurou.Empresa=S
Sexo=F,Mês.Abertura=12,Respondida=S,Situação=Finalizada não avaliada,Avaliação.Reclamação=Não Avaliada -> Procurou.Empresa=S
Sexo=F,Ano.Abertura=2014,Mês.Abertura=12,Respondida=S,Situação=Finalizada não avaliada,Avaliação.Reclamação=Não Avaliada -> Procurou.Empresa=S
Sexo=F,Situação=Finalizada não avaliada -> Procurou.Empresa=S
Tempo.Resposta=10,Respondida=S -> Procurou.Empresa=S
Ano.Abertura=2015,Segmento.de.Mercado=Operadoras de Telecomunicações (Telefonia, Internet, TV por assinatura),Situação=Finalizada avaliada,Avaliação.Reclamação=Resolvida -> Procurou.Empresa=S
Ano.Abertura=2015,Mês.Abertura=1,Segmento.de.Mercado=Operadoras de Telecomunicações (Telefonia, Internet, TV por assinatura),Respondida=S,Avaliação.Reclamação=Resolvida -> Procurou.Empresa=S
Ano.Abertura=2015,Mês.Abertura=1,Segmento.de.Mercado=Operadoras de Telecomunicações (Telefonia, Internet, TV por assinatura),Situação=Finalizada avaliada -> Procurou.Empresa=S
Ano.Abertura=2015,Segmento.de.Mercado=Operadoras de Telecomunicações (Telefonia, Internet, TV por assinatura),Respondida=S,Situação=Finalizada avaliada -> Procurou.Empresa=S
Mês.Abertura=12,Grupo.Problema=Cobrança / Contestação -> Procurou.Empresa=S
Ano.Abertura=2014,Situação=Finalizada não avaliada -> Procurou.Empresa=S
Mês.Abertura=12,Respondida=S,Situação=Finalizada não avaliada -> Procurou.Empresa=S
Ano.Abertura=2014,Mês.Abertura=12,Respondida=S,Situação=Finalizada não avaliada -> Procurou.Empresa=S
Sexo=M,Ano.Abertura=2014,Procurou.Empresa=S,Avaliação.Reclamação=Não Avaliada -> Respondida=S
Faixa.Etária=entre 21 a 30 anos,Procurou.Empresa=S -> Respondida=S
Sexo=M,Mês.Abertura=12,Procurou.Empresa=S,Situação=Finalizada não avaliada,Avaliação.Reclamação=Não Avaliada -> Respondida=S
Sexo=F,Procurou.Empresa=S,Situação=Finalizada não avaliada -> Respondida=S
Respondida=S,Avaliação.Reclamação=Não Resolvida,Nota.do.Consumidor=1 -> Procurou.Empresa=S
Sexo=M,Mês.Abertura=12,Procurou.Empresa=S -> Respondida=S
Sexo=M,Faixa.Etária=entre 31 a 40 anos -> Respondida=S
Sexo=M,Ano.Abertura=2015,Respondida=S,Situação=Finalizada avaliada -> Procurou.Empresa=S
Sexo=M,Respondida=S,Situação=Finalizada não avaliada,Avaliação.Reclamação=Não Avaliada -> Procurou.Empresa=S
Sexo=M,Ano.Abertura=2014,Situação=Finalizada não avaliada -> Procurou.Empresa=S
Sexo=M,Ano.Abertura=2014,Mês.Abertura=12,Situação=Finalizada não avaliada -> Procurou.Empresa=S
Mês.Abertura=12,Como.Comprou.Contratou=Internet -> Procurou.Empresa=S
Respondida=S,Situação=Finalizada avaliada,Nota.do.Consumidor=5 -> Procurou.Empresa=S
