age.60.69,breast.quad.left_up -> menopause.ge40
age.60.69,deg.malig.2 -> menopause.ge40
age.60.69,breast.right -> menopause.ge40
age.60.69,node.caps.no,deg.malig.2 -> menopause.ge40
age.60.69,inv.nodes.0.2,breast.right -> menopause.ge40
age.60.69,node.caps.no,breast.right -> menopause.ge40
age.60.69 -> menopause.ge40
age.60.69,breast.quad.left_low -> menopause.ge40
age.60.69,node.caps.no -> menopause.ge40
age.60.69,inv.nodes.0.2 -> menopause.ge40
age.60.69,inv.nodes.0.2,node.caps.no -> menopause.ge40
age.60.69,irradiat.no -> menopause.ge40
age.60.69,Class.no.recurrence.events -> menopause.ge40
age.60.69,node.caps.no,irradiat.no -> menopause.ge40
age.60.69,node.caps.no,Class.no.recurrence.events -> menopause.ge40
age.60.69,inv.nodes.0.2,node.caps.no,irradiat.no -> menopause.ge40
age.60.69,inv.nodes.0.2,node.caps.no,Class.no.recurrence.events -> menopause.ge40
age.60.69,irradiat.no,Class.no.recurrence.events -> menopause.ge40
age.60.69,breast.left -> menopause.ge40
age.60.69,inv.nodes.0.2,node.caps.no,irradiat.no,Class.no.recurrence.events -> menopause.ge40
age.60.69,node.caps.no,breast.left -> menopause.ge40
age.60.69,breast.left,Class.no.recurrence.events -> menopause.ge40
age.60.69,breast.left,irradiat.no -> menopause.ge40
age.60.69,inv.nodes.0.2,node.caps.no,breast.left -> menopause.ge40
age.60.69,node.caps.no,irradiat.no,Class.no.recurrence.events -> inv.nodes.0.2
age.60.69,menopause.ge40,node.caps.no,irradiat.no,Class.no.recurrence.events -> inv.nodes.0.2
age.60.69,node.caps.no,irradiat.no -> inv.nodes.0.2
age.60.69,menopause.ge40,node.caps.no,irradiat.no -> inv.nodes.0.2
age.60.69,node.caps.no,breast.left -> inv.nodes.0.2
age.60.69,menopause.ge40,node.caps.no,breast.left -> inv.nodes.0.2
age.60.69,node.caps.no -> inv.nodes.0.2
age.60.69,menopause.ge40,node.caps.no -> inv.nodes.0.2
age.60.69,inv.nodes.0.2,node.caps.no,irradiat.no -> Class.no.recurrence.events
age.60.69,menopause.ge40,inv.nodes.0.2,node.caps.no,irradiat.no -> Class.no.recurrence.events
age.60.69,inv.nodes.0.2,node.caps.no -> Class.no.recurrence.events
age.60.69,inv.nodes.0.2,node.caps.no,Class.no.recurrence.events -> irradiat.no
age.60.69,menopause.ge40,inv.nodes.0.2,node.caps.no -> Class.no.recurrence.events
age.60.69,menopause.ge40,inv.nodes.0.2,node.caps.no,Class.no.recurrence.events -> irradiat.no
age.60.69,node.caps.no -> Class.no.recurrence.events
age.60.69,inv.nodes.0.2,node.caps.no -> irradiat.no
age.60.69,menopause.ge40,node.caps.no -> Class.no.recurrence.events
age.60.69,menopause.ge40,inv.nodes.0.2,node.caps.no -> irradiat.no
age.60.69,menopause.ge40,breast.right -> inv.nodes.0.2
age.60.69 -> inv.nodes.0.2
age.60.69,node.caps.no -> irradiat.no
age.60.69,menopause.ge40 -> inv.nodes.0.2
age.60.69,menopause.ge40,node.caps.no -> irradiat.no
