age.40.49,node.caps.no,breast.right,Class.no.recurrence.events -> menopause.premeno
age.40.49,node.caps.no,breast.right,irradiat.no,Class.no.recurrence.events -> menopause.premeno
age.40.49,inv.nodes.0.2,node.caps.no,breast.right,irradiat.no,Class.no.recurrence.events -> menopause.premeno
age.40.49,node.caps.no,breast.right,irradiat.no -> menopause.premeno
age.40.49,node.caps.no,deg.malig.2,irradiat.no,Class.no.recurrence.events -> menopause.premeno
age.40.49,inv.nodes.0.2,node.caps.no,deg.malig.2,irradiat.no,Class.no.recurrence.events -> menopause.premeno
age.40.49,node.caps.no,deg.malig.2,Class.no.recurrence.events -> menopause.premeno
age.40.49,node.caps.no,deg.malig.2,irradiat.no -> menopause.premeno
age.40.49,node.caps.no,irradiat.no,Class.no.recurrence.events -> menopause.premeno
age.40.49,node.caps.no,Class.no.recurrence.events -> menopause.premeno
age.40.49,inv.nodes.0.2,node.caps.no,irradiat.no,Class.no.recurrence.events -> menopause.premeno
age.40.49,node.caps.no,irradiat.no -> menopause.premeno
age.40.49,node.caps.no,breast.left,irradiat.no -> menopause.premeno
age.40.49,node.caps.no,breast.left,Class.no.recurrence.events -> menopause.premeno
tumor.size.15.19,node.caps.no,irradiat.no -> inv.nodes.0.2
deg.malig.1,breast.quad.left_low,irradiat.no -> inv.nodes.0.2
node.caps.no,deg.malig.1,breast.quad.left_low -> inv.nodes.0.2
menopause.ge40,node.caps.no,deg.malig.1 -> inv.nodes.0.2
deg.malig.1,breast.left,irradiat.no -> inv.nodes.0.2
node.caps.no,deg.malig.1,breast.left -> inv.nodes.0.2
menopause.premeno,tumor.size.25.29,node.caps.no,irradiat.no -> inv.nodes.0.2
tumor.size.25.29,node.caps.no,irradiat.no,Class.no.recurrence.events -> inv.nodes.0.2
node.caps.no,deg.malig.1,breast.quad.left_low,Class.no.recurrence.events -> inv.nodes.0.2
node.caps.no,deg.malig.1,breast.quad.left_low,irradiat.no -> inv.nodes.0.2
menopause.ge40,node.caps.no,deg.malig.1,irradiat.no -> inv.nodes.0.2
node.caps.no,deg.malig.1,breast.left,Class.no.recurrence.events -> inv.nodes.0.2
node.caps.no,deg.malig.1,breast.left,irradiat.no -> inv.nodes.0.2
menopause.premeno,node.caps.no,breast.left,breast.quad.left_low -> inv.nodes.0.2
menopause.ge40,node.caps.no,deg.malig.1,irradiat.no,Class.no.recurrence.events -> inv.nodes.0.2
node.caps.no,deg.malig.1,breast.left,irradiat.no,Class.no.recurrence.events -> inv.nodes.0.2
menopause.ge40,node.caps.no,breast.quad.left_up,irradiat.no,Class.no.recurrence.events -> inv.nodes.0.2
node.caps.no,deg.malig.2,breast.left,breast.quad.left_low,Class.no.recurrence.events -> inv.nodes.0.2
node.caps.no,deg.malig.2,breast.left,breast.quad.left_low,irradiat.no -> inv.nodes.0.2
menopause.premeno,node.caps.no,breast.left,breast.quad.left_low,Class.no.recurrence.events -> inv.nodes.0.2
menopause.premeno,node.caps.no,breast.left,breast.quad.left_low,irradiat.no -> inv.nodes.0.2
menopause.ge40,node.caps.no,deg.malig.2,irradiat.no,Class.no.recurrence.events -> inv.nodes.0.2
menopause.ge40,node.caps.no,breast.right,irradiat.no,Class.no.recurrence.events -> inv.nodes.0.2
menopause.ge40,node.caps.no,irradiat.no,Class.no.recurrence.events -> inv.nodes.0.2
node.caps.no,deg.malig.1 -> inv.nodes.0.2
deg.malig.1,irradiat.no -> inv.nodes.0.2
node.caps.no,deg.malig.1,irradiat.no -> inv.nodes.0.2
menopause.premeno,node.caps.no,breast.left -> inv.nodes.0.2
node.caps.no,deg.malig.1,Class.no.recurrence.events -> inv.nodes.0.2
node.caps.no,deg.malig.1,irradiat.no,Class.no.recurrence.events -> inv.nodes.0.2
menopause.premeno,node.caps.no,breast.left,irradiat.no -> inv.nodes.0.2
node.caps.no,breast.left,Class.no.recurrence.events -> inv.nodes.0.2
node.caps.no,breast.left,breast.quad.left_low,Class.no.recurrence.events -> inv.nodes.0.2
menopause.ge40,node.caps.no,breast.left,Class.no.recurrence.events -> inv.nodes.0.2
node.caps.no,deg.malig.2,breast.left,irradiat.no -> inv.nodes.0.2
menopause.premeno,node.caps.no,breast.left,Class.no.recurrence.events -> inv.nodes.0.2
node.caps.no,deg.malig.2,breast.left,Class.no.recurrence.events -> inv.nodes.0.2
menopause.ge40,node.caps.no,breast.left,irradiat.no,Class.no.recurrence.events -> inv.nodes.0.2
node.caps.no,breast.left,irradiat.no,Class.no.recurrence.events -> inv.nodes.0.2
node.caps.no,breast.left,breast.quad.left_low,irradiat.no,Class.no.recurrence.events -> inv.nodes.0.2
menopause.ge40,node.caps.no,Class.no.recurrence.events -> inv.nodes.0.2
menopause.premeno,node.caps.no,breast.left,irradiat.no,Class.no.recurrence.events -> inv.nodes.0.2
deg.malig.1,breast.left -> inv.nodes.0.2
node.caps.no,deg.malig.2,breast.left,irradiat.no,Class.no.recurrence.events -> inv.nodes.0.2
node.caps.no,deg.malig.2,breast.quad.left_low,irradiat.no -> inv.nodes.0.2
menopause.premeno,node.caps.no,breast.quad.left_low,irradiat.no -> inv.nodes.0.2
menopause.ge40,node.caps.no,breast.right,Class.no.recurrence.events -> inv.nodes.0.2
tumor.size.25.29,node.caps.no,irradiat.no -> inv.nodes.0.2
menopause.premeno,node.caps.no,deg.malig.1 -> inv.nodes.0.2
node.caps.no,deg.malig.1,breast.right -> inv.nodes.0.2
menopause.ge40,node.caps.no,breast.quad.left_up,Class.no.recurrence.events -> inv.nodes.0.2
menopause.ge40,node.caps.no,breast.quad.left_up,irradiat.no -> inv.nodes.0.2
menopause.ge40,node.caps.no,deg.malig.2,Class.no.recurrence.events -> inv.nodes.0.2
menopause.ge40,node.caps.no,deg.malig.2,irradiat.no -> inv.nodes.0.2
node.caps.no,breast.left,breast.quad.left_up -> inv.nodes.0.2
node.caps.no,deg.malig.1,breast.right,irradiat.no -> inv.nodes.0.2
menopause.premeno,node.caps.no,deg.malig.1,irradiat.no -> inv.nodes.0.2
menopause.ge40,node.caps.no,breast.quad.left_low,Class.no.recurrence.events -> inv.nodes.0.2
menopause.premeno,node.caps.no,deg.malig.2,breast.left -> inv.nodes.0.2
breast.left,breast.quad.left_up,irradiat.no -> inv.nodes.0.2
age.40.49,menopause.premeno,node.caps.no,breast.left -> inv.nodes.0.2
menopause.ge40,node.caps.no,breast.quad.left_low,irradiat.no,Class.no.recurrence.events -> inv.nodes.0.2
node.caps.no,breast.quad.left_low,irradiat.no,Class.no.recurrence.events -> inv.nodes.0.2
tumor.size.25.29,node.caps.no,Class.no.recurrence.events -> inv.nodes.0.2
node.caps.no,deg.malig.2,breast.quad.left_low,irradiat.no,Class.no.recurrence.events -> inv.nodes.0.2
tumor.size.10.14,node.caps.no,Class.no.recurrence.events -> inv.nodes.0.2
menopause.premeno,tumor.size.25.29,node.caps.no -> inv.nodes.0.2
tumor.size.30.34,node.caps.no,Class.no.recurrence.events -> inv.nodes.0.2
age.40.49,breast.left,Class.no.recurrence.events -> inv.nodes.0.2
node.caps.no,breast.left,breast.quad.left_up,irradiat.no -> inv.nodes.0.2
node.caps.no,deg.malig.2,breast.left,breast.quad.left_low -> inv.nodes.0.2
node.caps.no,deg.malig.2,breast.left -> inv.nodes.0.2
node.caps.no,deg.malig.1,breast.right,Class.no.recurrence.events -> inv.nodes.0.2
menopause.premeno,node.caps.no,deg.malig.1,Class.no.recurrence.events -> inv.nodes.0.2
node.caps.no,deg.malig.3,irradiat.no,Class.no.recurrence.events -> inv.nodes.0.2
age.40.49,node.caps.no,breast.left,Class.no.recurrence.events -> inv.nodes.0.2
menopause.premeno,node.caps.no,breast.quad.left_low,irradiat.no,Class.no.recurrence.events -> inv.nodes.0.2
node.caps.no,breast.left,irradiat.no -> inv.nodes.0.2
node.caps.no,irradiat.no,Class.no.recurrence.events -> inv.nodes.0.2
tumor.size.15.19,node.caps.no -> inv.nodes.0.2
tumor.size.10.14,node.caps.no,irradiat.no,Class.no.recurrence.events -> inv.nodes.0.2
node.caps.no,deg.malig.1,breast.right,irradiat.no,Class.no.recurrence.events -> inv.nodes.0.2
menopause.premeno,node.caps.no,deg.malig.2,breast.left,irradiat.no -> inv.nodes.0.2
tumor.size.15.19,irradiat.no -> inv.nodes.0.2
tumor.size.30.34,node.caps.no,irradiat.no,Class.no.recurrence.events -> inv.nodes.0.2
node.caps.no,breast.left,breast.quad.left_up,Class.no.recurrence.events -> inv.nodes.0.2
menopause.premeno,node.caps.no,deg.malig.1,irradiat.no,Class.no.recurrence.events -> inv.nodes.0.2
tumor.size.15.19,Class.no.recurrence.events -> inv.nodes.0.2
age.30.39,node.caps.no,irradiat.no -> inv.nodes.0.2
menopause.premeno,tumor.size.25.29,irradiat.no -> inv.nodes.0.2
age.40.49,menopause.premeno,breast.left,Class.no.recurrence.events -> inv.nodes.0.2
age.40.49,menopause.premeno,node.caps.no,breast.left,irradiat.no -> inv.nodes.0.2
menopause.premeno,node.caps.no,deg.malig.2,breast.left,Class.no.recurrence.events -> inv.nodes.0.2
menopause.premeno,node.caps.no,breast.quad.left_low -> inv.nodes.0.2
tumor.size.15.19,node.caps.no,Class.no.recurrence.events -> inv.nodes.0.2
tumor.size.25.29,node.caps.no,breast.left -> inv.nodes.0.2
age.30.39,menopause.premeno,node.caps.no,irradiat.no -> inv.nodes.0.2
menopause.premeno,node.caps.no,irradiat.no,Class.recurrence.events -> inv.nodes.0.2
breast.left,breast.quad.left_up,irradiat.no,Class.no.recurrence.events -> inv.nodes.0.2
node.caps.no,breast.right,breast.quad.left_low,irradiat.no -> inv.nodes.0.2
age.40.49,menopause.premeno,node.caps.no,breast.left,Class.no.recurrence.events -> inv.nodes.0.2
node.caps.no,breast.quad.left_low,Class.no.recurrence.events -> inv.nodes.0.2
menopause.premeno,breast.left,irradiat.no,Class.no.recurrence.events -> inv.nodes.0.2
menopause.ge40,node.caps.no,breast.quad.left_up -> inv.nodes.0.2
menopause.ge40,node.caps.no,breast.right,irradiat.no -> inv.nodes.0.2
node.caps.no,breast.left -> inv.nodes.0.2
deg.malig.1 -> inv.nodes.0.2
node.caps.no,breast.quad.left_low,irradiat.no -> inv.nodes.0.2
node.caps.no,deg.malig.2,irradiat.no,Class.no.recurrence.events -> inv.nodes.0.2
menopause.ge40,node.caps.no,irradiat.no -> inv.nodes.0.2
node.caps.no,irradiat.no -> inv.nodes.0.2
age.40.49,node.caps.no,breast.left -> inv.nodes.0.2
node.caps.no,breast.right,irradiat.no,Class.no.recurrence.events -> inv.nodes.0.2
node.caps.no,deg.malig.2,breast.quad.left_low,Class.no.recurrence.events -> inv.nodes.0.2
menopause.premeno,node.caps.no,breast.quad.left_low,Class.no.recurrence.events -> inv.nodes.0.2
menopause.premeno,node.caps.no,irradiat.no -> inv.nodes.0.2
node.caps.no,breast.quad.left_up,irradiat.no,Class.no.recurrence.events -> inv.nodes.0.2
node.caps.no,breast.left,breast.quad.left_low,irradiat.no -> inv.nodes.0.2
menopause.ge40,node.caps.no,breast.left,irradiat.no -> inv.nodes.0.2
node.caps.no,Class.no.recurrence.events -> inv.nodes.0.2
menopause.premeno,node.caps.no,irradiat.no,Class.no.recurrence.events -> inv.nodes.0.2
age.40.49,node.caps.no,irradiat.no,Class.no.recurrence.events -> inv.nodes.0.2
node.caps.no,deg.malig.2,irradiat.no -> inv.nodes.0.2
deg.malig.1,breast.quad.left_low -> inv.nodes.0.2
node.caps.no,deg.malig.2,breast.quad.left_low -> inv.nodes.0.2
tumor.size.25.29,node.caps.no -> inv.nodes.0.2
age.40.49,menopause.premeno,node.caps.no,irradiat.no,Class.no.recurrence.events -> inv.nodes.0.2
tumor.size.25.29,irradiat.no,Class.no.recurrence.events -> inv.nodes.0.2
age.40.49,node.caps.no,breast.left,irradiat.no -> inv.nodes.0.2
node.caps.no,breast.right,breast.quad.left_up,irradiat.no,Class.no.recurrence.events -> inv.nodes.0.2
breast.left,breast.quad.left_up,Class.no.recurrence.events -> inv.nodes.0.2
menopause.ge40,node.caps.no,deg.malig.2 -> inv.nodes.0.2
age.40.49,menopause.premeno,node.caps.no,irradiat.no -> inv.nodes.0.2
breast.left,irradiat.no,Class.no.recurrence.events -> inv.nodes.0.2
node.caps.no,breast.quad.left_up,irradiat.no -> inv.nodes.0.2
node.caps.no,breast.right,irradiat.no -> inv.nodes.0.2
node.caps.no,breast.quad.right_up -> inv.nodes.0.2
menopause.premeno,breast.left,Class.no.recurrence.events -> inv.nodes.0.2
age.40.49,menopause.premeno,node.caps.no,breast.quad.left_low -> inv.nodes.0.2
node.caps.no,deg.malig.2,Class.no.recurrence.events -> inv.nodes.0.2
node.caps.no,deg.malig.2,breast.right,irradiat.no,Class.no.recurrence.events -> inv.nodes.0.2
menopause.ge40,node.caps.no,breast.right -> inv.nodes.0.2
menopause.premeno,node.caps.no,deg.malig.2,breast.quad.left_low -> inv.nodes.0.2
age.40.49,menopause.premeno,node.caps.no,breast.right,irradiat.no,Class.no.recurrence.events -> inv.nodes.0.2
node.caps.no,breast.quad.left_up,Class.no.recurrence.events -> inv.nodes.0.2
node.caps.no,breast.left,breast.quad.left_low -> inv.nodes.0.2
tumor.size.20.24,node.caps.no,irradiat.no -> inv.nodes.0.2
menopause.ge40,node.caps.no,breast.quad.left_low,irradiat.no -> inv.nodes.0.2
age.40.49,node.caps.no,irradiat.no -> inv.nodes.0.2
menopause.ge40,node.caps.no -> inv.nodes.0.2
age.40.49,node.caps.no,Class.no.recurrence.events -> inv.nodes.0.2
menopause.ge40,node.caps.no,breast.left -> inv.nodes.0.2
menopause.premeno,node.caps.no,deg.malig.2,irradiat.no,Class.no.recurrence.events -> inv.nodes.0.2
age.40.49,menopause.premeno,node.caps.no -> inv.nodes.0.2
node.caps.no,breast.quad.left_low -> inv.nodes.0.2
menopause.premeno,node.caps.no,deg.malig.2,irradiat.no -> inv.nodes.0.2
node.caps.no -> inv.nodes.0.2
node.caps.no,deg.malig.3,Class.no.recurrence.events -> inv.nodes.0.2
age.40.49,menopause.premeno,node.caps.no,Class.no.recurrence.events -> inv.nodes.0.2
menopause.premeno,node.caps.no,Class.recurrence.events -> inv.nodes.0.2
node.caps.no,deg.malig.3,irradiat.no -> inv.nodes.0.2
menopause.ge40,breast.quad.left_up,irradiat.no,Class.no.recurrence.events -> inv.nodes.0.2
menopause.premeno,node.caps.no -> inv.nodes.0.2
menopause.premeno,irradiat.no,Class.no.recurrence.events -> inv.nodes.0.2
deg.malig.2,breast.left,irradiat.no,Class.no.recurrence.events -> inv.nodes.0.2
menopause.premeno,node.caps.no,Class.no.recurrence.events -> inv.nodes.0.2
age.40.49,node.caps.no,breast.right,irradiat.no -> inv.nodes.0.2
irradiat.no,Class.no.recurrence.events -> inv.nodes.0.2
node.caps.no,deg.malig.2 -> inv.nodes.0.2
breast.left,Class.no.recurrence.events -> inv.nodes.0.2
node.caps.no,breast.right,breast.quad.left_low -> inv.nodes.0.2
tumor.size.20.24,node.caps.no,irradiat.no,Class.no.recurrence.events -> inv.nodes.0.2
age.40.49,menopause.premeno,node.caps.no,breast.right,irradiat.no -> inv.nodes.0.2
tumor.size.25.29,irradiat.no -> inv.nodes.0.2
breast.left,breast.quad.left_up -> inv.nodes.0.2
menopause.ge40,breast.quad.left_up,irradiat.no -> inv.nodes.0.2
menopause.ge40,irradiat.no,Class.no.recurrence.events -> inv.nodes.0.2
node.caps.no,deg.malig.3,breast.left,irradiat.no -> inv.nodes.0.2
menopause.premeno,node.caps.no,breast.right,irradiat.no -> inv.nodes.0.2
menopause.premeno,node.caps.no,breast.right,irradiat.no,Class.no.recurrence.events -> inv.nodes.0.2
node.caps.no,breast.right,Class.no.recurrence.events -> inv.nodes.0.2
age.40.49,node.caps.no -> inv.nodes.0.2
breast.quad.left_up,irradiat.no,Class.no.recurrence.events -> inv.nodes.0.2
node.caps.no,breast.right,breast.quad.left_up,irradiat.no -> inv.nodes.0.2
menopause.ge40,breast.right,irradiat.no,Class.no.recurrence.events -> inv.nodes.0.2
node.caps.no,deg.malig.2,breast.quad.left_up,irradiat.no -> inv.nodes.0.2
age.40.49,node.caps.no,deg.malig.2,irradiat.no,Class.no.recurrence.events -> inv.nodes.0.2
node.caps.no,deg.malig.2,breast.right,irradiat.no -> inv.nodes.0.2
node.caps.no,breast.quad.left_up -> inv.nodes.0.2
deg.malig.2,breast.left,Class.no.recurrence.events -> inv.nodes.0.2
menopause.premeno,node.caps.no,deg.malig.2,Class.no.recurrence.events -> inv.nodes.0.2
age.40.49,menopause.premeno,node.caps.no,deg.malig.2,irradiat.no,Class.no.recurrence.events -> inv.nodes.0.2
menopause.premeno,breast.left,irradiat.no -> inv.nodes.0.2
node.caps.no,breast.right,breast.quad.left_up,Class.no.recurrence.events -> inv.nodes.0.2
deg.malig.2,breast.left,irradiat.no -> inv.nodes.0.2
age.40.49,node.caps.no,deg.malig.2 -> inv.nodes.0.2
age.40.49,node.caps.no,deg.malig.2,Class.no.recurrence.events -> inv.nodes.0.2
age.40.49,node.caps.no,deg.malig.2,irradiat.no -> inv.nodes.0.2
deg.malig.2,breast.quad.left_up,irradiat.no,Class.no.recurrence.events -> inv.nodes.0.2
menopause.premeno,node.caps.no,deg.malig.2,breast.right,irradiat.no,Class.no.recurrence.events -> inv.nodes.0.2
menopause.premeno,node.caps.no,deg.malig.2 -> inv.nodes.0.2
menopause.ge40,deg.malig.2,irradiat.no,Class.no.recurrence.events -> inv.nodes.0.2
tumor.size.15.19 -> inv.nodes.0.2
tumor.size.20.24,node.caps.no,Class.no.recurrence.events -> inv.nodes.0.2
node.caps.no,deg.malig.3,breast.left -> inv.nodes.0.2
breast.right,irradiat.no,Class.no.recurrence.events -> inv.nodes.0.2
age.40.49,menopause.premeno,node.caps.no,deg.malig.2,Class.no.recurrence.events -> inv.nodes.0.2
age.40.49,menopause.premeno,node.caps.no,deg.malig.2,irradiat.no -> inv.nodes.0.2
menopause.ge40,breast.left,Class.no.recurrence.events -> inv.nodes.0.2
node.caps.no,irradiat.no,Class.recurrence.events -> inv.nodes.0.2
menopause.ge40,deg.malig.2,irradiat.no -> inv.nodes.0.2
age.40.49,menopause.premeno,node.caps.no,deg.malig.2 -> inv.nodes.0.2
breast.left,irradiat.no -> inv.nodes.0.2
menopause.premeno,deg.malig.2,breast.left,irradiat.no -> inv.nodes.0.2
age.40.49,menopause.premeno,node.caps.no,breast.right,Class.no.recurrence.events -> inv.nodes.0.2
deg.malig.2,irradiat.no,Class.no.recurrence.events -> inv.nodes.0.2
node.caps.no,breast.right -> inv.nodes.0.2
age.30.39,node.caps.no -> inv.nodes.0.2
age.40.49,node.caps.no,breast.quad.left_low -> inv.nodes.0.2
age.40.49,menopause.premeno,node.caps.no,breast.right -> inv.nodes.0.2
node.caps.no,deg.malig.2,breast.quad.left_up,Class.no.recurrence.events -> inv.nodes.0.2
menopause.premeno,node.caps.no,breast.quad.left_up,irradiat.no -> inv.nodes.0.2
menopause.premeno,deg.malig.2,breast.left,Class.no.recurrence.events -> inv.nodes.0.2
menopause.premeno,node.caps.no,deg.malig.2,breast.right,irradiat.no -> inv.nodes.0.2
node.caps.no,deg.malig.2,breast.right,Class.no.recurrence.events -> inv.nodes.0.2
tumor.size.30.34,node.caps.no,irradiat.no -> inv.nodes.0.2
age.30.39,menopause.premeno,node.caps.no -> inv.nodes.0.2
menopause.premeno,deg.malig.2,irradiat.no,Class.no.recurrence.events -> inv.nodes.0.2
breast.quad.left_up,irradiat.no -> inv.nodes.0.2
tumor.size.20.24,node.caps.no -> inv.nodes.0.2
tumor.size.25.29,deg.malig.2 -> inv.nodes.0.2
menopause.ge40,deg.malig.2,Class.no.recurrence.events -> inv.nodes.0.2
age.40.49,menopause.premeno,Class.no.recurrence.events -> inv.nodes.0.2
menopause.ge40,node.caps.no,breast.quad.left_low -> inv.nodes.0.2
menopause.premeno,breast.quad.left_low,Class.no.recurrence.events -> inv.nodes.0.2
age.40.49,Class.no.recurrence.events -> inv.nodes.0.2
menopause.ge40,Class.no.recurrence.events -> inv.nodes.0.2
breast.quad.left_low,Class.no.recurrence.events -> inv.nodes.0.2
node.caps.no,breast.left,Class.recurrence.events -> inv.nodes.0.2
menopause.ge40,node.caps.no,deg.malig.3,irradiat.no -> inv.nodes.0.2
irradiat.no -> inv.nodes.0.2
tumor.size.20.24,irradiat.no,Class.no.recurrence.events -> inv.nodes.0.2
breast.right,breast.quad.left_up,irradiat.no,Class.no.recurrence.events -> inv.nodes.0.2
menopause.premeno,irradiat.no -> inv.nodes.0.2
age.40.49,node.caps.no,breast.right -> inv.nodes.0.2
deg.malig.2,irradiat.no -> inv.nodes.0.2
tumor.size.30.34,node.caps.no -> inv.nodes.0.2
deg.malig.2,breast.quad.left_up,irradiat.no -> inv.nodes.0.2
Class.no.recurrence.events -> inv.nodes.0.2
age.40.49,menopause.premeno,irradiat.no -> inv.nodes.0.2
node.caps.no,deg.malig.3 -> inv.nodes.0.2
menopause.ge40,irradiat.no -> inv.nodes.0.2
tumor.size.20.24,irradiat.no -> inv.nodes.0.2
age.40.49,menopause.premeno,breast.left -> inv.nodes.0.2
age.40.49,irradiat.no -> inv.nodes.0.2
menopause.ge40,breast.right,irradiat.no -> inv.nodes.0.2
deg.malig.2,breast.right,irradiat.no,Class.no.recurrence.events -> inv.nodes.0.2
age.40.49,breast.right,irradiat.no -> inv.nodes.0.2
node.caps.no,deg.malig.2,breast.quad.left_up -> inv.nodes.0.2
node.caps.no,deg.malig.2,breast.right -> inv.nodes.0.2
node.caps.no,breast.right,breast.quad.left_up -> inv.nodes.0.2
menopause.ge40,breast.quad.left_up,Class.no.recurrence.events -> inv.nodes.0.2
age.40.49,menopause.premeno,breast.right,irradiat.no -> inv.nodes.0.2
menopause.premeno,node.caps.no,breast.right,Class.no.recurrence.events -> inv.nodes.0.2
breast.quad.left_low,irradiat.no -> inv.nodes.0.2
menopause.premeno,deg.malig.2,irradiat.no -> inv.nodes.0.2
menopause.premeno,deg.malig.2,breast.left -> inv.nodes.0.2
deg.malig.2,breast.left -> inv.nodes.0.2
menopause.premeno,node.caps.no,deg.malig.2,breast.right,Class.no.recurrence.events -> inv.nodes.0.2
menopause.premeno,Class.no.recurrence.events -> inv.nodes.0.2
breast.right,breast.quad.left_low -> inv.nodes.0.2
breast.right,irradiat.no -> inv.nodes.0.2
menopause.premeno,node.caps.no,breast.right -> inv.nodes.0.2
menopause.ge40,breast.right,Class.no.recurrence.events -> inv.nodes.0.2
menopause.ge40,breast.quad.left_up -> inv.nodes.0.2
tumor.size.20.24,breast.left -> inv.nodes.0.2
menopause.ge40,deg.malig.2,breast.left -> inv.nodes.0.2
menopause.ge40,node.caps.no,breast.left,breast.quad.left_low -> inv.nodes.0.2
tumor.size.25.29,Class.no.recurrence.events -> inv.nodes.0.2
age.40.49,breast.left -> inv.nodes.0.2
node.caps.no,Class.recurrence.events -> inv.nodes.0.2
menopause.premeno,tumor.size.25.29 -> inv.nodes.0.2
menopause.premeno,breast.left -> inv.nodes.0.2
menopause.ge40,node.caps.no,deg.malig.3 -> inv.nodes.0.2
menopause.premeno,node.caps.no,breast.quad.left_up -> inv.nodes.0.2
menopause.ge40,deg.malig.2 -> inv.nodes.0.2
deg.malig.2,breast.right,irradiat.no -> inv.nodes.0.2
tumor.size.20.24,Class.no.recurrence.events -> inv.nodes.0.2
deg.malig.2,Class.no.recurrence.events -> inv.nodes.0.2
age.40.49,menopause.premeno,deg.malig.2,Class.no.recurrence.events -> inv.nodes.0.2
tumor.size.25.29,breast.left -> inv.nodes.0.2
age.40.49,menopause.premeno,breast.quad.left_low -> inv.nodes.0.2
breast.left,breast.quad.left_low,irradiat.no -> inv.nodes.0.2
menopause.premeno,breast.right,irradiat.no -> inv.nodes.0.2
breast.quad.left_up,Class.no.recurrence.events -> inv.nodes.0.2
menopause.premeno,breast.quad.left_up,irradiat.no -> inv.nodes.0.2
menopause.premeno,node.caps.no,deg.malig.2,breast.right -> inv.nodes.0.2
age.40.49,deg.malig.2,Class.no.recurrence.events -> inv.nodes.0.2
breast.quad.right_up,irradiat.no -> inv.nodes.0.2
age.40.49,menopause.premeno -> inv.nodes.0.2
menopause.ge40,breast.right -> inv.nodes.0.2
age.40.49,menopause.premeno,breast.right,Class.no.recurrence.events -> inv.nodes.0.2
breast.right,breast.quad.left_up,irradiat.no -> inv.nodes.0.2
breast.right,Class.no.recurrence.events -> inv.nodes.0.2
menopause.premeno,breast.quad.left_low -> inv.nodes.0.2
menopause.premeno,deg.malig.2,Class.no.recurrence.events -> inv.nodes.0.2
age.40.49,breast.quad.left_low -> inv.nodes.0.2
breast.left -> inv.nodes.0.2
age.40.49 -> inv.nodes.0.2
deg.malig.2 -> inv.nodes.0.2
breast.quad.left_up -> inv.nodes.0.2
deg.malig.3,Class.no.recurrence.events -> inv.nodes.0.2
age.40.49,deg.malig.2 -> inv.nodes.0.2
age.40.49,menopause.premeno,deg.malig.2 -> inv.nodes.0.2
deg.malig.2,breast.quad.left_up,Class.no.recurrence.events -> inv.nodes.0.2
