 irradiat.no -> inv.nodes.0.2
 tumor.size.10.14,irradiat.no -> inv.nodes.0.2
 tumor.size.15.19,irradiat.no -> inv.nodes.0.2
 age.30.39,irradiat.no -> inv.nodes.0.2
 tumor.size.20.24,irradiat.no -> inv.nodes.0.2
 tumor.size.25.29,irradiat.no -> inv.nodes.0.2
deg.malig.1,irradiat.no -> inv.nodes.0.2
age.40.49,irradiat.no -> inv.nodes.0.2
menopause.ge40,breast.quad.left_up -> Class.no.recurrence.events
deg.malig.2,breast.quad.left_up -> Class.no.recurrence.events
breast.quad.left_up,irradiat.no -> inv.nodes.0.2
breast.quad.left_low,irradiat.no -> inv.nodes.0.2
menopause.ge40,irradiat.no -> inv.nodes.0.2
deg.malig.2,breast.right -> Class.no.recurrence.events
deg.malig.2,irradiat.no -> inv.nodes.0.2
breast.right,irradiat.no -> inv.nodes.0.2
menopause.premeno,irradiat.no -> inv.nodes.0.2
breast.left,irradiat.no -> inv.nodes.0.2
irradiat.no,Class.no.recurrence.events -> inv.nodes.0.2
tumor.size.10.14,irradiat.no,Class.no.recurrence.events -> inv.nodes.0.2
age.30.39,menopause.premeno,irradiat.no -> inv.nodes.0.2
tumor.size.20.24,irradiat.no,Class.no.recurrence.events -> inv.nodes.0.2
menopause.premeno,tumor.size.25.29,irradiat.no -> inv.nodes.0.2
tumor.size.25.29,irradiat.no,Class.no.recurrence.events -> inv.nodes.0.2
deg.malig.1,breast.quad.left_low,irradiat.no -> inv.nodes.0.2
menopause.ge40,deg.malig.1,irradiat.no -> inv.nodes.0.2
deg.malig.1,breast.right,irradiat.no -> inv.nodes.0.2
menopause.premeno,deg.malig.1,irradiat.no -> inv.nodes.0.2
deg.malig.1,breast.left,irradiat.no -> inv.nodes.0.2
deg.malig.1,irradiat.no,Class.no.recurrence.events -> inv.nodes.0.2
deg.malig.3,irradiat.no,Class.no.recurrence.events -> inv.nodes.0.2
age.40.49,deg.malig.2,irradiat.no -> inv.nodes.0.2
age.40.49,breast.right,irradiat.no -> inv.nodes.0.2
age.40.49,menopause.premeno,irradiat.no -> inv.nodes.0.2
age.40.49,breast.left,irradiat.no -> inv.nodes.0.2
age.40.49,irradiat.no,Class.no.recurrence.events -> inv.nodes.0.2
menopause.ge40,breast.right,breast.quad.left_up -> Class.no.recurrence.events
menopause.ge40,breast.quad.left_up,irradiat.no -> inv.nodes.0.2
deg.malig.2,breast.right,breast.quad.left_up -> Class.no.recurrence.events
deg.malig.2,breast.quad.left_up,irradiat.no -> inv.nodes.0.2
breast.left,breast.quad.left_up,irradiat.no -> inv.nodes.0.2
breast.quad.left_up,irradiat.no,Class.no.recurrence.events -> inv.nodes.0.2
deg.malig.2,breast.quad.left_low,irradiat.no -> inv.nodes.0.2
breast.right,breast.quad.left_low,irradiat.no -> inv.nodes.0.2
menopause.premeno,breast.quad.left_low,irradiat.no -> inv.nodes.0.2
breast.quad.left_low,irradiat.no,Class.no.recurrence.events -> inv.nodes.0.2
menopause.ge40,deg.malig.2,irradiat.no -> inv.nodes.0.2
menopause.ge40,breast.right,irradiat.no -> inv.nodes.0.2
menopause.ge40,breast.left,irradiat.no -> inv.nodes.0.2
menopause.ge40,irradiat.no,Class.no.recurrence.events -> inv.nodes.0.2
menopause.premeno,deg.malig.2,breast.right -> Class.no.recurrence.events
menopause.premeno,deg.malig.2,irradiat.no -> inv.nodes.0.2
deg.malig.2,breast.left,irradiat.no -> inv.nodes.0.2
deg.malig.2,irradiat.no,Class.no.recurrence.events -> inv.nodes.0.2
breast.right,irradiat.no,Class.no.recurrence.events -> inv.nodes.0.2
menopause.premeno,breast.left,irradiat.no -> inv.nodes.0.2
menopause.premeno,irradiat.no,Class.no.recurrence.events -> inv.nodes.0.2
breast.left,irradiat.no,Class.no.recurrence.events -> inv.nodes.0.2
menopause.ge40,deg.malig.1,irradiat.no,Class.no.recurrence.events -> inv.nodes.0.2
deg.malig.1,breast.right,irradiat.no,Class.no.recurrence.events -> inv.nodes.0.2
menopause.premeno,deg.malig.1,irradiat.no,Class.no.recurrence.events -> inv.nodes.0.2
deg.malig.1,breast.left,irradiat.no,Class.no.recurrence.events -> inv.nodes.0.2
age.40.49,menopause.premeno,deg.malig.2,irradiat.no -> inv.nodes.0.2
age.40.49,deg.malig.2,irradiat.no,Class.no.recurrence.events -> inv.nodes.0.2
age.40.49,menopause.premeno,breast.right,irradiat.no -> inv.nodes.0.2
age.40.49,breast.right,irradiat.no,Class.no.recurrence.events -> inv.nodes.0.2
age.40.49,menopause.premeno,breast.left,irradiat.no -> inv.nodes.0.2
age.40.49,menopause.premeno,irradiat.no,Class.no.recurrence.events -> inv.nodes.0.2
menopause.ge40,breast.quad.left_up,irradiat.no,Class.no.recurrence.events -> inv.nodes.0.2
deg.malig.2,breast.quad.left_up,irradiat.no,Class.no.recurrence.events -> inv.nodes.0.2
breast.right,breast.quad.left_up,irradiat.no,Class.no.recurrence.events -> inv.nodes.0.2
breast.left,breast.quad.left_up,irradiat.no,Class.no.recurrence.events -> inv.nodes.0.2
menopause.ge40,breast.quad.left_low,irradiat.no,Class.no.recurrence.events -> inv.nodes.0.2
deg.malig.2,breast.left,breast.quad.left_low,irradiat.no -> inv.nodes.0.2
deg.malig.2,breast.quad.left_low,irradiat.no,Class.no.recurrence.events -> inv.nodes.0.2
menopause.premeno,breast.left,breast.quad.left_low,irradiat.no -> inv.nodes.0.2
menopause.premeno,breast.quad.left_low,irradiat.no,Class.no.recurrence.events -> inv.nodes.0.2
breast.left,breast.quad.left_low,irradiat.no,Class.no.recurrence.events -> inv.nodes.0.2
menopause.ge40,deg.malig.2,irradiat.no,Class.no.recurrence.events -> inv.nodes.0.2
menopause.ge40,breast.right,irradiat.no,Class.no.recurrence.events -> inv.nodes.0.2
menopause.ge40,breast.left,irradiat.no,Class.no.recurrence.events -> inv.nodes.0.2
deg.malig.2,breast.right,irradiat.no,Class.no.recurrence.events -> inv.nodes.0.2
menopause.premeno,deg.malig.2,breast.left,irradiat.no -> inv.nodes.0.2
menopause.premeno,deg.malig.2,irradiat.no,Class.no.recurrence.events -> inv.nodes.0.2
deg.malig.2,breast.left,irradiat.no,Class.no.recurrence.events -> inv.nodes.0.2
menopause.premeno,breast.right,irradiat.no,Class.no.recurrence.events -> inv.nodes.0.2
menopause.premeno,breast.left,irradiat.no,Class.no.recurrence.events -> inv.nodes.0.2
age.40.49,menopause.premeno,deg.malig.2,irradiat.no,Class.no.recurrence.events -> inv.nodes.0.2
age.40.49,menopause.premeno,breast.right,irradiat.no,Class.no.recurrence.events -> inv.nodes.0.2
menopause.premeno,deg.malig.2,breast.right,irradiat.no,Class.no.recurrence.events -> inv.nodes.0.2
