age=Young -> native-country=United-States
education=Some-college -> native-country=United-States
age=Senior -> native-country=United-States
hours-per-week=Over-time -> native-country=United-States
education=HS-grad -> native-country=United-States
marital-status=Never-married -> native-country=United-States
sex=Female -> native-country=United-States
marital-status=Married-civ-spouse -> native-country=United-States
age=Middle-aged -> native-country=United-States
income=small -> native-country=United-States
hours-per-week=Full-time -> native-country=United-States
sex=Male -> native-country=United-States
workclass=Private -> native-country=United-States
race=White -> native-country=United-States
capital-gain=None -> native-country=United-States
capital-loss=None -> native-country=United-States
age=Young,marital-status=Never-married -> native-country=United-States
age=Young,native-country=United-States -> marital-status=Never-married
age=Young,race=White -> native-country=United-States
age=Young,capital-gain=None -> native-country=United-States
age=Young,capital-loss=None -> native-country=United-States
education=Some-college,race=White -> native-country=United-States
education=Some-college,capital-gain=None -> native-country=United-States
education=Some-college,capital-loss=None -> native-country=United-States
age=Senior,sex=Male -> native-country=United-States
age=Senior,race=White -> native-country=United-States
age=Senior,capital-gain=None -> native-country=United-States
age=Senior,capital-loss=None -> native-country=United-States
sex=Male,hours-per-week=Over-time -> native-country=United-States
workclass=Private,hours-per-week=Over-time -> native-country=United-States
race=White,hours-per-week=Over-time -> native-country=United-States
capital-gain=None,hours-per-week=Over-time -> native-country=United-States
capital-loss=None,hours-per-week=Over-time -> native-country=United-States
age=Middle-aged,education=HS-grad -> native-country=United-States
education=HS-grad,income=small -> native-country=United-States
education=HS-grad,hours-per-week=Full-time -> native-country=United-States
education=HS-grad,sex=Male -> native-country=United-States
workclass=Private,education=HS-grad -> native-country=United-States
education=HS-grad,race=White -> native-country=United-States
education=HS-grad,capital-gain=None -> native-country=United-States
education=HS-grad,capital-loss=None -> native-country=United-States
marital-status=Never-married,income=small -> native-country=United-States
marital-status=Never-married,hours-per-week=Full-time -> native-country=United-States
marital-status=Never-married,sex=Male -> native-country=United-States
workclass=Private,marital-status=Never-married -> native-country=United-States
marital-status=Never-married,race=White -> native-country=United-States
marital-status=Never-married,capital-gain=None -> native-country=United-States
marital-status=Never-married,capital-loss=None -> native-country=United-States
sex=Female,income=small -> native-country=United-States
sex=Female,hours-per-week=Full-time -> native-country=United-States
workclass=Private,sex=Female -> native-country=United-States
race=White,sex=Female -> native-country=United-States
sex=Female,capital-gain=None -> native-country=United-States
sex=Female,capital-loss=None -> native-country=United-States
age=Middle-aged,marital-status=Married-civ-spouse -> native-country=United-States
marital-status=Married-civ-spouse,hours-per-week=Full-time -> native-country=United-States
marital-status=Married-civ-spouse,sex=Male -> native-country=United-States
workclass=Private,marital-status=Married-civ-spouse -> native-country=United-States
marital-status=Married-civ-spouse,race=White -> native-country=United-States
marital-status=Married-civ-spouse,capital-gain=None -> native-country=United-States
marital-status=Married-civ-spouse,capital-loss=None -> native-country=United-States
age=Middle-aged,income=small -> native-country=United-States
age=Middle-aged,hours-per-week=Full-time -> native-country=United-States
age=Middle-aged,sex=Male -> native-country=United-States
age=Middle-aged,workclass=Private -> native-country=United-States
age=Middle-aged,race=White -> native-country=United-States
age=Middle-aged,capital-gain=None -> native-country=United-States
age=Middle-aged,capital-loss=None -> native-country=United-States
hours-per-week=Full-time,income=small -> native-country=United-States
sex=Male,income=small -> native-country=United-States
workclass=Private,income=small -> native-country=United-States
race=White,income=small -> native-country=United-States
capital-gain=None,income=small -> native-country=United-States
capital-loss=None,income=small -> native-country=United-States
sex=Male,hours-per-week=Full-time -> native-country=United-States
workclass=Private,hours-per-week=Full-time -> native-country=United-States
race=White,hours-per-week=Full-time -> native-country=United-States
capital-gain=None,hours-per-week=Full-time -> native-country=United-States
capital-loss=None,hours-per-week=Full-time -> native-country=United-States
workclass=Private,sex=Male -> native-country=United-States
race=White,sex=Male -> native-country=United-States
sex=Male,capital-gain=None -> native-country=United-States
sex=Male,capital-loss=None -> native-country=United-States
workclass=Private,race=White -> native-country=United-States
workclass=Private,capital-gain=None -> native-country=United-States
workclass=Private,capital-loss=None -> native-country=United-States
race=White,capital-gain=None -> native-country=United-States
race=White,capital-loss=None -> native-country=United-States
capital-gain=None,capital-loss=None -> native-country=United-States
age=Young,marital-status=Never-married,capital-loss=None -> native-country=United-States
age=Young,race=White,capital-gain=None -> native-country=United-States
age=Young,race=White,capital-loss=None -> native-country=United-States
age=Young,capital-gain=None,capital-loss=None -> native-country=United-States
education=Some-college,race=White,capital-gain=None -> native-country=United-States
education=Some-college,race=White,capital-loss=None -> native-country=United-States
education=Some-college,capital-gain=None,capital-loss=None -> native-country=United-States
age=Senior,race=White,sex=Male -> native-country=United-States
age=Senior,sex=Male,capital-loss=None -> native-country=United-States
age=Senior,race=White,capital-gain=None -> native-country=United-States
age=Senior,race=White,capital-loss=None -> native-country=United-States
age=Senior,capital-gain=None,capital-loss=None -> native-country=United-States
race=White,sex=Male,hours-per-week=Over-time -> native-country=United-States
sex=Male,capital-gain=None,hours-per-week=Over-time -> native-country=United-States
sex=Male,capital-loss=None,hours-per-week=Over-time -> native-country=United-States
workclass=Private,race=White,hours-per-week=Over-time -> native-country=United-States
workclass=Private,capital-loss=None,hours-per-week=Over-time -> native-country=United-States
race=White,capital-gain=None,hours-per-week=Over-time -> native-country=United-States
race=White,capital-loss=None,hours-per-week=Over-time -> native-country=United-States
capital-gain=None,capital-loss=None,hours-per-week=Over-time -> native-country=United-States
education=HS-grad,capital-gain=None,income=small -> native-country=United-States
education=HS-grad,capital-loss=None,income=small -> native-country=United-States
education=HS-grad,race=White,hours-per-week=Full-time -> native-country=United-States
education=HS-grad,capital-gain=None,hours-per-week=Full-time -> native-country=United-States
education=HS-grad,capital-loss=None,hours-per-week=Full-time -> native-country=United-States
education=HS-grad,race=White,sex=Male -> native-country=United-States
education=HS-grad,sex=Male,capital-gain=None -> native-country=United-States
education=HS-grad,sex=Male,capital-loss=None -> native-country=United-States
workclass=Private,education=HS-grad,race=White -> native-country=United-States
workclass=Private,education=HS-grad,capital-gain=None -> native-country=United-States
workclass=Private,education=HS-grad,capital-loss=None -> native-country=United-States
education=HS-grad,race=White,capital-gain=None -> native-country=United-States
education=HS-grad,race=White,capital-loss=None -> native-country=United-States
education=HS-grad,capital-gain=None,capital-loss=None -> native-country=United-States
marital-status=Never-married,race=White,income=small -> native-country=United-States
marital-status=Never-married,capital-gain=None,income=small -> native-country=United-States
marital-status=Never-married,capital-loss=None,income=small -> native-country=United-States
marital-status=Never-married,capital-gain=None,hours-per-week=Full-time -> native-country=United-States
marital-status=Never-married,capital-loss=None,hours-per-week=Full-time -> native-country=United-States
marital-status=Never-married,sex=Male,capital-gain=None -> native-country=United-States
marital-status=Never-married,sex=Male,capital-loss=None -> native-country=United-States
workclass=Private,marital-status=Never-married,race=White -> native-country=United-States
workclass=Private,marital-status=Never-married,capital-gain=None -> native-country=United-States
workclass=Private,marital-status=Never-married,capital-loss=None -> native-country=United-States
marital-status=Never-married,race=White,capital-gain=None -> native-country=United-States
marital-status=Never-married,race=White,capital-loss=None -> native-country=United-States
marital-status=Never-married,capital-gain=None,capital-loss=None -> native-country=United-States
sex=Female,capital-gain=None,income=small -> native-country=United-States
sex=Female,capital-loss=None,income=small -> native-country=United-States
race=White,sex=Female,hours-per-week=Full-time -> native-country=United-States
sex=Female,capital-gain=None,hours-per-week=Full-time -> native-country=United-States
sex=Female,capital-loss=None,hours-per-week=Full-time -> native-country=United-States
workclass=Private,race=White,sex=Female -> native-country=United-States
workclass=Private,sex=Female,capital-gain=None -> native-country=United-States
workclass=Private,sex=Female,capital-loss=None -> native-country=United-States
race=White,sex=Female,capital-gain=None -> native-country=United-States
race=White,sex=Female,capital-loss=None -> native-country=United-States
sex=Female,capital-gain=None,capital-loss=None -> native-country=United-States
age=Middle-aged,marital-status=Married-civ-spouse,sex=Male -> native-country=United-States
age=Middle-aged,workclass=Private,marital-status=Married-civ-spouse -> native-country=United-States
age=Middle-aged,marital-status=Married-civ-spouse,race=White -> native-country=United-States
age=Middle-aged,marital-status=Married-civ-spouse,capital-gain=None -> native-country=United-States
age=Middle-aged,marital-status=Married-civ-spouse,capital-loss=None -> native-country=United-States
marital-status=Married-civ-spouse,sex=Male,hours-per-week=Full-time -> native-country=United-States
marital-status=Married-civ-spouse,race=White,hours-per-week=Full-time -> native-country=United-States
marital-status=Married-civ-spouse,capital-gain=None,hours-per-week=Full-time -> native-country=United-States
marital-status=Married-civ-spouse,capital-loss=None,hours-per-week=Full-time -> native-country=United-States
workclass=Private,marital-status=Married-civ-spouse,sex=Male -> native-country=United-States
marital-status=Married-civ-spouse,race=White,sex=Male -> native-country=United-States
marital-status=Married-civ-spouse,sex=Male,capital-gain=None -> native-country=United-States
marital-status=Married-civ-spouse,sex=Male,capital-loss=None -> native-country=United-States
workclass=Private,marital-status=Married-civ-spouse,race=White -> native-country=United-States
workclass=Private,marital-status=Married-civ-spouse,capital-gain=None -> native-country=United-States
workclass=Private,marital-status=Married-civ-spouse,capital-loss=None -> native-country=United-States
marital-status=Married-civ-spouse,race=White,capital-gain=None -> native-country=United-States
marital-status=Married-civ-spouse,race=White,capital-loss=None -> native-country=United-States
marital-status=Married-civ-spouse,capital-gain=None,capital-loss=None -> native-country=United-States
age=Middle-aged,workclass=Private,income=small -> native-country=United-States
age=Middle-aged,race=White,income=small -> native-country=United-States
age=Middle-aged,capital-gain=None,income=small -> native-country=United-States
age=Middle-aged,capital-loss=None,income=small -> native-country=United-States
age=Middle-aged,sex=Male,hours-per-week=Full-time -> native-country=United-States
age=Middle-aged,workclass=Private,hours-per-week=Full-time -> native-country=United-States
age=Middle-aged,race=White,hours-per-week=Full-time -> native-country=United-States
age=Middle-aged,capital-gain=None,hours-per-week=Full-time -> native-country=United-States
age=Middle-aged,capital-loss=None,hours-per-week=Full-time -> native-country=United-States
age=Middle-aged,workclass=Private,sex=Male -> native-country=United-States
age=Middle-aged,race=White,sex=Male -> native-country=United-States
age=Middle-aged,sex=Male,capital-gain=None -> native-country=United-States
age=Middle-aged,sex=Male,capital-loss=None -> native-country=United-States
age=Middle-aged,workclass=Private,race=White -> native-country=United-States
age=Middle-aged,workclass=Private,capital-gain=None -> native-country=United-States
age=Middle-aged,workclass=Private,capital-loss=None -> native-country=United-States
age=Middle-aged,race=White,capital-gain=None -> native-country=United-States
age=Middle-aged,race=White,capital-loss=None -> native-country=United-States
age=Middle-aged,capital-gain=None,capital-loss=None -> native-country=United-States
sex=Male,hours-per-week=Full-time,income=small -> native-country=United-States
workclass=Private,hours-per-week=Full-time,income=small -> native-country=United-States
race=White,hours-per-week=Full-time,income=small -> native-country=United-States
capital-gain=None,hours-per-week=Full-time,income=small -> native-country=United-States
capital-loss=None,hours-per-week=Full-time,income=small -> native-country=United-States
workclass=Private,sex=Male,income=small -> native-country=United-States
race=White,sex=Male,income=small -> native-country=United-States
sex=Male,capital-gain=None,income=small -> native-country=United-States
sex=Male,capital-loss=None,income=small -> native-country=United-States
workclass=Private,race=White,income=small -> native-country=United-States
workclass=Private,capital-gain=None,income=small -> native-country=United-States
workclass=Private,capital-loss=None,income=small -> native-country=United-States
race=White,capital-gain=None,income=small -> native-country=United-States
race=White,capital-loss=None,income=small -> native-country=United-States
capital-gain=None,capital-loss=None,income=small -> native-country=United-States
workclass=Private,sex=Male,hours-per-week=Full-time -> native-country=United-States
race=White,sex=Male,hours-per-week=Full-time -> native-country=United-States
sex=Male,capital-gain=None,hours-per-week=Full-time -> native-country=United-States
sex=Male,capital-loss=None,hours-per-week=Full-time -> native-country=United-States
workclass=Private,race=White,hours-per-week=Full-time -> native-country=United-States
workclass=Private,capital-gain=None,hours-per-week=Full-time -> native-country=United-States
workclass=Private,capital-loss=None,hours-per-week=Full-time -> native-country=United-States
race=White,capital-gain=None,hours-per-week=Full-time -> native-country=United-States
race=White,capital-loss=None,hours-per-week=Full-time -> native-country=United-States
capital-gain=None,capital-loss=None,hours-per-week=Full-time -> native-country=United-States
workclass=Private,race=White,sex=Male -> native-country=United-States
workclass=Private,sex=Male,capital-gain=None -> native-country=United-States
workclass=Private,sex=Male,capital-loss=None -> native-country=United-States
race=White,sex=Male,capital-gain=None -> native-country=United-States
race=White,sex=Male,capital-loss=None -> native-country=United-States
sex=Male,capital-gain=None,capital-loss=None -> native-country=United-States
workclass=Private,race=White,capital-gain=None -> native-country=United-States
workclass=Private,race=White,capital-loss=None -> native-country=United-States
workclass=Private,capital-gain=None,capital-loss=None -> native-country=United-States
race=White,capital-gain=None,capital-loss=None -> native-country=United-States
education=Some-college,race=White,capital-gain=None,capital-loss=None -> native-country=United-States
age=Senior,race=White,capital-gain=None,capital-loss=None -> native-country=United-States
race=White,sex=Male,capital-gain=None,hours-per-week=Over-time -> native-country=United-States
race=White,sex=Male,capital-loss=None,hours-per-week=Over-time -> native-country=United-States
sex=Male,capital-gain=None,capital-loss=None,hours-per-week=Over-time -> native-country=United-States
race=White,capital-gain=None,capital-loss=None,hours-per-week=Over-time -> native-country=United-States
education=HS-grad,capital-gain=None,capital-loss=None,income=small -> native-country=United-States
education=HS-grad,race=White,capital-gain=None,hours-per-week=Full-time -> native-country=United-States
education=HS-grad,race=White,capital-loss=None,hours-per-week=Full-time -> native-country=United-States
education=HS-grad,capital-gain=None,capital-loss=None,hours-per-week=Full-time -> native-country=United-States
education=HS-grad,race=White,sex=Male,capital-gain=None -> native-country=United-States
education=HS-grad,race=White,sex=Male,capital-loss=None -> native-country=United-States
education=HS-grad,sex=Male,capital-gain=None,capital-loss=None -> native-country=United-States
workclass=Private,education=HS-grad,race=White,capital-gain=None -> native-country=United-States
workclass=Private,education=HS-grad,race=White,capital-loss=None -> native-country=United-States
workclass=Private,education=HS-grad,capital-gain=None,capital-loss=None -> native-country=United-States
education=HS-grad,race=White,capital-gain=None,capital-loss=None -> native-country=United-States
marital-status=Never-married,race=White,capital-gain=None,income=small -> native-country=United-States
marital-status=Never-married,race=White,capital-loss=None,income=small -> native-country=United-States
marital-status=Never-married,capital-gain=None,capital-loss=None,income=small -> native-country=United-States
marital-status=Never-married,capital-gain=None,capital-loss=None,hours-per-week=Full-time -> native-country=United-States
workclass=Private,marital-status=Never-married,race=White,capital-gain=None -> native-country=United-States
workclass=Private,marital-status=Never-married,race=White,capital-loss=None -> native-country=United-States
workclass=Private,marital-status=Never-married,capital-gain=None,capital-loss=None -> native-country=United-States
marital-status=Never-married,race=White,capital-gain=None,capital-loss=None -> native-country=United-States
sex=Female,capital-gain=None,capital-loss=None,income=small -> native-country=United-States
sex=Female,capital-gain=None,capital-loss=None,hours-per-week=Full-time -> native-country=United-States
workclass=Private,race=White,sex=Female,capital-gain=None -> native-country=United-States
workclass=Private,race=White,sex=Female,capital-loss=None -> native-country=United-States
workclass=Private,sex=Female,capital-gain=None,capital-loss=None -> native-country=United-States
race=White,sex=Female,capital-gain=None,capital-loss=None -> native-country=United-States
age=Middle-aged,marital-status=Married-civ-spouse,race=White,sex=Male -> native-country=United-States
age=Middle-aged,marital-status=Married-civ-spouse,sex=Male,capital-gain=None -> native-country=United-States
age=Middle-aged,marital-status=Married-civ-spouse,sex=Male,capital-loss=None -> native-country=United-States
age=Middle-aged,marital-status=Married-civ-spouse,race=White,capital-gain=None -> native-country=United-States
age=Middle-aged,marital-status=Married-civ-spouse,race=White,capital-loss=None -> native-country=United-States
age=Middle-aged,marital-status=Married-civ-spouse,capital-gain=None,capital-loss=None -> native-country=United-States
marital-status=Married-civ-spouse,race=White,sex=Male,hours-per-week=Full-time -> native-country=United-States
marital-status=Married-civ-spouse,sex=Male,capital-gain=None,hours-per-week=Full-time -> native-country=United-States
marital-status=Married-civ-spouse,sex=Male,capital-loss=None,hours-per-week=Full-time -> native-country=United-States
marital-status=Married-civ-spouse,race=White,capital-gain=None,hours-per-week=Full-time -> native-country=United-States
marital-status=Married-civ-spouse,race=White,capital-loss=None,hours-per-week=Full-time -> native-country=United-States
marital-status=Married-civ-spouse,capital-gain=None,capital-loss=None,hours-per-week=Full-time -> native-country=United-States
workclass=Private,marital-status=Married-civ-spouse,race=White,sex=Male -> native-country=United-States
workclass=Private,marital-status=Married-civ-spouse,sex=Male,capital-gain=None -> native-country=United-States
workclass=Private,marital-status=Married-civ-spouse,sex=Male,capital-loss=None -> native-country=United-States
marital-status=Married-civ-spouse,race=White,sex=Male,capital-gain=None -> native-country=United-States
marital-status=Married-civ-spouse,race=White,sex=Male,capital-loss=None -> native-country=United-States
marital-status=Married-civ-spouse,sex=Male,capital-gain=None,capital-loss=None -> native-country=United-States
workclass=Private,marital-status=Married-civ-spouse,race=White,capital-gain=None -> native-country=United-States
workclass=Private,marital-status=Married-civ-spouse,race=White,capital-loss=None -> native-country=United-States
workclass=Private,marital-status=Married-civ-spouse,capital-gain=None,capital-loss=None -> native-country=United-States
marital-status=Married-civ-spouse,race=White,capital-gain=None,capital-loss=None -> native-country=United-States
age=Middle-aged,workclass=Private,capital-gain=None,income=small -> native-country=United-States
age=Middle-aged,workclass=Private,capital-loss=None,income=small -> native-country=United-States
age=Middle-aged,race=White,capital-gain=None,income=small -> native-country=United-States
age=Middle-aged,race=White,capital-loss=None,income=small -> native-country=United-States
age=Middle-aged,capital-gain=None,capital-loss=None,income=small -> native-country=United-States
age=Middle-aged,sex=Male,capital-gain=None,hours-per-week=Full-time -> native-country=United-States
age=Middle-aged,sex=Male,capital-loss=None,hours-per-week=Full-time -> native-country=United-States
age=Middle-aged,workclass=Private,race=White,hours-per-week=Full-time -> native-country=United-States
age=Middle-aged,workclass=Private,capital-gain=None,hours-per-week=Full-time -> native-country=United-States
age=Middle-aged,workclass=Private,capital-loss=None,hours-per-week=Full-time -> native-country=United-States
age=Middle-aged,race=White,capital-gain=None,hours-per-week=Full-time -> native-country=United-States
age=Middle-aged,race=White,capital-loss=None,hours-per-week=Full-time -> native-country=United-States
age=Middle-aged,capital-gain=None,capital-loss=None,hours-per-week=Full-time -> native-country=United-States
age=Middle-aged,workclass=Private,race=White,sex=Male -> native-country=United-States
age=Middle-aged,workclass=Private,sex=Male,capital-gain=None -> native-country=United-States
age=Middle-aged,workclass=Private,sex=Male,capital-loss=None -> native-country=United-States
age=Middle-aged,race=White,sex=Male,capital-gain=None -> native-country=United-States
age=Middle-aged,race=White,sex=Male,capital-loss=None -> native-country=United-States
age=Middle-aged,sex=Male,capital-gain=None,capital-loss=None -> native-country=United-States
age=Middle-aged,workclass=Private,race=White,capital-gain=None -> native-country=United-States
age=Middle-aged,workclass=Private,race=White,capital-loss=None -> native-country=United-States
age=Middle-aged,workclass=Private,capital-gain=None,capital-loss=None -> native-country=United-States
age=Middle-aged,race=White,capital-gain=None,capital-loss=None -> native-country=United-States
sex=Male,capital-gain=None,hours-per-week=Full-time,income=small -> native-country=United-States
sex=Male,capital-loss=None,hours-per-week=Full-time,income=small -> native-country=United-States
workclass=Private,race=White,hours-per-week=Full-time,income=small -> native-country=United-States
workclass=Private,capital-gain=None,hours-per-week=Full-time,income=small -> native-country=United-States
workclass=Private,capital-loss=None,hours-per-week=Full-time,income=small -> native-country=United-States
race=White,capital-gain=None,hours-per-week=Full-time,income=small -> native-country=United-States
race=White,capital-loss=None,hours-per-week=Full-time,income=small -> native-country=United-States
capital-gain=None,capital-loss=None,hours-per-week=Full-time,income=small -> native-country=United-States
workclass=Private,race=White,sex=Male,income=small -> native-country=United-States
workclass=Private,sex=Male,capital-gain=None,income=small -> native-country=United-States
workclass=Private,sex=Male,capital-loss=None,income=small -> native-country=United-States
race=White,sex=Male,capital-gain=None,income=small -> native-country=United-States
race=White,sex=Male,capital-loss=None,income=small -> native-country=United-States
sex=Male,capital-gain=None,capital-loss=None,income=small -> native-country=United-States
workclass=Private,race=White,capital-gain=None,income=small -> native-country=United-States
workclass=Private,race=White,capital-loss=None,income=small -> native-country=United-States
workclass=Private,capital-gain=None,capital-loss=None,income=small -> native-country=United-States
race=White,capital-gain=None,capital-loss=None,income=small -> native-country=United-States
workclass=Private,race=White,sex=Male,hours-per-week=Full-time -> native-country=United-States
workclass=Private,sex=Male,capital-gain=None,hours-per-week=Full-time -> native-country=United-States
workclass=Private,sex=Male,capital-loss=None,hours-per-week=Full-time -> native-country=United-States
race=White,sex=Male,capital-gain=None,hours-per-week=Full-time -> native-country=United-States
race=White,sex=Male,capital-loss=None,hours-per-week=Full-time -> native-country=United-States
sex=Male,capital-gain=None,capital-loss=None,hours-per-week=Full-time -> native-country=United-States
workclass=Private,race=White,capital-gain=None,hours-per-week=Full-time -> native-country=United-States
workclass=Private,race=White,capital-loss=None,hours-per-week=Full-time -> native-country=United-States
workclass=Private,capital-gain=None,capital-loss=None,hours-per-week=Full-time -> native-country=United-States
race=White,capital-gain=None,capital-loss=None,hours-per-week=Full-time -> native-country=United-States
workclass=Private,race=White,sex=Male,capital-gain=None -> native-country=United-States
workclass=Private,race=White,sex=Male,capital-loss=None -> native-country=United-States
workclass=Private,sex=Male,capital-gain=None,capital-loss=None -> native-country=United-States
race=White,sex=Male,capital-gain=None,capital-loss=None -> native-country=United-States
workclass=Private,race=White,capital-gain=None,capital-loss=None -> native-country=United-States
education=HS-grad,race=White,sex=Male,capital-gain=None,capital-loss=None -> native-country=United-States
workclass=Private,education=HS-grad,race=White,capital-gain=None,capital-loss=None -> native-country=United-States
workclass=Private,marital-status=Never-married,race=White,capital-gain=None,capital-loss=None -> native-country=United-States
workclass=Private,race=White,sex=Female,capital-gain=None,capital-loss=None -> native-country=United-States
age=Middle-aged,marital-status=Married-civ-spouse,race=White,sex=Male,capital-gain=None -> native-country=United-States
age=Middle-aged,marital-status=Married-civ-spouse,race=White,sex=Male,capital-loss=None -> native-country=United-States
age=Middle-aged,marital-status=Married-civ-spouse,sex=Male,capital-gain=None,capital-loss=None -> native-country=United-States
age=Middle-aged,marital-status=Married-civ-spouse,race=White,capital-gain=None,capital-loss=None -> native-country=United-States
marital-status=Married-civ-spouse,race=White,sex=Male,capital-gain=None,hours-per-week=Full-time -> native-country=United-States
marital-status=Married-civ-spouse,race=White,sex=Male,capital-loss=None,hours-per-week=Full-time -> native-country=United-States
marital-status=Married-civ-spouse,sex=Male,capital-gain=None,capital-loss=None,hours-per-week=Full-time -> native-country=United-States
marital-status=Married-civ-spouse,race=White,capital-gain=None,capital-loss=None,hours-per-week=Full-time -> native-country=United-States
workclass=Private,marital-status=Married-civ-spouse,race=White,sex=Male,capital-gain=None -> native-country=United-States
workclass=Private,marital-status=Married-civ-spouse,race=White,sex=Male,capital-loss=None -> native-country=United-States
workclass=Private,marital-status=Married-civ-spouse,sex=Male,capital-gain=None,capital-loss=None -> native-country=United-States
marital-status=Married-civ-spouse,race=White,sex=Male,capital-gain=None,capital-loss=None -> native-country=United-States
workclass=Private,marital-status=Married-civ-spouse,race=White,capital-gain=None,capital-loss=None -> native-country=United-States
age=Middle-aged,race=White,capital-gain=None,capital-loss=None,income=small -> native-country=United-States
age=Middle-aged,workclass=Private,race=White,capital-gain=None,hours-per-week=Full-time -> native-country=United-States
age=Middle-aged,workclass=Private,race=White,capital-loss=None,hours-per-week=Full-time -> native-country=United-States
age=Middle-aged,workclass=Private,capital-gain=None,capital-loss=None,hours-per-week=Full-time -> native-country=United-States
age=Middle-aged,race=White,capital-gain=None,capital-loss=None,hours-per-week=Full-time -> native-country=United-States
age=Middle-aged,workclass=Private,race=White,sex=Male,capital-gain=None -> native-country=United-States
age=Middle-aged,workclass=Private,race=White,sex=Male,capital-loss=None -> native-country=United-States
age=Middle-aged,workclass=Private,sex=Male,capital-gain=None,capital-loss=None -> native-country=United-States
age=Middle-aged,race=White,sex=Male,capital-gain=None,capital-loss=None -> native-country=United-States
age=Middle-aged,workclass=Private,race=White,capital-gain=None,capital-loss=None -> native-country=United-States
workclass=Private,race=White,capital-gain=None,hours-per-week=Full-time,income=small -> native-country=United-States
workclass=Private,race=White,capital-loss=None,hours-per-week=Full-time,income=small -> native-country=United-States
workclass=Private,capital-gain=None,capital-loss=None,hours-per-week=Full-time,income=small -> native-country=United-States
race=White,capital-gain=None,capital-loss=None,hours-per-week=Full-time,income=small -> native-country=United-States
workclass=Private,race=White,sex=Male,capital-gain=None,income=small -> native-country=United-States
workclass=Private,race=White,sex=Male,capital-loss=None,income=small -> native-country=United-States
workclass=Private,sex=Male,capital-gain=None,capital-loss=None,income=small -> native-country=United-States
race=White,sex=Male,capital-gain=None,capital-loss=None,income=small -> native-country=United-States
workclass=Private,race=White,capital-gain=None,capital-loss=None,income=small -> native-country=United-States
workclass=Private,race=White,sex=Male,capital-gain=None,hours-per-week=Full-time -> native-country=United-States
workclass=Private,race=White,sex=Male,capital-loss=None,hours-per-week=Full-time -> native-country=United-States
workclass=Private,sex=Male,capital-gain=None,capital-loss=None,hours-per-week=Full-time -> native-country=United-States
race=White,sex=Male,capital-gain=None,capital-loss=None,hours-per-week=Full-time -> native-country=United-States
workclass=Private,race=White,capital-gain=None,capital-loss=None,hours-per-week=Full-time -> native-country=United-States
workclass=Private,race=White,sex=Male,capital-gain=None,capital-loss=None -> native-country=United-States
age=Middle-aged,marital-status=Married-civ-spouse,race=White,sex=Male,capital-gain=None,capital-loss=None -> native-country=United-States
workclass=Private,marital-status=Married-civ-spouse,race=White,sex=Male,capital-gain=None,capital-loss=None -> native-country=United-States
age=Middle-aged,workclass=Private,race=White,sex=Male,capital-gain=None,capital-loss=None -> native-country=United-States
workclass=Private,race=White,capital-gain=None,capital-loss=None,hours-per-week=Full-time,income=small -> native-country=United-States
workclass=Private,race=White,sex=Male,capital-gain=None,capital-loss=None,income=small -> native-country=United-States
workclass=Private,race=White,sex=Male,capital-gain=None,capital-loss=None,hours-per-week=Full-time -> native-country=United-States
