ano_abertura=2014,mes_abertura=12,avaliacao_reclamacao=Não Avaliada -> situacao=Finalizada não avaliada
ano_abertura=2014,mes_abertura=12,situacao=Finalizada não avaliada -> avaliacao_reclamacao=Não Avaliada
ano_abertura=2014,mes_abertura=12,como_comprou_contratou=Internet,avaliacao_reclamacao=Não Avaliada -> situacao=Finalizada não avaliada
ano_abertura=2014,mes_abertura=12,como_comprou_contratou=Internet,situacao=Finalizada não avaliada -> avaliacao_reclamacao=Não Avaliada
faixa_etaria=entre 31 a 40 anos,ano_abertura=2014,mes_abertura=12,avaliacao_reclamacao=Não Avaliada -> situacao=Finalizada não avaliada
faixa_etaria=entre 31 a 40 anos,ano_abertura=2014,mes_abertura=12,situacao=Finalizada não avaliada -> avaliacao_reclamacao=Não Avaliada
sexo=F,ano_abertura=2014,mes_abertura=12,avaliacao_reclamacao=Não Avaliada -> situacao=Finalizada não avaliada
sexo=F,ano_abertura=2014,mes_abertura=12,situacao=Finalizada não avaliada -> avaliacao_reclamacao=Não Avaliada
regiao=SE,ano_abertura=2014,mes_abertura=12,avaliacao_reclamacao=Não Avaliada -> situacao=Finalizada não avaliada
regiao=SE,ano_abertura=2014,mes_abertura=12,situacao=Finalizada não avaliada -> avaliacao_reclamacao=Não Avaliada
sexo=M,ano_abertura=2014,mes_abertura=12,avaliacao_reclamacao=Não Avaliada -> situacao=Finalizada não avaliada
sexo=M,ano_abertura=2014,mes_abertura=12,situacao=Finalizada não avaliada -> avaliacao_reclamacao=Não Avaliada
ano_abertura=2014,mes_abertura=12,procurou_empresa=S,avaliacao_reclamacao=Não Avaliada -> situacao=Finalizada não avaliada
ano_abertura=2014,mes_abertura=12,procurou_empresa=S,situacao=Finalizada não avaliada -> avaliacao_reclamacao=Não Avaliada
ano_abertura=2014,mes_abertura=12,respondida=S,avaliacao_reclamacao=Não Avaliada -> situacao=Finalizada não avaliada
ano_abertura=2014,mes_abertura=12,respondida=S,situacao=Finalizada não avaliada -> avaliacao_reclamacao=Não Avaliada
ano_abertura=2014,mes_abertura=12,como_comprou_contratou=Internet,respondida=S,avaliacao_reclamacao=Não Avaliada -> situacao=Finalizada não avaliada
ano_abertura=2014,mes_abertura=12,como_comprou_contratou=Internet,respondida=S,situacao=Finalizada não avaliada -> avaliacao_reclamacao=Não Avaliada
faixa_etaria=entre 31 a 40 anos,ano_abertura=2014,mes_abertura=12,procurou_empresa=S,avaliacao_reclamacao=Não Avaliada -> situacao=Finalizada não avaliada
faixa_etaria=entre 31 a 40 anos,ano_abertura=2014,mes_abertura=12,procurou_empresa=S,situacao=Finalizada não avaliada -> avaliacao_reclamacao=Não Avaliada
faixa_etaria=entre 31 a 40 anos,ano_abertura=2014,mes_abertura=12,respondida=S,avaliacao_reclamacao=Não Avaliada -> situacao=Finalizada não avaliada
faixa_etaria=entre 31 a 40 anos,ano_abertura=2014,mes_abertura=12,respondida=S,situacao=Finalizada não avaliada -> avaliacao_reclamacao=Não Avaliada
sexo=F,ano_abertura=2014,mes_abertura=12,procurou_empresa=S,avaliacao_reclamacao=Não Avaliada -> situacao=Finalizada não avaliada
sexo=F,ano_abertura=2014,mes_abertura=12,procurou_empresa=S,situacao=Finalizada não avaliada -> avaliacao_reclamacao=Não Avaliada
sexo=F,ano_abertura=2014,mes_abertura=12,respondida=S,avaliacao_reclamacao=Não Avaliada -> situacao=Finalizada não avaliada
sexo=F,ano_abertura=2014,mes_abertura=12,respondida=S,situacao=Finalizada não avaliada -> avaliacao_reclamacao=Não Avaliada
regiao=SE,ano_abertura=2014,mes_abertura=12,procurou_empresa=S,avaliacao_reclamacao=Não Avaliada -> situacao=Finalizada não avaliada
regiao=SE,ano_abertura=2014,mes_abertura=12,procurou_empresa=S,situacao=Finalizada não avaliada -> avaliacao_reclamacao=Não Avaliada
regiao=SE,ano_abertura=2014,mes_abertura=12,respondida=S,avaliacao_reclamacao=Não Avaliada -> situacao=Finalizada não avaliada
regiao=SE,ano_abertura=2014,mes_abertura=12,respondida=S,situacao=Finalizada não avaliada -> avaliacao_reclamacao=Não Avaliada
sexo=M,ano_abertura=2014,mes_abertura=12,procurou_empresa=S,avaliacao_reclamacao=Não Avaliada -> situacao=Finalizada não avaliada
sexo=M,ano_abertura=2014,mes_abertura=12,procurou_empresa=S,situacao=Finalizada não avaliada -> avaliacao_reclamacao=Não Avaliada
sexo=M,ano_abertura=2014,mes_abertura=12,respondida=S,avaliacao_reclamacao=Não Avaliada -> situacao=Finalizada não avaliada
sexo=M,ano_abertura=2014,mes_abertura=12,respondida=S,situacao=Finalizada não avaliada -> avaliacao_reclamacao=Não Avaliada
ano_abertura=2014,mes_abertura=12,procurou_empresa=S,respondida=S,avaliacao_reclamacao=Não Avaliada -> situacao=Finalizada não avaliada
ano_abertura=2014,mes_abertura=12,procurou_empresa=S,respondida=S,situacao=Finalizada não avaliada -> avaliacao_reclamacao=Não Avaliada
faixa_etaria=entre 31 a 40 anos,ano_abertura=2014,mes_abertura=12,procurou_empresa=S,respondida=S,avaliacao_reclamacao=Não Avaliada -> situacao=Finalizada não avaliada
faixa_etaria=entre 31 a 40 anos,ano_abertura=2014,mes_abertura=12,procurou_empresa=S,respondida=S,situacao=Finalizada não avaliada -> avaliacao_reclamacao=Não Avaliada
sexo=F,ano_abertura=2014,mes_abertura=12,procurou_empresa=S,respondida=S,avaliacao_reclamacao=Não Avaliada -> situacao=Finalizada não avaliada
sexo=F,ano_abertura=2014,mes_abertura=12,procurou_empresa=S,respondida=S,situacao=Finalizada não avaliada -> avaliacao_reclamacao=Não Avaliada
regiao=SE,ano_abertura=2014,mes_abertura=12,procurou_empresa=S,respondida=S,avaliacao_reclamacao=Não Avaliada -> situacao=Finalizada não avaliada
regiao=SE,ano_abertura=2014,mes_abertura=12,procurou_empresa=S,respondida=S,situacao=Finalizada não avaliada -> avaliacao_reclamacao=Não Avaliada
sexo=M,ano_abertura=2014,mes_abertura=12,procurou_empresa=S,respondida=S,avaliacao_reclamacao=Não Avaliada -> situacao=Finalizada não avaliada
sexo=M,ano_abertura=2014,mes_abertura=12,procurou_empresa=S,respondida=S,situacao=Finalizada não avaliada -> avaliacao_reclamacao=Não Avaliada
faixa_etaria=entre 31 a 40 anos,ano_abertura=2014,situacao=Finalizada não avaliada,avaliacao_reclamacao=Não Avaliada -> mes_abertura=12
faixa_etaria=entre 31 a 40 anos,ano_abertura=2014,procurou_empresa=S,situacao=Finalizada não avaliada,avaliacao_reclamacao=Não Avaliada -> mes_abertura=12
faixa_etaria=entre 31 a 40 anos,ano_abertura=2014,respondida=S,situacao=Finalizada não avaliada,avaliacao_reclamacao=Não Avaliada -> mes_abertura=12
faixa_etaria=entre 31 a 40 anos,ano_abertura=2014,procurou_empresa=S,respondida=S,situacao=Finalizada não avaliada,avaliacao_reclamacao=Não Avaliada -> mes_abertura=12
regiao=SE,ano_abertura=2014,situacao=Finalizada não avaliada,avaliacao_reclamacao=Não Avaliada -> mes_abertura=12
regiao=SE,ano_abertura=2014,respondida=S,situacao=Finalizada não avaliada,avaliacao_reclamacao=Não Avaliada -> mes_abertura=12
sexo=F,ano_abertura=2014,situacao=Finalizada não avaliada,avaliacao_reclamacao=Não Avaliada -> mes_abertura=12
sexo=F,ano_abertura=2014,respondida=S,situacao=Finalizada não avaliada,avaliacao_reclamacao=Não Avaliada -> mes_abertura=12
regiao=SE,ano_abertura=2014,procurou_empresa=S,situacao=Finalizada não avaliada,avaliacao_reclamacao=Não Avaliada -> mes_abertura=12
regiao=SE,ano_abertura=2014,procurou_empresa=S,respondida=S,situacao=Finalizada não avaliada,avaliacao_reclamacao=Não Avaliada -> mes_abertura=12
sexo=F,ano_abertura=2014,procurou_empresa=S,situacao=Finalizada não avaliada,avaliacao_reclamacao=Não Avaliada -> mes_abertura=12
sexo=F,ano_abertura=2014,procurou_empresa=S,respondida=S,situacao=Finalizada não avaliada,avaliacao_reclamacao=Não Avaliada -> mes_abertura=12
mes_abertura=12,situacao=Finalizada não avaliada,avaliacao_reclamacao=Não Avaliada -> ano_abertura=2014
mes_abertura=12,como_comprou_contratou=Internet,situacao=Finalizada não avaliada,avaliacao_reclamacao=Não Avaliada -> ano_abertura=2014
faixa_etaria=entre 31 a 40 anos,mes_abertura=12,situacao=Finalizada não avaliada,avaliacao_reclamacao=Não Avaliada -> ano_abertura=2014
sexo=F,mes_abertura=12,situacao=Finalizada não avaliada,avaliacao_reclamacao=Não Avaliada -> ano_abertura=2014
regiao=SE,mes_abertura=12,situacao=Finalizada não avaliada,avaliacao_reclamacao=Não Avaliada -> ano_abertura=2014
sexo=M,mes_abertura=12,situacao=Finalizada não avaliada,avaliacao_reclamacao=Não Avaliada -> ano_abertura=2014
mes_abertura=12,procurou_empresa=S,situacao=Finalizada não avaliada,avaliacao_reclamacao=Não Avaliada -> ano_abertura=2014
mes_abertura=12,respondida=S,situacao=Finalizada não avaliada,avaliacao_reclamacao=Não Avaliada -> ano_abertura=2014
mes_abertura=12,como_comprou_contratou=Internet,respondida=S,situacao=Finalizada não avaliada,avaliacao_reclamacao=Não Avaliada -> ano_abertura=2014
faixa_etaria=entre 31 a 40 anos,mes_abertura=12,procurou_empresa=S,situacao=Finalizada não avaliada,avaliacao_reclamacao=Não Avaliada -> ano_abertura=2014
faixa_etaria=entre 31 a 40 anos,mes_abertura=12,respondida=S,situacao=Finalizada não avaliada,avaliacao_reclamacao=Não Avaliada -> ano_abertura=2014
sexo=F,mes_abertura=12,procurou_empresa=S,situacao=Finalizada não avaliada,avaliacao_reclamacao=Não Avaliada -> ano_abertura=2014
sexo=F,mes_abertura=12,respondida=S,situacao=Finalizada não avaliada,avaliacao_reclamacao=Não Avaliada -> ano_abertura=2014
regiao=SE,mes_abertura=12,procurou_empresa=S,situacao=Finalizada não avaliada,avaliacao_reclamacao=Não Avaliada -> ano_abertura=2014
regiao=SE,mes_abertura=12,respondida=S,situacao=Finalizada não avaliada,avaliacao_reclamacao=Não Avaliada -> ano_abertura=2014
sexo=M,mes_abertura=12,procurou_empresa=S,situacao=Finalizada não avaliada,avaliacao_reclamacao=Não Avaliada -> ano_abertura=2014
sexo=M,mes_abertura=12,respondida=S,situacao=Finalizada não avaliada,avaliacao_reclamacao=Não Avaliada -> ano_abertura=2014
mes_abertura=12,procurou_empresa=S,respondida=S,situacao=Finalizada não avaliada,avaliacao_reclamacao=Não Avaliada -> ano_abertura=2014
faixa_etaria=entre 31 a 40 anos,mes_abertura=12,procurou_empresa=S,respondida=S,situacao=Finalizada não avaliada,avaliacao_reclamacao=Não Avaliada -> ano_abertura=2014
sexo=F,mes_abertura=12,procurou_empresa=S,respondida=S,situacao=Finalizada não avaliada,avaliacao_reclamacao=Não Avaliada -> ano_abertura=2014
regiao=SE,mes_abertura=12,procurou_empresa=S,respondida=S,situacao=Finalizada não avaliada,avaliacao_reclamacao=Não Avaliada -> ano_abertura=2014
sexo=M,mes_abertura=12,procurou_empresa=S,respondida=S,situacao=Finalizada não avaliada,avaliacao_reclamacao=Não Avaliada -> ano_abertura=2014
ano_abertura=2014,como_comprou_contratou=Internet,situacao=Finalizada não avaliada,avaliacao_reclamacao=Não Avaliada -> mes_abertura=12
ano_abertura=2014,como_comprou_contratou=Internet,respondida=S,situacao=Finalizada não avaliada,avaliacao_reclamacao=Não Avaliada -> mes_abertura=12
ano_abertura=2014,situacao=Finalizada não avaliada,avaliacao_reclamacao=Não Avaliada -> mes_abertura=12
ano_abertura=2014,respondida=S,situacao=Finalizada não avaliada,avaliacao_reclamacao=Não Avaliada -> mes_abertura=12
ano_abertura=2014,procurou_empresa=S,situacao=Finalizada não avaliada,avaliacao_reclamacao=Não Avaliada -> mes_abertura=12
ano_abertura=2014,procurou_empresa=S,respondida=S,situacao=Finalizada não avaliada,avaliacao_reclamacao=Não Avaliada -> mes_abertura=12
sexo=M,ano_abertura=2014,situacao=Finalizada não avaliada,avaliacao_reclamacao=Não Avaliada -> mes_abertura=12
sexo=M,ano_abertura=2014,respondida=S,situacao=Finalizada não avaliada,avaliacao_reclamacao=Não Avaliada -> mes_abertura=12
sexo=M,ano_abertura=2014,procurou_empresa=S,situacao=Finalizada não avaliada,avaliacao_reclamacao=Não Avaliada -> mes_abertura=12
sexo=M,ano_abertura=2014,procurou_empresa=S,respondida=S,situacao=Finalizada não avaliada,avaliacao_reclamacao=Não Avaliada -> mes_abertura=12
sexo=F,situacao=Finalizada não avaliada,avaliacao_reclamacao=Não Avaliada -> ano_abertura=2014
situacao=Finalizada não avaliada,avaliacao_reclamacao=Não Avaliada -> ano_abertura=2014
como_comprou_contratou=Internet,situacao=Finalizada não avaliada,avaliacao_reclamacao=Não Avaliada -> ano_abertura=2014
sexo=F,respondida=S,situacao=Finalizada não avaliada,avaliacao_reclamacao=Não Avaliada -> ano_abertura=2014
sexo=M,situacao=Finalizada não avaliada,avaliacao_reclamacao=Não Avaliada -> ano_abertura=2014
sexo=F,procurou_empresa=S,situacao=Finalizada não avaliada,avaliacao_reclamacao=Não Avaliada -> ano_abertura=2014
respondida=S,situacao=Finalizada não avaliada,avaliacao_reclamacao=Não Avaliada -> ano_abertura=2014
sexo=M,respondida=S,situacao=Finalizada não avaliada,avaliacao_reclamacao=Não Avaliada -> ano_abertura=2014
sexo=F,procurou_empresa=S,respondida=S,situacao=Finalizada não avaliada,avaliacao_reclamacao=Não Avaliada -> ano_abertura=2014
como_comprou_contratou=Internet,respondida=S,situacao=Finalizada não avaliada,avaliacao_reclamacao=Não Avaliada -> ano_abertura=2014
procurou_empresa=S,situacao=Finalizada não avaliada,avaliacao_reclamacao=Não Avaliada -> ano_abertura=2014
procurou_empresa=S,respondida=S,situacao=Finalizada não avaliada,avaliacao_reclamacao=Não Avaliada -> ano_abertura=2014
sexo=M,procurou_empresa=S,situacao=Finalizada não avaliada,avaliacao_reclamacao=Não Avaliada -> ano_abertura=2014
sexo=M,procurou_empresa=S,respondida=S,situacao=Finalizada não avaliada,avaliacao_reclamacao=Não Avaliada -> ano_abertura=2014
regiao=SE,situacao=Finalizada não avaliada,avaliacao_reclamacao=Não Avaliada -> ano_abertura=2014
regiao=SE,respondida=S,situacao=Finalizada não avaliada,avaliacao_reclamacao=Não Avaliada -> ano_abertura=2014
regiao=SE,procurou_empresa=S,situacao=Finalizada não avaliada,avaliacao_reclamacao=Não Avaliada -> ano_abertura=2014
regiao=SE,procurou_empresa=S,respondida=S,situacao=Finalizada não avaliada,avaliacao_reclamacao=Não Avaliada -> ano_abertura=2014
