faixa_etaria=entre 21 a 30 anos,ano_abertura=2014,avaliacao_reclamacao=Não Avaliada -> situacao=Finalizada não avaliada
faixa_etaria=entre 21 a 30 anos,ano_abertura=2014,situacao=Finalizada não avaliada -> avaliacao_reclamacao=Não Avaliada
faixa_etaria=entre 21 a 30 anos,ano_abertura=2014,mes_abertura=12,avaliacao_reclamacao=Não Avaliada -> situacao=Finalizada não avaliada
faixa_etaria=entre 21 a 30 anos,ano_abertura=2014,mes_abertura=12,situacao=Finalizada não avaliada -> avaliacao_reclamacao=Não Avaliada
faixa_etaria=entre 21 a 30 anos,ano_abertura=2014,procurou_empresa=S,avaliacao_reclamacao=Não Avaliada -> situacao=Finalizada não avaliada
faixa_etaria=entre 21 a 30 anos,ano_abertura=2014,procurou_empresa=S,situacao=Finalizada não avaliada -> avaliacao_reclamacao=Não Avaliada
faixa_etaria=entre 21 a 30 anos,ano_abertura=2014,respondida=S,avaliacao_reclamacao=Não Avaliada -> situacao=Finalizada não avaliada
faixa_etaria=entre 21 a 30 anos,ano_abertura=2014,respondida=S,situacao=Finalizada não avaliada -> avaliacao_reclamacao=Não Avaliada
faixa_etaria=entre 21 a 30 anos,ano_abertura=2014,mes_abertura=12,procurou_empresa=S,avaliacao_reclamacao=Não Avaliada -> situacao=Finalizada não avaliada
faixa_etaria=entre 21 a 30 anos,ano_abertura=2014,mes_abertura=12,procurou_empresa=S,situacao=Finalizada não avaliada -> avaliacao_reclamacao=Não Avaliada
faixa_etaria=entre 21 a 30 anos,ano_abertura=2014,mes_abertura=12,respondida=S,avaliacao_reclamacao=Não Avaliada -> situacao=Finalizada não avaliada
faixa_etaria=entre 21 a 30 anos,ano_abertura=2014,mes_abertura=12,respondida=S,situacao=Finalizada não avaliada -> avaliacao_reclamacao=Não Avaliada
faixa_etaria=entre 21 a 30 anos,ano_abertura=2014,procurou_empresa=S,respondida=S,avaliacao_reclamacao=Não Avaliada -> situacao=Finalizada não avaliada
faixa_etaria=entre 21 a 30 anos,ano_abertura=2014,procurou_empresa=S,respondida=S,situacao=Finalizada não avaliada -> avaliacao_reclamacao=Não Avaliada
faixa_etaria=entre 21 a 30 anos,ano_abertura=2014,mes_abertura=12,procurou_empresa=S,respondida=S,avaliacao_reclamacao=Não Avaliada -> situacao=Finalizada não avaliada
faixa_etaria=entre 21 a 30 anos,ano_abertura=2014,mes_abertura=12,procurou_empresa=S,respondida=S,situacao=Finalizada não avaliada -> avaliacao_reclamacao=Não Avaliada
faixa_etaria=entre 21 a 30 anos,mes_abertura=12,situacao=Finalizada não avaliada,avaliacao_reclamacao=Não Avaliada -> ano_abertura=2014
faixa_etaria=entre 21 a 30 anos,mes_abertura=12,procurou_empresa=S,situacao=Finalizada não avaliada,avaliacao_reclamacao=Não Avaliada -> ano_abertura=2014
faixa_etaria=entre 21 a 30 anos,mes_abertura=12,respondida=S,situacao=Finalizada não avaliada,avaliacao_reclamacao=Não Avaliada -> ano_abertura=2014
faixa_etaria=entre 21 a 30 anos,mes_abertura=12,procurou_empresa=S,respondida=S,situacao=Finalizada não avaliada,avaliacao_reclamacao=Não Avaliada -> ano_abertura=2014
faixa_etaria=entre 21 a 30 anos,ano_abertura=2014,situacao=Finalizada não avaliada,avaliacao_reclamacao=Não Avaliada -> mes_abertura=12
faixa_etaria=entre 21 a 30 anos,ano_abertura=2014,respondida=S,situacao=Finalizada não avaliada,avaliacao_reclamacao=Não Avaliada -> mes_abertura=12
faixa_etaria=entre 21 a 30 anos,ano_abertura=2014,procurou_empresa=S,situacao=Finalizada não avaliada,avaliacao_reclamacao=Não Avaliada -> mes_abertura=12
faixa_etaria=entre 21 a 30 anos,ano_abertura=2014,procurou_empresa=S,respondida=S,situacao=Finalizada não avaliada,avaliacao_reclamacao=Não Avaliada -> mes_abertura=12
faixa_etaria=entre 21 a 30 anos,situacao=Finalizada não avaliada,avaliacao_reclamacao=Não Avaliada -> ano_abertura=2014
faixa_etaria=entre 21 a 30 anos,respondida=S,situacao=Finalizada não avaliada,avaliacao_reclamacao=Não Avaliada -> ano_abertura=2014
faixa_etaria=entre 21 a 30 anos,procurou_empresa=S,situacao=Finalizada não avaliada,avaliacao_reclamacao=Não Avaliada -> ano_abertura=2014
faixa_etaria=entre 21 a 30 anos,procurou_empresa=S,respondida=S,situacao=Finalizada não avaliada,avaliacao_reclamacao=Não Avaliada -> ano_abertura=2014
