uf=RJ -> regiao=SE
uf=SP -> regiao=SE
uf=RJ,respondida=S -> regiao=SE
uf=SP,ano_abertura=2014 -> regiao=SE
uf=SP,situacao=Finalizada avaliada -> regiao=SE
uf=SP,sexo=M -> regiao=SE
uf=SP,procurou_empresa=S -> regiao=SE
uf=SP,respondida=S -> regiao=SE
uf=SP,ano_abertura=2015,mes_abertura=1 -> regiao=SE
uf=SP,ano_abertura=2014,mes_abertura=12 -> regiao=SE
uf=SP,ano_abertura=2014,procurou_empresa=S -> regiao=SE
uf=SP,ano_abertura=2014,respondida=S -> regiao=SE
uf=SP,procurou_empresa=S,situacao=Finalizada avaliada -> regiao=SE
uf=SP,respondida=S,situacao=Finalizada avaliada -> regiao=SE
uf=SP,sexo=M,procurou_empresa=S -> regiao=SE
uf=SP,sexo=M,respondida=S -> regiao=SE
uf=SP,procurou_empresa=S,respondida=S -> regiao=SE
uf=SP,ano_abertura=2015,mes_abertura=1,respondida=S -> regiao=SE
uf=SP,ano_abertura=2014,mes_abertura=12,procurou_empresa=S -> regiao=SE
uf=SP,ano_abertura=2014,mes_abertura=12,respondida=S -> regiao=SE
uf=SP,ano_abertura=2014,procurou_empresa=S,respondida=S -> regiao=SE
uf=SP,procurou_empresa=S,respondida=S,situacao=Finalizada avaliada -> regiao=SE
uf=SP,sexo=M,procurou_empresa=S,respondida=S -> regiao=SE
uf=SP,ano_abertura=2014,mes_abertura=12,procurou_empresa=S,respondida=S -> regiao=SE
como_comprou_contratou=Internet -> regiao=SE
como_comprou_contratou=Internet,respondida=S -> regiao=SE
como_comprou_contratou=Internet,procurou_empresa=S -> regiao=SE
como_comprou_contratou=Internet,procurou_empresa=S,respondida=S -> regiao=SE
sexo=M,como_comprou_contratou=Internet -> regiao=SE
sexo=M,como_comprou_contratou=Internet,respondida=S -> regiao=SE
ano_abertura=2014,mes_abertura=12,situacao=Finalizada avaliada -> regiao=SE
ano_abertura=2014,mes_abertura=12,respondida=S,situacao=Finalizada avaliada -> regiao=SE
sexo=F,situacao=Finalizada avaliada -> regiao=SE
sexo=F,respondida=S,situacao=Finalizada avaliada -> regiao=SE
situacao=Finalizada avaliada,avaliacao_reclamacao=Não Resolvida -> regiao=SE
respondida=S,situacao=Finalizada avaliada,avaliacao_reclamacao=Não Resolvida -> regiao=SE
