mes_abertura=12 -> ano_abertura=2014
regiao=NE,mes_abertura=12 -> ano_abertura=2014
regiao=S ,mes_abertura=12 -> ano_abertura=2014
mes_abertura=12,como_comprou_contratou=Loja física -> ano_abertura=2014
mes_abertura=12,como_comprou_contratou=Telefone -> ano_abertura=2014
mes_abertura=12,como_comprou_contratou=Internet -> ano_abertura=2014
faixa_etaria=entre 31 a 40 anos,mes_abertura=12 -> ano_abertura=2014
faixa_etaria=entre 21 a 30 anos,mes_abertura=12 -> ano_abertura=2014
sexo=F,mes_abertura=12 -> ano_abertura=2014
regiao=SE,mes_abertura=12 -> ano_abertura=2014
mes_abertura=12,situacao=Finalizada avaliada -> ano_abertura=2014
sexo=M,mes_abertura=12 -> ano_abertura=2014
mes_abertura=12,procurou_empresa=S -> ano_abertura=2014
mes_abertura=12,respondida=S -> ano_abertura=2014
regiao=NE,mes_abertura=12,respondida=S -> ano_abertura=2014
mes_abertura=12,tempo_resposta=10,respondida=S -> ano_abertura=2014
regiao=S ,mes_abertura=12,procurou_empresa=S -> ano_abertura=2014
regiao=S ,mes_abertura=12,respondida=S -> ano_abertura=2014
mes_abertura=12,como_comprou_contratou=Loja física,procurou_empresa=S -> ano_abertura=2014
mes_abertura=12,como_comprou_contratou=Loja física,respondida=S -> ano_abertura=2014
regiao=SE,uf=SP,mes_abertura=12 -> ano_abertura=2014
mes_abertura=12,como_comprou_contratou=Telefone,procurou_empresa=S -> ano_abertura=2014
mes_abertura=12,como_comprou_contratou=Telefone,respondida=S -> ano_abertura=2014
sexo=M,mes_abertura=12,como_comprou_contratou=Internet -> ano_abertura=2014
mes_abertura=12,como_comprou_contratou=Internet,procurou_empresa=S -> ano_abertura=2014
mes_abertura=12,como_comprou_contratou=Internet,respondida=S -> ano_abertura=2014
sexo=M,faixa_etaria=entre 31 a 40 anos,mes_abertura=12 -> ano_abertura=2014
faixa_etaria=entre 31 a 40 anos,mes_abertura=12,procurou_empresa=S -> ano_abertura=2014
faixa_etaria=entre 31 a 40 anos,mes_abertura=12,respondida=S -> ano_abertura=2014
sexo=M,faixa_etaria=entre 21 a 30 anos,mes_abertura=12 -> ano_abertura=2014
faixa_etaria=entre 21 a 30 anos,mes_abertura=12,procurou_empresa=S -> ano_abertura=2014
faixa_etaria=entre 21 a 30 anos,mes_abertura=12,respondida=S -> ano_abertura=2014
regiao=SE,sexo=F,mes_abertura=12 -> ano_abertura=2014
sexo=F,mes_abertura=12,procurou_empresa=S -> ano_abertura=2014
sexo=F,mes_abertura=12,respondida=S -> ano_abertura=2014
mes_abertura=12,situacao=Finalizada avaliada,avaliacao_reclamacao=Resolvida -> ano_abertura=2014
regiao=SE,mes_abertura=12,situacao=Finalizada avaliada -> ano_abertura=2014
regiao=SE,sexo=M,mes_abertura=12 -> ano_abertura=2014
regiao=SE,mes_abertura=12,procurou_empresa=S -> ano_abertura=2014
regiao=SE,mes_abertura=12,respondida=S -> ano_abertura=2014
sexo=M,mes_abertura=12,situacao=Finalizada avaliada -> ano_abertura=2014
mes_abertura=12,procurou_empresa=S,situacao=Finalizada avaliada -> ano_abertura=2014
mes_abertura=12,respondida=S,situacao=Finalizada avaliada -> ano_abertura=2014
sexo=M,mes_abertura=12,procurou_empresa=S -> ano_abertura=2014
sexo=M,mes_abertura=12,respondida=S -> ano_abertura=2014
mes_abertura=12,procurou_empresa=S,respondida=S -> ano_abertura=2014
mes_abertura=12,tempo_resposta=10,procurou_empresa=S,respondida=S -> ano_abertura=2014
regiao=S ,mes_abertura=12,procurou_empresa=S,respondida=S -> ano_abertura=2014
mes_abertura=12,como_comprou_contratou=Loja física,procurou_empresa=S,respondida=S -> ano_abertura=2014
regiao=SE,uf=SP,mes_abertura=12,procurou_empresa=S -> ano_abertura=2014
regiao=SE,uf=SP,mes_abertura=12,respondida=S -> ano_abertura=2014
mes_abertura=12,como_comprou_contratou=Telefone,procurou_empresa=S,respondida=S -> ano_abertura=2014
sexo=M,mes_abertura=12,como_comprou_contratou=Internet,respondida=S -> ano_abertura=2014
mes_abertura=12,como_comprou_contratou=Internet,procurou_empresa=S,respondida=S -> ano_abertura=2014
sexo=M,faixa_etaria=entre 31 a 40 anos,mes_abertura=12,procurou_empresa=S -> ano_abertura=2014
sexo=M,faixa_etaria=entre 31 a 40 anos,mes_abertura=12,respondida=S -> ano_abertura=2014
faixa_etaria=entre 31 a 40 anos,mes_abertura=12,procurou_empresa=S,respondida=S -> ano_abertura=2014
sexo=M,faixa_etaria=entre 21 a 30 anos,mes_abertura=12,procurou_empresa=S -> ano_abertura=2014
sexo=M,faixa_etaria=entre 21 a 30 anos,mes_abertura=12,respondida=S -> ano_abertura=2014
faixa_etaria=entre 21 a 30 anos,mes_abertura=12,procurou_empresa=S,respondida=S -> ano_abertura=2014
regiao=SE,sexo=F,mes_abertura=12,respondida=S -> ano_abertura=2014
sexo=F,mes_abertura=12,procurou_empresa=S,respondida=S -> ano_abertura=2014
mes_abertura=12,procurou_empresa=S,situacao=Finalizada avaliada,avaliacao_reclamacao=Resolvida -> ano_abertura=2014
mes_abertura=12,respondida=S,situacao=Finalizada avaliada,avaliacao_reclamacao=Resolvida -> ano_abertura=2014
regiao=SE,mes_abertura=12,respondida=S,situacao=Finalizada avaliada -> ano_abertura=2014
regiao=SE,sexo=M,mes_abertura=12,procurou_empresa=S -> ano_abertura=2014
regiao=SE,sexo=M,mes_abertura=12,respondida=S -> ano_abertura=2014
regiao=SE,mes_abertura=12,procurou_empresa=S,respondida=S -> ano_abertura=2014
sexo=M,mes_abertura=12,procurou_empresa=S,situacao=Finalizada avaliada -> ano_abertura=2014
sexo=M,mes_abertura=12,respondida=S,situacao=Finalizada avaliada -> ano_abertura=2014
mes_abertura=12,procurou_empresa=S,respondida=S,situacao=Finalizada avaliada -> ano_abertura=2014
sexo=M,mes_abertura=12,procurou_empresa=S,respondida=S -> ano_abertura=2014
regiao=SE,uf=SP,mes_abertura=12,procurou_empresa=S,respondida=S -> ano_abertura=2014
sexo=M,faixa_etaria=entre 31 a 40 anos,mes_abertura=12,procurou_empresa=S,respondida=S -> ano_abertura=2014
sexo=M,faixa_etaria=entre 21 a 30 anos,mes_abertura=12,procurou_empresa=S,respondida=S -> ano_abertura=2014
mes_abertura=12,procurou_empresa=S,respondida=S,situacao=Finalizada avaliada,avaliacao_reclamacao=Resolvida -> ano_abertura=2014
regiao=SE,sexo=M,mes_abertura=12,procurou_empresa=S,respondida=S -> ano_abertura=2014
sexo=M,mes_abertura=12,procurou_empresa=S,respondida=S,situacao=Finalizada avaliada -> ano_abertura=2014
tempo_resposta=10,respondida=S -> ano_abertura=2014
tempo_resposta=10,procurou_empresa=S,respondida=S -> ano_abertura=2014
como_comprou_contratou=Internet,procurou_empresa=S -> ano_abertura=2014
como_comprou_contratou=Internet,procurou_empresa=S,respondida=S -> ano_abertura=2014
como_comprou_contratou=Internet -> ano_abertura=2014
como_comprou_contratou=Internet,respondida=S -> ano_abertura=2014
sexo=F,procurou_empresa=S -> ano_abertura=2014
sexo=F,procurou_empresa=S,respondida=S -> ano_abertura=2014
sexo=F -> ano_abertura=2014
sexo=F,respondida=S -> ano_abertura=2014
regiao=SE,uf=SP,procurou_empresa=S -> ano_abertura=2014
regiao=SE,uf=SP,procurou_empresa=S,respondida=S -> ano_abertura=2014
regiao=SE,procurou_empresa=S -> ano_abertura=2014
regiao=SE,uf=SP -> ano_abertura=2014
regiao=SE,procurou_empresa=S,respondida=S -> ano_abertura=2014
regiao=SE,uf=SP,respondida=S -> ano_abertura=2014
sexo=M,como_comprou_contratou=Internet -> ano_abertura=2014
regiao=SE -> ano_abertura=2014
regiao=SE,sexo=M,procurou_empresa=S -> ano_abertura=2014
regiao=SE,respondida=S -> ano_abertura=2014
sexo=M,como_comprou_contratou=Internet,respondida=S -> ano_abertura=2014
regiao=SE,sexo=M,procurou_empresa=S,respondida=S -> ano_abertura=2014
regiao=SE,sexo=M -> ano_abertura=2014
regiao=SE,sexo=M,respondida=S -> ano_abertura=2014
procurou_empresa=S -> ano_abertura=2014
procurou_empresa=S,respondida=S -> ano_abertura=2014
respondida=S -> ano_abertura=2014
sexo=M,procurou_empresa=S -> ano_abertura=2014
sexo=M -> ano_abertura=2014
sexo=M,procurou_empresa=S,respondida=S -> ano_abertura=2014
sexo=M,respondida=S -> ano_abertura=2014
como_comprou_contratou=Telefone,procurou_empresa=S -> ano_abertura=2014
como_comprou_contratou=Telefone,procurou_empresa=S,respondida=S -> ano_abertura=2014
regiao=S ,procurou_empresa=S -> ano_abertura=2014
regiao=S  -> ano_abertura=2014
como_comprou_contratou=Telefone -> ano_abertura=2014
como_comprou_contratou=Telefone,respondida=S -> ano_abertura=2014
regiao=S ,procurou_empresa=S,respondida=S -> ano_abertura=2014
regiao=S ,respondida=S -> ano_abertura=2014
faixa_etaria=entre 21 a 30 anos,procurou_empresa=S -> ano_abertura=2014
faixa_etaria=entre 21 a 30 anos,procurou_empresa=S,respondida=S -> ano_abertura=2014
faixa_etaria=entre 21 a 30 anos -> ano_abertura=2014
faixa_etaria=entre 21 a 30 anos,respondida=S -> ano_abertura=2014
sexo=M,faixa_etaria=entre 21 a 30 anos,procurou_empresa=S -> ano_abertura=2014
sexo=M,faixa_etaria=entre 21 a 30 anos,procurou_empresa=S,respondida=S -> ano_abertura=2014
sexo=M,faixa_etaria=entre 21 a 30 anos -> ano_abertura=2014
sexo=M,faixa_etaria=entre 21 a 30 anos,respondida=S -> ano_abertura=2014
