avaliacao_reclamacao=Não Avaliada -> situacao=Finalizada não avaliada
situacao=Finalizada não avaliada -> avaliacao_reclamacao=Não Avaliada
como_comprou_contratou=Loja física,avaliacao_reclamacao=Não Avaliada -> situacao=Finalizada não avaliada
como_comprou_contratou=Loja física,situacao=Finalizada não avaliada -> avaliacao_reclamacao=Não Avaliada
como_comprou_contratou=Internet,avaliacao_reclamacao=Não Avaliada -> situacao=Finalizada não avaliada
como_comprou_contratou=Internet,situacao=Finalizada não avaliada -> avaliacao_reclamacao=Não Avaliada
faixa_etaria=entre 31 a 40 anos,avaliacao_reclamacao=Não Avaliada -> situacao=Finalizada não avaliada
faixa_etaria=entre 31 a 40 anos,situacao=Finalizada não avaliada -> avaliacao_reclamacao=Não Avaliada
faixa_etaria=entre 21 a 30 anos,avaliacao_reclamacao=Não Avaliada -> situacao=Finalizada não avaliada
faixa_etaria=entre 21 a 30 anos,situacao=Finalizada não avaliada -> avaliacao_reclamacao=Não Avaliada
sexo=F,avaliacao_reclamacao=Não Avaliada -> situacao=Finalizada não avaliada
sexo=F,situacao=Finalizada não avaliada -> avaliacao_reclamacao=Não Avaliada
regiao=SE,avaliacao_reclamacao=Não Avaliada -> situacao=Finalizada não avaliada
regiao=SE,situacao=Finalizada não avaliada -> avaliacao_reclamacao=Não Avaliada
ano_abertura=2014,avaliacao_reclamacao=Não Avaliada -> situacao=Finalizada não avaliada
ano_abertura=2014,situacao=Finalizada não avaliada -> avaliacao_reclamacao=Não Avaliada
sexo=M,avaliacao_reclamacao=Não Avaliada -> situacao=Finalizada não avaliada
sexo=M,situacao=Finalizada não avaliada -> avaliacao_reclamacao=Não Avaliada
procurou_empresa=S,avaliacao_reclamacao=Não Avaliada -> situacao=Finalizada não avaliada
procurou_empresa=S,situacao=Finalizada não avaliada -> avaliacao_reclamacao=Não Avaliada
respondida=S,avaliacao_reclamacao=Não Avaliada -> situacao=Finalizada não avaliada
respondida=S,situacao=Finalizada não avaliada -> avaliacao_reclamacao=Não Avaliada
como_comprou_contratou=Loja física,respondida=S,avaliacao_reclamacao=Não Avaliada -> situacao=Finalizada não avaliada
como_comprou_contratou=Loja física,respondida=S,situacao=Finalizada não avaliada -> avaliacao_reclamacao=Não Avaliada
ano_abertura=2014,como_comprou_contratou=Internet,avaliacao_reclamacao=Não Avaliada -> situacao=Finalizada não avaliada
ano_abertura=2014,como_comprou_contratou=Internet,situacao=Finalizada não avaliada -> avaliacao_reclamacao=Não Avaliada
como_comprou_contratou=Internet,procurou_empresa=S,avaliacao_reclamacao=Não Avaliada -> situacao=Finalizada não avaliada
como_comprou_contratou=Internet,procurou_empresa=S,situacao=Finalizada não avaliada -> avaliacao_reclamacao=Não Avaliada
como_comprou_contratou=Internet,respondida=S,avaliacao_reclamacao=Não Avaliada -> situacao=Finalizada não avaliada
como_comprou_contratou=Internet,respondida=S,situacao=Finalizada não avaliada -> avaliacao_reclamacao=Não Avaliada
faixa_etaria=entre 31 a 40 anos,procurou_empresa=S,avaliacao_reclamacao=Não Avaliada -> situacao=Finalizada não avaliada
faixa_etaria=entre 31 a 40 anos,procurou_empresa=S,situacao=Finalizada não avaliada -> avaliacao_reclamacao=Não Avaliada
faixa_etaria=entre 31 a 40 anos,respondida=S,avaliacao_reclamacao=Não Avaliada -> situacao=Finalizada não avaliada
faixa_etaria=entre 31 a 40 anos,respondida=S,situacao=Finalizada não avaliada -> avaliacao_reclamacao=Não Avaliada
faixa_etaria=entre 21 a 30 anos,procurou_empresa=S,avaliacao_reclamacao=Não Avaliada -> situacao=Finalizada não avaliada
faixa_etaria=entre 21 a 30 anos,procurou_empresa=S,situacao=Finalizada não avaliada -> avaliacao_reclamacao=Não Avaliada
faixa_etaria=entre 21 a 30 anos,respondida=S,avaliacao_reclamacao=Não Avaliada -> situacao=Finalizada não avaliada
faixa_etaria=entre 21 a 30 anos,respondida=S,situacao=Finalizada não avaliada -> avaliacao_reclamacao=Não Avaliada
sexo=F,ano_abertura=2014,avaliacao_reclamacao=Não Avaliada -> situacao=Finalizada não avaliada
sexo=F,ano_abertura=2014,situacao=Finalizada não avaliada -> avaliacao_reclamacao=Não Avaliada
sexo=F,procurou_empresa=S,avaliacao_reclamacao=Não Avaliada -> situacao=Finalizada não avaliada
sexo=F,procurou_empresa=S,situacao=Finalizada não avaliada -> avaliacao_reclamacao=Não Avaliada
sexo=F,respondida=S,avaliacao_reclamacao=Não Avaliada -> situacao=Finalizada não avaliada
sexo=F,respondida=S,situacao=Finalizada não avaliada -> avaliacao_reclamacao=Não Avaliada
regiao=SE,ano_abertura=2014,avaliacao_reclamacao=Não Avaliada -> situacao=Finalizada não avaliada
regiao=SE,ano_abertura=2014,situacao=Finalizada não avaliada -> avaliacao_reclamacao=Não Avaliada
regiao=SE,sexo=M,avaliacao_reclamacao=Não Avaliada -> situacao=Finalizada não avaliada
regiao=SE,sexo=M,situacao=Finalizada não avaliada -> avaliacao_reclamacao=Não Avaliada
regiao=SE,procurou_empresa=S,avaliacao_reclamacao=Não Avaliada -> situacao=Finalizada não avaliada
regiao=SE,procurou_empresa=S,situacao=Finalizada não avaliada -> avaliacao_reclamacao=Não Avaliada
regiao=SE,respondida=S,avaliacao_reclamacao=Não Avaliada -> situacao=Finalizada não avaliada
regiao=SE,respondida=S,situacao=Finalizada não avaliada -> avaliacao_reclamacao=Não Avaliada
sexo=M,ano_abertura=2014,avaliacao_reclamacao=Não Avaliada -> situacao=Finalizada não avaliada
sexo=M,ano_abertura=2014,situacao=Finalizada não avaliada -> avaliacao_reclamacao=Não Avaliada
ano_abertura=2014,procurou_empresa=S,avaliacao_reclamacao=Não Avaliada -> situacao=Finalizada não avaliada
ano_abertura=2014,procurou_empresa=S,situacao=Finalizada não avaliada -> avaliacao_reclamacao=Não Avaliada
ano_abertura=2014,respondida=S,avaliacao_reclamacao=Não Avaliada -> situacao=Finalizada não avaliada
ano_abertura=2014,respondida=S,situacao=Finalizada não avaliada -> avaliacao_reclamacao=Não Avaliada
sexo=M,procurou_empresa=S,avaliacao_reclamacao=Não Avaliada -> situacao=Finalizada não avaliada
sexo=M,procurou_empresa=S,situacao=Finalizada não avaliada -> avaliacao_reclamacao=Não Avaliada
sexo=M,respondida=S,avaliacao_reclamacao=Não Avaliada -> situacao=Finalizada não avaliada
sexo=M,respondida=S,situacao=Finalizada não avaliada -> avaliacao_reclamacao=Não Avaliada
procurou_empresa=S,respondida=S,avaliacao_reclamacao=Não Avaliada -> situacao=Finalizada não avaliada
procurou_empresa=S,respondida=S,situacao=Finalizada não avaliada -> avaliacao_reclamacao=Não Avaliada
ano_abertura=2014,como_comprou_contratou=Internet,respondida=S,avaliacao_reclamacao=Não Avaliada -> situacao=Finalizada não avaliada
ano_abertura=2014,como_comprou_contratou=Internet,respondida=S,situacao=Finalizada não avaliada -> avaliacao_reclamacao=Não Avaliada
como_comprou_contratou=Internet,procurou_empresa=S,respondida=S,avaliacao_reclamacao=Não Avaliada -> situacao=Finalizada não avaliada
como_comprou_contratou=Internet,procurou_empresa=S,respondida=S,situacao=Finalizada não avaliada -> avaliacao_reclamacao=Não Avaliada
faixa_etaria=entre 31 a 40 anos,procurou_empresa=S,respondida=S,avaliacao_reclamacao=Não Avaliada -> situacao=Finalizada não avaliada
faixa_etaria=entre 31 a 40 anos,procurou_empresa=S,respondida=S,situacao=Finalizada não avaliada -> avaliacao_reclamacao=Não Avaliada
faixa_etaria=entre 21 a 30 anos,procurou_empresa=S,respondida=S,avaliacao_reclamacao=Não Avaliada -> situacao=Finalizada não avaliada
faixa_etaria=entre 21 a 30 anos,procurou_empresa=S,respondida=S,situacao=Finalizada não avaliada -> avaliacao_reclamacao=Não Avaliada
sexo=F,ano_abertura=2014,procurou_empresa=S,avaliacao_reclamacao=Não Avaliada -> situacao=Finalizada não avaliada
sexo=F,ano_abertura=2014,procurou_empresa=S,situacao=Finalizada não avaliada -> avaliacao_reclamacao=Não Avaliada
sexo=F,ano_abertura=2014,respondida=S,avaliacao_reclamacao=Não Avaliada -> situacao=Finalizada não avaliada
sexo=F,ano_abertura=2014,respondida=S,situacao=Finalizada não avaliada -> avaliacao_reclamacao=Não Avaliada
sexo=F,procurou_empresa=S,respondida=S,avaliacao_reclamacao=Não Avaliada -> situacao=Finalizada não avaliada
sexo=F,procurou_empresa=S,respondida=S,situacao=Finalizada não avaliada -> avaliacao_reclamacao=Não Avaliada
regiao=SE,ano_abertura=2014,procurou_empresa=S,avaliacao_reclamacao=Não Avaliada -> situacao=Finalizada não avaliada
regiao=SE,ano_abertura=2014,procurou_empresa=S,situacao=Finalizada não avaliada -> avaliacao_reclamacao=Não Avaliada
regiao=SE,ano_abertura=2014,respondida=S,avaliacao_reclamacao=Não Avaliada -> situacao=Finalizada não avaliada
regiao=SE,ano_abertura=2014,respondida=S,situacao=Finalizada não avaliada -> avaliacao_reclamacao=Não Avaliada
regiao=SE,sexo=M,respondida=S,avaliacao_reclamacao=Não Avaliada -> situacao=Finalizada não avaliada
regiao=SE,sexo=M,respondida=S,situacao=Finalizada não avaliada -> avaliacao_reclamacao=Não Avaliada
regiao=SE,procurou_empresa=S,respondida=S,avaliacao_reclamacao=Não Avaliada -> situacao=Finalizada não avaliada
regiao=SE,procurou_empresa=S,respondida=S,situacao=Finalizada não avaliada -> avaliacao_reclamacao=Não Avaliada
sexo=M,ano_abertura=2014,procurou_empresa=S,avaliacao_reclamacao=Não Avaliada -> situacao=Finalizada não avaliada
sexo=M,ano_abertura=2014,procurou_empresa=S,situacao=Finalizada não avaliada -> avaliacao_reclamacao=Não Avaliada
sexo=M,ano_abertura=2014,respondida=S,avaliacao_reclamacao=Não Avaliada -> situacao=Finalizada não avaliada
sexo=M,ano_abertura=2014,respondida=S,situacao=Finalizada não avaliada -> avaliacao_reclamacao=Não Avaliada
ano_abertura=2014,procurou_empresa=S,respondida=S,avaliacao_reclamacao=Não Avaliada -> situacao=Finalizada não avaliada
ano_abertura=2014,procurou_empresa=S,respondida=S,situacao=Finalizada não avaliada -> avaliacao_reclamacao=Não Avaliada
sexo=M,procurou_empresa=S,respondida=S,avaliacao_reclamacao=Não Avaliada -> situacao=Finalizada não avaliada
sexo=M,procurou_empresa=S,respondida=S,situacao=Finalizada não avaliada -> avaliacao_reclamacao=Não Avaliada
sexo=F,ano_abertura=2014,procurou_empresa=S,respondida=S,avaliacao_reclamacao=Não Avaliada -> situacao=Finalizada não avaliada
sexo=F,ano_abertura=2014,procurou_empresa=S,respondida=S,situacao=Finalizada não avaliada -> avaliacao_reclamacao=Não Avaliada
regiao=SE,ano_abertura=2014,procurou_empresa=S,respondida=S,avaliacao_reclamacao=Não Avaliada -> situacao=Finalizada não avaliada
regiao=SE,ano_abertura=2014,procurou_empresa=S,respondida=S,situacao=Finalizada não avaliada -> avaliacao_reclamacao=Não Avaliada
sexo=M,ano_abertura=2014,procurou_empresa=S,respondida=S,avaliacao_reclamacao=Não Avaliada -> situacao=Finalizada não avaliada
sexo=M,ano_abertura=2014,procurou_empresa=S,respondida=S,situacao=Finalizada não avaliada -> avaliacao_reclamacao=Não Avaliada
