ano_abertura=2015,mes_abertura=1,nota_consumidor=1 -> situacao=Finalizada avaliada
ano_abertura=2015,mes_abertura=1,avaliacao_reclamacao=Não Resolvida -> situacao=Finalizada avaliada
ano_abertura=2015,mes_abertura=1,avaliacao_reclamacao=Resolvida -> situacao=Finalizada avaliada
ano_abertura=2015,mes_abertura=1,procurou_empresa=S,nota_consumidor=1 -> situacao=Finalizada avaliada
ano_abertura=2015,mes_abertura=1,respondida=S,nota_consumidor=1 -> situacao=Finalizada avaliada
ano_abertura=2015,mes_abertura=1,respondida=S,nota_consumidor=5 -> situacao=Finalizada avaliada
ano_abertura=2015,mes_abertura=1,procurou_empresa=S,avaliacao_reclamacao=Não Resolvida -> situacao=Finalizada avaliada
ano_abertura=2015,mes_abertura=1,respondida=S,avaliacao_reclamacao=Não Resolvida -> situacao=Finalizada avaliada
regiao=SE,ano_abertura=2015,mes_abertura=1,avaliacao_reclamacao=Resolvida -> situacao=Finalizada avaliada
ano_abertura=2015,mes_abertura=1,procurou_empresa=S,avaliacao_reclamacao=Resolvida -> situacao=Finalizada avaliada
ano_abertura=2015,mes_abertura=1,respondida=S,avaliacao_reclamacao=Resolvida -> situacao=Finalizada avaliada
ano_abertura=2015,mes_abertura=1,procurou_empresa=S,respondida=S,nota_consumidor=1 -> situacao=Finalizada avaliada
ano_abertura=2015,mes_abertura=1,respondida=S,avaliacao_reclamacao=Resolvida,nota_consumidor=5 -> situacao=Finalizada avaliada
ano_abertura=2015,mes_abertura=1,procurou_empresa=S,respondida=S,nota_consumidor=5 -> situacao=Finalizada avaliada
ano_abertura=2015,mes_abertura=1,procurou_empresa=S,respondida=S,avaliacao_reclamacao=Não Resolvida -> situacao=Finalizada avaliada
regiao=SE,ano_abertura=2015,mes_abertura=1,procurou_empresa=S,avaliacao_reclamacao=Resolvida -> situacao=Finalizada avaliada
regiao=SE,ano_abertura=2015,mes_abertura=1,respondida=S,avaliacao_reclamacao=Resolvida -> situacao=Finalizada avaliada
sexo=M,ano_abertura=2015,mes_abertura=1,respondida=S,avaliacao_reclamacao=Resolvida -> situacao=Finalizada avaliada
ano_abertura=2015,mes_abertura=1,procurou_empresa=S,respondida=S,avaliacao_reclamacao=Resolvida -> situacao=Finalizada avaliada
ano_abertura=2015,mes_abertura=1,procurou_empresa=S,respondida=S,avaliacao_reclamacao=Resolvida,nota_consumidor=5 -> situacao=Finalizada avaliada
regiao=SE,ano_abertura=2015,mes_abertura=1,procurou_empresa=S,respondida=S,avaliacao_reclamacao=Resolvida -> situacao=Finalizada avaliada
sexo=M,ano_abertura=2015,mes_abertura=1,procurou_empresa=S,respondida=S,avaliacao_reclamacao=Resolvida -> situacao=Finalizada avaliada
ano_abertura=2015,mes_abertura=1,como_comprou_contratou=Telefone -> situacao=Finalizada avaliada
ano_abertura=2015,mes_abertura=1,como_comprou_contratou=Telefone,respondida=S -> situacao=Finalizada avaliada
ano_abertura=2015,mes_abertura=1,como_comprou_contratou=Telefone,procurou_empresa=S -> situacao=Finalizada avaliada
ano_abertura=2015,mes_abertura=1,como_comprou_contratou=Telefone,procurou_empresa=S,respondida=S -> situacao=Finalizada avaliada
faixa_etaria=entre 31 a 40 anos,ano_abertura=2015,mes_abertura=1,procurou_empresa=S -> situacao=Finalizada avaliada
faixa_etaria=entre 31 a 40 anos,ano_abertura=2015,mes_abertura=1,procurou_empresa=S,respondida=S -> situacao=Finalizada avaliada
sexo=M,ano_abertura=2015,mes_abertura=1 -> situacao=Finalizada avaliada
sexo=M,ano_abertura=2015,mes_abertura=1,respondida=S -> situacao=Finalizada avaliada
sexo=M,ano_abertura=2015,mes_abertura=1,procurou_empresa=S -> situacao=Finalizada avaliada
sexo=M,ano_abertura=2015,mes_abertura=1,procurou_empresa=S,respondida=S -> situacao=Finalizada avaliada
faixa_etaria=entre 31 a 40 anos,ano_abertura=2015,mes_abertura=1 -> situacao=Finalizada avaliada
faixa_etaria=entre 31 a 40 anos,ano_abertura=2015,mes_abertura=1,respondida=S -> situacao=Finalizada avaliada
faixa_etaria=entre 21 a 30 anos,ano_abertura=2015,mes_abertura=1 -> situacao=Finalizada avaliada
faixa_etaria=entre 21 a 30 anos,ano_abertura=2015,mes_abertura=1,respondida=S -> situacao=Finalizada avaliada
faixa_etaria=entre 21 a 30 anos,ano_abertura=2015,mes_abertura=1,procurou_empresa=S -> situacao=Finalizada avaliada
faixa_etaria=entre 21 a 30 anos,ano_abertura=2015,mes_abertura=1,procurou_empresa=S,respondida=S -> situacao=Finalizada avaliada
ano_abertura=2015,mes_abertura=1 -> situacao=Finalizada avaliada
ano_abertura=2015,mes_abertura=1,respondida=S -> situacao=Finalizada avaliada
regiao=SE,sexo=M,ano_abertura=2015,mes_abertura=1 -> situacao=Finalizada avaliada
regiao=SE,sexo=M,ano_abertura=2015,mes_abertura=1,respondida=S -> situacao=Finalizada avaliada
ano_abertura=2015,mes_abertura=1,procurou_empresa=S -> situacao=Finalizada avaliada
ano_abertura=2015,mes_abertura=1,procurou_empresa=S,respondida=S -> situacao=Finalizada avaliada
regiao=SE,ano_abertura=2015,mes_abertura=1 -> situacao=Finalizada avaliada
regiao=SE,ano_abertura=2015,mes_abertura=1,respondida=S -> situacao=Finalizada avaliada
regiao=SE,ano_abertura=2015,mes_abertura=1,procurou_empresa=S -> situacao=Finalizada avaliada
regiao=SE,ano_abertura=2015,mes_abertura=1,procurou_empresa=S,respondida=S -> situacao=Finalizada avaliada
ano_abertura=2015,mes_abertura=1,como_comprou_contratou=Internet -> situacao=Finalizada avaliada
ano_abertura=2015,mes_abertura=1,como_comprou_contratou=Internet,respondida=S -> situacao=Finalizada avaliada
sexo=F,ano_abertura=2015,mes_abertura=1 -> situacao=Finalizada avaliada
sexo=F,ano_abertura=2015,mes_abertura=1,respondida=S -> situacao=Finalizada avaliada
sexo=F,ano_abertura=2015,mes_abertura=1,procurou_empresa=S -> situacao=Finalizada avaliada
sexo=F,ano_abertura=2015,mes_abertura=1,procurou_empresa=S,respondida=S -> situacao=Finalizada avaliada
