ano_abertura=2015,mes_abertura=1,respondida=S,situacao=Finalizada avaliada,avaliacao_reclamacao=Resolvida -> nota_consumidor=5
ano_abertura=2015,mes_abertura=1,procurou_empresa=S,respondida=S,situacao=Finalizada avaliada,avaliacao_reclamacao=Resolvida -> nota_consumidor=5
sexo=M,respondida=S,situacao=Finalizada avaliada,avaliacao_reclamacao=Resolvida -> nota_consumidor=5
sexo=M,situacao=Finalizada avaliada,avaliacao_reclamacao=Resolvida -> nota_consumidor=5
ano_abertura=2015,mes_abertura=1,respondida=S,situacao=Finalizada avaliada,nota_consumidor=5 -> avaliacao_reclamacao=Resolvida
ano_abertura=2015,mes_abertura=1,procurou_empresa=S,respondida=S,situacao=Finalizada avaliada,nota_consumidor=5 -> avaliacao_reclamacao=Resolvida
sexo=M,procurou_empresa=S,situacao=Finalizada avaliada,nota_consumidor=5 -> avaliacao_reclamacao=Resolvida
sexo=M,procurou_empresa=S,respondida=S,situacao=Finalizada avaliada,nota_consumidor=5 -> avaliacao_reclamacao=Resolvida
sexo=M,situacao=Finalizada avaliada,nota_consumidor=5 -> avaliacao_reclamacao=Resolvida
sexo=M,respondida=S,situacao=Finalizada avaliada,nota_consumidor=5 -> avaliacao_reclamacao=Resolvida
respondida=S,situacao=Finalizada avaliada,avaliacao_reclamacao=Resolvida -> nota_consumidor=5
procurou_empresa=S,situacao=Finalizada avaliada,nota_consumidor=5 -> avaliacao_reclamacao=Resolvida
procurou_empresa=S,respondida=S,situacao=Finalizada avaliada,nota_consumidor=5 -> avaliacao_reclamacao=Resolvida
situacao=Finalizada avaliada,nota_consumidor=5 -> avaliacao_reclamacao=Resolvida
situacao=Finalizada avaliada,avaliacao_reclamacao=Resolvida -> nota_consumidor=5
respondida=S,situacao=Finalizada avaliada,nota_consumidor=5 -> avaliacao_reclamacao=Resolvida
sexo=M,procurou_empresa=S,respondida=S,situacao=Finalizada avaliada,avaliacao_reclamacao=Resolvida -> nota_consumidor=5
sexo=M,procurou_empresa=S,situacao=Finalizada avaliada,avaliacao_reclamacao=Resolvida -> nota_consumidor=5
como_comprou_contratou=Telefone,procurou_empresa=S,respondida=S,situacao=Finalizada avaliada -> avaliacao_reclamacao=Resolvida
como_comprou_contratou=Telefone,respondida=S,situacao=Finalizada avaliada -> avaliacao_reclamacao=Resolvida
ano_abertura=2015,mes_abertura=1,procurou_empresa=S,respondida=S,situacao=Finalizada avaliada -> avaliacao_reclamacao=Resolvida
ano_abertura=2015,mes_abertura=1,procurou_empresa=S,situacao=Finalizada avaliada -> avaliacao_reclamacao=Resolvida
ano_abertura=2015,mes_abertura=1,respondida=S,situacao=Finalizada avaliada -> avaliacao_reclamacao=Resolvida
ano_abertura=2015,mes_abertura=1,situacao=Finalizada avaliada -> avaliacao_reclamacao=Resolvida
regiao=SE,ano_abertura=2015,mes_abertura=1,procurou_empresa=S,respondida=S,situacao=Finalizada avaliada -> avaliacao_reclamacao=Resolvida
regiao=SE,ano_abertura=2015,mes_abertura=1,procurou_empresa=S,situacao=Finalizada avaliada -> avaliacao_reclamacao=Resolvida
sexo=F,respondida=S,situacao=Finalizada avaliada -> avaliacao_reclamacao=Resolvida
sexo=F,procurou_empresa=S,respondida=S,situacao=Finalizada avaliada -> avaliacao_reclamacao=Resolvida
sexo=M,ano_abertura=2015,mes_abertura=1,procurou_empresa=S,respondida=S,situacao=Finalizada avaliada -> avaliacao_reclamacao=Resolvida
regiao=SE,ano_abertura=2015,mes_abertura=1,respondida=S,situacao=Finalizada avaliada -> avaliacao_reclamacao=Resolvida
sexo=F,situacao=Finalizada avaliada -> avaliacao_reclamacao=Resolvida
regiao=SE,ano_abertura=2015,mes_abertura=1,situacao=Finalizada avaliada -> avaliacao_reclamacao=Resolvida
sexo=F,procurou_empresa=S,situacao=Finalizada avaliada -> avaliacao_reclamacao=Resolvida
sexo=M,ano_abertura=2015,mes_abertura=1,respondida=S,situacao=Finalizada avaliada -> avaliacao_reclamacao=Resolvida
faixa_etaria=entre 21 a 30 anos,respondida=S,situacao=Finalizada avaliada -> avaliacao_reclamacao=Resolvida
procurou_empresa=S,respondida=S,situacao=Finalizada avaliada -> avaliacao_reclamacao=Resolvida
faixa_etaria=entre 21 a 30 anos,situacao=Finalizada avaliada -> avaliacao_reclamacao=Resolvida
respondida=S,situacao=Finalizada avaliada -> avaliacao_reclamacao=Resolvida
procurou_empresa=S,situacao=Finalizada avaliada -> avaliacao_reclamacao=Resolvida
situacao=Finalizada avaliada -> avaliacao_reclamacao=Resolvida
faixa_etaria=entre 21 a 30 anos,procurou_empresa=S,respondida=S,situacao=Finalizada avaliada -> avaliacao_reclamacao=Resolvida
faixa_etaria=entre 21 a 30 anos,procurou_empresa=S,situacao=Finalizada avaliada -> avaliacao_reclamacao=Resolvida
faixa_etaria=entre 31 a 40 anos,procurou_empresa=S,respondida=S,situacao=Finalizada avaliada -> avaliacao_reclamacao=Resolvida
regiao=SE,procurou_empresa=S,respondida=S,situacao=Finalizada avaliada -> avaliacao_reclamacao=Resolvida
faixa_etaria=entre 31 a 40 anos,procurou_empresa=S,situacao=Finalizada avaliada -> avaliacao_reclamacao=Resolvida
regiao=SE,procurou_empresa=S,situacao=Finalizada avaliada -> avaliacao_reclamacao=Resolvida
regiao=SE,respondida=S,situacao=Finalizada avaliada -> avaliacao_reclamacao=Resolvida
faixa_etaria=entre 31 a 40 anos,respondida=S,situacao=Finalizada avaliada -> avaliacao_reclamacao=Resolvida
regiao=SE,situacao=Finalizada avaliada -> avaliacao_reclamacao=Resolvida
faixa_etaria=entre 31 a 40 anos,situacao=Finalizada avaliada -> avaliacao_reclamacao=Resolvida
sexo=M,procurou_empresa=S,respondida=S,situacao=Finalizada avaliada -> avaliacao_reclamacao=Resolvida
sexo=M,procurou_empresa=S,situacao=Finalizada avaliada -> avaliacao_reclamacao=Resolvida
sexo=M,respondida=S,situacao=Finalizada avaliada -> avaliacao_reclamacao=Resolvida
regiao=SE,sexo=M,procurou_empresa=S,respondida=S,situacao=Finalizada avaliada -> avaliacao_reclamacao=Resolvida
regiao=SE,sexo=M,procurou_empresa=S,situacao=Finalizada avaliada -> avaliacao_reclamacao=Resolvida
sexo=M,situacao=Finalizada avaliada -> avaliacao_reclamacao=Resolvida
regiao=SE,sexo=M,respondida=S,situacao=Finalizada avaliada -> avaliacao_reclamacao=Resolvida
regiao=SE,sexo=M,situacao=Finalizada avaliada -> avaliacao_reclamacao=Resolvida
ano_abertura=2014,mes_abertura=12,procurou_empresa=S,respondida=S,situacao=Finalizada avaliada -> avaliacao_reclamacao=Resolvida
ano_abertura=2014,mes_abertura=12,respondida=S,situacao=Finalizada avaliada -> avaliacao_reclamacao=Resolvida
ano_abertura=2014,mes_abertura=12,procurou_empresa=S,situacao=Finalizada avaliada -> avaliacao_reclamacao=Resolvida
ano_abertura=2014,mes_abertura=12,situacao=Finalizada avaliada -> avaliacao_reclamacao=Resolvida
